dnn_hidden_units : 100
learning_rate : 0.002
max_steps : 300
batch_size : 200
eval_freq : 100
data_dir : ./cifar10/cifar-10-batches-py
neg_slope : 0.02
---------- MLP initialized with Pytorch -----------
-----------------------
test accuracy: 0.0882
-----------------------
-----------------------
test accuracy: 0.1708
-----------------------
-----------------------
test accuracy: 0.2037
-----------------------
epoch 1 avg accuracy on training data: 0.1697808764940239
-----------------------
test accuracy: 0.2153
-----------------------
-----------------------
test accuracy: 0.2418
-----------------------
-----------------------
test accuracy: 0.2571
-----------------------
epoch 2 avg accuracy on training data: 0.2409799999999998
-----------------------
test accuracy: 0.2655
-----------------------
-----------------------
test accuracy: 0.2837
-----------------------
-----------------------
test accuracy: 0.2904
-----------------------
epoch 3 avg accuracy on training data: 0.2812999999999999
-----------------------
test accuracy: 0.2939
-----------------------
-----------------------
test accuracy: 0.2996
-----------------------
-----------------------
test accuracy: 0.3053
-----------------------
epoch 4 avg accuracy on training data: 0.2987999999999999
-----------------------
test accuracy: 0.3076
-----------------------
-----------------------
test accuracy: 0.3121
-----------------------
-----------------------
test accuracy: 0.3154
-----------------------
epoch 5 avg accuracy on training data: 0.3118199999999999
-----------------------
test accuracy: 0.32
-----------------------
-----------------------
test accuracy: 0.3257
-----------------------
-----------------------
test accuracy: 0.3299
-----------------------
epoch 6 avg accuracy on training data: 0.32544
-----------------------
test accuracy: 0.3307
-----------------------
-----------------------
test accuracy: 0.3344
-----------------------
-----------------------
test accuracy: 0.3389
-----------------------
epoch 7 avg accuracy on training data: 0.335
-----------------------
test accuracy: 0.3424
-----------------------
-----------------------
test accuracy: 0.3467
-----------------------
-----------------------
test accuracy: 0.3482
-----------------------
epoch 8 avg accuracy on training data: 0.34441999999999984
-----------------------
test accuracy: 0.3508
-----------------------
-----------------------
test accuracy: 0.3521
-----------------------
-----------------------
test accuracy: 0.3555
-----------------------
epoch 9 avg accuracy on training data: 0.3510800000000001
-----------------------
test accuracy: 0.3576
-----------------------
-----------------------
test accuracy: 0.3605
-----------------------
-----------------------
test accuracy: 0.3631
-----------------------
epoch 10 avg accuracy on training data: 0.3569999999999999
-----------------------
test accuracy: 0.3636
-----------------------
-----------------------
test accuracy: 0.3659
-----------------------
-----------------------
test accuracy: 0.3673
-----------------------
epoch 11 avg accuracy on training data: 0.36106
-----------------------
test accuracy: 0.3685
-----------------------
-----------------------
test accuracy: 0.3705
-----------------------
-----------------------
test accuracy: 0.3723
-----------------------
epoch 12 avg accuracy on training data: 0.36557999999999985
-----------------------
test accuracy: 0.3727
-----------------------
-----------------------
test accuracy: 0.3757
-----------------------
-----------------------
test accuracy: 0.377
-----------------------
epoch 13 avg accuracy on training data: 0.37146000000000023
-----------------------
test accuracy: 0.3777
-----------------------
-----------------------
test accuracy: 0.3794
-----------------------
-----------------------
test accuracy: 0.3825
-----------------------
epoch 14 avg accuracy on training data: 0.37424000000000024
-----------------------
test accuracy: 0.3841
-----------------------
-----------------------
test accuracy: 0.3837
-----------------------
-----------------------
test accuracy: 0.3847
-----------------------
epoch 15 avg accuracy on training data: 0.37899999999999995
-----------------------
test accuracy: 0.3855
-----------------------
-----------------------
test accuracy: 0.3857
-----------------------
-----------------------
test accuracy: 0.3874
-----------------------
epoch 16 avg accuracy on training data: 0.38256000000000007
-----------------------
test accuracy: 0.3881
-----------------------
-----------------------
test accuracy: 0.39
-----------------------
-----------------------
test accuracy: 0.391
-----------------------
epoch 17 avg accuracy on training data: 0.3859999999999999
-----------------------
test accuracy: 0.3919
-----------------------
-----------------------
test accuracy: 0.3931
-----------------------
-----------------------
test accuracy: 0.3946
-----------------------
epoch 18 avg accuracy on training data: 0.38960000000000017
-----------------------
test accuracy: 0.3954
-----------------------
-----------------------
test accuracy: 0.396
-----------------------
-----------------------
test accuracy: 0.3976
-----------------------
epoch 19 avg accuracy on training data: 0.39356000000000013
-----------------------
test accuracy: 0.3985
-----------------------
-----------------------
test accuracy: 0.3992
-----------------------
-----------------------
test accuracy: 0.4015
-----------------------
epoch 20 avg accuracy on training data: 0.3960800000000001
-----------------------
test accuracy: 0.403
-----------------------
-----------------------
test accuracy: 0.4023
-----------------------
-----------------------
test accuracy: 0.4041
-----------------------
epoch 21 avg accuracy on training data: 0.39883999999999986
-----------------------
test accuracy: 0.4039
-----------------------
-----------------------
test accuracy: 0.405
-----------------------
-----------------------
test accuracy: 0.406
-----------------------
epoch 22 avg accuracy on training data: 0.4021200000000002
-----------------------
test accuracy: 0.405
-----------------------
-----------------------
test accuracy: 0.4064
-----------------------
-----------------------
test accuracy: 0.4096
-----------------------
epoch 23 avg accuracy on training data: 0.4031799999999999
-----------------------
test accuracy: 0.4083
-----------------------
-----------------------
test accuracy: 0.409
-----------------------
-----------------------
test accuracy: 0.4088
-----------------------
epoch 24 avg accuracy on training data: 0.4072600000000004
-----------------------
test accuracy: 0.4098
-----------------------
-----------------------
test accuracy: 0.4126
-----------------------
-----------------------
test accuracy: 0.4122
-----------------------
epoch 25 avg accuracy on training data: 0.4089200000000001
-----------------------
test accuracy: 0.4149
-----------------------
-----------------------
test accuracy: 0.4145
-----------------------
-----------------------
test accuracy: 0.4153
-----------------------
epoch 26 avg accuracy on training data: 0.4116999999999999
-----------------------
test accuracy: 0.4156
-----------------------
-----------------------
test accuracy: 0.4162
-----------------------
-----------------------
test accuracy: 0.4173
-----------------------
epoch 27 avg accuracy on training data: 0.4131200000000002
-----------------------
test accuracy: 0.4183
-----------------------
-----------------------
test accuracy: 0.4193
-----------------------
-----------------------
test accuracy: 0.4205
-----------------------
epoch 28 avg accuracy on training data: 0.41626000000000013
-----------------------
test accuracy: 0.4207
-----------------------
-----------------------
test accuracy: 0.4224
-----------------------
-----------------------
test accuracy: 0.421
-----------------------
epoch 29 avg accuracy on training data: 0.4190800000000002
-----------------------
test accuracy: 0.4228
-----------------------
-----------------------
test accuracy: 0.4244
-----------------------
-----------------------
test accuracy: 0.4258
-----------------------
epoch 30 avg accuracy on training data: 0.4205000000000001
-----------------------
test accuracy: 0.4249
-----------------------
-----------------------
test accuracy: 0.4258
-----------------------
-----------------------
test accuracy: 0.4273
-----------------------
epoch 31 avg accuracy on training data: 0.42206000000000027
-----------------------
test accuracy: 0.4267
-----------------------
-----------------------
test accuracy: 0.4262
-----------------------
-----------------------
test accuracy: 0.4289
-----------------------
epoch 32 avg accuracy on training data: 0.42564
-----------------------
test accuracy: 0.4278
-----------------------
-----------------------
test accuracy: 0.4286
-----------------------
-----------------------
test accuracy: 0.4288
-----------------------
epoch 33 avg accuracy on training data: 0.4260200000000001
-----------------------
test accuracy: 0.4283
-----------------------
-----------------------
test accuracy: 0.4316
-----------------------
-----------------------
test accuracy: 0.4309
-----------------------
epoch 34 avg accuracy on training data: 0.4289599999999997
-----------------------
test accuracy: 0.4316
-----------------------
-----------------------
test accuracy: 0.4321
-----------------------
-----------------------
test accuracy: 0.4317
-----------------------
epoch 35 avg accuracy on training data: 0.43166000000000004
-----------------------
test accuracy: 0.4317
-----------------------
-----------------------
test accuracy: 0.4332
-----------------------
-----------------------
test accuracy: 0.4353
-----------------------
epoch 36 avg accuracy on training data: 0.4313400000000001
-----------------------
test accuracy: 0.4337
-----------------------
-----------------------
test accuracy: 0.4363
-----------------------
-----------------------
test accuracy: 0.4366
-----------------------
epoch 37 avg accuracy on training data: 0.4335999999999999
-----------------------
test accuracy: 0.4354
-----------------------
-----------------------
test accuracy: 0.4372
-----------------------
-----------------------
test accuracy: 0.4379
-----------------------
epoch 38 avg accuracy on training data: 0.4342400000000001
-----------------------
test accuracy: 0.437
-----------------------
-----------------------
test accuracy: 0.4394
-----------------------
-----------------------
test accuracy: 0.4406
-----------------------
epoch 39 avg accuracy on training data: 0.43687999999999977
-----------------------
test accuracy: 0.4391
-----------------------
-----------------------
test accuracy: 0.4393
-----------------------
-----------------------
test accuracy: 0.4411
-----------------------
epoch 40 avg accuracy on training data: 0.43917999999999985
-----------------------
test accuracy: 0.4418
-----------------------
-----------------------
test accuracy: 0.4402
-----------------------
-----------------------
test accuracy: 0.4414
-----------------------
epoch 41 avg accuracy on training data: 0.4407199999999997
-----------------------
test accuracy: 0.4438
-----------------------
-----------------------
test accuracy: 0.4436
-----------------------
-----------------------
test accuracy: 0.4432
-----------------------
epoch 42 avg accuracy on training data: 0.4416800000000004
-----------------------
test accuracy: 0.4414
-----------------------
-----------------------
test accuracy: 0.4444
-----------------------
-----------------------
test accuracy: 0.443
-----------------------
epoch 43 avg accuracy on training data: 0.44351999999999997
-----------------------
test accuracy: 0.4438
-----------------------
-----------------------
test accuracy: 0.444
-----------------------
-----------------------
test accuracy: 0.4426
-----------------------
epoch 44 avg accuracy on training data: 0.44527999999999995
-----------------------
test accuracy: 0.4445
-----------------------
-----------------------
test accuracy: 0.4457
-----------------------
-----------------------
test accuracy: 0.4455
-----------------------
epoch 45 avg accuracy on training data: 0.4457399999999999
-----------------------
test accuracy: 0.4455
-----------------------
-----------------------
test accuracy: 0.4472
-----------------------
-----------------------
test accuracy: 0.4479
-----------------------
epoch 46 avg accuracy on training data: 0.4465999999999998
-----------------------
test accuracy: 0.447
-----------------------
-----------------------
test accuracy: 0.4471
-----------------------
-----------------------
test accuracy: 0.4468
-----------------------
epoch 47 avg accuracy on training data: 0.4492000000000001
-----------------------
test accuracy: 0.4489
-----------------------
-----------------------
test accuracy: 0.4476
-----------------------
-----------------------
test accuracy: 0.45
-----------------------
epoch 48 avg accuracy on training data: 0.45105999999999963
-----------------------
test accuracy: 0.4507
-----------------------
-----------------------
test accuracy: 0.451
-----------------------
-----------------------
test accuracy: 0.4512
-----------------------
epoch 49 avg accuracy on training data: 0.45276
-----------------------
test accuracy: 0.4499
-----------------------
-----------------------
test accuracy: 0.4515
-----------------------
-----------------------
test accuracy: 0.4512
-----------------------
epoch 50 avg accuracy on training data: 0.45269999999999977
-----------------------
test accuracy: 0.4533
-----------------------
-----------------------
test accuracy: 0.4528
-----------------------
-----------------------
test accuracy: 0.4528
-----------------------
epoch 51 avg accuracy on training data: 0.45416000000000006
-----------------------
test accuracy: 0.4537
-----------------------
-----------------------
test accuracy: 0.4546
-----------------------
-----------------------
test accuracy: 0.4545
-----------------------
epoch 52 avg accuracy on training data: 0.4551599999999999
-----------------------
test accuracy: 0.4533
-----------------------
-----------------------
test accuracy: 0.4553
-----------------------
-----------------------
test accuracy: 0.454
-----------------------
epoch 53 avg accuracy on training data: 0.45657999999999965
-----------------------
test accuracy: 0.4559
-----------------------
-----------------------
test accuracy: 0.4565
-----------------------
-----------------------
test accuracy: 0.4555
-----------------------
epoch 54 avg accuracy on training data: 0.4576200000000001
-----------------------
test accuracy: 0.4554
-----------------------
-----------------------
test accuracy: 0.4583
-----------------------
-----------------------
test accuracy: 0.4587
-----------------------
epoch 55 avg accuracy on training data: 0.45932
-----------------------
test accuracy: 0.4577
-----------------------
-----------------------
test accuracy: 0.4583
-----------------------
-----------------------
test accuracy: 0.4585
-----------------------
epoch 56 avg accuracy on training data: 0.4609399999999999
-----------------------
test accuracy: 0.4585
-----------------------
-----------------------
test accuracy: 0.4586
-----------------------
-----------------------
test accuracy: 0.4598
-----------------------
epoch 57 avg accuracy on training data: 0.46180000000000027
-----------------------
test accuracy: 0.459
-----------------------
-----------------------
test accuracy: 0.4609
-----------------------
-----------------------
test accuracy: 0.4599
-----------------------
epoch 58 avg accuracy on training data: 0.46221999999999963
-----------------------
test accuracy: 0.4605
-----------------------
-----------------------
test accuracy: 0.4612
-----------------------
-----------------------
test accuracy: 0.462
-----------------------
epoch 59 avg accuracy on training data: 0.46450000000000014
-----------------------
test accuracy: 0.4612
-----------------------
-----------------------
test accuracy: 0.462
-----------------------
-----------------------
test accuracy: 0.4618
-----------------------
epoch 60 avg accuracy on training data: 0.46417999999999987
-----------------------
test accuracy: 0.463
-----------------------
-----------------------
test accuracy: 0.4628
-----------------------
-----------------------
test accuracy: 0.4625
-----------------------
epoch 61 avg accuracy on training data: 0.4666199999999997
-----------------------
test accuracy: 0.4628
-----------------------
-----------------------
test accuracy: 0.4634
-----------------------
-----------------------
test accuracy: 0.4632
-----------------------
epoch 62 avg accuracy on training data: 0.4676799999999999
-----------------------
test accuracy: 0.4631
-----------------------
-----------------------
test accuracy: 0.4639
-----------------------
-----------------------
test accuracy: 0.4635
-----------------------
epoch 63 avg accuracy on training data: 0.4694199999999998
-----------------------
test accuracy: 0.4639
-----------------------
-----------------------
test accuracy: 0.4647
-----------------------
-----------------------
test accuracy: 0.4641
-----------------------
epoch 64 avg accuracy on training data: 0.4696
-----------------------
test accuracy: 0.4645
-----------------------
-----------------------
test accuracy: 0.4641
-----------------------
-----------------------
test accuracy: 0.4642
-----------------------
epoch 65 avg accuracy on training data: 0.47119999999999973
-----------------------
test accuracy: 0.4643
-----------------------
-----------------------
test accuracy: 0.4649
-----------------------
-----------------------
test accuracy: 0.4648
-----------------------
epoch 66 avg accuracy on training data: 0.47137999999999985
-----------------------
test accuracy: 0.466
-----------------------
-----------------------
test accuracy: 0.4658
-----------------------
-----------------------
test accuracy: 0.4662
-----------------------
epoch 67 avg accuracy on training data: 0.47268
-----------------------
test accuracy: 0.4663
-----------------------
-----------------------
test accuracy: 0.4665
-----------------------
-----------------------
test accuracy: 0.4684
-----------------------
epoch 68 avg accuracy on training data: 0.47273999999999994
-----------------------
test accuracy: 0.4664
-----------------------
-----------------------
test accuracy: 0.4665
-----------------------
-----------------------
test accuracy: 0.4676
-----------------------
epoch 69 avg accuracy on training data: 0.47374
-----------------------
test accuracy: 0.4668
-----------------------
-----------------------
test accuracy: 0.4682
-----------------------
-----------------------
test accuracy: 0.4681
-----------------------
epoch 70 avg accuracy on training data: 0.47680000000000006
-----------------------
test accuracy: 0.4676
-----------------------
-----------------------
test accuracy: 0.4683
-----------------------
-----------------------
test accuracy: 0.4687
-----------------------
epoch 71 avg accuracy on training data: 0.4761800000000001
-----------------------
test accuracy: 0.4677
-----------------------
-----------------------
test accuracy: 0.4687
-----------------------
-----------------------
test accuracy: 0.4694
-----------------------
epoch 72 avg accuracy on training data: 0.4776
-----------------------
test accuracy: 0.4692
-----------------------
-----------------------
test accuracy: 0.4696
-----------------------
-----------------------
test accuracy: 0.4698
-----------------------
epoch 73 avg accuracy on training data: 0.4780799999999996
-----------------------
test accuracy: 0.4707
-----------------------
-----------------------
test accuracy: 0.4697
-----------------------
-----------------------
test accuracy: 0.469
-----------------------
epoch 74 avg accuracy on training data: 0.4797399999999998
-----------------------
test accuracy: 0.4698
-----------------------
-----------------------
test accuracy: 0.4706
-----------------------
-----------------------
test accuracy: 0.471
-----------------------
epoch 75 avg accuracy on training data: 0.47976000000000035
-----------------------
test accuracy: 0.4701
-----------------------
-----------------------
test accuracy: 0.4694
-----------------------
-----------------------
test accuracy: 0.4718
-----------------------
epoch 76 avg accuracy on training data: 0.48094000000000003
-----------------------
test accuracy: 0.4713
-----------------------
-----------------------
test accuracy: 0.4718
-----------------------
-----------------------
test accuracy: 0.4713
-----------------------
epoch 77 avg accuracy on training data: 0.4828199999999995
-----------------------
test accuracy: 0.4704
-----------------------
-----------------------
test accuracy: 0.4709
-----------------------
-----------------------
test accuracy: 0.4709
-----------------------
epoch 78 avg accuracy on training data: 0.48325999999999963
-----------------------
test accuracy: 0.4709
-----------------------
-----------------------
test accuracy: 0.4722
-----------------------
-----------------------
test accuracy: 0.4711
-----------------------
epoch 79 avg accuracy on training data: 0.4839199999999999
-----------------------
test accuracy: 0.4719
-----------------------
-----------------------
test accuracy: 0.4724
-----------------------
-----------------------
test accuracy: 0.4731
-----------------------
epoch 80 avg accuracy on training data: 0.4844999999999997
-----------------------
test accuracy: 0.4724
-----------------------
-----------------------
test accuracy: 0.4724
-----------------------
-----------------------
test accuracy: 0.4716
-----------------------
epoch 81 avg accuracy on training data: 0.4861999999999998
-----------------------
test accuracy: 0.4726
-----------------------
-----------------------
test accuracy: 0.473
-----------------------
-----------------------
test accuracy: 0.4726
-----------------------
epoch 82 avg accuracy on training data: 0.48603999999999986
-----------------------
test accuracy: 0.4727
-----------------------
-----------------------
test accuracy: 0.4733
-----------------------
-----------------------
test accuracy: 0.474
-----------------------
epoch 83 avg accuracy on training data: 0.4883400000000001
-----------------------
test accuracy: 0.4733
-----------------------
-----------------------
test accuracy: 0.4732
-----------------------
-----------------------
test accuracy: 0.4752
-----------------------
epoch 84 avg accuracy on training data: 0.4882399999999999
-----------------------
test accuracy: 0.4746
-----------------------
-----------------------
test accuracy: 0.4752
-----------------------
-----------------------
test accuracy: 0.4749
-----------------------
epoch 85 avg accuracy on training data: 0.4894399999999999
-----------------------
test accuracy: 0.4751
-----------------------
-----------------------
test accuracy: 0.4754
-----------------------
-----------------------
test accuracy: 0.4748
-----------------------
epoch 86 avg accuracy on training data: 0.48966000000000004
-----------------------
test accuracy: 0.4742
-----------------------
-----------------------
test accuracy: 0.4757
-----------------------
-----------------------
test accuracy: 0.4762
-----------------------
epoch 87 avg accuracy on training data: 0.4901399999999999
-----------------------
test accuracy: 0.4759
-----------------------
-----------------------
test accuracy: 0.476
-----------------------
-----------------------
test accuracy: 0.4759
-----------------------
epoch 88 avg accuracy on training data: 0.49187999999999993
-----------------------
test accuracy: 0.4776
-----------------------
-----------------------
test accuracy: 0.4761
-----------------------
-----------------------
test accuracy: 0.4765
-----------------------
epoch 89 avg accuracy on training data: 0.49236
-----------------------
test accuracy: 0.4784
-----------------------
-----------------------
test accuracy: 0.4764
-----------------------
-----------------------
test accuracy: 0.4783
-----------------------
epoch 90 avg accuracy on training data: 0.49300000000000016
-----------------------
test accuracy: 0.4778
-----------------------
-----------------------
test accuracy: 0.4773
-----------------------
-----------------------
test accuracy: 0.4779
-----------------------
epoch 91 avg accuracy on training data: 0.49474
-----------------------
test accuracy: 0.4775
-----------------------
-----------------------
test accuracy: 0.478
-----------------------
-----------------------
test accuracy: 0.4785
-----------------------
epoch 92 avg accuracy on training data: 0.49639999999999995
-----------------------
test accuracy: 0.4783
-----------------------
-----------------------
test accuracy: 0.4775
-----------------------
-----------------------
test accuracy: 0.4777
-----------------------
epoch 93 avg accuracy on training data: 0.4958200000000002
-----------------------
test accuracy: 0.4791
-----------------------
-----------------------
test accuracy: 0.4794
-----------------------
-----------------------
test accuracy: 0.4794
-----------------------
epoch 94 avg accuracy on training data: 0.4954800000000002
-----------------------
test accuracy: 0.4783
-----------------------
-----------------------
test accuracy: 0.4804
-----------------------
-----------------------
test accuracy: 0.4798
-----------------------
epoch 95 avg accuracy on training data: 0.49793999999999977
-----------------------
test accuracy: 0.479
-----------------------
-----------------------
test accuracy: 0.48
-----------------------
-----------------------
test accuracy: 0.4795
-----------------------
epoch 96 avg accuracy on training data: 0.49791999999999986
-----------------------
test accuracy: 0.4796
-----------------------
-----------------------
test accuracy: 0.4803
-----------------------
-----------------------
test accuracy: 0.4799
-----------------------
epoch 97 avg accuracy on training data: 0.49779999999999996
-----------------------
test accuracy: 0.4817
-----------------------
-----------------------
test accuracy: 0.4818
-----------------------
-----------------------
test accuracy: 0.4815
-----------------------
epoch 98 avg accuracy on training data: 0.5006200000000003
-----------------------
test accuracy: 0.4811
-----------------------
-----------------------
test accuracy: 0.481
-----------------------
-----------------------
test accuracy: 0.4813
-----------------------
epoch 99 avg accuracy on training data: 0.49926000000000015
-----------------------
test accuracy: 0.483
-----------------------
-----------------------
test accuracy: 0.4825
-----------------------
-----------------------
test accuracy: 0.4831
-----------------------
epoch 100 avg accuracy on training data: 0.50272
-----------------------
test accuracy: 0.4817
-----------------------
-----------------------
test accuracy: 0.4841
-----------------------
-----------------------
test accuracy: 0.4843
-----------------------
epoch 101 avg accuracy on training data: 0.5021200000000003
-----------------------
test accuracy: 0.4836
-----------------------
-----------------------
test accuracy: 0.4831
-----------------------
-----------------------
test accuracy: 0.4829
-----------------------
epoch 102 avg accuracy on training data: 0.5015400000000001
-----------------------
test accuracy: 0.4819
-----------------------
-----------------------
test accuracy: 0.4846
-----------------------
-----------------------
test accuracy: 0.484
-----------------------
epoch 103 avg accuracy on training data: 0.5044200000000001
-----------------------
test accuracy: 0.4839
-----------------------
-----------------------
test accuracy: 0.4852
-----------------------
-----------------------
test accuracy: 0.4836
-----------------------
epoch 104 avg accuracy on training data: 0.5038799999999998
-----------------------
test accuracy: 0.4844
-----------------------
-----------------------
test accuracy: 0.4836
-----------------------
-----------------------
test accuracy: 0.4839
-----------------------
epoch 105 avg accuracy on training data: 0.5053799999999999
-----------------------
test accuracy: 0.4842
-----------------------
-----------------------
test accuracy: 0.4839
-----------------------
-----------------------
test accuracy: 0.4853
-----------------------
epoch 106 avg accuracy on training data: 0.50662
-----------------------
test accuracy: 0.4848
-----------------------
-----------------------
test accuracy: 0.4852
-----------------------
-----------------------
test accuracy: 0.4846
-----------------------
epoch 107 avg accuracy on training data: 0.5064400000000002
-----------------------
test accuracy: 0.4859
-----------------------
-----------------------
test accuracy: 0.485
-----------------------
-----------------------
test accuracy: 0.4855
-----------------------
epoch 108 avg accuracy on training data: 0.5064200000000001
-----------------------
test accuracy: 0.4857
-----------------------
-----------------------
test accuracy: 0.4857
-----------------------
-----------------------
test accuracy: 0.4846
-----------------------
epoch 109 avg accuracy on training data: 0.5089199999999997
-----------------------
test accuracy: 0.4859
-----------------------
-----------------------
test accuracy: 0.4845
-----------------------
-----------------------
test accuracy: 0.4862
-----------------------
epoch 110 avg accuracy on training data: 0.5090600000000002
-----------------------
test accuracy: 0.4863
-----------------------
-----------------------
test accuracy: 0.4864
-----------------------
-----------------------
test accuracy: 0.4867
-----------------------
epoch 111 avg accuracy on training data: 0.5099600000000001
-----------------------
test accuracy: 0.4864
-----------------------
-----------------------
test accuracy: 0.4867
-----------------------
-----------------------
test accuracy: 0.4871
-----------------------
epoch 112 avg accuracy on training data: 0.5097000000000004
-----------------------
test accuracy: 0.4872
-----------------------
-----------------------
test accuracy: 0.4895
-----------------------
-----------------------
test accuracy: 0.4874
-----------------------
epoch 113 avg accuracy on training data: 0.51112
-----------------------
test accuracy: 0.4878
-----------------------
-----------------------
test accuracy: 0.4868
-----------------------
-----------------------
test accuracy: 0.4883
-----------------------
epoch 114 avg accuracy on training data: 0.5103600000000003
-----------------------
test accuracy: 0.4888
-----------------------
-----------------------
test accuracy: 0.4889
-----------------------
-----------------------
test accuracy: 0.4895
-----------------------
epoch 115 avg accuracy on training data: 0.5125200000000002
-----------------------
test accuracy: 0.4884
-----------------------
-----------------------
test accuracy: 0.4882
-----------------------
-----------------------
test accuracy: 0.4889
-----------------------
epoch 116 avg accuracy on training data: 0.5135200000000003
-----------------------
test accuracy: 0.4884
-----------------------
-----------------------
test accuracy: 0.4888
-----------------------
-----------------------
test accuracy: 0.4899
-----------------------
epoch 117 avg accuracy on training data: 0.5120199999999999
-----------------------
test accuracy: 0.4894
-----------------------
-----------------------
test accuracy: 0.4902
-----------------------
-----------------------
test accuracy: 0.4899
-----------------------
epoch 118 avg accuracy on training data: 0.5135599999999999
-----------------------
test accuracy: 0.4897
-----------------------
-----------------------
test accuracy: 0.4897
-----------------------
-----------------------
test accuracy: 0.4908
-----------------------
epoch 119 avg accuracy on training data: 0.5154799999999998
-----------------------
test accuracy: 0.4906
-----------------------
-----------------------
test accuracy: 0.491
-----------------------
-----------------------
test accuracy: 0.4921
-----------------------
epoch 120 avg accuracy on training data: 0.5164800000000004
-----------------------
test accuracy: 0.4907
-----------------------
-----------------------
test accuracy: 0.4912
-----------------------
-----------------------
test accuracy: 0.4906
-----------------------
epoch 121 avg accuracy on training data: 0.5157200000000003
-----------------------
test accuracy: 0.4913
-----------------------
-----------------------
test accuracy: 0.4919
-----------------------
-----------------------
test accuracy: 0.4922
-----------------------
epoch 122 avg accuracy on training data: 0.5163000000000001
-----------------------
test accuracy: 0.4907
-----------------------
-----------------------
test accuracy: 0.4927
-----------------------
-----------------------
test accuracy: 0.4918
-----------------------
epoch 123 avg accuracy on training data: 0.5181999999999999
-----------------------
test accuracy: 0.4927
-----------------------
-----------------------
test accuracy: 0.4928
-----------------------
-----------------------
test accuracy: 0.4923
-----------------------
epoch 124 avg accuracy on training data: 0.5174000000000002
-----------------------
test accuracy: 0.4918
-----------------------
-----------------------
test accuracy: 0.4918
-----------------------
-----------------------
test accuracy: 0.4925
-----------------------
epoch 125 avg accuracy on training data: 0.5179200000000002
-----------------------
test accuracy: 0.4932
-----------------------
-----------------------
test accuracy: 0.494
-----------------------
-----------------------
test accuracy: 0.494
-----------------------
epoch 126 avg accuracy on training data: 0.5203000000000003
-----------------------
test accuracy: 0.4935
-----------------------
-----------------------
test accuracy: 0.4942
-----------------------
-----------------------
test accuracy: 0.493
-----------------------
epoch 127 avg accuracy on training data: 0.5213400000000001
-----------------------
test accuracy: 0.4937
-----------------------
-----------------------
test accuracy: 0.4935
-----------------------
-----------------------
test accuracy: 0.4936
-----------------------
epoch 128 avg accuracy on training data: 0.5220800000000001
-----------------------
test accuracy: 0.4931
-----------------------
-----------------------
test accuracy: 0.4945
-----------------------
-----------------------
test accuracy: 0.4945
-----------------------
epoch 129 avg accuracy on training data: 0.5229200000000003
-----------------------
test accuracy: 0.4941
-----------------------
-----------------------
test accuracy: 0.4943
-----------------------
-----------------------
test accuracy: 0.4937
-----------------------
epoch 130 avg accuracy on training data: 0.52384
-----------------------
test accuracy: 0.495
-----------------------
-----------------------
test accuracy: 0.4959
-----------------------
-----------------------
test accuracy: 0.4953
-----------------------
epoch 131 avg accuracy on training data: 0.52428
-----------------------
test accuracy: 0.495
-----------------------
-----------------------
test accuracy: 0.4944
-----------------------
-----------------------
test accuracy: 0.494
-----------------------
epoch 132 avg accuracy on training data: 0.5249600000000003
-----------------------
test accuracy: 0.4949
-----------------------
-----------------------
test accuracy: 0.4965
-----------------------
-----------------------
test accuracy: 0.4958
-----------------------
epoch 133 avg accuracy on training data: 0.5243799999999996
-----------------------
test accuracy: 0.4953
-----------------------
-----------------------
test accuracy: 0.4962
-----------------------
-----------------------
test accuracy: 0.496
-----------------------
epoch 134 avg accuracy on training data: 0.5255000000000004
-----------------------
test accuracy: 0.4959
-----------------------
-----------------------
test accuracy: 0.4959
-----------------------
-----------------------
test accuracy: 0.4943
-----------------------
epoch 135 avg accuracy on training data: 0.5249800000000004
-----------------------
test accuracy: 0.4971
-----------------------
-----------------------
test accuracy: 0.4957
-----------------------
-----------------------
test accuracy: 0.4962
-----------------------
epoch 136 avg accuracy on training data: 0.52526
-----------------------
test accuracy: 0.4966
-----------------------
-----------------------
test accuracy: 0.4973
-----------------------
-----------------------
test accuracy: 0.4976
-----------------------
epoch 137 avg accuracy on training data: 0.5277400000000002
-----------------------
test accuracy: 0.4963
-----------------------
-----------------------
test accuracy: 0.4971
-----------------------
-----------------------
test accuracy: 0.4987
-----------------------
epoch 138 avg accuracy on training data: 0.5280399999999997
-----------------------
test accuracy: 0.4954
-----------------------
-----------------------
test accuracy: 0.4975
-----------------------
-----------------------
test accuracy: 0.4983
-----------------------
epoch 139 avg accuracy on training data: 0.52708
-----------------------
test accuracy: 0.4958
-----------------------
-----------------------
test accuracy: 0.4964
-----------------------
-----------------------
test accuracy: 0.4965
-----------------------
epoch 140 avg accuracy on training data: 0.5292800000000001
-----------------------
test accuracy: 0.4986
-----------------------
-----------------------
test accuracy: 0.4997
-----------------------
-----------------------
test accuracy: 0.4966
-----------------------
epoch 141 avg accuracy on training data: 0.5289999999999999
-----------------------
test accuracy: 0.498
-----------------------
-----------------------
test accuracy: 0.498
-----------------------
-----------------------
test accuracy: 0.4969
-----------------------
epoch 142 avg accuracy on training data: 0.5295200000000002
-----------------------
test accuracy: 0.4982
-----------------------
-----------------------
test accuracy: 0.4987
-----------------------
-----------------------
test accuracy: 0.4977
-----------------------
epoch 143 avg accuracy on training data: 0.5313199999999999
-----------------------
test accuracy: 0.5
-----------------------
-----------------------
test accuracy: 0.5001
-----------------------
-----------------------
test accuracy: 0.4999
-----------------------
epoch 144 avg accuracy on training data: 0.5325600000000003
-----------------------
test accuracy: 0.5002
-----------------------
-----------------------
test accuracy: 0.499
-----------------------
-----------------------
test accuracy: 0.4997
-----------------------
epoch 145 avg accuracy on training data: 0.5313200000000001
-----------------------
test accuracy: 0.5003
-----------------------
-----------------------
test accuracy: 0.4999
-----------------------
-----------------------
test accuracy: 0.5013
-----------------------
epoch 146 avg accuracy on training data: 0.5321600000000002
-----------------------
test accuracy: 0.5005
-----------------------
-----------------------
test accuracy: 0.5016
-----------------------
-----------------------
test accuracy: 0.4998
-----------------------
epoch 147 avg accuracy on training data: 0.5331600000000005
-----------------------
test accuracy: 0.4992
-----------------------
-----------------------
test accuracy: 0.4991
-----------------------
-----------------------
test accuracy: 0.5019
-----------------------
epoch 148 avg accuracy on training data: 0.5325200000000005
-----------------------
test accuracy: 0.501
-----------------------
-----------------------
test accuracy: 0.4997
-----------------------
-----------------------
test accuracy: 0.502
-----------------------
epoch 149 avg accuracy on training data: 0.5335400000000002
-----------------------
test accuracy: 0.5035
-----------------------
-----------------------
test accuracy: 0.5027
-----------------------
-----------------------
test accuracy: 0.5001
-----------------------
epoch 150 avg accuracy on training data: 0.5362
-----------------------
test accuracy: 0.5014
-----------------------
-----------------------
test accuracy: 0.5019
-----------------------
-----------------------
test accuracy: 0.5028
-----------------------
epoch 151 avg accuracy on training data: 0.5359599999999998
-----------------------
test accuracy: 0.5034
-----------------------
-----------------------
test accuracy: 0.5033
-----------------------
-----------------------
test accuracy: 0.5031
-----------------------
epoch 152 avg accuracy on training data: 0.53558
-----------------------
test accuracy: 0.5029
-----------------------
-----------------------
test accuracy: 0.5036
-----------------------
-----------------------
test accuracy: 0.5036
-----------------------
epoch 153 avg accuracy on training data: 0.5361000000000007
-----------------------
test accuracy: 0.5032
-----------------------
-----------------------
test accuracy: 0.5063
-----------------------
-----------------------
test accuracy: 0.5035
-----------------------
epoch 154 avg accuracy on training data: 0.5363799999999999
-----------------------
test accuracy: 0.5032
-----------------------
-----------------------
test accuracy: 0.5029
-----------------------
-----------------------
test accuracy: 0.5039
-----------------------
epoch 155 avg accuracy on training data: 0.5375999999999999
-----------------------
test accuracy: 0.5046
-----------------------
-----------------------
test accuracy: 0.504
-----------------------
-----------------------
test accuracy: 0.5054
-----------------------
epoch 156 avg accuracy on training data: 0.5370200000000002
-----------------------
test accuracy: 0.5049
-----------------------
-----------------------
test accuracy: 0.5043
-----------------------
-----------------------
test accuracy: 0.5051
-----------------------
epoch 157 avg accuracy on training data: 0.5399
-----------------------
test accuracy: 0.5046
-----------------------
-----------------------
test accuracy: 0.5055
-----------------------
-----------------------
test accuracy: 0.5073
-----------------------
epoch 158 avg accuracy on training data: 0.5385600000000003
-----------------------
test accuracy: 0.5061
-----------------------
-----------------------
test accuracy: 0.506
-----------------------
-----------------------
test accuracy: 0.5071
-----------------------
epoch 159 avg accuracy on training data: 0.5394000000000001
-----------------------
test accuracy: 0.5057
-----------------------
-----------------------
test accuracy: 0.5061
-----------------------
-----------------------
test accuracy: 0.5062
-----------------------
epoch 160 avg accuracy on training data: 0.5395200000000004
-----------------------
test accuracy: 0.5063
-----------------------
-----------------------
test accuracy: 0.5065
-----------------------
-----------------------
test accuracy: 0.5071
-----------------------
epoch 161 avg accuracy on training data: 0.5416600000000008
-----------------------
test accuracy: 0.5065
-----------------------
-----------------------
test accuracy: 0.5051
-----------------------
-----------------------
test accuracy: 0.5072
-----------------------
epoch 162 avg accuracy on training data: 0.5411200000000002
-----------------------
test accuracy: 0.5066
-----------------------
-----------------------
test accuracy: 0.5067
-----------------------
-----------------------
test accuracy: 0.5072
-----------------------
epoch 163 avg accuracy on training data: 0.5424200000000001
-----------------------
test accuracy: 0.5069
-----------------------
-----------------------
test accuracy: 0.5073
-----------------------
-----------------------
test accuracy: 0.507
-----------------------
epoch 164 avg accuracy on training data: 0.5430200000000004
-----------------------
test accuracy: 0.5069
-----------------------
-----------------------
test accuracy: 0.5076
-----------------------
-----------------------
test accuracy: 0.5084
-----------------------
epoch 165 avg accuracy on training data: 0.54358
-----------------------
test accuracy: 0.5069
-----------------------
-----------------------
test accuracy: 0.508
-----------------------
-----------------------
test accuracy: 0.5075
-----------------------
epoch 166 avg accuracy on training data: 0.5441800000000001
-----------------------
test accuracy: 0.5073
-----------------------
-----------------------
test accuracy: 0.5073
-----------------------
-----------------------
test accuracy: 0.5084
-----------------------
epoch 167 avg accuracy on training data: 0.5441800000000003
-----------------------
test accuracy: 0.5073
-----------------------
-----------------------
test accuracy: 0.5087
-----------------------
-----------------------
test accuracy: 0.5073
-----------------------
epoch 168 avg accuracy on training data: 0.5441000000000004
-----------------------
test accuracy: 0.508
-----------------------
-----------------------
test accuracy: 0.5081
-----------------------
-----------------------
test accuracy: 0.5091
-----------------------
epoch 169 avg accuracy on training data: 0.5459200000000004
-----------------------
test accuracy: 0.5085
-----------------------
-----------------------
test accuracy: 0.5089
-----------------------
-----------------------
test accuracy: 0.5081
-----------------------
epoch 170 avg accuracy on training data: 0.5462800000000002
-----------------------
test accuracy: 0.5088
-----------------------
-----------------------
test accuracy: 0.5088
-----------------------
-----------------------
test accuracy: 0.5091
-----------------------
epoch 171 avg accuracy on training data: 0.54708
-----------------------
test accuracy: 0.5085
-----------------------
-----------------------
test accuracy: 0.5088
-----------------------
-----------------------
test accuracy: 0.51
-----------------------
epoch 172 avg accuracy on training data: 0.5475000000000001
-----------------------
test accuracy: 0.5081
-----------------------
-----------------------
test accuracy: 0.5084
-----------------------
-----------------------
test accuracy: 0.5097
-----------------------
epoch 173 avg accuracy on training data: 0.5483199999999997
-----------------------
test accuracy: 0.5088
-----------------------
-----------------------
test accuracy: 0.5099
-----------------------
-----------------------
test accuracy: 0.5088
-----------------------
epoch 174 avg accuracy on training data: 0.5473400000000006
-----------------------
test accuracy: 0.508
-----------------------
-----------------------
test accuracy: 0.5102
-----------------------
-----------------------
test accuracy: 0.5083
-----------------------
epoch 175 avg accuracy on training data: 0.5497200000000001
-----------------------
test accuracy: 0.5083
-----------------------
-----------------------
test accuracy: 0.5086
-----------------------
-----------------------
test accuracy: 0.5108
-----------------------
epoch 176 avg accuracy on training data: 0.5483000000000003
-----------------------
test accuracy: 0.5081
-----------------------
-----------------------
test accuracy: 0.5091
-----------------------
-----------------------
test accuracy: 0.5095
-----------------------
epoch 177 avg accuracy on training data: 0.5489600000000003
-----------------------
test accuracy: 0.5096
-----------------------
-----------------------
test accuracy: 0.5093
-----------------------
-----------------------
test accuracy: 0.5106
-----------------------
epoch 178 avg accuracy on training data: 0.5508999999999998
-----------------------
test accuracy: 0.5107
-----------------------
-----------------------
test accuracy: 0.511
-----------------------
-----------------------
test accuracy: 0.511
-----------------------
epoch 179 avg accuracy on training data: 0.5503799999999994
-----------------------
test accuracy: 0.5096
-----------------------
-----------------------
test accuracy: 0.5098
-----------------------
-----------------------
test accuracy: 0.5102
-----------------------
epoch 180 avg accuracy on training data: 0.5518399999999999
-----------------------
test accuracy: 0.5107
-----------------------
-----------------------
test accuracy: 0.5106
-----------------------
-----------------------
test accuracy: 0.5108
-----------------------
epoch 181 avg accuracy on training data: 0.5514200000000001
-----------------------
test accuracy: 0.5113
-----------------------
-----------------------
test accuracy: 0.5103
-----------------------
-----------------------
test accuracy: 0.5098
-----------------------
epoch 182 avg accuracy on training data: 0.55214
-----------------------
test accuracy: 0.5099
-----------------------
-----------------------
test accuracy: 0.5109
-----------------------
-----------------------
test accuracy: 0.5093
-----------------------
epoch 183 avg accuracy on training data: 0.55354
-----------------------
test accuracy: 0.5101
-----------------------
-----------------------
test accuracy: 0.5096
-----------------------
-----------------------
test accuracy: 0.5101
-----------------------
epoch 184 avg accuracy on training data: 0.5537599999999997
-----------------------
test accuracy: 0.5104
-----------------------
-----------------------
test accuracy: 0.5102
-----------------------
-----------------------
test accuracy: 0.511
-----------------------
epoch 185 avg accuracy on training data: 0.5526399999999999
-----------------------
test accuracy: 0.5094
-----------------------
-----------------------
test accuracy: 0.5095
-----------------------
-----------------------
test accuracy: 0.51
-----------------------
epoch 186 avg accuracy on training data: 0.5536400000000001
-----------------------
test accuracy: 0.5113
-----------------------
-----------------------
test accuracy: 0.5101
-----------------------
-----------------------
test accuracy: 0.5105
-----------------------
epoch 187 avg accuracy on training data: 0.5548200000000001
-----------------------
test accuracy: 0.5102
-----------------------
-----------------------
test accuracy: 0.5124
-----------------------
-----------------------
test accuracy: 0.5097
-----------------------
epoch 188 avg accuracy on training data: 0.5554600000000002
-----------------------
test accuracy: 0.5114
-----------------------
-----------------------
test accuracy: 0.5118
-----------------------
-----------------------
test accuracy: 0.51
-----------------------
epoch 189 avg accuracy on training data: 0.5561400000000001
-----------------------
test accuracy: 0.5103
-----------------------
-----------------------
test accuracy: 0.5103
-----------------------
-----------------------
test accuracy: 0.5106
-----------------------
epoch 190 avg accuracy on training data: 0.5552400000000002
-----------------------
test accuracy: 0.5109
-----------------------
-----------------------
test accuracy: 0.5111
-----------------------
-----------------------
test accuracy: 0.5111
-----------------------
epoch 191 avg accuracy on training data: 0.5558799999999999
-----------------------
test accuracy: 0.5114
-----------------------
-----------------------
test accuracy: 0.5094
-----------------------
-----------------------
test accuracy: 0.5124
-----------------------
epoch 192 avg accuracy on training data: 0.5565400000000005
-----------------------
test accuracy: 0.5105
-----------------------
-----------------------
test accuracy: 0.5109
-----------------------
-----------------------
test accuracy: 0.5121
-----------------------
epoch 193 avg accuracy on training data: 0.5568400000000001
-----------------------
test accuracy: 0.5122
-----------------------
-----------------------
test accuracy: 0.5109
-----------------------
-----------------------
test accuracy: 0.511
-----------------------
epoch 194 avg accuracy on training data: 0.5575399999999998
-----------------------
test accuracy: 0.5118
-----------------------
-----------------------
test accuracy: 0.5117
-----------------------
-----------------------
test accuracy: 0.512
-----------------------
epoch 195 avg accuracy on training data: 0.5588600000000001
-----------------------
test accuracy: 0.5111
-----------------------
-----------------------
test accuracy: 0.5121
-----------------------
-----------------------
test accuracy: 0.511
-----------------------
epoch 196 avg accuracy on training data: 0.5588
-----------------------
test accuracy: 0.5113
-----------------------
-----------------------
test accuracy: 0.512
-----------------------
-----------------------
test accuracy: 0.5108
-----------------------
epoch 197 avg accuracy on training data: 0.5600000000000002
-----------------------
test accuracy: 0.5116
-----------------------
-----------------------
test accuracy: 0.5114
-----------------------
-----------------------
test accuracy: 0.5107
-----------------------
epoch 198 avg accuracy on training data: 0.5603800000000004
-----------------------
test accuracy: 0.5115
-----------------------
-----------------------
test accuracy: 0.5123
-----------------------
-----------------------
test accuracy: 0.5101
-----------------------
epoch 199 avg accuracy on training data: 0.5614000000000002
-----------------------
test accuracy: 0.5129
-----------------------
-----------------------
test accuracy: 0.512
-----------------------
-----------------------
test accuracy: 0.5117
-----------------------
epoch 200 avg accuracy on training data: 0.5607399999999999
-----------------------
test accuracy: 0.511
-----------------------
-----------------------
test accuracy: 0.5119
-----------------------
-----------------------
test accuracy: 0.5127
-----------------------
epoch 201 avg accuracy on training data: 0.5607400000000006
-----------------------
test accuracy: 0.5129
-----------------------
-----------------------
test accuracy: 0.513
-----------------------
-----------------------
test accuracy: 0.5117
-----------------------
epoch 202 avg accuracy on training data: 0.5629999999999998
-----------------------
test accuracy: 0.5128
-----------------------
-----------------------
test accuracy: 0.5129
-----------------------
-----------------------
test accuracy: 0.5117
-----------------------
epoch 203 avg accuracy on training data: 0.5627999999999999
-----------------------
test accuracy: 0.5122
-----------------------
-----------------------
test accuracy: 0.5117
-----------------------
-----------------------
test accuracy: 0.5131
-----------------------
epoch 204 avg accuracy on training data: 0.56308
-----------------------
test accuracy: 0.5137
-----------------------
-----------------------
test accuracy: 0.5138
-----------------------
-----------------------
test accuracy: 0.5142
-----------------------
epoch 205 avg accuracy on training data: 0.5634200000000005
-----------------------
test accuracy: 0.5136
-----------------------
-----------------------
test accuracy: 0.5142
-----------------------
-----------------------
test accuracy: 0.5126
-----------------------
epoch 206 avg accuracy on training data: 0.5641799999999996
-----------------------
test accuracy: 0.5136
-----------------------
-----------------------
test accuracy: 0.5143
-----------------------
-----------------------
test accuracy: 0.5116
-----------------------
epoch 207 avg accuracy on training data: 0.5644600000000001
-----------------------
test accuracy: 0.5116
-----------------------
-----------------------
test accuracy: 0.5139
-----------------------
-----------------------
test accuracy: 0.5141
-----------------------
epoch 208 avg accuracy on training data: 0.5654800000000003
-----------------------
test accuracy: 0.5135
-----------------------
-----------------------
test accuracy: 0.5139
-----------------------
-----------------------
test accuracy: 0.512
-----------------------
epoch 209 avg accuracy on training data: 0.5658800000000002
-----------------------
test accuracy: 0.5136
-----------------------
-----------------------
test accuracy: 0.5141
-----------------------
-----------------------
test accuracy: 0.514
-----------------------
epoch 210 avg accuracy on training data: 0.5656400000000003
-----------------------
test accuracy: 0.514
-----------------------
-----------------------
test accuracy: 0.5136
-----------------------
-----------------------
test accuracy: 0.5145
-----------------------
epoch 211 avg accuracy on training data: 0.5671199999999996
-----------------------
test accuracy: 0.514
-----------------------
-----------------------
test accuracy: 0.5141
-----------------------
-----------------------
test accuracy: 0.5133
-----------------------
epoch 212 avg accuracy on training data: 0.5657400000000001
-----------------------
test accuracy: 0.5156
-----------------------
-----------------------
test accuracy: 0.5155
-----------------------
-----------------------
test accuracy: 0.5134
-----------------------
epoch 213 avg accuracy on training data: 0.5666
-----------------------
test accuracy: 0.5136
-----------------------
-----------------------
test accuracy: 0.5137
-----------------------
-----------------------
test accuracy: 0.5143
-----------------------
epoch 214 avg accuracy on training data: 0.5675000000000001
-----------------------
test accuracy: 0.515
-----------------------
-----------------------
test accuracy: 0.515
-----------------------
-----------------------
test accuracy: 0.5148
-----------------------
epoch 215 avg accuracy on training data: 0.5673
-----------------------
test accuracy: 0.5144
-----------------------
-----------------------
test accuracy: 0.5146
-----------------------
-----------------------
test accuracy: 0.5151
-----------------------
epoch 216 avg accuracy on training data: 0.5692600000000004
-----------------------
test accuracy: 0.5147
-----------------------
-----------------------
test accuracy: 0.5149
-----------------------
-----------------------
test accuracy: 0.515
-----------------------
epoch 217 avg accuracy on training data: 0.56922
-----------------------
test accuracy: 0.5146
-----------------------
-----------------------
test accuracy: 0.5154
-----------------------
-----------------------
test accuracy: 0.5156
-----------------------
epoch 218 avg accuracy on training data: 0.5685800000000002
-----------------------
test accuracy: 0.5156
-----------------------
-----------------------
test accuracy: 0.5163
-----------------------
-----------------------
test accuracy: 0.5151
-----------------------
epoch 219 avg accuracy on training data: 0.5717999999999995
-----------------------
test accuracy: 0.5135
-----------------------
-----------------------
test accuracy: 0.5147
-----------------------
-----------------------
test accuracy: 0.5139
-----------------------
epoch 220 avg accuracy on training data: 0.5704400000000001
-----------------------
test accuracy: 0.5158
-----------------------
-----------------------
test accuracy: 0.5162
-----------------------
-----------------------
test accuracy: 0.5157
-----------------------
epoch 221 avg accuracy on training data: 0.5721199999999999
-----------------------
test accuracy: 0.5147
-----------------------
-----------------------
test accuracy: 0.5162
-----------------------
-----------------------
test accuracy: 0.5158
-----------------------
epoch 222 avg accuracy on training data: 0.5708800000000006
-----------------------
test accuracy: 0.516
-----------------------
-----------------------
test accuracy: 0.5155
-----------------------
-----------------------
test accuracy: 0.5161
-----------------------
epoch 223 avg accuracy on training data: 0.5730400000000001
-----------------------
test accuracy: 0.5155
-----------------------
-----------------------
test accuracy: 0.5145
-----------------------
-----------------------
test accuracy: 0.5159
-----------------------
epoch 224 avg accuracy on training data: 0.57098
-----------------------
test accuracy: 0.5168
-----------------------
-----------------------
test accuracy: 0.5169
-----------------------
-----------------------
test accuracy: 0.5176
-----------------------
epoch 225 avg accuracy on training data: 0.5724999999999998
-----------------------
test accuracy: 0.518
-----------------------
-----------------------
test accuracy: 0.5163
-----------------------
-----------------------
test accuracy: 0.5173
-----------------------
epoch 226 avg accuracy on training data: 0.5727999999999998
-----------------------
test accuracy: 0.5177
-----------------------
-----------------------
test accuracy: 0.5163
-----------------------
-----------------------
test accuracy: 0.5169
-----------------------
epoch 227 avg accuracy on training data: 0.5748399999999998
-----------------------
test accuracy: 0.5168
-----------------------
-----------------------
test accuracy: 0.5172
-----------------------
-----------------------
test accuracy: 0.5176
-----------------------
epoch 228 avg accuracy on training data: 0.5744600000000002
-----------------------
test accuracy: 0.5164
-----------------------
-----------------------
test accuracy: 0.517
-----------------------
-----------------------
test accuracy: 0.5175
-----------------------
epoch 229 avg accuracy on training data: 0.57568
-----------------------
test accuracy: 0.5167
-----------------------
-----------------------
test accuracy: 0.5162
-----------------------
-----------------------
test accuracy: 0.518
-----------------------
epoch 230 avg accuracy on training data: 0.5744
-----------------------
test accuracy: 0.5162
-----------------------
-----------------------
test accuracy: 0.517
-----------------------
-----------------------
test accuracy: 0.518
-----------------------
epoch 231 avg accuracy on training data: 0.5753199999999999
-----------------------
test accuracy: 0.5168
-----------------------
-----------------------
test accuracy: 0.5182
-----------------------
-----------------------
test accuracy: 0.517
-----------------------
epoch 232 avg accuracy on training data: 0.5759600000000001
-----------------------
test accuracy: 0.5182
-----------------------
-----------------------
test accuracy: 0.5184
-----------------------
-----------------------
test accuracy: 0.5177
-----------------------
epoch 233 avg accuracy on training data: 0.5754199999999995
-----------------------
test accuracy: 0.5192
-----------------------
-----------------------
test accuracy: 0.5181
-----------------------
-----------------------
test accuracy: 0.5186
-----------------------
epoch 234 avg accuracy on training data: 0.5768200000000001
-----------------------
test accuracy: 0.5185
-----------------------
-----------------------
test accuracy: 0.5171
-----------------------
-----------------------
test accuracy: 0.5177
-----------------------
epoch 235 avg accuracy on training data: 0.5771799999999998
-----------------------
test accuracy: 0.5187
-----------------------
-----------------------
test accuracy: 0.5169
-----------------------
-----------------------
test accuracy: 0.5177
-----------------------
epoch 236 avg accuracy on training data: 0.5773400000000001
-----------------------
test accuracy: 0.5183
-----------------------
-----------------------
test accuracy: 0.5171
-----------------------
-----------------------
test accuracy: 0.5191
-----------------------
epoch 237 avg accuracy on training data: 0.5774600000000001
-----------------------
test accuracy: 0.5182
-----------------------
-----------------------
test accuracy: 0.518
-----------------------
-----------------------
test accuracy: 0.5179
-----------------------
epoch 238 avg accuracy on training data: 0.578
-----------------------
test accuracy: 0.5176
-----------------------
-----------------------
test accuracy: 0.5183
-----------------------
-----------------------
test accuracy: 0.517
-----------------------
epoch 239 avg accuracy on training data: 0.5787800000000002
-----------------------
test accuracy: 0.518
-----------------------
-----------------------
test accuracy: 0.5186
-----------------------
-----------------------
test accuracy: 0.5176
-----------------------
epoch 240 avg accuracy on training data: 0.5782000000000002
-----------------------
test accuracy: 0.5171
-----------------------
-----------------------
test accuracy: 0.5192
-----------------------
-----------------------
test accuracy: 0.5191
-----------------------
epoch 241 avg accuracy on training data: 0.5796199999999997
-----------------------
test accuracy: 0.5172
-----------------------
-----------------------
test accuracy: 0.5182
-----------------------
-----------------------
test accuracy: 0.5187
-----------------------
epoch 242 avg accuracy on training data: 0.5802999999999999
-----------------------
test accuracy: 0.5173
-----------------------
-----------------------
test accuracy: 0.5188
-----------------------
-----------------------
test accuracy: 0.5178
-----------------------
epoch 243 avg accuracy on training data: 0.5803000000000004
-----------------------
test accuracy: 0.5173
-----------------------
-----------------------
test accuracy: 0.5176
-----------------------
-----------------------
test accuracy: 0.5196
-----------------------
epoch 244 avg accuracy on training data: 0.58096
-----------------------
test accuracy: 0.5166
-----------------------
-----------------------
test accuracy: 0.5196
-----------------------
-----------------------
test accuracy: 0.518
-----------------------
epoch 245 avg accuracy on training data: 0.5804999999999996
-----------------------
test accuracy: 0.5179
-----------------------
-----------------------
test accuracy: 0.5184
-----------------------
-----------------------
test accuracy: 0.5185
-----------------------
epoch 246 avg accuracy on training data: 0.5804800000000002
-----------------------
test accuracy: 0.5185
-----------------------
-----------------------
test accuracy: 0.5193
-----------------------
-----------------------
test accuracy: 0.5196
-----------------------
epoch 247 avg accuracy on training data: 0.5827599999999996
-----------------------
test accuracy: 0.5166
-----------------------
-----------------------
test accuracy: 0.5186
-----------------------
-----------------------
test accuracy: 0.5192
-----------------------
epoch 248 avg accuracy on training data: 0.5819200000000004
-----------------------
test accuracy: 0.5192
-----------------------
-----------------------
test accuracy: 0.5191
-----------------------
-----------------------
test accuracy: 0.5195
-----------------------
epoch 249 avg accuracy on training data: 0.5835799999999998
-----------------------
test accuracy: 0.5196
-----------------------
-----------------------
test accuracy: 0.5186
-----------------------
-----------------------
test accuracy: 0.5191
-----------------------
epoch 250 avg accuracy on training data: 0.5831799999999999
-----------------------
test accuracy: 0.5171
-----------------------
-----------------------
test accuracy: 0.5195
-----------------------
-----------------------
test accuracy: 0.5201
-----------------------
epoch 251 avg accuracy on training data: 0.5844599999999993
-----------------------
test accuracy: 0.5202
-----------------------
-----------------------
test accuracy: 0.5187
-----------------------
-----------------------
test accuracy: 0.5184
-----------------------
epoch 252 avg accuracy on training data: 0.5844200000000002
-----------------------
test accuracy: 0.5183
-----------------------
-----------------------
test accuracy: 0.5195
-----------------------
-----------------------
test accuracy: 0.5184
-----------------------
epoch 253 avg accuracy on training data: 0.5839799999999999
-----------------------
test accuracy: 0.52
-----------------------
-----------------------
test accuracy: 0.5187
-----------------------
-----------------------
test accuracy: 0.5206
-----------------------
epoch 254 avg accuracy on training data: 0.5859800000000002
-----------------------
test accuracy: 0.5189
-----------------------
-----------------------
test accuracy: 0.5196
-----------------------
-----------------------
test accuracy: 0.5207
-----------------------
epoch 255 avg accuracy on training data: 0.5843999999999993
-----------------------
test accuracy: 0.5192
-----------------------
-----------------------
test accuracy: 0.5201
-----------------------
-----------------------
test accuracy: 0.5193
-----------------------
epoch 256 avg accuracy on training data: 0.5841799999999995
-----------------------
test accuracy: 0.5184
-----------------------
-----------------------
test accuracy: 0.5196
-----------------------
-----------------------
test accuracy: 0.5205
-----------------------
epoch 257 avg accuracy on training data: 0.5855599999999999
-----------------------
test accuracy: 0.521
-----------------------
-----------------------
test accuracy: 0.5207
-----------------------
-----------------------
test accuracy: 0.5193
-----------------------
epoch 258 avg accuracy on training data: 0.5868799999999995
-----------------------
test accuracy: 0.5196
-----------------------
-----------------------
test accuracy: 0.5164
-----------------------
-----------------------
test accuracy: 0.5204
-----------------------
epoch 259 avg accuracy on training data: 0.5865799999999998
-----------------------
test accuracy: 0.5209
-----------------------
-----------------------
test accuracy: 0.5193
-----------------------
-----------------------
test accuracy: 0.5193
-----------------------
epoch 260 avg accuracy on training data: 0.5864400000000001
-----------------------
test accuracy: 0.521
-----------------------
-----------------------
test accuracy: 0.5192
-----------------------
-----------------------
test accuracy: 0.5192
-----------------------
epoch 261 avg accuracy on training data: 0.58736
-----------------------
test accuracy: 0.5211
-----------------------
-----------------------
test accuracy: 0.5197
-----------------------
-----------------------
test accuracy: 0.5204
-----------------------
epoch 262 avg accuracy on training data: 0.5871199999999996
-----------------------
test accuracy: 0.5195
-----------------------
-----------------------
test accuracy: 0.5196
-----------------------
-----------------------
test accuracy: 0.5206
-----------------------
epoch 263 avg accuracy on training data: 0.5877400000000002
-----------------------
test accuracy: 0.5199
-----------------------
-----------------------
test accuracy: 0.5189
-----------------------
-----------------------
test accuracy: 0.5196
-----------------------
epoch 264 avg accuracy on training data: 0.5894600000000003
-----------------------
test accuracy: 0.5191
-----------------------
-----------------------
test accuracy: 0.5196
-----------------------
-----------------------
test accuracy: 0.5206
-----------------------
epoch 265 avg accuracy on training data: 0.5879599999999997
-----------------------
test accuracy: 0.5202
-----------------------
-----------------------
test accuracy: 0.5198
-----------------------
-----------------------
test accuracy: 0.5199
-----------------------
epoch 266 avg accuracy on training data: 0.5903599999999997
-----------------------
test accuracy: 0.5199
-----------------------
-----------------------
test accuracy: 0.52
-----------------------
-----------------------
test accuracy: 0.5197
-----------------------
epoch 267 avg accuracy on training data: 0.5892600000000001
-----------------------
test accuracy: 0.5197
-----------------------
-----------------------
test accuracy: 0.5209
-----------------------
-----------------------
test accuracy: 0.5192
-----------------------
epoch 268 avg accuracy on training data: 0.5886799999999998
-----------------------
test accuracy: 0.5194
-----------------------
-----------------------
test accuracy: 0.519
-----------------------
-----------------------
test accuracy: 0.5195
-----------------------
epoch 269 avg accuracy on training data: 0.5907199999999997
-----------------------
test accuracy: 0.5203
-----------------------
-----------------------
test accuracy: 0.5171
-----------------------
-----------------------
test accuracy: 0.5206
-----------------------
epoch 270 avg accuracy on training data: 0.5911599999999995
-----------------------
test accuracy: 0.5201
-----------------------
-----------------------
test accuracy: 0.519
-----------------------
-----------------------
test accuracy: 0.5201
-----------------------
epoch 271 avg accuracy on training data: 0.5903999999999998
-----------------------
test accuracy: 0.5203
-----------------------
-----------------------
test accuracy: 0.5201
-----------------------
-----------------------
test accuracy: 0.521
-----------------------
epoch 272 avg accuracy on training data: 0.59126
-----------------------
test accuracy: 0.5218
-----------------------
-----------------------
test accuracy: 0.521
-----------------------
-----------------------
test accuracy: 0.5206
-----------------------
epoch 273 avg accuracy on training data: 0.5907999999999994
-----------------------
test accuracy: 0.5201
-----------------------
-----------------------
test accuracy: 0.5213
-----------------------
-----------------------
test accuracy: 0.5192
-----------------------
epoch 274 avg accuracy on training data: 0.5926000000000003
-----------------------
test accuracy: 0.5184
-----------------------
-----------------------
test accuracy: 0.52
-----------------------
-----------------------
test accuracy: 0.5211
-----------------------
epoch 275 avg accuracy on training data: 0.5932999999999999
-----------------------
test accuracy: 0.5208
-----------------------
-----------------------
test accuracy: 0.5199
-----------------------
-----------------------
test accuracy: 0.5217
-----------------------
epoch 276 avg accuracy on training data: 0.5928999999999994
-----------------------
test accuracy: 0.5206
-----------------------
-----------------------
test accuracy: 0.5205
-----------------------
-----------------------
test accuracy: 0.5194
-----------------------
epoch 277 avg accuracy on training data: 0.5941
-----------------------
test accuracy: 0.5218
-----------------------
-----------------------
test accuracy: 0.5193
-----------------------
-----------------------
test accuracy: 0.5181
-----------------------
epoch 278 avg accuracy on training data: 0.5937399999999998
-----------------------
test accuracy: 0.5193
-----------------------
-----------------------
test accuracy: 0.5212
-----------------------
-----------------------
test accuracy: 0.5217
-----------------------
epoch 279 avg accuracy on training data: 0.5926199999999999
-----------------------
test accuracy: 0.5189
-----------------------
-----------------------
test accuracy: 0.5209
-----------------------
-----------------------
test accuracy: 0.5208
-----------------------
epoch 280 avg accuracy on training data: 0.59472
-----------------------
test accuracy: 0.521
-----------------------
-----------------------
test accuracy: 0.5208
-----------------------
-----------------------
test accuracy: 0.5217
-----------------------
epoch 281 avg accuracy on training data: 0.5953400000000001
-----------------------
test accuracy: 0.5204
-----------------------
-----------------------
test accuracy: 0.521
-----------------------
-----------------------
test accuracy: 0.5221
-----------------------
epoch 282 avg accuracy on training data: 0.59508
-----------------------
test accuracy: 0.5203
-----------------------
-----------------------
test accuracy: 0.521
-----------------------
-----------------------
test accuracy: 0.5213
-----------------------
epoch 283 avg accuracy on training data: 0.59508
-----------------------
test accuracy: 0.5216
-----------------------
-----------------------
test accuracy: 0.5208
-----------------------
-----------------------
test accuracy: 0.5218
-----------------------
epoch 284 avg accuracy on training data: 0.5963200000000001
-----------------------
test accuracy: 0.5218
-----------------------
-----------------------
test accuracy: 0.5209
-----------------------
-----------------------
test accuracy: 0.5205
-----------------------
epoch 285 avg accuracy on training data: 0.5958599999999998
-----------------------
test accuracy: 0.5209
-----------------------
-----------------------
test accuracy: 0.5211
-----------------------
-----------------------
test accuracy: 0.5223
-----------------------
epoch 286 avg accuracy on training data: 0.5968600000000001
-----------------------
test accuracy: 0.5219
-----------------------
-----------------------
test accuracy: 0.5217
-----------------------
-----------------------
test accuracy: 0.5235
-----------------------
epoch 287 avg accuracy on training data: 0.5981199999999998
-----------------------
test accuracy: 0.521
-----------------------
-----------------------
test accuracy: 0.5207
-----------------------
-----------------------
test accuracy: 0.5213
-----------------------
epoch 288 avg accuracy on training data: 0.5974599999999999
-----------------------
test accuracy: 0.522
-----------------------
-----------------------
test accuracy: 0.5219
-----------------------
-----------------------
test accuracy: 0.5218
-----------------------
epoch 289 avg accuracy on training data: 0.5979000000000001
-----------------------
test accuracy: 0.5211
-----------------------
-----------------------
test accuracy: 0.5225
-----------------------
-----------------------
test accuracy: 0.5228
-----------------------
epoch 290 avg accuracy on training data: 0.5993599999999999
-----------------------
test accuracy: 0.5232
-----------------------
-----------------------
test accuracy: 0.5228
-----------------------
-----------------------
test accuracy: 0.5214
-----------------------
epoch 291 avg accuracy on training data: 0.5982799999999991
-----------------------
test accuracy: 0.5215
-----------------------
-----------------------
test accuracy: 0.522
-----------------------
-----------------------
test accuracy: 0.522
-----------------------
epoch 292 avg accuracy on training data: 0.5986599999999997
-----------------------
test accuracy: 0.521
-----------------------
-----------------------
test accuracy: 0.5214
-----------------------
-----------------------
test accuracy: 0.5233
-----------------------
epoch 293 avg accuracy on training data: 0.6010800000000002
-----------------------
test accuracy: 0.5218
-----------------------
-----------------------
test accuracy: 0.524
-----------------------
-----------------------
test accuracy: 0.5231
-----------------------
epoch 294 avg accuracy on training data: 0.5989799999999996
-----------------------
test accuracy: 0.5218
-----------------------
-----------------------
test accuracy: 0.5226
-----------------------
-----------------------
test accuracy: 0.5219
-----------------------
epoch 295 avg accuracy on training data: 0.5998399999999996
-----------------------
test accuracy: 0.5216
-----------------------
-----------------------
test accuracy: 0.5215
-----------------------
-----------------------
test accuracy: 0.5225
-----------------------
epoch 296 avg accuracy on training data: 0.6002199999999998
-----------------------
test accuracy: 0.5222
-----------------------
-----------------------
test accuracy: 0.5222
-----------------------
-----------------------
test accuracy: 0.5216
-----------------------
epoch 297 avg accuracy on training data: 0.6010399999999998
-----------------------
test accuracy: 0.5234
-----------------------
-----------------------
test accuracy: 0.522
-----------------------
-----------------------
test accuracy: 0.5233
-----------------------
epoch 298 avg accuracy on training data: 0.6001399999999999
-----------------------
test accuracy: 0.522
-----------------------
-----------------------
test accuracy: 0.5227
-----------------------
-----------------------
test accuracy: 0.5231
-----------------------
epoch 299 avg accuracy on training data: 0.6030599999999998
-----------------------
test accuracy: 0.5222
-----------------------
-----------------------
test accuracy: 0.5237
-----------------------
-----------------------
test accuracy: 0.5232
-----------------------
epoch 300 avg accuracy on training data: 0.6014999999999998
-----------------------
test accuracy: 0.5237
-----------------------
-----------------------
test accuracy: 0.5218
-----------------------
-----------------------
test accuracy: 0.5233
-----------------------
