dnn_hidden_units : 100
learning_rate : 0.002
max_steps : 1500
batch_size : 200
eval_freq : 100
data_dir : ./cifar10/cifar-10-batches-py
neg_slope : 0.02
---------- MLP initialized with Pytorch -----------
-----------------------
test accuracy: 0.0846
-----------------------
-----------------------
test accuracy: 0.194
-----------------------
-----------------------
test accuracy: 0.2223
-----------------------
epoch 1 avg accuracy on training data: 0.1911752988047809
-----------------------
test accuracy: 0.2288
-----------------------
-----------------------
test accuracy: 0.2371
-----------------------
-----------------------
test accuracy: 0.2444
-----------------------
epoch 2 avg accuracy on training data: 0.23989999999999997
-----------------------
test accuracy: 0.248
-----------------------
-----------------------
test accuracy: 0.2525
-----------------------
-----------------------
test accuracy: 0.2585
-----------------------
epoch 3 avg accuracy on training data: 0.25470000000000026
-----------------------
test accuracy: 0.2617
-----------------------
-----------------------
test accuracy: 0.2678
-----------------------
-----------------------
test accuracy: 0.2734
-----------------------
epoch 4 avg accuracy on training data: 0.2722000000000001
-----------------------
test accuracy: 0.2752
-----------------------
-----------------------
test accuracy: 0.2811
-----------------------
-----------------------
test accuracy: 0.2843
-----------------------
epoch 5 avg accuracy on training data: 0.28734000000000004
-----------------------
test accuracy: 0.2859
-----------------------
-----------------------
test accuracy: 0.2946
-----------------------
-----------------------
test accuracy: 0.2998
-----------------------
epoch 6 avg accuracy on training data: 0.29826
-----------------------
test accuracy: 0.3016
-----------------------
-----------------------
test accuracy: 0.3053
-----------------------
-----------------------
test accuracy: 0.3096
-----------------------
epoch 7 avg accuracy on training data: 0.30754000000000004
-----------------------
test accuracy: 0.3123
-----------------------
-----------------------
test accuracy: 0.3149
-----------------------
-----------------------
test accuracy: 0.3203
-----------------------
epoch 8 avg accuracy on training data: 0.31824000000000013
-----------------------
test accuracy: 0.3267
-----------------------
-----------------------
test accuracy: 0.3327
-----------------------
-----------------------
test accuracy: 0.3413
-----------------------
epoch 9 avg accuracy on training data: 0.33485999999999966
-----------------------
test accuracy: 0.3421
-----------------------
-----------------------
test accuracy: 0.3459
-----------------------
-----------------------
test accuracy: 0.3511
-----------------------
epoch 10 avg accuracy on training data: 0.3492799999999999
-----------------------
test accuracy: 0.3538
-----------------------
-----------------------
test accuracy: 0.3548
-----------------------
-----------------------
test accuracy: 0.3583
-----------------------
epoch 11 avg accuracy on training data: 0.3558199999999997
-----------------------
test accuracy: 0.3576
-----------------------
-----------------------
test accuracy: 0.3595
-----------------------
-----------------------
test accuracy: 0.3618
-----------------------
epoch 12 avg accuracy on training data: 0.36075999999999997
-----------------------
test accuracy: 0.3632
-----------------------
-----------------------
test accuracy: 0.3658
-----------------------
-----------------------
test accuracy: 0.368
-----------------------
epoch 13 avg accuracy on training data: 0.36571999999999966
-----------------------
test accuracy: 0.3693
-----------------------
-----------------------
test accuracy: 0.3719
-----------------------
-----------------------
test accuracy: 0.3738
-----------------------
epoch 14 avg accuracy on training data: 0.3696600000000001
-----------------------
test accuracy: 0.3763
-----------------------
-----------------------
test accuracy: 0.3766
-----------------------
-----------------------
test accuracy: 0.3796
-----------------------
epoch 15 avg accuracy on training data: 0.37602000000000013
-----------------------
test accuracy: 0.3795
-----------------------
-----------------------
test accuracy: 0.3821
-----------------------
-----------------------
test accuracy: 0.3847
-----------------------
epoch 16 avg accuracy on training data: 0.38028000000000006
-----------------------
test accuracy: 0.3841
-----------------------
-----------------------
test accuracy: 0.3869
-----------------------
-----------------------
test accuracy: 0.3888
-----------------------
epoch 17 avg accuracy on training data: 0.38554000000000027
-----------------------
test accuracy: 0.3907
-----------------------
-----------------------
test accuracy: 0.3906
-----------------------
-----------------------
test accuracy: 0.3923
-----------------------
epoch 18 avg accuracy on training data: 0.3886000000000002
-----------------------
test accuracy: 0.3923
-----------------------
-----------------------
test accuracy: 0.3943
-----------------------
-----------------------
test accuracy: 0.3955
-----------------------
epoch 19 avg accuracy on training data: 0.39177999999999985
-----------------------
test accuracy: 0.396
-----------------------
-----------------------
test accuracy: 0.3972
-----------------------
-----------------------
test accuracy: 0.3982
-----------------------
epoch 20 avg accuracy on training data: 0.39562000000000036
-----------------------
test accuracy: 0.3988
-----------------------
-----------------------
test accuracy: 0.3995
-----------------------
-----------------------
test accuracy: 0.4016
-----------------------
epoch 21 avg accuracy on training data: 0.3983000000000001
-----------------------
test accuracy: 0.4012
-----------------------
-----------------------
test accuracy: 0.4022
-----------------------
-----------------------
test accuracy: 0.4031
-----------------------
epoch 22 avg accuracy on training data: 0.40124
-----------------------
test accuracy: 0.4025
-----------------------
-----------------------
test accuracy: 0.4054
-----------------------
-----------------------
test accuracy: 0.4037
-----------------------
epoch 23 avg accuracy on training data: 0.40390000000000004
-----------------------
test accuracy: 0.4039
-----------------------
-----------------------
test accuracy: 0.4061
-----------------------
-----------------------
test accuracy: 0.4053
-----------------------
epoch 24 avg accuracy on training data: 0.40718000000000015
-----------------------
test accuracy: 0.4072
-----------------------
-----------------------
test accuracy: 0.4074
-----------------------
-----------------------
test accuracy: 0.41
-----------------------
epoch 25 avg accuracy on training data: 0.4099800000000001
-----------------------
test accuracy: 0.4101
-----------------------
-----------------------
test accuracy: 0.4101
-----------------------
-----------------------
test accuracy: 0.4109
-----------------------
epoch 26 avg accuracy on training data: 0.4131000000000002
-----------------------
test accuracy: 0.4116
-----------------------
-----------------------
test accuracy: 0.4133
-----------------------
-----------------------
test accuracy: 0.4128
-----------------------
epoch 27 avg accuracy on training data: 0.41442
-----------------------
test accuracy: 0.4137
-----------------------
-----------------------
test accuracy: 0.4142
-----------------------
-----------------------
test accuracy: 0.4154
-----------------------
epoch 28 avg accuracy on training data: 0.4177600000000002
-----------------------
test accuracy: 0.4155
-----------------------
-----------------------
test accuracy: 0.4158
-----------------------
-----------------------
test accuracy: 0.4177
-----------------------
epoch 29 avg accuracy on training data: 0.42046000000000044
-----------------------
test accuracy: 0.4179
-----------------------
-----------------------
test accuracy: 0.4183
-----------------------
-----------------------
test accuracy: 0.4201
-----------------------
epoch 30 avg accuracy on training data: 0.42133999999999994
-----------------------
test accuracy: 0.4198
-----------------------
-----------------------
test accuracy: 0.4191
-----------------------
-----------------------
test accuracy: 0.421
-----------------------
epoch 31 avg accuracy on training data: 0.42398000000000036
-----------------------
test accuracy: 0.4219
-----------------------
-----------------------
test accuracy: 0.4217
-----------------------
-----------------------
test accuracy: 0.423
-----------------------
epoch 32 avg accuracy on training data: 0.42600000000000005
-----------------------
test accuracy: 0.4233
-----------------------
-----------------------
test accuracy: 0.4245
-----------------------
-----------------------
test accuracy: 0.4257
-----------------------
epoch 33 avg accuracy on training data: 0.4281000000000003
-----------------------
test accuracy: 0.4252
-----------------------
-----------------------
test accuracy: 0.4268
-----------------------
-----------------------
test accuracy: 0.426
-----------------------
epoch 34 avg accuracy on training data: 0.42944000000000015
-----------------------
test accuracy: 0.4266
-----------------------
-----------------------
test accuracy: 0.4288
-----------------------
-----------------------
test accuracy: 0.4294
-----------------------
epoch 35 avg accuracy on training data: 0.43198000000000014
-----------------------
test accuracy: 0.4284
-----------------------
-----------------------
test accuracy: 0.4301
-----------------------
-----------------------
test accuracy: 0.4294
-----------------------
epoch 36 avg accuracy on training data: 0.43413999999999997
-----------------------
test accuracy: 0.4306
-----------------------
-----------------------
test accuracy: 0.4316
-----------------------
-----------------------
test accuracy: 0.4305
-----------------------
epoch 37 avg accuracy on training data: 0.43428000000000017
-----------------------
test accuracy: 0.4319
-----------------------
-----------------------
test accuracy: 0.4316
-----------------------
-----------------------
test accuracy: 0.4327
-----------------------
epoch 38 avg accuracy on training data: 0.43642
-----------------------
test accuracy: 0.4326
-----------------------
-----------------------
test accuracy: 0.4329
-----------------------
-----------------------
test accuracy: 0.4354
-----------------------
epoch 39 avg accuracy on training data: 0.4391399999999998
-----------------------
test accuracy: 0.4346
-----------------------
-----------------------
test accuracy: 0.4347
-----------------------
-----------------------
test accuracy: 0.4363
-----------------------
epoch 40 avg accuracy on training data: 0.4406200000000001
-----------------------
test accuracy: 0.4358
-----------------------
-----------------------
test accuracy: 0.4379
-----------------------
-----------------------
test accuracy: 0.4384
-----------------------
epoch 41 avg accuracy on training data: 0.4406999999999999
-----------------------
test accuracy: 0.4375
-----------------------
-----------------------
test accuracy: 0.4388
-----------------------
-----------------------
test accuracy: 0.4396
-----------------------
epoch 42 avg accuracy on training data: 0.44263999999999987
-----------------------
test accuracy: 0.4393
-----------------------
-----------------------
test accuracy: 0.4407
-----------------------
-----------------------
test accuracy: 0.4407
-----------------------
epoch 43 avg accuracy on training data: 0.44424000000000013
-----------------------
test accuracy: 0.4411
-----------------------
-----------------------
test accuracy: 0.4418
-----------------------
-----------------------
test accuracy: 0.4424
-----------------------
epoch 44 avg accuracy on training data: 0.4456999999999999
-----------------------
test accuracy: 0.4435
-----------------------
-----------------------
test accuracy: 0.4427
-----------------------
-----------------------
test accuracy: 0.4444
-----------------------
epoch 45 avg accuracy on training data: 0.44741999999999976
-----------------------
test accuracy: 0.4447
-----------------------
-----------------------
test accuracy: 0.4454
-----------------------
-----------------------
test accuracy: 0.4453
-----------------------
epoch 46 avg accuracy on training data: 0.4472999999999999
-----------------------
test accuracy: 0.4466
-----------------------
-----------------------
test accuracy: 0.4468
-----------------------
-----------------------
test accuracy: 0.4453
-----------------------
epoch 47 avg accuracy on training data: 0.4504999999999997
-----------------------
test accuracy: 0.4467
-----------------------
-----------------------
test accuracy: 0.4464
-----------------------
-----------------------
test accuracy: 0.4471
-----------------------
epoch 48 avg accuracy on training data: 0.44920000000000015
-----------------------
test accuracy: 0.4466
-----------------------
-----------------------
test accuracy: 0.4479
-----------------------
-----------------------
test accuracy: 0.4482
-----------------------
epoch 49 avg accuracy on training data: 0.45362000000000013
-----------------------
test accuracy: 0.4485
-----------------------
-----------------------
test accuracy: 0.448
-----------------------
-----------------------
test accuracy: 0.4494
-----------------------
epoch 50 avg accuracy on training data: 0.45377999999999996
-----------------------
test accuracy: 0.451
-----------------------
-----------------------
test accuracy: 0.4523
-----------------------
-----------------------
test accuracy: 0.4511
-----------------------
epoch 51 avg accuracy on training data: 0.4560599999999998
-----------------------
test accuracy: 0.4505
-----------------------
-----------------------
test accuracy: 0.4522
-----------------------
-----------------------
test accuracy: 0.451
-----------------------
epoch 52 avg accuracy on training data: 0.45469999999999994
-----------------------
test accuracy: 0.4521
-----------------------
-----------------------
test accuracy: 0.4531
-----------------------
-----------------------
test accuracy: 0.4532
-----------------------
epoch 53 avg accuracy on training data: 0.4581399999999995
-----------------------
test accuracy: 0.4539
-----------------------
-----------------------
test accuracy: 0.4541
-----------------------
-----------------------
test accuracy: 0.4541
-----------------------
epoch 54 avg accuracy on training data: 0.4580399999999998
-----------------------
test accuracy: 0.4532
-----------------------
-----------------------
test accuracy: 0.4553
-----------------------
-----------------------
test accuracy: 0.4543
-----------------------
epoch 55 avg accuracy on training data: 0.45970000000000044
-----------------------
test accuracy: 0.455
-----------------------
-----------------------
test accuracy: 0.4554
-----------------------
-----------------------
test accuracy: 0.4568
-----------------------
epoch 56 avg accuracy on training data: 0.45989999999999975
-----------------------
test accuracy: 0.4559
-----------------------
-----------------------
test accuracy: 0.4569
-----------------------
-----------------------
test accuracy: 0.4565
-----------------------
epoch 57 avg accuracy on training data: 0.4628599999999998
-----------------------
test accuracy: 0.4585
-----------------------
-----------------------
test accuracy: 0.4586
-----------------------
-----------------------
test accuracy: 0.4574
-----------------------
epoch 58 avg accuracy on training data: 0.46429999999999977
-----------------------
test accuracy: 0.4577
-----------------------
-----------------------
test accuracy: 0.4578
-----------------------
-----------------------
test accuracy: 0.4597
-----------------------
epoch 59 avg accuracy on training data: 0.4653599999999997
-----------------------
test accuracy: 0.4593
-----------------------
-----------------------
test accuracy: 0.4592
-----------------------
-----------------------
test accuracy: 0.4603
-----------------------
epoch 60 avg accuracy on training data: 0.46568000000000004
-----------------------
test accuracy: 0.4591
-----------------------
-----------------------
test accuracy: 0.4608
-----------------------
-----------------------
test accuracy: 0.4608
-----------------------
epoch 61 avg accuracy on training data: 0.46683999999999987
-----------------------
test accuracy: 0.4609
-----------------------
-----------------------
test accuracy: 0.4611
-----------------------
-----------------------
test accuracy: 0.461
-----------------------
epoch 62 avg accuracy on training data: 0.46695999999999965
-----------------------
test accuracy: 0.4621
-----------------------
-----------------------
test accuracy: 0.462
-----------------------
-----------------------
test accuracy: 0.4611
-----------------------
epoch 63 avg accuracy on training data: 0.47015999999999986
-----------------------
test accuracy: 0.4623
-----------------------
-----------------------
test accuracy: 0.4617
-----------------------
-----------------------
test accuracy: 0.4629
-----------------------
epoch 64 avg accuracy on training data: 0.47079999999999966
-----------------------
test accuracy: 0.4627
-----------------------
-----------------------
test accuracy: 0.4634
-----------------------
-----------------------
test accuracy: 0.4642
-----------------------
epoch 65 avg accuracy on training data: 0.4728799999999999
-----------------------
test accuracy: 0.4642
-----------------------
-----------------------
test accuracy: 0.4632
-----------------------
-----------------------
test accuracy: 0.4641
-----------------------
epoch 66 avg accuracy on training data: 0.4731199999999995
-----------------------
test accuracy: 0.4642
-----------------------
-----------------------
test accuracy: 0.465
-----------------------
-----------------------
test accuracy: 0.4651
-----------------------
epoch 67 avg accuracy on training data: 0.47315999999999997
-----------------------
test accuracy: 0.4659
-----------------------
-----------------------
test accuracy: 0.4663
-----------------------
-----------------------
test accuracy: 0.4652
-----------------------
epoch 68 avg accuracy on training data: 0.47343999999999997
-----------------------
test accuracy: 0.4658
-----------------------
-----------------------
test accuracy: 0.4666
-----------------------
-----------------------
test accuracy: 0.4671
-----------------------
epoch 69 avg accuracy on training data: 0.4754799999999999
-----------------------
test accuracy: 0.4661
-----------------------
-----------------------
test accuracy: 0.4667
-----------------------
-----------------------
test accuracy: 0.4678
-----------------------
epoch 70 avg accuracy on training data: 0.4764399999999998
-----------------------
test accuracy: 0.4683
-----------------------
-----------------------
test accuracy: 0.4683
-----------------------
-----------------------
test accuracy: 0.4681
-----------------------
epoch 71 avg accuracy on training data: 0.4768599999999997
-----------------------
test accuracy: 0.4674
-----------------------
-----------------------
test accuracy: 0.4687
-----------------------
-----------------------
test accuracy: 0.4696
-----------------------
epoch 72 avg accuracy on training data: 0.47763999999999995
-----------------------
test accuracy: 0.4694
-----------------------
-----------------------
test accuracy: 0.471
-----------------------
-----------------------
test accuracy: 0.4695
-----------------------
epoch 73 avg accuracy on training data: 0.47765999999999986
-----------------------
test accuracy: 0.4701
-----------------------
-----------------------
test accuracy: 0.4709
-----------------------
-----------------------
test accuracy: 0.4718
-----------------------
epoch 74 avg accuracy on training data: 0.4804799999999997
-----------------------
test accuracy: 0.4709
-----------------------
-----------------------
test accuracy: 0.4712
-----------------------
-----------------------
test accuracy: 0.4717
-----------------------
epoch 75 avg accuracy on training data: 0.48134
-----------------------
test accuracy: 0.4732
-----------------------
-----------------------
test accuracy: 0.4711
-----------------------
-----------------------
test accuracy: 0.4727
-----------------------
epoch 76 avg accuracy on training data: 0.4811999999999998
-----------------------
test accuracy: 0.4739
-----------------------
-----------------------
test accuracy: 0.4734
-----------------------
-----------------------
test accuracy: 0.4735
-----------------------
epoch 77 avg accuracy on training data: 0.4831599999999999
-----------------------
test accuracy: 0.4742
-----------------------
-----------------------
test accuracy: 0.4739
-----------------------
-----------------------
test accuracy: 0.4749
-----------------------
epoch 78 avg accuracy on training data: 0.4844599999999996
-----------------------
test accuracy: 0.4749
-----------------------
-----------------------
test accuracy: 0.4751
-----------------------
-----------------------
test accuracy: 0.4755
-----------------------
epoch 79 avg accuracy on training data: 0.4848599999999999
-----------------------
test accuracy: 0.476
-----------------------
-----------------------
test accuracy: 0.4765
-----------------------
-----------------------
test accuracy: 0.475
-----------------------
epoch 80 avg accuracy on training data: 0.48581999999999964
-----------------------
test accuracy: 0.4761
-----------------------
-----------------------
test accuracy: 0.4764
-----------------------
-----------------------
test accuracy: 0.4769
-----------------------
epoch 81 avg accuracy on training data: 0.4874200000000001
-----------------------
test accuracy: 0.4764
-----------------------
-----------------------
test accuracy: 0.4758
-----------------------
-----------------------
test accuracy: 0.4756
-----------------------
epoch 82 avg accuracy on training data: 0.48805999999999966
-----------------------
test accuracy: 0.4756
-----------------------
-----------------------
test accuracy: 0.4766
-----------------------
-----------------------
test accuracy: 0.4751
-----------------------
epoch 83 avg accuracy on training data: 0.48845999999999967
-----------------------
test accuracy: 0.4764
-----------------------
-----------------------
test accuracy: 0.4787
-----------------------
-----------------------
test accuracy: 0.4769
-----------------------
epoch 84 avg accuracy on training data: 0.4900199999999998
-----------------------
test accuracy: 0.4773
-----------------------
-----------------------
test accuracy: 0.478
-----------------------
-----------------------
test accuracy: 0.4767
-----------------------
epoch 85 avg accuracy on training data: 0.49048000000000014
-----------------------
test accuracy: 0.4788
-----------------------
-----------------------
test accuracy: 0.4778
-----------------------
-----------------------
test accuracy: 0.4794
-----------------------
epoch 86 avg accuracy on training data: 0.4908799999999996
-----------------------
test accuracy: 0.4766
-----------------------
-----------------------
test accuracy: 0.4779
-----------------------
-----------------------
test accuracy: 0.4793
-----------------------
epoch 87 avg accuracy on training data: 0.4920199999999999
-----------------------
test accuracy: 0.4786
-----------------------
-----------------------
test accuracy: 0.4775
-----------------------
-----------------------
test accuracy: 0.4796
-----------------------
epoch 88 avg accuracy on training data: 0.49357999999999985
-----------------------
test accuracy: 0.4791
-----------------------
-----------------------
test accuracy: 0.479
-----------------------
-----------------------
test accuracy: 0.4787
-----------------------
epoch 89 avg accuracy on training data: 0.49305999999999983
-----------------------
test accuracy: 0.4801
-----------------------
-----------------------
test accuracy: 0.4809
-----------------------
-----------------------
test accuracy: 0.4802
-----------------------
epoch 90 avg accuracy on training data: 0.4946999999999999
-----------------------
test accuracy: 0.4806
-----------------------
-----------------------
test accuracy: 0.4802
-----------------------
-----------------------
test accuracy: 0.4811
-----------------------
epoch 91 avg accuracy on training data: 0.4954199999999998
-----------------------
test accuracy: 0.4814
-----------------------
-----------------------
test accuracy: 0.4811
-----------------------
-----------------------
test accuracy: 0.4795
-----------------------
epoch 92 avg accuracy on training data: 0.4961000000000003
-----------------------
test accuracy: 0.4812
-----------------------
-----------------------
test accuracy: 0.4822
-----------------------
-----------------------
test accuracy: 0.4818
-----------------------
epoch 93 avg accuracy on training data: 0.49669999999999986
-----------------------
test accuracy: 0.4825
-----------------------
-----------------------
test accuracy: 0.4818
-----------------------
-----------------------
test accuracy: 0.4812
-----------------------
epoch 94 avg accuracy on training data: 0.49694000000000005
-----------------------
test accuracy: 0.4831
-----------------------
-----------------------
test accuracy: 0.4839
-----------------------
-----------------------
test accuracy: 0.483
-----------------------
epoch 95 avg accuracy on training data: 0.49827999999999983
-----------------------
test accuracy: 0.4816
-----------------------
-----------------------
test accuracy: 0.4822
-----------------------
-----------------------
test accuracy: 0.4856
-----------------------
epoch 96 avg accuracy on training data: 0.5000399999999999
-----------------------
test accuracy: 0.4848
-----------------------
-----------------------
test accuracy: 0.4849
-----------------------
-----------------------
test accuracy: 0.4842
-----------------------
epoch 97 avg accuracy on training data: 0.50088
-----------------------
test accuracy: 0.4849
-----------------------
-----------------------
test accuracy: 0.4852
-----------------------
-----------------------
test accuracy: 0.4852
-----------------------
epoch 98 avg accuracy on training data: 0.5031000000000001
-----------------------
test accuracy: 0.4851
-----------------------
-----------------------
test accuracy: 0.486
-----------------------
-----------------------
test accuracy: 0.4858
-----------------------
epoch 99 avg accuracy on training data: 0.5010999999999999
-----------------------
test accuracy: 0.4866
-----------------------
-----------------------
test accuracy: 0.4858
-----------------------
-----------------------
test accuracy: 0.487
-----------------------
epoch 100 avg accuracy on training data: 0.5033999999999997
-----------------------
test accuracy: 0.4872
-----------------------
-----------------------
test accuracy: 0.4867
-----------------------
-----------------------
test accuracy: 0.4862
-----------------------
epoch 101 avg accuracy on training data: 0.5040999999999999
-----------------------
test accuracy: 0.486
-----------------------
-----------------------
test accuracy: 0.4876
-----------------------
-----------------------
test accuracy: 0.4889
-----------------------
epoch 102 avg accuracy on training data: 0.50484
-----------------------
test accuracy: 0.4872
-----------------------
-----------------------
test accuracy: 0.4874
-----------------------
-----------------------
test accuracy: 0.4869
-----------------------
epoch 103 avg accuracy on training data: 0.5057600000000002
-----------------------
test accuracy: 0.4869
-----------------------
-----------------------
test accuracy: 0.4893
-----------------------
-----------------------
test accuracy: 0.4872
-----------------------
epoch 104 avg accuracy on training data: 0.5058599999999999
-----------------------
test accuracy: 0.488
-----------------------
-----------------------
test accuracy: 0.4878
-----------------------
-----------------------
test accuracy: 0.489
-----------------------
epoch 105 avg accuracy on training data: 0.50738
-----------------------
test accuracy: 0.4883
-----------------------
-----------------------
test accuracy: 0.4875
-----------------------
-----------------------
test accuracy: 0.4886
-----------------------
epoch 106 avg accuracy on training data: 0.5072600000000002
-----------------------
test accuracy: 0.4901
-----------------------
-----------------------
test accuracy: 0.4894
-----------------------
-----------------------
test accuracy: 0.4914
-----------------------
epoch 107 avg accuracy on training data: 0.5091
-----------------------
test accuracy: 0.4893
-----------------------
-----------------------
test accuracy: 0.489
-----------------------
-----------------------
test accuracy: 0.4891
-----------------------
epoch 108 avg accuracy on training data: 0.5089599999999999
-----------------------
test accuracy: 0.4891
-----------------------
-----------------------
test accuracy: 0.4887
-----------------------
-----------------------
test accuracy: 0.4911
-----------------------
epoch 109 avg accuracy on training data: 0.5111200000000002
-----------------------
test accuracy: 0.4921
-----------------------
-----------------------
test accuracy: 0.491
-----------------------
-----------------------
test accuracy: 0.4916
-----------------------
epoch 110 avg accuracy on training data: 0.5121999999999999
-----------------------
test accuracy: 0.4914
-----------------------
-----------------------
test accuracy: 0.4913
-----------------------
-----------------------
test accuracy: 0.4923
-----------------------
epoch 111 avg accuracy on training data: 0.5120599999999998
-----------------------
test accuracy: 0.493
-----------------------
-----------------------
test accuracy: 0.4912
-----------------------
-----------------------
test accuracy: 0.4933
-----------------------
epoch 112 avg accuracy on training data: 0.5133200000000001
-----------------------
test accuracy: 0.494
-----------------------
-----------------------
test accuracy: 0.4921
-----------------------
-----------------------
test accuracy: 0.4926
-----------------------
epoch 113 avg accuracy on training data: 0.51298
-----------------------
test accuracy: 0.4924
-----------------------
-----------------------
test accuracy: 0.4923
-----------------------
-----------------------
test accuracy: 0.4921
-----------------------
epoch 114 avg accuracy on training data: 0.5141200000000002
-----------------------
test accuracy: 0.4937
-----------------------
-----------------------
test accuracy: 0.4921
-----------------------
-----------------------
test accuracy: 0.4938
-----------------------
epoch 115 avg accuracy on training data: 0.5155400000000001
-----------------------
test accuracy: 0.4927
-----------------------
-----------------------
test accuracy: 0.4939
-----------------------
-----------------------
test accuracy: 0.4934
-----------------------
epoch 116 avg accuracy on training data: 0.5146800000000001
-----------------------
test accuracy: 0.4941
-----------------------
-----------------------
test accuracy: 0.4932
-----------------------
-----------------------
test accuracy: 0.4955
-----------------------
epoch 117 avg accuracy on training data: 0.5163800000000005
-----------------------
test accuracy: 0.4944
-----------------------
-----------------------
test accuracy: 0.4947
-----------------------
-----------------------
test accuracy: 0.4954
-----------------------
epoch 118 avg accuracy on training data: 0.5147000000000002
-----------------------
test accuracy: 0.4935
-----------------------
-----------------------
test accuracy: 0.4927
-----------------------
-----------------------
test accuracy: 0.4945
-----------------------
epoch 119 avg accuracy on training data: 0.5175200000000003
-----------------------
test accuracy: 0.4943
-----------------------
-----------------------
test accuracy: 0.4946
-----------------------
-----------------------
test accuracy: 0.4961
-----------------------
epoch 120 avg accuracy on training data: 0.5188800000000002
-----------------------
test accuracy: 0.4939
-----------------------
-----------------------
test accuracy: 0.4949
-----------------------
-----------------------
test accuracy: 0.4945
-----------------------
epoch 121 avg accuracy on training data: 0.5194800000000002
-----------------------
test accuracy: 0.4934
-----------------------
-----------------------
test accuracy: 0.4977
-----------------------
-----------------------
test accuracy: 0.4947
-----------------------
epoch 122 avg accuracy on training data: 0.5193800000000003
-----------------------
test accuracy: 0.4942
-----------------------
-----------------------
test accuracy: 0.4963
-----------------------
-----------------------
test accuracy: 0.4944
-----------------------
epoch 123 avg accuracy on training data: 0.5200200000000005
-----------------------
test accuracy: 0.4945
-----------------------
-----------------------
test accuracy: 0.4972
-----------------------
-----------------------
test accuracy: 0.4965
-----------------------
epoch 124 avg accuracy on training data: 0.5205599999999998
-----------------------
test accuracy: 0.4946
-----------------------
-----------------------
test accuracy: 0.4962
-----------------------
-----------------------
test accuracy: 0.4983
-----------------------
epoch 125 avg accuracy on training data: 0.52262
-----------------------
test accuracy: 0.4958
-----------------------
-----------------------
test accuracy: 0.4966
-----------------------
-----------------------
test accuracy: 0.4971
-----------------------
epoch 126 avg accuracy on training data: 0.5224599999999998
-----------------------
test accuracy: 0.4978
-----------------------
-----------------------
test accuracy: 0.4982
-----------------------
-----------------------
test accuracy: 0.4982
-----------------------
epoch 127 avg accuracy on training data: 0.52222
-----------------------
test accuracy: 0.4971
-----------------------
-----------------------
test accuracy: 0.4983
-----------------------
-----------------------
test accuracy: 0.4972
-----------------------
epoch 128 avg accuracy on training data: 0.5233800000000003
-----------------------
test accuracy: 0.4987
-----------------------
-----------------------
test accuracy: 0.4976
-----------------------
-----------------------
test accuracy: 0.4992
-----------------------
epoch 129 avg accuracy on training data: 0.5243800000000001
-----------------------
test accuracy: 0.4971
-----------------------
-----------------------
test accuracy: 0.4992
-----------------------
-----------------------
test accuracy: 0.4984
-----------------------
epoch 130 avg accuracy on training data: 0.5244600000000004
-----------------------
test accuracy: 0.498
-----------------------
-----------------------
test accuracy: 0.4996
-----------------------
-----------------------
test accuracy: 0.5007
-----------------------
epoch 131 avg accuracy on training data: 0.5248200000000002
-----------------------
test accuracy: 0.4992
-----------------------
-----------------------
test accuracy: 0.5007
-----------------------
-----------------------
test accuracy: 0.5003
-----------------------
epoch 132 avg accuracy on training data: 0.5266
-----------------------
test accuracy: 0.5004
-----------------------
-----------------------
test accuracy: 0.5001
-----------------------
-----------------------
test accuracy: 0.5024
-----------------------
epoch 133 avg accuracy on training data: 0.5262
-----------------------
test accuracy: 0.4996
-----------------------
-----------------------
test accuracy: 0.5004
-----------------------
-----------------------
test accuracy: 0.5003
-----------------------
epoch 134 avg accuracy on training data: 0.5274200000000002
-----------------------
test accuracy: 0.5012
-----------------------
-----------------------
test accuracy: 0.4997
-----------------------
-----------------------
test accuracy: 0.5019
-----------------------
epoch 135 avg accuracy on training data: 0.5273200000000001
-----------------------
test accuracy: 0.5013
-----------------------
-----------------------
test accuracy: 0.5013
-----------------------
-----------------------
test accuracy: 0.5003
-----------------------
epoch 136 avg accuracy on training data: 0.5288399999999995
-----------------------
test accuracy: 0.502
-----------------------
-----------------------
test accuracy: 0.5015
-----------------------
-----------------------
test accuracy: 0.5021
-----------------------
epoch 137 avg accuracy on training data: 0.5286600000000004
-----------------------
test accuracy: 0.5009
-----------------------
-----------------------
test accuracy: 0.5022
-----------------------
-----------------------
test accuracy: 0.5007
-----------------------
epoch 138 avg accuracy on training data: 0.5294000000000003
-----------------------
test accuracy: 0.5009
-----------------------
-----------------------
test accuracy: 0.5034
-----------------------
-----------------------
test accuracy: 0.5033
-----------------------
epoch 139 avg accuracy on training data: 0.5297800000000001
-----------------------
test accuracy: 0.5029
-----------------------
-----------------------
test accuracy: 0.5024
-----------------------
-----------------------
test accuracy: 0.5031
-----------------------
epoch 140 avg accuracy on training data: 0.5301400000000005
-----------------------
test accuracy: 0.5024
-----------------------
-----------------------
test accuracy: 0.5045
-----------------------
-----------------------
test accuracy: 0.503
-----------------------
epoch 141 avg accuracy on training data: 0.5302800000000003
-----------------------
test accuracy: 0.5025
-----------------------
-----------------------
test accuracy: 0.5034
-----------------------
-----------------------
test accuracy: 0.5024
-----------------------
epoch 142 avg accuracy on training data: 0.5313999999999998
-----------------------
test accuracy: 0.5037
-----------------------
-----------------------
test accuracy: 0.5051
-----------------------
-----------------------
test accuracy: 0.5032
-----------------------
epoch 143 avg accuracy on training data: 0.5327200000000003
-----------------------
test accuracy: 0.5032
-----------------------
-----------------------
test accuracy: 0.5032
-----------------------
-----------------------
test accuracy: 0.5059
-----------------------
epoch 144 avg accuracy on training data: 0.5336799999999996
-----------------------
test accuracy: 0.5047
-----------------------
-----------------------
test accuracy: 0.5045
-----------------------
-----------------------
test accuracy: 0.5019
-----------------------
epoch 145 avg accuracy on training data: 0.5337999999999999
-----------------------
test accuracy: 0.5049
-----------------------
-----------------------
test accuracy: 0.5031
-----------------------
-----------------------
test accuracy: 0.5064
-----------------------
epoch 146 avg accuracy on training data: 0.5338200000000001
-----------------------
test accuracy: 0.505
-----------------------
-----------------------
test accuracy: 0.5052
-----------------------
-----------------------
test accuracy: 0.5048
-----------------------
epoch 147 avg accuracy on training data: 0.5351200000000002
-----------------------
test accuracy: 0.5056
-----------------------
-----------------------
test accuracy: 0.5055
-----------------------
-----------------------
test accuracy: 0.5036
-----------------------
epoch 148 avg accuracy on training data: 0.53456
-----------------------
test accuracy: 0.5045
-----------------------
-----------------------
test accuracy: 0.5033
-----------------------
-----------------------
test accuracy: 0.5041
-----------------------
epoch 149 avg accuracy on training data: 0.5360000000000001
-----------------------
test accuracy: 0.5058
-----------------------
-----------------------
test accuracy: 0.5056
-----------------------
-----------------------
test accuracy: 0.5055
-----------------------
epoch 150 avg accuracy on training data: 0.5355400000000003
-----------------------
test accuracy: 0.5082
-----------------------
-----------------------
test accuracy: 0.5067
-----------------------
-----------------------
test accuracy: 0.5075
-----------------------
epoch 151 avg accuracy on training data: 0.5364399999999999
-----------------------
test accuracy: 0.5058
-----------------------
-----------------------
test accuracy: 0.5075
-----------------------
-----------------------
test accuracy: 0.5064
-----------------------
epoch 152 avg accuracy on training data: 0.5366399999999999
-----------------------
test accuracy: 0.5051
-----------------------
-----------------------
test accuracy: 0.5071
-----------------------
-----------------------
test accuracy: 0.5051
-----------------------
epoch 153 avg accuracy on training data: 0.5374999999999999
-----------------------
test accuracy: 0.5072
-----------------------
-----------------------
test accuracy: 0.508
-----------------------
-----------------------
test accuracy: 0.5078
-----------------------
epoch 154 avg accuracy on training data: 0.5381000000000002
-----------------------
test accuracy: 0.5067
-----------------------
-----------------------
test accuracy: 0.5056
-----------------------
-----------------------
test accuracy: 0.5071
-----------------------
epoch 155 avg accuracy on training data: 0.5390799999999999
-----------------------
test accuracy: 0.5074
-----------------------
-----------------------
test accuracy: 0.5082
-----------------------
-----------------------
test accuracy: 0.508
-----------------------
epoch 156 avg accuracy on training data: 0.5384600000000004
-----------------------
test accuracy: 0.507
-----------------------
-----------------------
test accuracy: 0.5055
-----------------------
-----------------------
test accuracy: 0.5076
-----------------------
epoch 157 avg accuracy on training data: 0.5402200000000006
-----------------------
test accuracy: 0.5077
-----------------------
-----------------------
test accuracy: 0.5076
-----------------------
-----------------------
test accuracy: 0.5098
-----------------------
epoch 158 avg accuracy on training data: 0.5408000000000002
-----------------------
test accuracy: 0.508
-----------------------
-----------------------
test accuracy: 0.5076
-----------------------
-----------------------
test accuracy: 0.5093
-----------------------
epoch 159 avg accuracy on training data: 0.5388000000000004
-----------------------
test accuracy: 0.5094
-----------------------
srun: Job step aborted: Waiting up to 32 seconds for job step to finish.
slurmstepd: error: *** JOB 3942980 ON r30n1 CANCELLED AT 2019-11-15T01:39:17 ***
slurmstepd: error: *** STEP 3942980.0 ON r30n1 CANCELLED AT 2019-11-15T01:39:17 ***
