learning_rate : 0.0001
max_steps : 50
batch_size : 32
eval_freq : 500
data_dir : ./cifar10/cifar-10-batches-py
--------------Convnet initialized------------
(10000, 3, 32, 32)
Traceback (most recent call last):
  File "train_convnet_pytorch.py", line 216, in <module>
    main()
  File "train_convnet_pytorch.py", line 199, in main
    train()
  File "train_convnet_pytorch.py", line 140, in train
    test_output = cnn(X_test)
  File "/home/lgpu0062/.conda/envs/dl/lib/python3.7/site-packages/torch/nn/modules/module.py", line 547, in __call__
    result = self.forward(*input, **kwargs)
  File "/home/lgpu0062/DeepLearningUvA/Assignment 1/code/convnet_pytorch.py", line 128, in forward
    out = layer(out)
  File "/home/lgpu0062/.conda/envs/dl/lib/python3.7/site-packages/torch/nn/modules/module.py", line 547, in __call__
    result = self.forward(*input, **kwargs)
  File "/home/lgpu0062/.conda/envs/dl/lib/python3.7/site-packages/torch/nn/modules/conv.py", line 343, in forward
    return self.conv2d_forward(input, self.weight)
  File "/home/lgpu0062/.conda/envs/dl/lib/python3.7/site-packages/torch/nn/modules/conv.py", line 340, in conv2d_forward
    self.padding, self.dilation, self.groups)
RuntimeError: Input type (torch.FloatTensor) and weight type (torch.cuda.FloatTensor) should be the same
srun: error: r31n5: task 0: Exited with exit code 1
