dnn_hidden_units : 100
learning_rate : 0.002
max_steps : 50
batch_size : 200
eval_freq : 100
data_dir : ./cifar10/cifar-10-batches-py
neg_slope : 0.02
---------- MLP initialized with Pytorch -----------
-----------------------
test accuracy: 0.1103
-----------------------
-----------------------
test accuracy: 0.1959
-----------------------
-----------------------
test accuracy: 0.2141
-----------------------
epoch 1 avg accuracy on training data: 0.1917131474103585
-----------------------
test accuracy: 0.2218
-----------------------
-----------------------
test accuracy: 0.2425
-----------------------
-----------------------
test accuracy: 0.2561
-----------------------
epoch 2 avg accuracy on training data: 0.24334000000000003
-----------------------
test accuracy: 0.2618
-----------------------
-----------------------
test accuracy: 0.2732
-----------------------
-----------------------
test accuracy: 0.279
-----------------------
epoch 3 avg accuracy on training data: 0.26819999999999994
-----------------------
test accuracy: 0.282
-----------------------
-----------------------
test accuracy: 0.2844
-----------------------
-----------------------
test accuracy: 0.2862
-----------------------
epoch 4 avg accuracy on training data: 0.28204000000000007
-----------------------
test accuracy: 0.2895
-----------------------
-----------------------
test accuracy: 0.2943
-----------------------
-----------------------
test accuracy: 0.2987
-----------------------
epoch 5 avg accuracy on training data: 0.29334
-----------------------
test accuracy: 0.3035
-----------------------
-----------------------
test accuracy: 0.3103
-----------------------
-----------------------
test accuracy: 0.3114
-----------------------
epoch 6 avg accuracy on training data: 0.3047
-----------------------
test accuracy: 0.3116
-----------------------
-----------------------
test accuracy: 0.3145
-----------------------
-----------------------
test accuracy: 0.3203
-----------------------
epoch 7 avg accuracy on training data: 0.31204000000000015
-----------------------
test accuracy: 0.3226
-----------------------
-----------------------
test accuracy: 0.3278
-----------------------
-----------------------
test accuracy: 0.3306
-----------------------
epoch 8 avg accuracy on training data: 0.3253999999999999
-----------------------
test accuracy: 0.334
-----------------------
-----------------------
test accuracy: 0.337
-----------------------
-----------------------
test accuracy: 0.3399
-----------------------
epoch 9 avg accuracy on training data: 0.33616000000000007
-----------------------
test accuracy: 0.3421
-----------------------
-----------------------
test accuracy: 0.3437
-----------------------
-----------------------
test accuracy: 0.3452
-----------------------
epoch 10 avg accuracy on training data: 0.34404
-----------------------
test accuracy: 0.3472
-----------------------
-----------------------
test accuracy: 0.3504
-----------------------
-----------------------
test accuracy: 0.3527
-----------------------
epoch 11 avg accuracy on training data: 0.35269999999999996
-----------------------
test accuracy: 0.3543
-----------------------
-----------------------
test accuracy: 0.3574
-----------------------
-----------------------
test accuracy: 0.3597
-----------------------
epoch 12 avg accuracy on training data: 0.35896
-----------------------
test accuracy: 0.3627
-----------------------
-----------------------
test accuracy: 0.3656
-----------------------
-----------------------
test accuracy: 0.369
-----------------------
epoch 13 avg accuracy on training data: 0.36631999999999976
-----------------------
test accuracy: 0.3697
-----------------------
-----------------------
test accuracy: 0.3721
-----------------------
-----------------------
test accuracy: 0.3757
-----------------------
epoch 14 avg accuracy on training data: 0.37101999999999996
-----------------------
test accuracy: 0.3767
-----------------------
-----------------------
test accuracy: 0.3786
-----------------------
-----------------------
test accuracy: 0.3809
-----------------------
epoch 15 avg accuracy on training data: 0.3770000000000001
-----------------------
test accuracy: 0.3818
-----------------------
-----------------------
test accuracy: 0.3833
-----------------------
-----------------------
test accuracy: 0.3819
-----------------------
epoch 16 avg accuracy on training data: 0.38248
-----------------------
test accuracy: 0.384
-----------------------
-----------------------
test accuracy: 0.3863
-----------------------
-----------------------
test accuracy: 0.3878
-----------------------
epoch 17 avg accuracy on training data: 0.3852000000000003
-----------------------
test accuracy: 0.3886
-----------------------
-----------------------
test accuracy: 0.3911
-----------------------
-----------------------
test accuracy: 0.3932
-----------------------
epoch 18 avg accuracy on training data: 0.3899400000000001
-----------------------
test accuracy: 0.3925
-----------------------
-----------------------
test accuracy: 0.3943
-----------------------
-----------------------
test accuracy: 0.3951
-----------------------
epoch 19 avg accuracy on training data: 0.39280000000000015
-----------------------
test accuracy: 0.3962
-----------------------
-----------------------
test accuracy: 0.3967
-----------------------
-----------------------
test accuracy: 0.3985
-----------------------
epoch 20 avg accuracy on training data: 0.39608
-----------------------
test accuracy: 0.3992
-----------------------
-----------------------
test accuracy: 0.399
-----------------------
-----------------------
test accuracy: 0.4013
-----------------------
epoch 21 avg accuracy on training data: 0.39945999999999987
-----------------------
test accuracy: 0.4018
-----------------------
-----------------------
test accuracy: 0.4027
-----------------------
-----------------------
test accuracy: 0.4028
-----------------------
epoch 22 avg accuracy on training data: 0.40116000000000007
-----------------------
test accuracy: 0.4028
-----------------------
-----------------------
test accuracy: 0.4034
-----------------------
-----------------------
test accuracy: 0.4057
-----------------------
epoch 23 avg accuracy on training data: 0.40426
-----------------------
test accuracy: 0.4046
-----------------------
-----------------------
test accuracy: 0.4066
-----------------------
-----------------------
test accuracy: 0.4069
-----------------------
epoch 24 avg accuracy on training data: 0.4063600000000004
-----------------------
test accuracy: 0.4085
-----------------------
-----------------------
test accuracy: 0.4084
-----------------------
-----------------------
test accuracy: 0.4092
-----------------------
epoch 25 avg accuracy on training data: 0.40928000000000025
-----------------------
test accuracy: 0.4105
-----------------------
-----------------------
test accuracy: 0.4115
-----------------------
-----------------------
test accuracy: 0.4121
-----------------------
epoch 26 avg accuracy on training data: 0.4125999999999998
-----------------------
test accuracy: 0.4114
-----------------------
-----------------------
test accuracy: 0.4115
-----------------------
-----------------------
test accuracy: 0.4144
-----------------------
epoch 27 avg accuracy on training data: 0.4135600000000005
-----------------------
test accuracy: 0.4142
-----------------------
-----------------------
test accuracy: 0.4157
-----------------------
-----------------------
test accuracy: 0.416
-----------------------
epoch 28 avg accuracy on training data: 0.41594
-----------------------
test accuracy: 0.4164
-----------------------
-----------------------
test accuracy: 0.4171
-----------------------
-----------------------
test accuracy: 0.4193
-----------------------
epoch 29 avg accuracy on training data: 0.41846000000000033
-----------------------
test accuracy: 0.419
-----------------------
-----------------------
test accuracy: 0.4186
-----------------------
-----------------------
test accuracy: 0.4197
-----------------------
epoch 30 avg accuracy on training data: 0.42041999999999996
-----------------------
test accuracy: 0.4218
-----------------------
-----------------------
test accuracy: 0.4216
-----------------------
-----------------------
test accuracy: 0.4221
-----------------------
epoch 31 avg accuracy on training data: 0.4225999999999999
-----------------------
test accuracy: 0.4226
-----------------------
-----------------------
test accuracy: 0.4237
-----------------------
-----------------------
test accuracy: 0.425
-----------------------
epoch 32 avg accuracy on training data: 0.42608000000000024
-----------------------
test accuracy: 0.4245
-----------------------
-----------------------
test accuracy: 0.4255
-----------------------
-----------------------
test accuracy: 0.4258
-----------------------
epoch 33 avg accuracy on training data: 0.42701999999999996
-----------------------
test accuracy: 0.4267
-----------------------
-----------------------
test accuracy: 0.4273
-----------------------
-----------------------
test accuracy: 0.4273
-----------------------
epoch 34 avg accuracy on training data: 0.42772000000000043
-----------------------
test accuracy: 0.4284
-----------------------
-----------------------
test accuracy: 0.4294
-----------------------
-----------------------
test accuracy: 0.43
-----------------------
epoch 35 avg accuracy on training data: 0.43102000000000024
-----------------------
test accuracy: 0.4315
-----------------------
-----------------------
test accuracy: 0.432
-----------------------
-----------------------
test accuracy: 0.434
-----------------------
epoch 36 avg accuracy on training data: 0.4312599999999999
-----------------------
test accuracy: 0.4332
-----------------------
-----------------------
test accuracy: 0.435
-----------------------
-----------------------
test accuracy: 0.4354
-----------------------
epoch 37 avg accuracy on training data: 0.43399999999999983
-----------------------
test accuracy: 0.434
-----------------------
-----------------------
test accuracy: 0.4358
-----------------------
-----------------------
test accuracy: 0.4359
-----------------------
epoch 38 avg accuracy on training data: 0.4356200000000001
-----------------------
test accuracy: 0.4355
-----------------------
-----------------------
test accuracy: 0.4372
-----------------------
-----------------------
test accuracy: 0.4373
-----------------------
epoch 39 avg accuracy on training data: 0.4388799999999999
-----------------------
test accuracy: 0.4381
-----------------------
-----------------------
test accuracy: 0.4373
-----------------------
-----------------------
test accuracy: 0.4396
-----------------------
epoch 40 avg accuracy on training data: 0.4382599999999998
-----------------------
test accuracy: 0.4389
-----------------------
-----------------------
test accuracy: 0.4398
-----------------------
-----------------------
test accuracy: 0.44
-----------------------
epoch 41 avg accuracy on training data: 0.44158000000000025
-----------------------
test accuracy: 0.4405
-----------------------
-----------------------
test accuracy: 0.4413
-----------------------
-----------------------
test accuracy: 0.4423
-----------------------
epoch 42 avg accuracy on training data: 0.44249999999999995
-----------------------
test accuracy: 0.4415
-----------------------
-----------------------
test accuracy: 0.4425
-----------------------
-----------------------
test accuracy: 0.4423
-----------------------
epoch 43 avg accuracy on training data: 0.44429999999999986
-----------------------
test accuracy: 0.4441
-----------------------
-----------------------
test accuracy: 0.444
-----------------------
-----------------------
test accuracy: 0.4429
-----------------------
epoch 44 avg accuracy on training data: 0.4462599999999999
-----------------------
test accuracy: 0.4445
-----------------------
-----------------------
test accuracy: 0.4448
-----------------------
-----------------------
test accuracy: 0.4453
-----------------------
epoch 45 avg accuracy on training data: 0.4464999999999996
-----------------------
test accuracy: 0.4455
-----------------------
-----------------------
test accuracy: 0.4474
-----------------------
-----------------------
test accuracy: 0.4467
-----------------------
epoch 46 avg accuracy on training data: 0.4478399999999999
-----------------------
test accuracy: 0.4461
-----------------------
-----------------------
test accuracy: 0.4476
-----------------------
-----------------------
test accuracy: 0.4468
-----------------------
epoch 47 avg accuracy on training data: 0.4495399999999999
-----------------------
test accuracy: 0.4471
-----------------------
-----------------------
test accuracy: 0.4467
-----------------------
-----------------------
test accuracy: 0.4477
-----------------------
epoch 48 avg accuracy on training data: 0.45170000000000027
-----------------------
test accuracy: 0.4476
-----------------------
-----------------------
test accuracy: 0.4498
-----------------------
-----------------------
test accuracy: 0.4482
-----------------------
epoch 49 avg accuracy on training data: 0.4543799999999997
-----------------------
test accuracy: 0.4493
-----------------------
-----------------------
test accuracy: 0.45
-----------------------
-----------------------
test accuracy: 0.4489
-----------------------
epoch 50 avg accuracy on training data: 0.45375999999999955
-----------------------
test accuracy: 0.45
-----------------------
-----------------------
test accuracy: 0.4507
-----------------------
-----------------------
test accuracy: 0.4517
-----------------------
