ERROR: Unable to locate a modulefile for 'eb'
learning_rate : 0.0001
max_steps : 5000
batch_size : 32
eval_freq : 500
data_dir : ./cifar10/cifar-10-batches-py
--------------Convnet initialized------------
Traceback (most recent call last):
  File "train_convnet_pytorch.py", line 186, in <module>
    main()
  File "train_convnet_pytorch.py", line 169, in main
    train()
  File "train_convnet_pytorch.py", line 117, in train
    test_output = cnn(X_test)
  File "/home/lgpu0062/.local/lib/python3.6/site-packages/torch/nn/modules/module.py", line 541, in __call__
    result = self.forward(*input, **kwargs)
  File "/home/lgpu0062/DeepLearningUvA/Assignment 1/code/convnet_pytorch.py", line 128, in forward
    out = layer(out)
  File "/home/lgpu0062/.local/lib/python3.6/site-packages/torch/nn/modules/module.py", line 541, in __call__
    result = self.forward(*input, **kwargs)
  File "/home/lgpu0062/.local/lib/python3.6/site-packages/torch/nn/modules/conv.py", line 345, in forward
    return self.conv2d_forward(input, self.weight)
  File "/home/lgpu0062/.local/lib/python3.6/site-packages/torch/nn/modules/conv.py", line 342, in conv2d_forward
    self.padding, self.dilation, self.groups)
RuntimeError: CUDA out of memory. Tried to allocate 626.00 MiB (GPU 0; 10.92 GiB total capacity; 10.22 GiB already allocated; 127.50 MiB free; 8.27 MiB cached)
srun: error: r31n3: task 0: Exited with exit code 1
