learning_rate : 0.0001
max_steps : 50
batch_size : 32
eval_freq : 500
data_dir : ./cifar10/cifar-10-batches-py
--------------Convnet initialized------------
(10000, 3, 32, 32)
-----------------------
test accuracy: 0.09999999999999948
-----------------------
-----------------------
test accuracy: 0.27199999999999946
-----------------------
-----------------------
test accuracy: 0.39720000000000005
-----------------------
-----------------------
test accuracy: 0.4087000000000003
-----------------------
epoch 1 avg accuracy on training data: 0.31925783749200254
-----------------------
test accuracy: 0.4375000000000002
-----------------------
-----------------------
test accuracy: 0.4774000000000002
-----------------------
-----------------------
test accuracy: 0.4949
-----------------------
-----------------------
test accuracy: 0.5095
-----------------------
epoch 2 avg accuracy on training data: 0.49041693341869397
-----------------------
test accuracy: 0.5554999999999997
-----------------------
-----------------------
test accuracy: 0.5636000000000001
-----------------------
-----------------------
test accuracy: 0.5758999999999994
-----------------------
-----------------------
test accuracy: 0.5963999999999995
-----------------------
epoch 3 avg accuracy on training data: 0.5656610115236875
-----------------------
test accuracy: 0.5731999999999993
-----------------------
-----------------------
test accuracy: 0.6162999999999992
-----------------------
-----------------------
test accuracy: 0.6404999999999995
-----------------------
-----------------------
test accuracy: 0.6237999999999992
-----------------------
epoch 4 avg accuracy on training data: 0.6247399167733675
-----------------------
test accuracy: 0.6422999999999991
-----------------------
-----------------------
test accuracy: 0.6525999999999991
-----------------------
-----------------------
test accuracy: 0.6683999999999998
-----------------------
-----------------------
test accuracy: 0.6675999999999997
-----------------------
epoch 5 avg accuracy on training data: 0.6670534571062741
-----------------------
test accuracy: 0.6330999999999996
-----------------------
-----------------------
test accuracy: 0.6708999999999989
-----------------------
-----------------------
test accuracy: 0.6819999999999993
-----------------------
-----------------------
test accuracy: 0.6800999999999998
-----------------------
epoch 6 avg accuracy on training data: 0.7008242637644047
-----------------------
test accuracy: 0.6589999999999996
-----------------------
-----------------------
test accuracy: 0.6832999999999996
-----------------------
-----------------------
test accuracy: 0.6978999999999996
-----------------------
-----------------------
test accuracy: 0.6969000000000001
-----------------------
epoch 7 avg accuracy on training data: 0.7272127080665813
-----------------------
test accuracy: 0.689
-----------------------
-----------------------
test accuracy: 0.6983999999999994
-----------------------
-----------------------
test accuracy: 0.6979999999999993
-----------------------
-----------------------
test accuracy: 0.6949999999999997
-----------------------
epoch 8 avg accuracy on training data: 0.7497599231754162
-----------------------
test accuracy: 0.7029000000000003
-----------------------
-----------------------
test accuracy: 0.7036999999999994
-----------------------
-----------------------
test accuracy: 0.6970999999999994
-----------------------
-----------------------
test accuracy: 0.7001999999999999
-----------------------
epoch 9 avg accuracy on training data: 0.7732674455825864
-----------------------
test accuracy: 0.7058000000000005
-----------------------
-----------------------
test accuracy: 0.7095999999999999
-----------------------
-----------------------
test accuracy: 0.6835000000000002
-----------------------
-----------------------
test accuracy: 0.6996999999999997
-----------------------
epoch 10 avg accuracy on training data: 0.7904329385403329
-----------------------
test accuracy: 0.6923999999999997
-----------------------
-----------------------
test accuracy: 0.7110000000000001
-----------------------
-----------------------
test accuracy: 0.7011000000000002
-----------------------
-----------------------
test accuracy: 0.7067000000000004
-----------------------
epoch 11 avg accuracy on training data: 0.8078785211267606
-----------------------
test accuracy: 0.7032000000000003
-----------------------
-----------------------
test accuracy: 0.7008000000000003
-----------------------
-----------------------
test accuracy: 0.693899999999999
-----------------------
-----------------------
test accuracy: 0.7098999999999996
-----------------------
epoch 12 avg accuracy on training data: 0.8216829385403329
-----------------------
test accuracy: 0.7086000000000001
-----------------------
-----------------------
test accuracy: 0.7128999999999998
-----------------------
-----------------------
test accuracy: 0.7123
-----------------------
-----------------------
test accuracy: 0.7048000000000001
-----------------------
epoch 13 avg accuracy on training data: 0.8338868437900128
-----------------------
test accuracy: 0.7092
-----------------------
-----------------------
test accuracy: 0.7167000000000001
-----------------------
-----------------------
test accuracy: 0.7060000000000005
-----------------------
-----------------------
test accuracy: 0.7125000000000007
-----------------------
epoch 14 avg accuracy on training data: 0.8426096350832266
-----------------------
test accuracy: 0.6975999999999999
-----------------------
-----------------------
test accuracy: 0.7067999999999999
-----------------------
-----------------------
test accuracy: 0.7128999999999999
-----------------------
-----------------------
test accuracy: 0.7076000000000003
-----------------------
epoch 15 avg accuracy on training data: 0.8491317221510883
-----------------------
test accuracy: 0.7035000000000005
-----------------------
-----------------------
test accuracy: 0.7210000000000002
-----------------------
-----------------------
test accuracy: 0.7008999999999996
-----------------------
-----------------------
test accuracy: 0.7152000000000003
-----------------------
epoch 16 avg accuracy on training data: 0.8560339308578745
-----------------------
test accuracy: 0.7076000000000002
-----------------------
-----------------------
test accuracy: 0.7037
-----------------------
-----------------------
test accuracy: 0.7079000000000001
-----------------------
-----------------------
test accuracy: 0.7123000000000004
-----------------------
epoch 17 avg accuracy on training data: 0.8612956145966709
-----------------------
test accuracy: 0.7185999999999997
-----------------------
-----------------------
test accuracy: 0.7083000000000003
-----------------------
-----------------------
test accuracy: 0.7140000000000003
-----------------------
-----------------------
test accuracy: 0.7108999999999998
-----------------------
epoch 18 avg accuracy on training data: 0.8635163252240717
-----------------------
test accuracy: 0.7130999999999994
-----------------------
-----------------------
test accuracy: 0.7118000000000001
-----------------------
-----------------------
test accuracy: 0.7062999999999998
-----------------------
-----------------------
test accuracy: 0.7119000000000005
-----------------------
epoch 19 avg accuracy on training data: 0.8671174775928298
-----------------------
test accuracy: 0.7175999999999996
-----------------------
-----------------------
test accuracy: 0.7152000000000001
-----------------------
-----------------------
test accuracy: 0.7103000000000002
-----------------------
-----------------------
test accuracy: 0.7095000000000005
-----------------------
epoch 20 avg accuracy on training data: 0.8677576824583867
-----------------------
test accuracy: 0.7071000000000001
-----------------------
-----------------------
test accuracy: 0.7105999999999998
-----------------------
-----------------------
test accuracy: 0.7119999999999994
-----------------------
-----------------------
test accuracy: 0.7056000000000001
-----------------------
epoch 21 avg accuracy on training data: 0.8702184699103713
-----------------------
test accuracy: 0.7147000000000001
-----------------------
-----------------------
test accuracy: 0.7148000000000008
-----------------------
-----------------------
test accuracy: 0.7104999999999998
-----------------------
-----------------------
test accuracy: 0.7049999999999998
-----------------------
epoch 22 avg accuracy on training data: 0.8718990076824584
-----------------------
test accuracy: 0.7112
-----------------------
-----------------------
test accuracy: 0.7148000000000004
-----------------------
-----------------------
test accuracy: 0.7042999999999999
-----------------------
-----------------------
test accuracy: 0.6975999999999993
-----------------------
epoch 23 avg accuracy on training data: 0.8753801216389244
-----------------------
test accuracy: 0.6851999999999998
-----------------------
-----------------------
test accuracy: 0.7129999999999996
-----------------------
-----------------------
test accuracy: 0.7139000000000004
-----------------------
-----------------------
test accuracy: 0.7122999999999996
-----------------------
epoch 24 avg accuracy on training data: 0.8747999359795134
-----------------------
test accuracy: 0.7148000000000002
-----------------------
-----------------------
test accuracy: 0.7137
-----------------------
-----------------------
test accuracy: 0.7105
-----------------------
-----------------------
test accuracy: 0.7139000000000003
-----------------------
epoch 25 avg accuracy on training data: 0.8769806338028169
-----------------------
test accuracy: 0.7135000000000007
-----------------------
-----------------------
test accuracy: 0.7104000000000006
-----------------------
-----------------------
test accuracy: 0.7136000000000001
-----------------------
-----------------------
test accuracy: 0.7096999999999999
-----------------------
epoch 26 avg accuracy on training data: 0.8771206786171575
-----------------------
test accuracy: 0.7066
-----------------------
-----------------------
test accuracy: 0.7173999999999999
-----------------------
-----------------------
test accuracy: 0.7229999999999999
-----------------------
-----------------------
test accuracy: 0.7079999999999997
-----------------------
epoch 27 avg accuracy on training data: 0.8789612676056338
-----------------------
test accuracy: 0.7135999999999992
-----------------------
-----------------------
test accuracy: 0.7145000000000005
-----------------------
-----------------------
test accuracy: 0.7124000000000004
-----------------------
-----------------------
test accuracy: 0.7030999999999997
-----------------------
epoch 28 avg accuracy on training data: 0.8802616837387964
-----------------------
test accuracy: 0.7192000000000006
-----------------------
-----------------------
test accuracy: 0.7203
-----------------------
-----------------------
test accuracy: 0.7119000000000001
-----------------------
-----------------------
test accuracy: 0.7155000000000001
-----------------------
epoch 29 avg accuracy on training data: 0.8814220550576184
-----------------------
test accuracy: 0.7195
-----------------------
-----------------------
test accuracy: 0.716000000000001
-----------------------
-----------------------
test accuracy: 0.7037000000000003
-----------------------
-----------------------
test accuracy: 0.7077000000000001
-----------------------
epoch 30 avg accuracy on training data: 0.882262323943662
-----------------------
test accuracy: 0.7099999999999997
-----------------------
-----------------------
test accuracy: 0.7126000000000005
-----------------------
-----------------------
test accuracy: 0.7180000000000001
-----------------------
-----------------------
test accuracy: 0.7122999999999996
-----------------------
epoch 31 avg accuracy on training data: 0.8820422535211268
-----------------------
test accuracy: 0.7118999999999996
-----------------------
-----------------------
test accuracy: 0.7058
-----------------------
-----------------------
test accuracy: 0.7065000000000003
-----------------------
-----------------------
test accuracy: 0.7194000000000007
-----------------------
epoch 32 avg accuracy on training data: 0.8821422855313701
-----------------------
test accuracy: 0.7221000000000006
-----------------------
-----------------------
test accuracy: 0.7211
-----------------------
-----------------------
test accuracy: 0.7186000000000002
-----------------------
-----------------------
test accuracy: 0.7188999999999995
-----------------------
epoch 33 avg accuracy on training data: 0.8837027848911652
-----------------------
test accuracy: 0.7168000000000001
-----------------------
-----------------------
test accuracy: 0.7212000000000002
-----------------------
-----------------------
test accuracy: 0.7110000000000004
-----------------------
-----------------------
test accuracy: 0.7094999999999999
-----------------------
epoch 34 avg accuracy on training data: 0.8848031370038413
-----------------------
test accuracy: 0.7090000000000001
-----------------------
-----------------------
test accuracy: 0.7051000000000007
-----------------------
-----------------------
test accuracy: 0.715200000000001
-----------------------
-----------------------
test accuracy: 0.7098000000000008
-----------------------
epoch 35 avg accuracy on training data: 0.8842429577464789
-----------------------
test accuracy: 0.7160000000000005
-----------------------
-----------------------
test accuracy: 0.7256999999999999
-----------------------
-----------------------
test accuracy: 0.7076000000000005
-----------------------
-----------------------
test accuracy: 0.7123999999999997
-----------------------
epoch 36 avg accuracy on training data: 0.8847431177976952
-----------------------
test accuracy: 0.7205000000000003
-----------------------
-----------------------
test accuracy: 0.7193000000000004
-----------------------
-----------------------
test accuracy: 0.7119999999999999
-----------------------
-----------------------
test accuracy: 0.7140999999999995
-----------------------
epoch 37 avg accuracy on training data: 0.8859435019206146
-----------------------
test accuracy: 0.7162000000000002
-----------------------
-----------------------
test accuracy: 0.7175000000000008
-----------------------
-----------------------
test accuracy: 0.7145
-----------------------
-----------------------
test accuracy: 0.7158000000000001
-----------------------
epoch 38 avg accuracy on training data: 0.8862836107554417
-----------------------
test accuracy: 0.7213999999999996
-----------------------
-----------------------
test accuracy: 0.7117000000000001
-----------------------
-----------------------
test accuracy: 0.7153999999999995
-----------------------
-----------------------
test accuracy: 0.7179000000000001
-----------------------
epoch 39 avg accuracy on training data: 0.88586347631242
-----------------------
test accuracy: 0.7186
-----------------------
-----------------------
test accuracy: 0.7225000000000003
-----------------------
-----------------------
test accuracy: 0.7124999999999997
-----------------------
-----------------------
test accuracy: 0.7175999999999999
-----------------------
epoch 40 avg accuracy on training data: 0.8864636683738797
-----------------------
test accuracy: 0.7139
-----------------------
-----------------------
test accuracy: 0.7150000000000003
-----------------------
-----------------------
test accuracy: 0.7180999999999997
-----------------------
-----------------------
test accuracy: 0.7162999999999998
-----------------------
epoch 41 avg accuracy on training data: 0.8861235595390525
-----------------------
test accuracy: 0.7141
-----------------------
-----------------------
test accuracy: 0.7201000000000001
-----------------------
-----------------------
test accuracy: 0.7163999999999995
-----------------------
-----------------------
test accuracy: 0.7245
-----------------------
epoch 42 avg accuracy on training data: 0.886963828425096
-----------------------
test accuracy: 0.7206000000000001
-----------------------
-----------------------
test accuracy: 0.7210999999999997
-----------------------
-----------------------
test accuracy: 0.7120000000000001
-----------------------
-----------------------
test accuracy: 0.7152999999999998
-----------------------
epoch 43 avg accuracy on training data: 0.8875040012804097
-----------------------
test accuracy: 0.7236999999999999
-----------------------
-----------------------
test accuracy: 0.7212
-----------------------
-----------------------
test accuracy: 0.7149
-----------------------
-----------------------
test accuracy: 0.7255000000000004
-----------------------
epoch 44 avg accuracy on training data: 0.8874439820742638
-----------------------
test accuracy: 0.7188000000000005
-----------------------
-----------------------
test accuracy: 0.7158999999999999
-----------------------
-----------------------
test accuracy: 0.7102000000000008
-----------------------
-----------------------
test accuracy: 0.7188000000000001
-----------------------
epoch 45 avg accuracy on training data: 0.8885443341869398
-----------------------
test accuracy: 0.7182000000000002
-----------------------
-----------------------
test accuracy: 0.7219999999999998
-----------------------
-----------------------
test accuracy: 0.7159000000000003
-----------------------
-----------------------
test accuracy: 0.7192999999999999
-----------------------
epoch 46 avg accuracy on training data: 0.8880041613316261
-----------------------
test accuracy: 0.7193999999999993
-----------------------
-----------------------
test accuracy: 0.7144999999999999
-----------------------
-----------------------
test accuracy: 0.7230000000000001
-----------------------
-----------------------
test accuracy: 0.7242999999999998
-----------------------
epoch 47 avg accuracy on training data: 0.8888444302176697
-----------------------
test accuracy: 0.727
-----------------------
-----------------------
test accuracy: 0.7232000000000007
-----------------------
-----------------------
test accuracy: 0.7124000000000003
-----------------------
-----------------------
test accuracy: 0.7189000000000004
-----------------------
epoch 48 avg accuracy on training data: 0.8891645326504481
-----------------------
test accuracy: 0.7221
-----------------------
-----------------------
test accuracy: 0.7264000000000004
-----------------------
-----------------------
test accuracy: 0.7253000000000008
-----------------------
-----------------------
test accuracy: 0.7133000000000004
-----------------------
epoch 49 avg accuracy on training data: 0.8897447183098591
-----------------------
test accuracy: 0.7125999999999997
-----------------------
-----------------------
test accuracy: 0.7164
-----------------------
-----------------------
test accuracy: 0.7156000000000007
-----------------------
-----------------------
test accuracy: 0.7174000000000004
-----------------------
epoch 50 avg accuracy on training data: 0.8887243918053778
-----------------------
test accuracy: 0.7257000000000007
-----------------------
-----------------------
test accuracy: 0.7158
-----------------------
-----------------------
test accuracy: 0.7182000000000005
-----------------------
-----------------------
test accuracy: 0.7175999999999999
-----------------------
