dnn_hidden_units : 100
learning_rate : 0.008
max_steps : 150
batch_size : 200
eval_freq : 100
data_dir : ./cifar10/cifar-10-batches-py
neg_slope : 0.02
---------- MLP initialized with Pytorch -----------
-----------------------
test accuracy: 0.0927
-----------------------
-----------------------
test accuracy: 0.2503
-----------------------
-----------------------
test accuracy: 0.2944
-----------------------
epoch 1 avg accuracy on training data: 0.2443426294820716
-----------------------
test accuracy: 0.3022
-----------------------
-----------------------
test accuracy: 0.3209
-----------------------
-----------------------
test accuracy: 0.3384
-----------------------
epoch 2 avg accuracy on training data: 0.31972
-----------------------
test accuracy: 0.3435
-----------------------
-----------------------
test accuracy: 0.355
-----------------------
-----------------------
test accuracy: 0.3671
-----------------------
epoch 3 avg accuracy on training data: 0.3536799999999999
-----------------------
test accuracy: 0.3694
-----------------------
-----------------------
test accuracy: 0.3749
-----------------------
-----------------------
test accuracy: 0.3825
-----------------------
epoch 4 avg accuracy on training data: 0.37415999999999994
-----------------------
test accuracy: 0.3871
-----------------------
-----------------------
test accuracy: 0.3932
-----------------------
-----------------------
test accuracy: 0.3967
-----------------------
epoch 5 avg accuracy on training data: 0.3889000000000002
-----------------------
test accuracy: 0.3997
-----------------------
-----------------------
test accuracy: 0.4047
-----------------------
-----------------------
test accuracy: 0.4111
-----------------------
epoch 6 avg accuracy on training data: 0.40104000000000006
-----------------------
test accuracy: 0.4105
-----------------------
-----------------------
test accuracy: 0.4146
-----------------------
-----------------------
test accuracy: 0.4185
-----------------------
epoch 7 avg accuracy on training data: 0.4099199999999996
-----------------------
test accuracy: 0.4182
-----------------------
-----------------------
test accuracy: 0.4225
-----------------------
-----------------------
test accuracy: 0.4238
-----------------------
epoch 8 avg accuracy on training data: 0.41848
-----------------------
test accuracy: 0.4239
-----------------------
-----------------------
test accuracy: 0.4285
-----------------------
-----------------------
test accuracy: 0.4321
-----------------------
epoch 9 avg accuracy on training data: 0.42632000000000014
-----------------------
test accuracy: 0.4325
-----------------------
-----------------------
test accuracy: 0.4337
-----------------------
-----------------------
test accuracy: 0.4361
-----------------------
epoch 10 avg accuracy on training data: 0.43317999999999995
-----------------------
test accuracy: 0.4389
-----------------------
-----------------------
test accuracy: 0.4429
-----------------------
-----------------------
test accuracy: 0.4413
-----------------------
epoch 11 avg accuracy on training data: 0.4386400000000001
-----------------------
test accuracy: 0.4445
-----------------------
-----------------------
test accuracy: 0.4428
-----------------------
-----------------------
test accuracy: 0.445
-----------------------
epoch 12 avg accuracy on training data: 0.4457400000000002
-----------------------
test accuracy: 0.4472
-----------------------
-----------------------
test accuracy: 0.4493
-----------------------
-----------------------
test accuracy: 0.4496
-----------------------
epoch 13 avg accuracy on training data: 0.4522199999999999
-----------------------
test accuracy: 0.452
-----------------------
-----------------------
test accuracy: 0.4547
-----------------------
-----------------------
test accuracy: 0.455
-----------------------
epoch 14 avg accuracy on training data: 0.4558800000000002
-----------------------
test accuracy: 0.4561
-----------------------
-----------------------
test accuracy: 0.4565
-----------------------
-----------------------
test accuracy: 0.4588
-----------------------
epoch 15 avg accuracy on training data: 0.4606200000000004
-----------------------
test accuracy: 0.4611
-----------------------
-----------------------
test accuracy: 0.4606
-----------------------
-----------------------
test accuracy: 0.4617
-----------------------
epoch 16 avg accuracy on training data: 0.46567999999999987
-----------------------
test accuracy: 0.4648
-----------------------
-----------------------
test accuracy: 0.4634
-----------------------
-----------------------
test accuracy: 0.4659
-----------------------
epoch 17 avg accuracy on training data: 0.46997999999999973
-----------------------
test accuracy: 0.4649
-----------------------
-----------------------
test accuracy: 0.4643
-----------------------
-----------------------
test accuracy: 0.4656
-----------------------
epoch 18 avg accuracy on training data: 0.47446
-----------------------
test accuracy: 0.4698
-----------------------
-----------------------
test accuracy: 0.4707
-----------------------
-----------------------
test accuracy: 0.4697
-----------------------
epoch 19 avg accuracy on training data: 0.4773599999999998
-----------------------
test accuracy: 0.4681
-----------------------
-----------------------
test accuracy: 0.4709
-----------------------
-----------------------
test accuracy: 0.4728
-----------------------
epoch 20 avg accuracy on training data: 0.48167999999999994
-----------------------
test accuracy: 0.473
-----------------------
-----------------------
test accuracy: 0.472
-----------------------
-----------------------
test accuracy: 0.4746
-----------------------
epoch 21 avg accuracy on training data: 0.48319999999999985
-----------------------
test accuracy: 0.4747
-----------------------
-----------------------
test accuracy: 0.4766
-----------------------
-----------------------
test accuracy: 0.4763
-----------------------
epoch 22 avg accuracy on training data: 0.4878599999999998
-----------------------
test accuracy: 0.4754
-----------------------
-----------------------
test accuracy: 0.4778
-----------------------
-----------------------
test accuracy: 0.4795
-----------------------
epoch 23 avg accuracy on training data: 0.4912600000000002
-----------------------
test accuracy: 0.4797
-----------------------
-----------------------
test accuracy: 0.4792
-----------------------
-----------------------
test accuracy: 0.4789
-----------------------
epoch 24 avg accuracy on training data: 0.4944199999999998
-----------------------
test accuracy: 0.482
-----------------------
-----------------------
test accuracy: 0.4809
-----------------------
-----------------------
test accuracy: 0.4821
-----------------------
epoch 25 avg accuracy on training data: 0.49715999999999994
-----------------------
test accuracy: 0.4842
-----------------------
-----------------------
test accuracy: 0.4829
-----------------------
-----------------------
test accuracy: 0.4841
-----------------------
epoch 26 avg accuracy on training data: 0.4998000000000001
-----------------------
test accuracy: 0.4812
-----------------------
-----------------------
test accuracy: 0.484
-----------------------
-----------------------
test accuracy: 0.4859
-----------------------
epoch 27 avg accuracy on training data: 0.5029000000000001
-----------------------
test accuracy: 0.4869
-----------------------
-----------------------
test accuracy: 0.4876
-----------------------
-----------------------
test accuracy: 0.4884
-----------------------
epoch 28 avg accuracy on training data: 0.5068
-----------------------
test accuracy: 0.4889
-----------------------
-----------------------
test accuracy: 0.487
-----------------------
-----------------------
test accuracy: 0.489
-----------------------
epoch 29 avg accuracy on training data: 0.5088000000000001
-----------------------
test accuracy: 0.491
-----------------------
-----------------------
test accuracy: 0.491
-----------------------
-----------------------
test accuracy: 0.4922
-----------------------
epoch 30 avg accuracy on training data: 0.5117200000000002
-----------------------
test accuracy: 0.4929
-----------------------
-----------------------
test accuracy: 0.4903
-----------------------
-----------------------
test accuracy: 0.4917
-----------------------
epoch 31 avg accuracy on training data: 0.51286
-----------------------
test accuracy: 0.4942
-----------------------
-----------------------
test accuracy: 0.4933
-----------------------
-----------------------
test accuracy: 0.4931
-----------------------
epoch 32 avg accuracy on training data: 0.5165800000000003
-----------------------
test accuracy: 0.4952
-----------------------
-----------------------
test accuracy: 0.4948
-----------------------
-----------------------
test accuracy: 0.4947
-----------------------
epoch 33 avg accuracy on training data: 0.5194600000000001
-----------------------
test accuracy: 0.498
-----------------------
-----------------------
test accuracy: 0.5001
-----------------------
-----------------------
test accuracy: 0.4966
-----------------------
epoch 34 avg accuracy on training data: 0.5215800000000002
-----------------------
test accuracy: 0.4973
-----------------------
-----------------------
test accuracy: 0.4961
-----------------------
-----------------------
test accuracy: 0.5003
-----------------------
epoch 35 avg accuracy on training data: 0.5240199999999998
-----------------------
test accuracy: 0.4976
-----------------------
-----------------------
test accuracy: 0.5006
-----------------------
-----------------------
test accuracy: 0.5033
-----------------------
epoch 36 avg accuracy on training data: 0.5243799999999997
-----------------------
test accuracy: 0.5009
-----------------------
-----------------------
test accuracy: 0.5016
-----------------------
-----------------------
test accuracy: 0.5019
-----------------------
epoch 37 avg accuracy on training data: 0.5279000000000003
-----------------------
test accuracy: 0.5021
-----------------------
-----------------------
test accuracy: 0.5014
-----------------------
-----------------------
test accuracy: 0.5005
-----------------------
epoch 38 avg accuracy on training data: 0.5311600000000003
-----------------------
test accuracy: 0.5026
-----------------------
-----------------------
test accuracy: 0.5017
-----------------------
-----------------------
test accuracy: 0.5014
-----------------------
epoch 39 avg accuracy on training data: 0.5331000000000002
-----------------------
test accuracy: 0.5042
-----------------------
-----------------------
test accuracy: 0.5051
-----------------------
-----------------------
test accuracy: 0.5064
-----------------------
epoch 40 avg accuracy on training data: 0.5351000000000004
-----------------------
test accuracy: 0.5044
-----------------------
-----------------------
test accuracy: 0.5038
-----------------------
-----------------------
test accuracy: 0.5042
-----------------------
epoch 41 avg accuracy on training data: 0.5377600000000001
-----------------------
test accuracy: 0.5036
-----------------------
-----------------------
test accuracy: 0.5037
-----------------------
-----------------------
test accuracy: 0.5057
-----------------------
epoch 42 avg accuracy on training data: 0.5389400000000003
-----------------------
test accuracy: 0.5075
-----------------------
-----------------------
test accuracy: 0.5073
-----------------------
-----------------------
test accuracy: 0.508
-----------------------
epoch 43 avg accuracy on training data: 0.5419
-----------------------
test accuracy: 0.5074
-----------------------
-----------------------
test accuracy: 0.5088
-----------------------
-----------------------
test accuracy: 0.5066
-----------------------
epoch 44 avg accuracy on training data: 0.5426599999999996
-----------------------
test accuracy: 0.5068
-----------------------
-----------------------
test accuracy: 0.5089
-----------------------
-----------------------
test accuracy: 0.5067
-----------------------
epoch 45 avg accuracy on training data: 0.5456400000000001
-----------------------
test accuracy: 0.5094
-----------------------
-----------------------
test accuracy: 0.5111
-----------------------
-----------------------
test accuracy: 0.5096
-----------------------
epoch 46 avg accuracy on training data: 0.5488200000000001
-----------------------
test accuracy: 0.5083
-----------------------
-----------------------
test accuracy: 0.5104
-----------------------
-----------------------
test accuracy: 0.5068
-----------------------
epoch 47 avg accuracy on training data: 0.5489399999999999
-----------------------
test accuracy: 0.511
-----------------------
-----------------------
test accuracy: 0.5114
-----------------------
-----------------------
test accuracy: 0.5114
-----------------------
epoch 48 avg accuracy on training data: 0.5508
-----------------------
test accuracy: 0.5108
-----------------------
-----------------------
test accuracy: 0.512
-----------------------
-----------------------
test accuracy: 0.5121
-----------------------
epoch 49 avg accuracy on training data: 0.5531599999999999
-----------------------
test accuracy: 0.5162
-----------------------
-----------------------
test accuracy: 0.5152
-----------------------
-----------------------
test accuracy: 0.5124
-----------------------
epoch 50 avg accuracy on training data: 0.55496
-----------------------
test accuracy: 0.516
-----------------------
-----------------------
test accuracy: 0.5165
-----------------------
-----------------------
test accuracy: 0.514
-----------------------
epoch 51 avg accuracy on training data: 0.5569200000000003
-----------------------
test accuracy: 0.5159
-----------------------
-----------------------
test accuracy: 0.5133
-----------------------
-----------------------
test accuracy: 0.5155
-----------------------
epoch 52 avg accuracy on training data: 0.5586400000000001
-----------------------
test accuracy: 0.5136
-----------------------
-----------------------
test accuracy: 0.5183
-----------------------
-----------------------
test accuracy: 0.5151
-----------------------
epoch 53 avg accuracy on training data: 0.5614399999999999
-----------------------
test accuracy: 0.5183
-----------------------
-----------------------
test accuracy: 0.5163
-----------------------
-----------------------
test accuracy: 0.5182
-----------------------
epoch 54 avg accuracy on training data: 0.5609800000000001
-----------------------
test accuracy: 0.515
-----------------------
-----------------------
test accuracy: 0.5201
-----------------------
-----------------------
test accuracy: 0.5182
-----------------------
epoch 55 avg accuracy on training data: 0.5625800000000001
-----------------------
test accuracy: 0.5168
-----------------------
-----------------------
test accuracy: 0.5189
-----------------------
-----------------------
test accuracy: 0.5184
-----------------------
epoch 56 avg accuracy on training data: 0.5655200000000001
-----------------------
test accuracy: 0.5177
-----------------------
-----------------------
test accuracy: 0.5187
-----------------------
-----------------------
test accuracy: 0.5185
-----------------------
epoch 57 avg accuracy on training data: 0.5666200000000005
-----------------------
test accuracy: 0.5182
-----------------------
-----------------------
test accuracy: 0.5195
-----------------------
-----------------------
test accuracy: 0.523
-----------------------
epoch 58 avg accuracy on training data: 0.5678799999999998
-----------------------
test accuracy: 0.5194
-----------------------
-----------------------
test accuracy: 0.5193
-----------------------
-----------------------
test accuracy: 0.5222
-----------------------
epoch 59 avg accuracy on training data: 0.5700600000000001
-----------------------
test accuracy: 0.52
-----------------------
-----------------------
test accuracy: 0.5194
-----------------------
-----------------------
test accuracy: 0.5214
-----------------------
epoch 60 avg accuracy on training data: 0.5714600000000001
-----------------------
test accuracy: 0.5197
-----------------------
-----------------------
test accuracy: 0.5216
-----------------------
-----------------------
test accuracy: 0.521
-----------------------
epoch 61 avg accuracy on training data: 0.5737199999999996
-----------------------
test accuracy: 0.5188
-----------------------
-----------------------
test accuracy: 0.5196
-----------------------
-----------------------
test accuracy: 0.5228
-----------------------
epoch 62 avg accuracy on training data: 0.5747000000000001
-----------------------
test accuracy: 0.5198
-----------------------
-----------------------
test accuracy: 0.5222
-----------------------
-----------------------
test accuracy: 0.5234
-----------------------
epoch 63 avg accuracy on training data: 0.5782200000000003
-----------------------
test accuracy: 0.5212
-----------------------
-----------------------
test accuracy: 0.5194
-----------------------
-----------------------
test accuracy: 0.5211
-----------------------
epoch 64 avg accuracy on training data: 0.5778799999999998
-----------------------
test accuracy: 0.5228
-----------------------
-----------------------
test accuracy: 0.5216
-----------------------
-----------------------
test accuracy: 0.5217
-----------------------
epoch 65 avg accuracy on training data: 0.5799800000000002
-----------------------
test accuracy: 0.5219
-----------------------
-----------------------
test accuracy: 0.52
-----------------------
-----------------------
test accuracy: 0.5241
-----------------------
epoch 66 avg accuracy on training data: 0.5823000000000003
-----------------------
test accuracy: 0.5237
-----------------------
-----------------------
test accuracy: 0.521
-----------------------
-----------------------
test accuracy: 0.5242
-----------------------
epoch 67 avg accuracy on training data: 0.5833800000000003
-----------------------
test accuracy: 0.5245
-----------------------
-----------------------
test accuracy: 0.5251
-----------------------
-----------------------
test accuracy: 0.5215
-----------------------
epoch 68 avg accuracy on training data: 0.5828
-----------------------
test accuracy: 0.5231
-----------------------
-----------------------
test accuracy: 0.5235
-----------------------
-----------------------
test accuracy: 0.5227
-----------------------
epoch 69 avg accuracy on training data: 0.5863400000000001
-----------------------
test accuracy: 0.5237
-----------------------
-----------------------
test accuracy: 0.5246
-----------------------
-----------------------
test accuracy: 0.5243
-----------------------
epoch 70 avg accuracy on training data: 0.5889399999999999
-----------------------
test accuracy: 0.525
-----------------------
-----------------------
test accuracy: 0.5246
-----------------------
-----------------------
test accuracy: 0.5214
-----------------------
epoch 71 avg accuracy on training data: 0.5879
-----------------------
test accuracy: 0.5262
-----------------------
-----------------------
test accuracy: 0.5254
-----------------------
-----------------------
test accuracy: 0.5275
-----------------------
epoch 72 avg accuracy on training data: 0.5902399999999997
-----------------------
test accuracy: 0.5278
-----------------------
-----------------------
test accuracy: 0.5249
-----------------------
-----------------------
test accuracy: 0.5256
-----------------------
epoch 73 avg accuracy on training data: 0.5922
-----------------------
test accuracy: 0.5251
-----------------------
-----------------------
test accuracy: 0.5255
-----------------------
-----------------------
test accuracy: 0.5266
-----------------------
epoch 74 avg accuracy on training data: 0.59348
-----------------------
test accuracy: 0.5249
-----------------------
-----------------------
test accuracy: 0.5261
-----------------------
-----------------------
test accuracy: 0.5241
-----------------------
epoch 75 avg accuracy on training data: 0.5942200000000001
-----------------------
test accuracy: 0.5247
-----------------------
-----------------------
test accuracy: 0.5255
-----------------------
-----------------------
test accuracy: 0.5289
-----------------------
epoch 76 avg accuracy on training data: 0.5958600000000001
-----------------------
test accuracy: 0.527
-----------------------
-----------------------
test accuracy: 0.5287
-----------------------
-----------------------
test accuracy: 0.5262
-----------------------
epoch 77 avg accuracy on training data: 0.59676
-----------------------
test accuracy: 0.5257
-----------------------
-----------------------
test accuracy: 0.528
-----------------------
-----------------------
test accuracy: 0.5287
-----------------------
epoch 78 avg accuracy on training data: 0.598
-----------------------
test accuracy: 0.5266
-----------------------
-----------------------
test accuracy: 0.5266
-----------------------
-----------------------
test accuracy: 0.5271
-----------------------
epoch 79 avg accuracy on training data: 0.5999200000000001
-----------------------
test accuracy: 0.528
-----------------------
-----------------------
test accuracy: 0.5288
-----------------------
-----------------------
test accuracy: 0.5286
-----------------------
epoch 80 avg accuracy on training data: 0.6018599999999998
-----------------------
test accuracy: 0.5279
-----------------------
-----------------------
test accuracy: 0.5283
-----------------------
-----------------------
test accuracy: 0.5276
-----------------------
epoch 81 avg accuracy on training data: 0.6021799999999999
-----------------------
test accuracy: 0.5271
-----------------------
-----------------------
test accuracy: 0.527
-----------------------
-----------------------
test accuracy: 0.5275
-----------------------
epoch 82 avg accuracy on training data: 0.6026200000000004
-----------------------
test accuracy: 0.5299
-----------------------
-----------------------
test accuracy: 0.5297
-----------------------
-----------------------
test accuracy: 0.5249
-----------------------
epoch 83 avg accuracy on training data: 0.6063400000000003
-----------------------
test accuracy: 0.5262
-----------------------
-----------------------
test accuracy: 0.5273
-----------------------
-----------------------
test accuracy: 0.5274
-----------------------
epoch 84 avg accuracy on training data: 0.6080800000000003
-----------------------
test accuracy: 0.5295
-----------------------
-----------------------
test accuracy: 0.5289
-----------------------
-----------------------
test accuracy: 0.5286
-----------------------
epoch 85 avg accuracy on training data: 0.6078800000000001
-----------------------
test accuracy: 0.5257
-----------------------
-----------------------
test accuracy: 0.5297
-----------------------
-----------------------
test accuracy: 0.5256
-----------------------
epoch 86 avg accuracy on training data: 0.6088599999999998
-----------------------
test accuracy: 0.5303
-----------------------
-----------------------
test accuracy: 0.5258
-----------------------
-----------------------
test accuracy: 0.5256
-----------------------
epoch 87 avg accuracy on training data: 0.6123999999999997
-----------------------
test accuracy: 0.5284
-----------------------
-----------------------
test accuracy: 0.5257
-----------------------
-----------------------
test accuracy: 0.5284
-----------------------
epoch 88 avg accuracy on training data: 0.61178
-----------------------
test accuracy: 0.53
-----------------------
-----------------------
test accuracy: 0.53
-----------------------
-----------------------
test accuracy: 0.5306
-----------------------
epoch 89 avg accuracy on training data: 0.61288
-----------------------
test accuracy: 0.5294
-----------------------
-----------------------
test accuracy: 0.5296
-----------------------
-----------------------
test accuracy: 0.5279
-----------------------
epoch 90 avg accuracy on training data: 0.6133999999999998
-----------------------
test accuracy: 0.5296
-----------------------
-----------------------
test accuracy: 0.5291
-----------------------
-----------------------
test accuracy: 0.5309
-----------------------
epoch 91 avg accuracy on training data: 0.6161200000000001
-----------------------
test accuracy: 0.5306
-----------------------
-----------------------
test accuracy: 0.5266
-----------------------
-----------------------
test accuracy: 0.5304
-----------------------
epoch 92 avg accuracy on training data: 0.61652
-----------------------
test accuracy: 0.5299
-----------------------
-----------------------
test accuracy: 0.5259
-----------------------
-----------------------
test accuracy: 0.5293
-----------------------
epoch 93 avg accuracy on training data: 0.6189000000000001
-----------------------
test accuracy: 0.528
-----------------------
-----------------------
test accuracy: 0.5293
-----------------------
-----------------------
test accuracy: 0.5289
-----------------------
epoch 94 avg accuracy on training data: 0.6186800000000005
-----------------------
test accuracy: 0.5284
-----------------------
-----------------------
test accuracy: 0.5314
-----------------------
-----------------------
test accuracy: 0.5292
-----------------------
epoch 95 avg accuracy on training data: 0.6199999999999994
-----------------------
test accuracy: 0.5283
-----------------------
-----------------------
test accuracy: 0.5297
-----------------------
-----------------------
test accuracy: 0.5292
-----------------------
epoch 96 avg accuracy on training data: 0.6211399999999998
-----------------------
test accuracy: 0.5295
-----------------------
-----------------------
test accuracy: 0.5286
-----------------------
-----------------------
test accuracy: 0.5273
-----------------------
epoch 97 avg accuracy on training data: 0.6226400000000004
-----------------------
test accuracy: 0.5301
-----------------------
-----------------------
test accuracy: 0.5291
-----------------------
-----------------------
test accuracy: 0.5298
-----------------------
epoch 98 avg accuracy on training data: 0.6252399999999999
-----------------------
test accuracy: 0.5294
-----------------------
-----------------------
test accuracy: 0.5312
-----------------------
-----------------------
test accuracy: 0.5288
-----------------------
epoch 99 avg accuracy on training data: 0.6260999999999997
-----------------------
test accuracy: 0.53
-----------------------
-----------------------
test accuracy: 0.5302
-----------------------
-----------------------
test accuracy: 0.5281
-----------------------
epoch 100 avg accuracy on training data: 0.62638
-----------------------
test accuracy: 0.529
-----------------------
-----------------------
test accuracy: 0.5288
-----------------------
-----------------------
test accuracy: 0.5297
-----------------------
epoch 101 avg accuracy on training data: 0.6283799999999997
-----------------------
test accuracy: 0.5278
-----------------------
-----------------------
test accuracy: 0.5274
-----------------------
-----------------------
test accuracy: 0.5294
-----------------------
epoch 102 avg accuracy on training data: 0.6282599999999995
-----------------------
test accuracy: 0.5314
-----------------------
-----------------------
test accuracy: 0.529
-----------------------
-----------------------
test accuracy: 0.5311
-----------------------
epoch 103 avg accuracy on training data: 0.6310599999999996
-----------------------
test accuracy: 0.5296
-----------------------
-----------------------
test accuracy: 0.5289
-----------------------
-----------------------
test accuracy: 0.5311
-----------------------
epoch 104 avg accuracy on training data: 0.6320799999999999
-----------------------
test accuracy: 0.5229
-----------------------
-----------------------
test accuracy: 0.5298
-----------------------
-----------------------
test accuracy: 0.5287
-----------------------
epoch 105 avg accuracy on training data: 0.6319600000000003
-----------------------
test accuracy: 0.528
-----------------------
-----------------------
test accuracy: 0.5306
-----------------------
-----------------------
test accuracy: 0.529
-----------------------
epoch 106 avg accuracy on training data: 0.6338200000000002
-----------------------
test accuracy: 0.5289
-----------------------
-----------------------
test accuracy: 0.5275
-----------------------
-----------------------
test accuracy: 0.5285
-----------------------
epoch 107 avg accuracy on training data: 0.6328399999999996
-----------------------
test accuracy: 0.5308
-----------------------
-----------------------
test accuracy: 0.5302
-----------------------
-----------------------
test accuracy: 0.5332
-----------------------
epoch 108 avg accuracy on training data: 0.6374399999999997
-----------------------
test accuracy: 0.5298
-----------------------
-----------------------
test accuracy: 0.5271
-----------------------
-----------------------
test accuracy: 0.5298
-----------------------
epoch 109 avg accuracy on training data: 0.6381400000000005
-----------------------
test accuracy: 0.5264
-----------------------
-----------------------
test accuracy: 0.5287
-----------------------
-----------------------
test accuracy: 0.5309
-----------------------
epoch 110 avg accuracy on training data: 0.6376200000000002
-----------------------
test accuracy: 0.524
-----------------------
-----------------------
test accuracy: 0.527
-----------------------
-----------------------
test accuracy: 0.5277
-----------------------
epoch 111 avg accuracy on training data: 0.6387799999999997
-----------------------
test accuracy: 0.5274
-----------------------
-----------------------
test accuracy: 0.5271
-----------------------
-----------------------
test accuracy: 0.5259
-----------------------
epoch 112 avg accuracy on training data: 0.6399600000000001
-----------------------
test accuracy: 0.5294
-----------------------
-----------------------
test accuracy: 0.5262
-----------------------
-----------------------
test accuracy: 0.5294
-----------------------
epoch 113 avg accuracy on training data: 0.63956
-----------------------
test accuracy: 0.5266
-----------------------
-----------------------
test accuracy: 0.5271
-----------------------
-----------------------
test accuracy: 0.5292
-----------------------
epoch 114 avg accuracy on training data: 0.63978
-----------------------
test accuracy: 0.53
-----------------------
-----------------------
test accuracy: 0.5281
-----------------------
-----------------------
test accuracy: 0.5281
-----------------------
epoch 115 avg accuracy on training data: 0.6435200000000006
-----------------------
test accuracy: 0.5303
-----------------------
-----------------------
test accuracy: 0.5286
-----------------------
-----------------------
test accuracy: 0.5299
-----------------------
epoch 116 avg accuracy on training data: 0.6443199999999996
-----------------------
test accuracy: 0.529
-----------------------
-----------------------
test accuracy: 0.5317
-----------------------
-----------------------
test accuracy: 0.5284
-----------------------
epoch 117 avg accuracy on training data: 0.6469600000000002
-----------------------
test accuracy: 0.5292
-----------------------
-----------------------
test accuracy: 0.5323
-----------------------
-----------------------
test accuracy: 0.5304
-----------------------
epoch 118 avg accuracy on training data: 0.6447599999999998
-----------------------
test accuracy: 0.5282
-----------------------
-----------------------
test accuracy: 0.5281
-----------------------
-----------------------
test accuracy: 0.5267
-----------------------
epoch 119 avg accuracy on training data: 0.6464399999999999
-----------------------
test accuracy: 0.529
-----------------------
-----------------------
test accuracy: 0.5261
-----------------------
-----------------------
test accuracy: 0.5279
-----------------------
epoch 120 avg accuracy on training data: 0.64866
-----------------------
test accuracy: 0.5294
-----------------------
-----------------------
test accuracy: 0.53
-----------------------
-----------------------
test accuracy: 0.529
-----------------------
epoch 121 avg accuracy on training data: 0.6492199999999992
-----------------------
test accuracy: 0.5305
-----------------------
-----------------------
test accuracy: 0.5285
-----------------------
-----------------------
test accuracy: 0.5305
-----------------------
epoch 122 avg accuracy on training data: 0.6513799999999997
-----------------------
test accuracy: 0.5292
-----------------------
-----------------------
test accuracy: 0.5277
-----------------------
-----------------------
test accuracy: 0.5306
-----------------------
epoch 123 avg accuracy on training data: 0.65346
-----------------------
test accuracy: 0.5259
-----------------------
-----------------------
test accuracy: 0.5293
-----------------------
-----------------------
test accuracy: 0.5268
-----------------------
epoch 124 avg accuracy on training data: 0.6523200000000001
-----------------------
test accuracy: 0.5279
-----------------------
-----------------------
test accuracy: 0.5272
-----------------------
-----------------------
test accuracy: 0.5276
-----------------------
epoch 125 avg accuracy on training data: 0.6517800000000001
-----------------------
test accuracy: 0.5265
-----------------------
-----------------------
test accuracy: 0.5287
-----------------------
-----------------------
test accuracy: 0.5302
-----------------------
epoch 126 avg accuracy on training data: 0.6547599999999998
-----------------------
test accuracy: 0.5296
-----------------------
-----------------------
test accuracy: 0.5285
-----------------------
-----------------------
test accuracy: 0.5303
-----------------------
epoch 127 avg accuracy on training data: 0.65644
-----------------------
test accuracy: 0.5298
-----------------------
-----------------------
test accuracy: 0.527
-----------------------
-----------------------
test accuracy: 0.5282
-----------------------
epoch 128 avg accuracy on training data: 0.6573399999999998
-----------------------
test accuracy: 0.5284
-----------------------
-----------------------
test accuracy: 0.5287
-----------------------
-----------------------
test accuracy: 0.5316
-----------------------
epoch 129 avg accuracy on training data: 0.6578599999999999
-----------------------
test accuracy: 0.5245
-----------------------
-----------------------
test accuracy: 0.5294
-----------------------
-----------------------
test accuracy: 0.5316
-----------------------
epoch 130 avg accuracy on training data: 0.6585799999999998
-----------------------
test accuracy: 0.528
-----------------------
-----------------------
test accuracy: 0.525
-----------------------
-----------------------
test accuracy: 0.5271
-----------------------
epoch 131 avg accuracy on training data: 0.6596200000000001
-----------------------
test accuracy: 0.5291
-----------------------
-----------------------
test accuracy: 0.5297
-----------------------
-----------------------
test accuracy: 0.5292
-----------------------
epoch 132 avg accuracy on training data: 0.6610199999999996
-----------------------
test accuracy: 0.5268
-----------------------
-----------------------
test accuracy: 0.5253
-----------------------
-----------------------
test accuracy: 0.5287
-----------------------
epoch 133 avg accuracy on training data: 0.6601599999999999
-----------------------
test accuracy: 0.5311
-----------------------
-----------------------
test accuracy: 0.5293
-----------------------
-----------------------
test accuracy: 0.5316
-----------------------
epoch 134 avg accuracy on training data: 0.6623400000000002
-----------------------
test accuracy: 0.5305
-----------------------
-----------------------
test accuracy: 0.5284
-----------------------
-----------------------
test accuracy: 0.5293
-----------------------
epoch 135 avg accuracy on training data: 0.6633800000000002
-----------------------
test accuracy: 0.5283
-----------------------
-----------------------
test accuracy: 0.5276
-----------------------
-----------------------
test accuracy: 0.5323
-----------------------
epoch 136 avg accuracy on training data: 0.66322
-----------------------
test accuracy: 0.529
-----------------------
-----------------------
test accuracy: 0.5311
-----------------------
-----------------------
test accuracy: 0.5314
-----------------------
epoch 137 avg accuracy on training data: 0.66486
-----------------------
test accuracy: 0.5282
-----------------------
-----------------------
test accuracy: 0.5318
-----------------------
-----------------------
test accuracy: 0.5277
-----------------------
epoch 138 avg accuracy on training data: 0.6661600000000003
-----------------------
test accuracy: 0.5296
-----------------------
-----------------------
test accuracy: 0.5287
-----------------------
-----------------------
test accuracy: 0.5276
-----------------------
epoch 139 avg accuracy on training data: 0.6677000000000001
-----------------------
test accuracy: 0.5278
-----------------------
-----------------------
test accuracy: 0.5278
-----------------------
-----------------------
test accuracy: 0.5274
-----------------------
epoch 140 avg accuracy on training data: 0.6675000000000002
-----------------------
test accuracy: 0.5309
-----------------------
-----------------------
test accuracy: 0.5294
-----------------------
-----------------------
test accuracy: 0.5306
-----------------------
epoch 141 avg accuracy on training data: 0.6690600000000003
-----------------------
test accuracy: 0.5306
-----------------------
-----------------------
test accuracy: 0.5287
-----------------------
-----------------------
test accuracy: 0.5284
-----------------------
epoch 142 avg accuracy on training data: 0.6693200000000002
-----------------------
test accuracy: 0.529
-----------------------
-----------------------
test accuracy: 0.5295
-----------------------
-----------------------
test accuracy: 0.5292
-----------------------
epoch 143 avg accuracy on training data: 0.6715200000000001
-----------------------
test accuracy: 0.5311
-----------------------
-----------------------
test accuracy: 0.5276
-----------------------
-----------------------
test accuracy: 0.5304
-----------------------
epoch 144 avg accuracy on training data: 0.6710000000000004
-----------------------
test accuracy: 0.5301
-----------------------
-----------------------
test accuracy: 0.5276
-----------------------
-----------------------
test accuracy: 0.5325
-----------------------
epoch 145 avg accuracy on training data: 0.6717200000000001
-----------------------
test accuracy: 0.5266
-----------------------
-----------------------
test accuracy: 0.5286
-----------------------
-----------------------
test accuracy: 0.5303
-----------------------
epoch 146 avg accuracy on training data: 0.6734799999999999
-----------------------
test accuracy: 0.5292
-----------------------
-----------------------
test accuracy: 0.5261
-----------------------
-----------------------
test accuracy: 0.5267
-----------------------
epoch 147 avg accuracy on training data: 0.6734199999999998
-----------------------
test accuracy: 0.5282
-----------------------
-----------------------
test accuracy: 0.5279
-----------------------
-----------------------
test accuracy: 0.5271
-----------------------
epoch 148 avg accuracy on training data: 0.6764600000000005
-----------------------
test accuracy: 0.5264
-----------------------
-----------------------
test accuracy: 0.5257
-----------------------
-----------------------
test accuracy: 0.5304
-----------------------
epoch 149 avg accuracy on training data: 0.6755199999999998
-----------------------
test accuracy: 0.5298
-----------------------
-----------------------
test accuracy: 0.525
-----------------------
-----------------------
test accuracy: 0.5291
-----------------------
epoch 150 avg accuracy on training data: 0.6768399999999994
-----------------------
test accuracy: 0.5288
-----------------------
-----------------------
test accuracy: 0.5288
-----------------------
-----------------------
test accuracy: 0.5271
-----------------------
