learning_rate : 0.001
max_steps : 10
batch_size : 64
eval_freq : 500
data_dir : ./cifar10/cifar-10-batches-py
--------------Convnet initialized------------
(10000, 3, 32, 32)
-----------------------
test accuracy: 0.09999999999999945
-----------------------
-----------------------
test accuracy: 0.22649999999999987
-----------------------
epoch 1 avg accuracy on training data: 0.21827046035805628
-----------------------
test accuracy: 0.2938999999999997
-----------------------
-----------------------
test accuracy: 0.30419999999999975
-----------------------
epoch 2 avg accuracy on training data: 0.3292453585147247
-----------------------
test accuracy: 0.36799999999999955
-----------------------
-----------------------
test accuracy: 0.3939000000000003
-----------------------
epoch 3 avg accuracy on training data: 0.391145166453265
-----------------------
test accuracy: 0.4209000000000001
-----------------------
-----------------------
test accuracy: 0.44040000000000007
-----------------------
epoch 4 avg accuracy on training data: 0.4296174775928297
-----------------------
test accuracy: 0.4262999999999996
-----------------------
-----------------------
test accuracy: 0.4552000000000003
-----------------------
epoch 5 avg accuracy on training data: 0.45320502560819464
-----------------------
test accuracy: 0.4416000000000003
-----------------------
-----------------------
test accuracy: 0.4698000000000003
-----------------------
epoch 6 avg accuracy on training data: 0.47139084507042256
-----------------------
test accuracy: 0.46180000000000027
-----------------------
-----------------------
test accuracy: 0.4641000000000002
-----------------------
epoch 7 avg accuracy on training data: 0.4836147567221511
-----------------------
test accuracy: 0.48040000000000027
-----------------------
-----------------------
test accuracy: 0.475
-----------------------
epoch 8 avg accuracy on training data: 0.49597871318822023
-----------------------
test accuracy: 0.4793999999999999
-----------------------
-----------------------
test accuracy: 0.47720000000000035
-----------------------
epoch 9 avg accuracy on training data: 0.503141005121639
-----------------------
test accuracy: 0.4749000000000004
-----------------------
-----------------------
test accuracy: 0.4756000000000002
-----------------------
epoch 10 avg accuracy on training data: 0.5121438860435339
-----------------------
test accuracy: 0.48700000000000027
-----------------------
-----------------------
test accuracy: 0.48090000000000005
-----------------------
