learning_rate : 0.0001
max_steps : 50
batch_size : 32
eval_freq : 500
data_dir : ./cifar10/cifar-10-batches-py
--------------Convnet initialized------------
(10000, 3, 32, 32)
-----------------------
test accuracy: 0.09999999999999945
-----------------------
-----------------------
test accuracy: 0.22859999999999986
-----------------------
-----------------------
test accuracy: 0.26059999999999994
-----------------------
-----------------------
test accuracy: 0.2648999999999998
-----------------------
epoch 1 avg accuracy on training data: 0.23650431861804222
-----------------------
test accuracy: 0.2738999999999999
-----------------------
-----------------------
test accuracy: 0.3035999999999995
-----------------------
-----------------------
test accuracy: 0.30279999999999946
-----------------------
-----------------------
test accuracy: 0.3263999999999994
-----------------------
epoch 2 avg accuracy on training data: 0.30327704865556976
-----------------------
test accuracy: 0.34679999999999955
-----------------------
-----------------------
test accuracy: 0.34689999999999976
-----------------------
-----------------------
test accuracy: 0.35409999999999964
-----------------------
-----------------------
test accuracy: 0.35349999999999987
-----------------------
epoch 3 avg accuracy on training data: 0.3451304417413572
-----------------------
test accuracy: 0.3561999999999999
-----------------------
-----------------------
test accuracy: 0.37109999999999976
-----------------------
-----------------------
test accuracy: 0.35980000000000006
-----------------------
-----------------------
test accuracy: 0.35929999999999934
-----------------------
epoch 4 avg accuracy on training data: 0.3709387003841229
-----------------------
test accuracy: 0.3728999999999998
-----------------------
-----------------------
test accuracy: 0.37660000000000005
-----------------------
-----------------------
test accuracy: 0.3833999999999999
-----------------------
-----------------------
test accuracy: 0.3852000000000003
-----------------------
epoch 5 avg accuracy on training data: 0.3891845390524968
-----------------------
test accuracy: 0.38199999999999973
-----------------------
-----------------------
test accuracy: 0.3822999999999999
-----------------------
-----------------------
test accuracy: 0.3925000000000004
-----------------------
-----------------------
test accuracy: 0.4000000000000005
-----------------------
epoch 6 avg accuracy on training data: 0.4053096991037132
-----------------------
test accuracy: 0.39320000000000044
-----------------------
-----------------------
test accuracy: 0.39150000000000035
-----------------------
-----------------------
test accuracy: 0.3968000000000005
-----------------------
-----------------------
test accuracy: 0.4004000000000005
-----------------------
epoch 7 avg accuracy on training data: 0.4133722791293214
-----------------------
test accuracy: 0.3979000000000001
-----------------------
-----------------------
test accuracy: 0.3898000000000001
-----------------------
-----------------------
test accuracy: 0.3865000000000003
-----------------------
-----------------------
test accuracy: 0.3985999999999999
-----------------------
epoch 8 avg accuracy on training data: 0.42535611395646605
-----------------------
test accuracy: 0.4027000000000002
-----------------------
-----------------------
test accuracy: 0.4065999999999999
-----------------------
-----------------------
test accuracy: 0.40780000000000016
-----------------------
-----------------------
test accuracy: 0.4053000000000005
-----------------------
epoch 9 avg accuracy on training data: 0.43423895646606914
-----------------------
test accuracy: 0.3984000000000003
-----------------------
-----------------------
test accuracy: 0.40150000000000025
-----------------------
-----------------------
test accuracy: 0.39980000000000027
-----------------------
-----------------------
test accuracy: 0.4022000000000001
-----------------------
epoch 10 avg accuracy on training data: 0.44050096030729835
-----------------------
test accuracy: 0.3998999999999999
-----------------------
-----------------------
test accuracy: 0.3958999999999999
-----------------------
-----------------------
test accuracy: 0.4044000000000005
-----------------------
-----------------------
test accuracy: 0.4045
-----------------------
epoch 11 avg accuracy on training data: 0.44782330345710625
-----------------------
test accuracy: 0.4094000000000003
-----------------------
-----------------------
test accuracy: 0.40710000000000013
-----------------------
-----------------------
test accuracy: 0.4047000000000002
-----------------------
-----------------------
test accuracy: 0.4069000000000001
-----------------------
epoch 12 avg accuracy on training data: 0.45354513444302175
-----------------------
test accuracy: 0.40600000000000014
-----------------------
-----------------------
test accuracy: 0.39930000000000027
-----------------------
-----------------------
test accuracy: 0.4140000000000007
-----------------------
-----------------------
test accuracy: 0.40240000000000026
-----------------------
epoch 13 avg accuracy on training data: 0.45634603072983354
-----------------------
test accuracy: 0.40249999999999986
-----------------------
-----------------------
test accuracy: 0.4015000000000002
-----------------------
-----------------------
test accuracy: 0.3963999999999997
-----------------------
-----------------------
test accuracy: 0.3989000000000006
-----------------------
epoch 14 avg accuracy on training data: 0.46084747119078107
-----------------------
test accuracy: 0.40000000000000013
-----------------------
-----------------------
test accuracy: 0.39790000000000025
-----------------------
-----------------------
test accuracy: 0.4022000000000001
-----------------------
-----------------------
test accuracy: 0.4015000000000001
-----------------------
epoch 15 avg accuracy on training data: 0.46412852112676056
-----------------------
test accuracy: 0.3978000000000002
-----------------------
-----------------------
test accuracy: 0.4091000000000004
-----------------------
-----------------------
test accuracy: 0.40239999999999965
-----------------------
-----------------------
test accuracy: 0.4038999999999999
-----------------------
epoch 16 avg accuracy on training data: 0.4664492637644046
-----------------------
test accuracy: 0.39960000000000007
-----------------------
-----------------------
test accuracy: 0.40390000000000065
-----------------------
-----------------------
test accuracy: 0.40520000000000045
-----------------------
-----------------------
test accuracy: 0.3897999999999996
-----------------------
epoch 17 avg accuracy on training data: 0.4676296414852753
-----------------------
test accuracy: 0.4047000000000002
-----------------------
-----------------------
test accuracy: 0.40480000000000016
-----------------------
-----------------------
test accuracy: 0.40710000000000013
-----------------------
-----------------------
test accuracy: 0.4073000000000001
-----------------------
epoch 18 avg accuracy on training data: 0.4696903008962868
-----------------------
test accuracy: 0.4045000000000005
-----------------------
-----------------------
test accuracy: 0.39420000000000016
-----------------------
-----------------------
test accuracy: 0.39420000000000033
-----------------------
-----------------------
test accuracy: 0.3989000000000001
-----------------------
epoch 19 avg accuracy on training data: 0.4720310499359795
-----------------------
test accuracy: 0.3956999999999998
-----------------------
-----------------------
test accuracy: 0.38830000000000026
-----------------------
-----------------------
test accuracy: 0.3953
-----------------------
-----------------------
test accuracy: 0.4025
-----------------------
epoch 20 avg accuracy on training data: 0.4729713508322663
-----------------------
test accuracy: 0.3999000000000001
-----------------------
-----------------------
test accuracy: 0.4025000000000001
-----------------------
-----------------------
test accuracy: 0.4009000000000003
-----------------------
-----------------------
test accuracy: 0.4111000000000003
-----------------------
epoch 21 avg accuracy on training data: 0.47355153649167736
-----------------------
test accuracy: 0.41150000000000014
-----------------------
-----------------------
test accuracy: 0.40040000000000014
-----------------------
-----------------------
test accuracy: 0.40449999999999986
-----------------------
-----------------------
test accuracy: 0.4039
-----------------------
epoch 22 avg accuracy on training data: 0.4749719910371319
-----------------------
test accuracy: 0.3978000000000003
-----------------------
-----------------------
test accuracy: 0.39840000000000053
-----------------------
-----------------------
test accuracy: 0.38970000000000005
-----------------------
-----------------------
test accuracy: 0.40740000000000004
-----------------------
epoch 23 avg accuracy on training data: 0.4753521126760563
-----------------------
test accuracy: 0.4055000000000002
-----------------------
-----------------------
test accuracy: 0.40650000000000014
-----------------------
-----------------------
test accuracy: 0.4077
-----------------------
-----------------------
test accuracy: 0.39930000000000004
-----------------------
epoch 24 avg accuracy on training data: 0.47615236875800254
-----------------------
test accuracy: 0.4047
-----------------------
-----------------------
test accuracy: 0.3947000000000005
-----------------------
-----------------------
test accuracy: 0.4030000000000003
-----------------------
-----------------------
test accuracy: 0.40430000000000044
-----------------------
epoch 25 avg accuracy on training data: 0.4781530089628681
-----------------------
test accuracy: 0.4121000000000001
-----------------------
-----------------------
test accuracy: 0.3958
-----------------------
-----------------------
test accuracy: 0.4063000000000003
-----------------------
-----------------------
test accuracy: 0.40880000000000033
-----------------------
epoch 26 avg accuracy on training data: 0.47831306017925734
-----------------------
test accuracy: 0.40450000000000036
-----------------------
-----------------------
test accuracy: 0.40020000000000006
-----------------------
-----------------------
test accuracy: 0.4039000000000004
-----------------------
-----------------------
test accuracy: 0.3900999999999998
-----------------------
epoch 27 avg accuracy on training data: 0.47873319462227915
-----------------------
test accuracy: 0.3937000000000001
-----------------------
-----------------------
test accuracy: 0.40070000000000006
-----------------------
-----------------------
test accuracy: 0.4053000000000001
-----------------------
-----------------------
test accuracy: 0.4032999999999998
-----------------------
epoch 28 avg accuracy on training data: 0.47961347631241996
-----------------------
test accuracy: 0.40560000000000007
-----------------------
-----------------------
test accuracy: 0.3994999999999998
-----------------------
-----------------------
test accuracy: 0.38880000000000003
-----------------------
-----------------------
test accuracy: 0.40310000000000007
-----------------------
epoch 29 avg accuracy on training data: 0.4803137003841229
-----------------------
test accuracy: 0.4074000000000002
-----------------------
-----------------------
test accuracy: 0.3982000000000002
-----------------------
-----------------------
test accuracy: 0.40230000000000016
-----------------------
-----------------------
test accuracy: 0.4055
-----------------------
epoch 30 avg accuracy on training data: 0.48063380281690143
-----------------------
test accuracy: 0.3982999999999997
-----------------------
-----------------------
test accuracy: 0.4063000000000003
-----------------------
-----------------------
test accuracy: 0.39719999999999994
-----------------------
-----------------------
test accuracy: 0.3994000000000002
-----------------------
epoch 31 avg accuracy on training data: 0.48123399487836105
-----------------------
test accuracy: 0.3985000000000001
-----------------------
-----------------------
test accuracy: 0.40049999999999997
-----------------------
-----------------------
test accuracy: 0.40519999999999995
-----------------------
-----------------------
test accuracy: 0.40260000000000035
-----------------------
epoch 32 avg accuracy on training data: 0.48113396286811777
-----------------------
test accuracy: 0.40190000000000026
-----------------------
-----------------------
test accuracy: 0.3912000000000001
-----------------------
-----------------------
test accuracy: 0.40399999999999997
-----------------------
-----------------------
test accuracy: 0.40290000000000037
-----------------------
epoch 33 avg accuracy on training data: 0.4814340588988476
-----------------------
test accuracy: 0.40230000000000027
-----------------------
-----------------------
test accuracy: 0.40199999999999997
-----------------------
-----------------------
test accuracy: 0.39760000000000006
-----------------------
-----------------------
test accuracy: 0.3986000000000006
-----------------------
epoch 34 avg accuracy on training data: 0.4824743918053777
-----------------------
test accuracy: 0.40140000000000037
-----------------------
-----------------------
test accuracy: 0.4041000000000002
-----------------------
-----------------------
test accuracy: 0.39810000000000023
-----------------------
-----------------------
test accuracy: 0.4050000000000004
-----------------------
epoch 35 avg accuracy on training data: 0.4829345390524968
-----------------------
test accuracy: 0.40790000000000065
-----------------------
-----------------------
test accuracy: 0.3992
-----------------------
-----------------------
test accuracy: 0.40070000000000017
-----------------------
-----------------------
test accuracy: 0.3986000000000004
-----------------------
epoch 36 avg accuracy on training data: 0.4829945582586428
-----------------------
test accuracy: 0.3973000000000001
-----------------------
-----------------------
test accuracy: 0.4068
-----------------------
-----------------------
test accuracy: 0.4017000000000001
-----------------------
-----------------------
test accuracy: 0.4041
-----------------------
epoch 37 avg accuracy on training data: 0.4834346991037132
-----------------------
test accuracy: 0.4038000000000001
-----------------------
-----------------------
test accuracy: 0.3956000000000004
-----------------------
-----------------------
test accuracy: 0.4036
-----------------------
-----------------------
test accuracy: 0.41030000000000044
-----------------------
epoch 38 avg accuracy on training data: 0.48331466069142126
-----------------------
test accuracy: 0.40110000000000035
-----------------------
-----------------------
test accuracy: 0.3981
-----------------------
-----------------------
test accuracy: 0.3975000000000002
-----------------------
-----------------------
test accuracy: 0.4002000000000001
-----------------------
epoch 39 avg accuracy on training data: 0.483854833546735
-----------------------
test accuracy: 0.40330000000000005
-----------------------
-----------------------
test accuracy: 0.4067000000000004
-----------------------
-----------------------
test accuracy: 0.39980000000000054
-----------------------
-----------------------
test accuracy: 0.39819999999999994
-----------------------
epoch 40 avg accuracy on training data: 0.4838748399487836
-----------------------
test accuracy: 0.3990000000000006
-----------------------
-----------------------
test accuracy: 0.4039000000000002
-----------------------
-----------------------
test accuracy: 0.40140000000000015
-----------------------
-----------------------
test accuracy: 0.39650000000000046
-----------------------
epoch 41 avg accuracy on training data: 0.48391485275288093
-----------------------
test accuracy: 0.40290000000000037
-----------------------
-----------------------
test accuracy: 0.4022000000000002
-----------------------
-----------------------
test accuracy: 0.39520000000000016
-----------------------
-----------------------
test accuracy: 0.3939000000000003
-----------------------
epoch 42 avg accuracy on training data: 0.4836147567221511
-----------------------
test accuracy: 0.3967000000000001
-----------------------
-----------------------
test accuracy: 0.3996000000000002
-----------------------
-----------------------
test accuracy: 0.4015000000000002
-----------------------
-----------------------
test accuracy: 0.40650000000000025
-----------------------
epoch 43 avg accuracy on training data: 0.48557538412291934
-----------------------
test accuracy: 0.4030000000000004
-----------------------
-----------------------
test accuracy: 0.3931
-----------------------
-----------------------
test accuracy: 0.38670000000000015
-----------------------
-----------------------
test accuracy: 0.4087000000000002
-----------------------
epoch 44 avg accuracy on training data: 0.4846150768245839
-----------------------
test accuracy: 0.40840000000000015
-----------------------
-----------------------
test accuracy: 0.38150000000000006
-----------------------
-----------------------
test accuracy: 0.3960000000000001
-----------------------
-----------------------
test accuracy: 0.40060000000000023
-----------------------
epoch 45 avg accuracy on training data: 0.4855153649167734
-----------------------
test accuracy: 0.4012000000000004
-----------------------
-----------------------
test accuracy: 0.39810000000000023
-----------------------
-----------------------
test accuracy: 0.4025999999999996
-----------------------
-----------------------
test accuracy: 0.4015000000000006
-----------------------
epoch 46 avg accuracy on training data: 0.48565540973111393
-----------------------
test accuracy: 0.40310000000000024
-----------------------
-----------------------
test accuracy: 0.3930999999999999
-----------------------
-----------------------
test accuracy: 0.40090000000000026
-----------------------
-----------------------
test accuracy: 0.4078000000000001
-----------------------
epoch 47 avg accuracy on training data: 0.4851352432778489
-----------------------
test accuracy: 0.4101000000000002
-----------------------
-----------------------
test accuracy: 0.38410000000000044
-----------------------
-----------------------
test accuracy: 0.3923000000000001
-----------------------
-----------------------
test accuracy: 0.40700000000000025
-----------------------
epoch 48 avg accuracy on training data: 0.4864156530089629
-----------------------
test accuracy: 0.39710000000000006
-----------------------
-----------------------
test accuracy: 0.4038000000000003
-----------------------
-----------------------
test accuracy: 0.4004000000000005
-----------------------
-----------------------
test accuracy: 0.40180000000000016
-----------------------
epoch 49 avg accuracy on training data: 0.4852352752880922
-----------------------
test accuracy: 0.3974
-----------------------
-----------------------
test accuracy: 0.4041000000000004
-----------------------
-----------------------
test accuracy: 0.39890000000000014
-----------------------
-----------------------
test accuracy: 0.39849999999999997
-----------------------
epoch 50 avg accuracy on training data: 0.4855153649167734
-----------------------
test accuracy: 0.4017
-----------------------
-----------------------
test accuracy: 0.40149999999999997
-----------------------
-----------------------
test accuracy: 0.406
-----------------------
-----------------------
test accuracy: 0.4026000000000001
-----------------------
