learning_rate : 0.01
max_steps : 50
batch_size : 64
eval_freq : 500
data_dir : ./cifar10/cifar-10-batches-py
--------------Convnet initialized------------
(10000, 3, 32, 32)
-----------------------
test accuracy: 0.09999999999999945
-----------------------
-----------------------
test accuracy: 0.09999999999999941
-----------------------
epoch 1 avg accuracy on training data: 0.10008391943734016
-----------------------
test accuracy: 0.09999999999999941
-----------------------
-----------------------
test accuracy: 0.09999999999999941
-----------------------
epoch 2 avg accuracy on training data: 0.0998719590268886
-----------------------
test accuracy: 0.09999999999999941
-----------------------
-----------------------
test accuracy: 0.09999999999999941
-----------------------
epoch 3 avg accuracy on training data: 0.09999199743918054
-----------------------
test accuracy: 0.09999999999999941
-----------------------
-----------------------
test accuracy: 0.09999999999999941
-----------------------
epoch 4 avg accuracy on training data: 0.10005201664532651
-----------------------
test accuracy: 0.09999999999999941
-----------------------
-----------------------
test accuracy: 0.09999999999999941
-----------------------
epoch 5 avg accuracy on training data: 0.09997199103713188
-----------------------
test accuracy: 0.09999999999999941
-----------------------
-----------------------
test accuracy: 0.09999999999999941
-----------------------
epoch 6 avg accuracy on training data: 0.10011203585147248
-----------------------
test accuracy: 0.09999999999999941
-----------------------
-----------------------
test accuracy: 0.09999999999999941
-----------------------
epoch 7 avg accuracy on training data: 0.09995198463508323
-----------------------
test accuracy: 0.09999999999999941
-----------------------
-----------------------
test accuracy: 0.09999999999999941
-----------------------
epoch 8 avg accuracy on training data: 0.1000120038412292
-----------------------
test accuracy: 0.09999999999999941
-----------------------
-----------------------
test accuracy: 0.09999999999999941
-----------------------
epoch 9 avg accuracy on training data: 0.10011203585147248
-----------------------
test accuracy: 0.09999999999999941
-----------------------
-----------------------
test accuracy: 0.09999999999999941
-----------------------
epoch 10 avg accuracy on training data: 0.09997199103713188
-----------------------
test accuracy: 0.09999999999999941
-----------------------
-----------------------
test accuracy: 0.09999999999999941
-----------------------
epoch 11 avg accuracy on training data: 0.09995198463508323
-----------------------
test accuracy: 0.09999999999999941
-----------------------
-----------------------
test accuracy: 0.09999999999999941
-----------------------
epoch 12 avg accuracy on training data: 0.10005201664532651
-----------------------
test accuracy: 0.09999999999999941
-----------------------
-----------------------
test accuracy: 0.09999999999999941
-----------------------
epoch 13 avg accuracy on training data: 0.10007202304737516
-----------------------
test accuracy: 0.09999999999999941
-----------------------
-----------------------
test accuracy: 0.09999999999999941
-----------------------
epoch 14 avg accuracy on training data: 0.09995198463508323
-----------------------
test accuracy: 0.09999999999999941
-----------------------
-----------------------
test accuracy: 0.09999999999999941
-----------------------
epoch 15 avg accuracy on training data: 0.09999199743918054
-----------------------
test accuracy: 0.09999999999999941
-----------------------
-----------------------
test accuracy: 0.09999999999999941
-----------------------
epoch 16 avg accuracy on training data: 0.09995198463508323
-----------------------
test accuracy: 0.09999999999999941
-----------------------
-----------------------
test accuracy: 0.09999999999999941
-----------------------
epoch 17 avg accuracy on training data: 0.10003201024327785
-----------------------
test accuracy: 0.09999999999999941
-----------------------
-----------------------
test accuracy: 0.09999999999999941
-----------------------
epoch 18 avg accuracy on training data: 0.1000120038412292
srun: Job step aborted: Waiting up to 32 seconds for job step to finish.
slurmstepd: error: *** JOB 3944349 ON r31n5 CANCELLED AT 2019-11-15T16:25:16 ***
slurmstepd: error: *** STEP 3944349.0 ON r31n5 CANCELLED AT 2019-11-15T16:25:16 ***
