learning_rate : 0.0001
max_steps : 50
batch_size : 32
eval_freq : 500
data_dir : ./cifar10/cifar-10-batches-py
--------------Convnet initialized------------
-----------------------
test accuracy: 0.105
-----------------------
-----------------------
test accuracy: 0.19
-----------------------
-----------------------
test accuracy: 0.345
-----------------------
-----------------------
test accuracy: 0.38
-----------------------
epoch 1 avg accuracy on training data: 0.2988243761996161
-----------------------
test accuracy: 0.41
-----------------------
-----------------------
test accuracy: 0.42
-----------------------
-----------------------
test accuracy: 0.455
-----------------------
-----------------------
test accuracy: 0.5
-----------------------
epoch 2 avg accuracy on training data: 0.4456025928297055
-----------------------
test accuracy: 0.515
-----------------------
-----------------------
test accuracy: 0.5
-----------------------
-----------------------
test accuracy: 0.51
-----------------------
-----------------------
test accuracy: 0.57
-----------------------
epoch 3 avg accuracy on training data: 0.5249679897567221
-----------------------
test accuracy: 0.53
-----------------------
-----------------------
test accuracy: 0.565
-----------------------
-----------------------
test accuracy: 0.56
-----------------------
-----------------------
test accuracy: 0.565
-----------------------
epoch 4 avg accuracy on training data: 0.5814260563380281
-----------------------
test accuracy: 0.575
-----------------------
-----------------------
test accuracy: 0.595
-----------------------
-----------------------
test accuracy: 0.585
-----------------------
-----------------------
test accuracy: 0.615
-----------------------
epoch 5 avg accuracy on training data: 0.6140965108834827
-----------------------
test accuracy: 0.575
-----------------------
-----------------------
test accuracy: 0.605
-----------------------
-----------------------
test accuracy: 0.605
-----------------------
-----------------------
test accuracy: 0.625
-----------------------
epoch 6 avg accuracy on training data: 0.6438860435339309
-----------------------
test accuracy: 0.63
-----------------------
-----------------------
test accuracy: 0.645
-----------------------
-----------------------
test accuracy: 0.62
-----------------------
-----------------------
test accuracy: 0.63
-----------------------
epoch 7 avg accuracy on training data: 0.662752080665813
-----------------------
test accuracy: 0.645
-----------------------
-----------------------
test accuracy: 0.595
-----------------------
-----------------------
test accuracy: 0.615
-----------------------
-----------------------
test accuracy: 0.615
-----------------------
epoch 8 avg accuracy on training data: 0.6813580345710627
-----------------------
test accuracy: 0.63
-----------------------
-----------------------
test accuracy: 0.625
-----------------------
-----------------------
test accuracy: 0.615
-----------------------
-----------------------
test accuracy: 0.635
-----------------------
epoch 9 avg accuracy on training data: 0.6984835147247119
-----------------------
test accuracy: 0.635
-----------------------
-----------------------
test accuracy: 0.625
-----------------------
-----------------------
test accuracy: 0.65
-----------------------
-----------------------
test accuracy: 0.635
-----------------------
epoch 10 avg accuracy on training data: 0.7089868758002561
-----------------------
test accuracy: 0.64
-----------------------
-----------------------
test accuracy: 0.64
-----------------------
-----------------------
test accuracy: 0.645
-----------------------
-----------------------
test accuracy: 0.65
-----------------------
epoch 11 avg accuracy on training data: 0.7212708066581306
-----------------------
test accuracy: 0.63
-----------------------
-----------------------
test accuracy: 0.67
-----------------------
-----------------------
test accuracy: 0.625
-----------------------
-----------------------
test accuracy: 0.62
-----------------------
epoch 12 avg accuracy on training data: 0.728393085787452
-----------------------
test accuracy: 0.65
-----------------------
-----------------------
test accuracy: 0.645
-----------------------
-----------------------
test accuracy: 0.645
-----------------------
-----------------------
test accuracy: 0.64
-----------------------
epoch 13 avg accuracy on training data: 0.7387564020486556
-----------------------
test accuracy: 0.665
-----------------------
-----------------------
test accuracy: 0.645
-----------------------
-----------------------
test accuracy: 0.655
-----------------------
-----------------------
test accuracy: 0.63
-----------------------
epoch 14 avg accuracy on training data: 0.7443381882202305
-----------------------
test accuracy: 0.635
-----------------------
-----------------------
test accuracy: 0.66
-----------------------
-----------------------
test accuracy: 0.665
-----------------------
-----------------------
test accuracy: 0.64
-----------------------
epoch 15 avg accuracy on training data: 0.7474991997439181
-----------------------
test accuracy: 0.66
-----------------------
-----------------------
test accuracy: 0.65
-----------------------
-----------------------
test accuracy: 0.665
-----------------------
-----------------------
test accuracy: 0.64
-----------------------
epoch 16 avg accuracy on training data: 0.7517205505761844
-----------------------
test accuracy: 0.615
-----------------------
-----------------------
test accuracy: 0.67
-----------------------
-----------------------
test accuracy: 0.64
-----------------------
-----------------------
test accuracy: 0.61
-----------------------
epoch 17 avg accuracy on training data: 0.7548615556978233
-----------------------
test accuracy: 0.64
-----------------------
-----------------------
test accuracy: 0.63
-----------------------
-----------------------
test accuracy: 0.65
-----------------------
-----------------------
test accuracy: 0.635
-----------------------
epoch 18 avg accuracy on training data: 0.7579825544174136
-----------------------
test accuracy: 0.615
-----------------------
-----------------------
test accuracy: 0.655
-----------------------
-----------------------
test accuracy: 0.63
-----------------------
-----------------------
test accuracy: 0.63
-----------------------
epoch 19 avg accuracy on training data: 0.7609034891165173
-----------------------
test accuracy: 0.635
-----------------------
-----------------------
test accuracy: 0.645
-----------------------
-----------------------
test accuracy: 0.605
-----------------------
-----------------------
test accuracy: 0.64
-----------------------
epoch 20 avg accuracy on training data: 0.7631241997439181
-----------------------
test accuracy: 0.655
-----------------------
-----------------------
test accuracy: 0.6
-----------------------
-----------------------
test accuracy: 0.625
-----------------------
-----------------------
test accuracy: 0.64
-----------------------
epoch 21 avg accuracy on training data: 0.7654649487836107
-----------------------
test accuracy: 0.605
-----------------------
-----------------------
test accuracy: 0.65
-----------------------
-----------------------
test accuracy: 0.605
-----------------------
-----------------------
test accuracy: 0.64
-----------------------
epoch 22 avg accuracy on training data: 0.7652448783610756
-----------------------
test accuracy: 0.635
-----------------------
-----------------------
test accuracy: 0.625
-----------------------
-----------------------
test accuracy: 0.62
-----------------------
-----------------------
test accuracy: 0.62
-----------------------
epoch 23 avg accuracy on training data: 0.7678657170294494
-----------------------
test accuracy: 0.66
-----------------------
-----------------------
test accuracy: 0.58
-----------------------
-----------------------
test accuracy: 0.66
-----------------------
-----------------------
test accuracy: 0.655
-----------------------
epoch 24 avg accuracy on training data: 0.7697063060179258
-----------------------
test accuracy: 0.655
-----------------------
-----------------------
test accuracy: 0.665
-----------------------
-----------------------
test accuracy: 0.65
-----------------------
-----------------------
test accuracy: 0.635
-----------------------
epoch 25 avg accuracy on training data: 0.7695062419974392
-----------------------
test accuracy: 0.635
-----------------------
-----------------------
test accuracy: 0.66
-----------------------
-----------------------
test accuracy: 0.635
-----------------------
-----------------------
test accuracy: 0.66
-----------------------
epoch 26 avg accuracy on training data: 0.7722071062740077
-----------------------
test accuracy: 0.65
-----------------------
-----------------------
test accuracy: 0.64
-----------------------
-----------------------
test accuracy: 0.64
-----------------------
-----------------------
test accuracy: 0.62
-----------------------
epoch 27 avg accuracy on training data: 0.7727672855313701
-----------------------
test accuracy: 0.635
-----------------------
-----------------------
test accuracy: 0.64
-----------------------
-----------------------
test accuracy: 0.66
-----------------------
-----------------------
test accuracy: 0.655
-----------------------
epoch 28 avg accuracy on training data: 0.7736875800256082
-----------------------
test accuracy: 0.635
-----------------------
-----------------------
test accuracy: 0.64
-----------------------
-----------------------
test accuracy: 0.655
-----------------------
-----------------------
test accuracy: 0.645
-----------------------
epoch 29 avg accuracy on training data: 0.7750080025608195
-----------------------
test accuracy: 0.64
-----------------------
-----------------------
test accuracy: 0.64
-----------------------
-----------------------
test accuracy: 0.665
-----------------------
-----------------------
test accuracy: 0.68
-----------------------
epoch 30 avg accuracy on training data: 0.7751480473751601
-----------------------
test accuracy: 0.645
-----------------------
-----------------------
test accuracy: 0.645
-----------------------
-----------------------
test accuracy: 0.665
-----------------------
-----------------------
test accuracy: 0.625
-----------------------
epoch 31 avg accuracy on training data: 0.776028329065301
-----------------------
test accuracy: 0.65
-----------------------
-----------------------
test accuracy: 0.66
-----------------------
-----------------------
test accuracy: 0.66
-----------------------
-----------------------
test accuracy: 0.645
-----------------------
epoch 32 avg accuracy on training data: 0.7769686299615877
-----------------------
test accuracy: 0.665
-----------------------
Traceback (most recent call last):
  File "train_convnet_pytorch.py", line 182, in <module>
    main()
  File "train_convnet_pytorch.py", line 165, in main
    train()
  File "train_convnet_pytorch.py", line 110, in train
    test_output = cnn(X_test)
  File "/home/lgpu0062/.conda/envs/dl/lib/python3.7/site-packages/torch/nn/modules/module.py", line 547, in __call__
    result = self.forward(*input, **kwargs)
  File "/home/lgpu0062/DeepLearningUvA/Assignment 1/code/convnet_pytorch.py", line 128, in forward
    out = layer(out)
  File "/home/lgpu0062/.conda/envs/dl/lib/python3.7/site-packages/torch/nn/modules/module.py", line 547, in __call__
    result = self.forward(*input, **kwargs)
  File "/home/lgpu0062/.conda/envs/dl/lib/python3.7/site-packages/torch/nn/modules/conv.py", line 343, in forward
    return self.conv2d_forward(input, self.weight)
  File "/home/lgpu0062/.conda/envs/dl/lib/python3.7/site-packages/torch/nn/modules/conv.py", line 340, in conv2d_forward
    self.padding, self.dilation, self.groups)
RuntimeError: CUDA out of memory. Tried to allocate 20.00 MiB (GPU 0; 10.92 GiB total capacity; 10.28 GiB already allocated; 15.50 MiB free; 83.86 MiB cached)
srun: error: r31n5: task 0: Exited with exit code 1
