learning_rate : 0.0001
max_steps : 50
batch_size : 32
eval_freq : 500
data_dir : ./cifar10/cifar-10-batches-py
--------------Convnet initialized------------
(10000, 3, 32, 32)
-----------------------
test accuracy: 0.10500000000000001
-----------------------
-----------------------
test accuracy: 0.21999999999999997
-----------------------
-----------------------
test accuracy: 0.3499999999999999
-----------------------
-----------------------
test accuracy: 0.34500000000000003
-----------------------
epoch 1 avg accuracy on training data: 0.2907469609724888
-----------------------
test accuracy: 0.37000000000000005
-----------------------
-----------------------
test accuracy: 0.43
-----------------------
-----------------------
test accuracy: 0.43499999999999994
-----------------------
-----------------------
test accuracy: 0.495
-----------------------
epoch 2 avg accuracy on training data: 0.4277368758002561
-----------------------
test accuracy: 0.48999999999999994
-----------------------
-----------------------
test accuracy: 0.505
-----------------------
-----------------------
test accuracy: 0.5199999999999999
-----------------------
-----------------------
test accuracy: 0.495
-----------------------
epoch 3 avg accuracy on training data: 0.48913652368758004
-----------------------
test accuracy: 0.4749999999999999
-----------------------
-----------------------
test accuracy: 0.53
-----------------------
-----------------------
test accuracy: 0.5499999999999999
-----------------------
-----------------------
test accuracy: 0.47000000000000003
-----------------------
epoch 4 avg accuracy on training data: 0.531830185659411
-----------------------
test accuracy: 0.5299999999999999
-----------------------
-----------------------
test accuracy: 0.5149999999999999
-----------------------
-----------------------
test accuracy: 0.515
-----------------------
-----------------------
test accuracy: 0.5149999999999999
-----------------------
epoch 5 avg accuracy on training data: 0.5586187580025608
-----------------------
test accuracy: 0.5249999999999999
-----------------------
-----------------------
test accuracy: 0.5249999999999999
-----------------------
-----------------------
test accuracy: 0.51
-----------------------
srun: Job step aborted: Waiting up to 32 seconds for job step to finish.
slurmstepd: error: *** JOB 3943899 ON r31n5 CANCELLED AT 2019-11-15T14:19:49 ***
slurmstepd: error: *** STEP 3943899.0 ON r31n5 CANCELLED AT 2019-11-15T14:19:49 ***
