dnn_hidden_units : 100
learning_rate : 0.002
max_steps : 300
batch_size : 200
eval_freq : 100
data_dir : ./cifar10/cifar-10-batches-py
neg_slope : 0.02
----------MLP initialized-------------
-----------------------
test accuracy: 0.1
-----------------------
-----------------------
test accuracy: 0.1
-----------------------
-----------------------
test accuracy: 0.1
-----------------------
epoch 1 avg accuracy on training data: 0.10015936254980073
-----------------------
test accuracy: 0.1
-----------------------
-----------------------
test accuracy: 0.1
-----------------------
-----------------------
test accuracy: 0.1
-----------------------
epoch 2 avg accuracy on training data: 0.19923999999999997
-----------------------
test accuracy: 0.1
-----------------------
-----------------------
test accuracy: 0.1
-----------------------
-----------------------
test accuracy: 0.1
-----------------------
epoch 3 avg accuracy on training data: 0.30084
-----------------------
test accuracy: 0.1
-----------------------
-----------------------
test accuracy: 0.1
-----------------------
-----------------------
test accuracy: 0.1
-----------------------
epoch 4 avg accuracy on training data: 0.40007999999999955
-----------------------
test accuracy: 0.1
-----------------------
-----------------------
test accuracy: 0.1
-----------------------
-----------------------
test accuracy: 0.1
-----------------------
epoch 5 avg accuracy on training data: 0.5006
-----------------------
test accuracy: 0.1
-----------------------
-----------------------
test accuracy: 0.1
-----------------------
-----------------------
test accuracy: 0.1
-----------------------
epoch 6 avg accuracy on training data: 0.5991599999999999
-----------------------
test accuracy: 0.1
-----------------------
-----------------------
test accuracy: 0.1
-----------------------
-----------------------
test accuracy: 0.1
-----------------------
epoch 7 avg accuracy on training data: 0.6995800000000001
-----------------------
test accuracy: 0.1
-----------------------
-----------------------
test accuracy: 0.1
-----------------------
-----------------------
test accuracy: 0.1
-----------------------
epoch 8 avg accuracy on training data: 0.7998399999999998
-----------------------
test accuracy: 0.1
-----------------------
-----------------------
test accuracy: 0.1
-----------------------
-----------------------
test accuracy: 0.1
-----------------------
epoch 9 avg accuracy on training data: 0.8996399999999998
-----------------------
test accuracy: 0.1
-----------------------
-----------------------
test accuracy: 0.1
-----------------------
-----------------------
test accuracy: 0.1
-----------------------
epoch 10 avg accuracy on training data: 1.0013999999999998
-----------------------
test accuracy: 0.1
-----------------------
-----------------------
test accuracy: 0.1
-----------------------
-----------------------
test accuracy: 0.1
-----------------------
epoch 11 avg accuracy on training data: 1.0991199999999999
-----------------------
test accuracy: 0.1
-----------------------
-----------------------
test accuracy: 0.1
-----------------------
-----------------------
test accuracy: 0.1
-----------------------
epoch 12 avg accuracy on training data: 1.1997599999999995
-----------------------
test accuracy: 0.1
-----------------------
-----------------------
test accuracy: 0.1
-----------------------
-----------------------
test accuracy: 0.1
-----------------------
epoch 13 avg accuracy on training data: 1.29948
-----------------------
test accuracy: 0.1
-----------------------
-----------------------
test accuracy: 0.1
-----------------------
-----------------------
test accuracy: 0.1
-----------------------
epoch 14 avg accuracy on training data: 1.4005600000000011
-----------------------
test accuracy: 0.1
-----------------------
-----------------------
test accuracy: 0.1
-----------------------
-----------------------
test accuracy: 0.1
-----------------------
epoch 15 avg accuracy on training data: 1.5014999999999992
-----------------------
test accuracy: 0.1
-----------------------
-----------------------
test accuracy: 0.1
-----------------------
-----------------------
test accuracy: 0.1
-----------------------
epoch 16 avg accuracy on training data: 1.5993600000000006
-----------------------
test accuracy: 0.1
-----------------------
-----------------------
test accuracy: 0.1
-----------------------
-----------------------
test accuracy: 0.1
-----------------------
epoch 17 avg accuracy on training data: 1.69966
-----------------------
test accuracy: 0.1
-----------------------
-----------------------
test accuracy: 0.1
-----------------------
-----------------------
test accuracy: 0.1
-----------------------
epoch 18 avg accuracy on training data: 1.8000000000000003
-----------------------
test accuracy: 0.1
-----------------------
-----------------------
test accuracy: 0.1
-----------------------
-----------------------
test accuracy: 0.1
-----------------------
epoch 19 avg accuracy on training data: 1.9011400000000003
-----------------------
test accuracy: 0.1
-----------------------
-----------------------
test accuracy: 0.1
-----------------------
-----------------------
test accuracy: 0.1
-----------------------
epoch 20 avg accuracy on training data: 1.9996
-----------------------
test accuracy: 0.1
-----------------------
-----------------------
test accuracy: 0.1
-----------------------
-----------------------
test accuracy: 0.1
-----------------------
epoch 21 avg accuracy on training data: 2.0987399999999994
-----------------------
test accuracy: 0.1
-----------------------
-----------------------
test accuracy: 0.1
-----------------------
-----------------------
test accuracy: 0.1
-----------------------
epoch 22 avg accuracy on training data: 2.1982399999999997
-----------------------
test accuracy: 0.1
-----------------------
-----------------------
test accuracy: 0.1
-----------------------
-----------------------
test accuracy: 0.1
-----------------------
epoch 23 avg accuracy on training data: 2.3027599999999993
-----------------------
test accuracy: 0.1
-----------------------
-----------------------
test accuracy: 0.1
-----------------------
-----------------------
test accuracy: 0.1
-----------------------
epoch 24 avg accuracy on training data: 2.3975999999999997
-----------------------
test accuracy: 0.1
-----------------------
-----------------------
test accuracy: 0.1
-----------------------
-----------------------
test accuracy: 0.1
-----------------------
epoch 25 avg accuracy on training data: 2.504499999999998
-----------------------
test accuracy: 0.1
-----------------------
-----------------------
test accuracy: 0.1
-----------------------
-----------------------
test accuracy: 0.1
-----------------------
epoch 26 avg accuracy on training data: 2.5958399999999973
-----------------------
test accuracy: 0.1
-----------------------
-----------------------
test accuracy: 0.1
-----------------------
-----------------------
test accuracy: 0.1
-----------------------
epoch 27 avg accuracy on training data: 2.700000000000002
-----------------------
test accuracy: 0.1
-----------------------
-----------------------
test accuracy: 0.1
-----------------------
-----------------------
test accuracy: 0.1
-----------------------
epoch 28 avg accuracy on training data: 2.8039199999999997
-----------------------
test accuracy: 0.1
-----------------------
-----------------------
test accuracy: 0.1
-----------------------
-----------------------
test accuracy: 0.1
-----------------------
epoch 29 avg accuracy on training data: 2.8976800000000003
-----------------------
test accuracy: 0.1
-----------------------
-----------------------
test accuracy: 0.1
-----------------------
-----------------------
test accuracy: 0.1
-----------------------
epoch 30 avg accuracy on training data: 2.9957999999999982
-----------------------
test accuracy: 0.1
-----------------------
-----------------------
test accuracy: 0.1
-----------------------
-----------------------
test accuracy: 0.1
-----------------------
epoch 31 avg accuracy on training data: 3.1043399999999983
-----------------------
test accuracy: 0.1
-----------------------
-----------------------
test accuracy: 0.1
-----------------------
-----------------------
test accuracy: 0.1
-----------------------
epoch 32 avg accuracy on training data: 3.2025599999999983
-----------------------
test accuracy: 0.1
-----------------------
-----------------------
test accuracy: 0.1
-----------------------
-----------------------
test accuracy: 0.1
-----------------------
epoch 33 avg accuracy on training data: 3.295379999999999
-----------------------
test accuracy: 0.1
-----------------------
-----------------------
test accuracy: 0.1
-----------------------
-----------------------
test accuracy: 0.1
-----------------------
epoch 34 avg accuracy on training data: 3.3972799999999963
-----------------------
test accuracy: 0.1
-----------------------
-----------------------
test accuracy: 0.1
-----------------------
-----------------------
test accuracy: 0.1
-----------------------
epoch 35 avg accuracy on training data: 3.5020999999999973
-----------------------
test accuracy: 0.1
-----------------------
-----------------------
test accuracy: 0.1
-----------------------
-----------------------
test accuracy: 0.1
-----------------------
epoch 36 avg accuracy on training data: 3.6057599999999987
-----------------------
test accuracy: 0.1
-----------------------
-----------------------
test accuracy: 0.1
-----------------------
-----------------------
test accuracy: 0.1
-----------------------
epoch 37 avg accuracy on training data: 3.6962999999999995
-----------------------
test accuracy: 0.1
-----------------------
-----------------------
test accuracy: 0.1
-----------------------
-----------------------
test accuracy: 0.1
-----------------------
epoch 38 avg accuracy on training data: 3.7984800000000005
-----------------------
test accuracy: 0.1
-----------------------
-----------------------
test accuracy: 0.1
-----------------------
-----------------------
test accuracy: 0.1
-----------------------
epoch 39 avg accuracy on training data: 3.905459999999997
-----------------------
test accuracy: 0.1
-----------------------
-----------------------
test accuracy: 0.1
-----------------------
-----------------------
test accuracy: 0.1
-----------------------
epoch 40 avg accuracy on training data: 3.993600000000003
-----------------------
test accuracy: 0.1
-----------------------
-----------------------
test accuracy: 0.1
-----------------------
-----------------------
test accuracy: 0.1
-----------------------
epoch 41 avg accuracy on training data: 4.095899999999998
-----------------------
test accuracy: 0.1
-----------------------
-----------------------
test accuracy: 0.1
-----------------------
-----------------------
test accuracy: 0.1
-----------------------
epoch 42 avg accuracy on training data: 4.206719999999998
-----------------------
test accuracy: 0.1
-----------------------
-----------------------
test accuracy: 0.1
-----------------------
-----------------------
test accuracy: 0.1
-----------------------
epoch 43 avg accuracy on training data: 4.300860000000001
-----------------------
test accuracy: 0.1
-----------------------
-----------------------
test accuracy: 0.1
-----------------------
-----------------------
test accuracy: 0.1
-----------------------
epoch 44 avg accuracy on training data: 4.399999999999998
-----------------------
test accuracy: 0.1
-----------------------
-----------------------
test accuracy: 0.1
-----------------------
-----------------------
test accuracy: 0.1
-----------------------
epoch 45 avg accuracy on training data: 4.499999999999999
-----------------------
test accuracy: 0.1
-----------------------
-----------------------
test accuracy: 0.1
-----------------------
-----------------------
test accuracy: 0.1
-----------------------
epoch 46 avg accuracy on training data: 4.59908
-----------------------
test accuracy: 0.1
-----------------------
-----------------------
test accuracy: 0.1
-----------------------
-----------------------
test accuracy: 0.1
-----------------------
epoch 47 avg accuracy on training data: 4.696239999999997
-----------------------
test accuracy: 0.1
-----------------------
-----------------------
test accuracy: 0.1
-----------------------
-----------------------
test accuracy: 0.1
-----------------------
epoch 48 avg accuracy on training data: 4.80672
-----------------------
test accuracy: 0.1
-----------------------
-----------------------
test accuracy: 0.1
-----------------------
-----------------------
test accuracy: 0.1
-----------------------
epoch 49 avg accuracy on training data: 4.887259999999995
-----------------------
test accuracy: 0.1
-----------------------
-----------------------
test accuracy: 0.1
-----------------------
-----------------------
test accuracy: 0.1
-----------------------
epoch 50 avg accuracy on training data: 5.017000000000001
-----------------------
test accuracy: 0.1
-----------------------
-----------------------
test accuracy: 0.1
-----------------------
-----------------------
test accuracy: 0.1
-----------------------
epoch 51 avg accuracy on training data: 5.089799999999997
-----------------------
test accuracy: 0.1
-----------------------
-----------------------
test accuracy: 0.1
-----------------------
-----------------------
test accuracy: 0.1
-----------------------
epoch 52 avg accuracy on training data: 5.196880000000004
-----------------------
test accuracy: 0.1
-----------------------
-----------------------
test accuracy: 0.1
-----------------------
-----------------------
test accuracy: 0.1
-----------------------
epoch 53 avg accuracy on training data: 5.305299999999999
-----------------------
test accuracy: 0.1
-----------------------
-----------------------
test accuracy: 0.1
-----------------------
-----------------------
test accuracy: 0.1
-----------------------
epoch 54 avg accuracy on training data: 5.3999999999999995
-----------------------
test accuracy: 0.1
-----------------------
-----------------------
test accuracy: 0.1
-----------------------
-----------------------
test accuracy: 0.1
-----------------------
epoch 55 avg accuracy on training data: 5.498899999999997
-----------------------
test accuracy: 0.1
-----------------------
-----------------------
test accuracy: 0.1
-----------------------
-----------------------
test accuracy: 0.1
-----------------------
epoch 56 avg accuracy on training data: 5.601120000000001
-----------------------
test accuracy: 0.1
-----------------------
-----------------------
test accuracy: 0.1
-----------------------
-----------------------
test accuracy: 0.1
-----------------------
epoch 57 avg accuracy on training data: 5.692019999999996
-----------------------
test accuracy: 0.1
-----------------------
-----------------------
test accuracy: 0.1
-----------------------
-----------------------
test accuracy: 0.1
-----------------------
epoch 58 avg accuracy on training data: 5.810439999999995
-----------------------
test accuracy: 0.1
-----------------------
-----------------------
test accuracy: 0.1
-----------------------
-----------------------
test accuracy: 0.1
-----------------------
epoch 59 avg accuracy on training data: 5.895280000000002
-----------------------
test accuracy: 0.1
-----------------------
-----------------------
test accuracy: 0.1
-----------------------
-----------------------
test accuracy: 0.1
-----------------------
epoch 60 avg accuracy on training data: 6.0047999999999995
-----------------------
test accuracy: 0.1
-----------------------
-----------------------
test accuracy: 0.1
-----------------------
-----------------------
test accuracy: 0.1
-----------------------
epoch 61 avg accuracy on training data: 6.095119999999993
-----------------------
test accuracy: 0.1
-----------------------
-----------------------
test accuracy: 0.1
-----------------------
-----------------------
test accuracy: 0.1
-----------------------
epoch 62 avg accuracy on training data: 6.209919999999996
-----------------------
test accuracy: 0.1
-----------------------
-----------------------
test accuracy: 0.1
-----------------------
-----------------------
test accuracy: 0.1
-----------------------
epoch 63 avg accuracy on training data: 6.292439999999997
-----------------------
test accuracy: 0.1
-----------------------
-----------------------
test accuracy: 0.1
-----------------------
-----------------------
test accuracy: 0.1
-----------------------
epoch 64 avg accuracy on training data: 6.403839999999996
-----------------------
test accuracy: 0.1
-----------------------
-----------------------
test accuracy: 0.1
-----------------------
-----------------------
test accuracy: 0.1
-----------------------
epoch 65 avg accuracy on training data: 6.496099999999999
-----------------------
test accuracy: 0.1
-----------------------
-----------------------
test accuracy: 0.1
-----------------------
-----------------------
test accuracy: 0.1
-----------------------
epoch 66 avg accuracy on training data: 6.593399999999999
-----------------------
test accuracy: 0.1
-----------------------
-----------------------
test accuracy: 0.1
-----------------------
-----------------------
test accuracy: 0.1
-----------------------
epoch 67 avg accuracy on training data: 6.705359999999997
-----------------------
test accuracy: 0.1
-----------------------
-----------------------
test accuracy: 0.1
-----------------------
-----------------------
test accuracy: 0.1
-----------------------
epoch 68 avg accuracy on training data: 6.801360000000001
-----------------------
test accuracy: 0.1
-----------------------
-----------------------
test accuracy: 0.1
-----------------------
-----------------------
test accuracy: 0.1
-----------------------
epoch 69 avg accuracy on training data: 6.898619999999993
-----------------------
test accuracy: 0.1
-----------------------
-----------------------
test accuracy: 0.1
-----------------------
-----------------------
test accuracy: 0.1
-----------------------
epoch 70 avg accuracy on training data: 6.9986
-----------------------
test accuracy: 0.1
-----------------------
-----------------------
test accuracy: 0.1
-----------------------
-----------------------
test accuracy: 0.1
-----------------------
epoch 71 avg accuracy on training data: 7.098580000000002
-----------------------
test accuracy: 0.1
-----------------------
-----------------------
test accuracy: 0.1
-----------------------
-----------------------
test accuracy: 0.1
-----------------------
epoch 72 avg accuracy on training data: 7.218719999999995
-----------------------
test accuracy: 0.1
-----------------------
-----------------------
test accuracy: 0.1
-----------------------
-----------------------
test accuracy: 0.1
-----------------------
epoch 73 avg accuracy on training data: 7.28248
-----------------------
test accuracy: 0.1
-----------------------
-----------------------
test accuracy: 0.1
-----------------------
-----------------------
test accuracy: 0.1
-----------------------
epoch 74 avg accuracy on training data: 7.39408
-----------------------
test accuracy: 0.1
-----------------------
-----------------------
test accuracy: 0.1
-----------------------
-----------------------
test accuracy: 0.1001
-----------------------
epoch 75 avg accuracy on training data: 7.507499999999994
-----------------------
test accuracy: 0.1001
-----------------------
-----------------------
test accuracy: 0.1001
-----------------------
-----------------------
test accuracy: 0.1001
-----------------------
epoch 76 avg accuracy on training data: 7.596959999999997
-----------------------
test accuracy: 0.1001
-----------------------
-----------------------
test accuracy: 0.1001
-----------------------
-----------------------
test accuracy: 0.1001
-----------------------
epoch 77 avg accuracy on training data: 7.707700000000004
-----------------------
test accuracy: 0.1001
-----------------------
-----------------------
test accuracy: 0.1001
-----------------------
-----------------------
test accuracy: 0.1001
-----------------------
epoch 78 avg accuracy on training data: 7.8156
-----------------------
test accuracy: 0.1001
-----------------------
-----------------------
test accuracy: 0.1001
-----------------------
-----------------------
test accuracy: 0.1001
-----------------------
epoch 79 avg accuracy on training data: 7.912640000000003
-----------------------
test accuracy: 0.1001
-----------------------
-----------------------
test accuracy: 0.1001
-----------------------
-----------------------
test accuracy: 0.1001
-----------------------
epoch 80 avg accuracy on training data: 8.041599999999995
-----------------------
test accuracy: 0.1001
-----------------------
-----------------------
test accuracy: 0.1001
-----------------------
-----------------------
test accuracy: 0.1003
-----------------------
epoch 81 avg accuracy on training data: 8.142120000000002
-----------------------
test accuracy: 0.1003
-----------------------
-----------------------
test accuracy: 0.1004
-----------------------
-----------------------
test accuracy: 0.1005
-----------------------
epoch 82 avg accuracy on training data: 8.2902
-----------------------
test accuracy: 0.1006
-----------------------
-----------------------
test accuracy: 0.1009
-----------------------
-----------------------
test accuracy: 0.1009
-----------------------
epoch 83 avg accuracy on training data: 8.446079999999998
-----------------------
test accuracy: 0.1011
-----------------------
-----------------------
test accuracy: 0.1013
-----------------------
-----------------------
test accuracy: 0.1016
-----------------------
epoch 84 avg accuracy on training data: 8.598239999999992
-----------------------
test accuracy: 0.1017
-----------------------
-----------------------
test accuracy: 0.1018
-----------------------
-----------------------
test accuracy: 0.1019
-----------------------
epoch 85 avg accuracy on training data: 8.739700000000001
-----------------------
test accuracy: 0.102
-----------------------
-----------------------
test accuracy: 0.1023
-----------------------
-----------------------
test accuracy: 0.1024
-----------------------
epoch 86 avg accuracy on training data: 8.875199999999998
-----------------------
test accuracy: 0.1025
-----------------------
-----------------------
test accuracy: 0.1027
-----------------------
-----------------------
test accuracy: 0.1029
-----------------------
epoch 87 avg accuracy on training data: 9.046259999999991
-----------------------
test accuracy: 0.1032
-----------------------
-----------------------
test accuracy: 0.1033
-----------------------
-----------------------
test accuracy: 0.1035
-----------------------
epoch 88 avg accuracy on training data: 9.203040000000005
-----------------------
test accuracy: 0.104
-----------------------
-----------------------
test accuracy: 0.1046
-----------------------
-----------------------
test accuracy: 0.1053
-----------------------
epoch 89 avg accuracy on training data: 9.369919999999999
-----------------------
test accuracy: 0.1054
-----------------------
-----------------------
test accuracy: 0.1056
-----------------------
-----------------------
test accuracy: 0.106
-----------------------
epoch 90 avg accuracy on training data: 9.5814
-----------------------
test accuracy: 0.1063
-----------------------
-----------------------
test accuracy: 0.1067
-----------------------
-----------------------
test accuracy: 0.107
-----------------------
epoch 91 avg accuracy on training data: 9.760660000000005
-----------------------
test accuracy: 0.1072
-----------------------
-----------------------
test accuracy: 0.1076
-----------------------
-----------------------
test accuracy: 0.1084
-----------------------
epoch 92 avg accuracy on training data: 9.961759999999998
-----------------------
test accuracy: 0.1086
-----------------------
-----------------------
test accuracy: 0.1096
-----------------------
-----------------------
test accuracy: 0.11
-----------------------
epoch 93 avg accuracy on training data: 10.123980000000001
-----------------------
test accuracy: 0.1101
-----------------------
-----------------------
test accuracy: 0.1103
-----------------------
-----------------------
test accuracy: 0.1105
-----------------------
epoch 94 avg accuracy on training data: 10.360680000000002
-----------------------
test accuracy: 0.1107
-----------------------
-----------------------
test accuracy: 0.1115
-----------------------
-----------------------
test accuracy: 0.1121
-----------------------
epoch 95 avg accuracy on training data: 10.5678
-----------------------
test accuracy: 0.1125
-----------------------
-----------------------
test accuracy: 0.1127
-----------------------
-----------------------
test accuracy: 0.1132
-----------------------
epoch 96 avg accuracy on training data: 10.786560000000003
-----------------------
test accuracy: 0.1134
-----------------------
-----------------------
test accuracy: 0.1145
-----------------------
-----------------------
test accuracy: 0.1153
-----------------------
epoch 97 avg accuracy on training data: 11.005619999999995
-----------------------
test accuracy: 0.1154
-----------------------
-----------------------
test accuracy: 0.1158
-----------------------
-----------------------
test accuracy: 0.1163
-----------------------
epoch 98 avg accuracy on training data: 11.224919999999992
-----------------------
test accuracy: 0.1166
-----------------------
-----------------------
test accuracy: 0.1169
-----------------------
-----------------------
test accuracy: 0.1173
-----------------------
epoch 99 avg accuracy on training data: 11.47211999999999
-----------------------
test accuracy: 0.1176
-----------------------
-----------------------
test accuracy: 0.1185
-----------------------
-----------------------
test accuracy: 0.1189
-----------------------
epoch 100 avg accuracy on training data: 11.672000000000004
-----------------------
test accuracy: 0.1192
-----------------------
-----------------------
test accuracy: 0.1194
-----------------------
-----------------------
test accuracy: 0.1198
-----------------------
epoch 101 avg accuracy on training data: 11.91396
-----------------------
test accuracy: 0.12
-----------------------
-----------------------
test accuracy: 0.1207
-----------------------
-----------------------
test accuracy: 0.1216
-----------------------
epoch 102 avg accuracy on training data: 12.201240000000006
-----------------------
test accuracy: 0.1219
-----------------------
-----------------------
test accuracy: 0.1228
-----------------------
-----------------------
test accuracy: 0.1234
-----------------------
epoch 103 avg accuracy on training data: 12.415620000000002
-----------------------
test accuracy: 0.1239
-----------------------
-----------------------
test accuracy: 0.1243
-----------------------
-----------------------
test accuracy: 0.1248
-----------------------
epoch 104 avg accuracy on training data: 12.690080000000005
-----------------------
test accuracy: 0.1249
-----------------------
-----------------------
test accuracy: 0.1253
-----------------------
-----------------------
test accuracy: 0.1259
-----------------------
epoch 105 avg accuracy on training data: 12.959099999999996
-----------------------
test accuracy: 0.1266
-----------------------
-----------------------
test accuracy: 0.1268
-----------------------
-----------------------
test accuracy: 0.1269
-----------------------
epoch 106 avg accuracy on training data: 13.218199999999994
-----------------------
test accuracy: 0.1271
-----------------------
-----------------------
test accuracy: 0.1275
-----------------------
-----------------------
test accuracy: 0.1281
-----------------------
epoch 107 avg accuracy on training data: 13.454179999999997
-----------------------
test accuracy: 0.1285
-----------------------
-----------------------
test accuracy: 0.1289
-----------------------
-----------------------
test accuracy: 0.1292
-----------------------
epoch 108 avg accuracy on training data: 13.68792
-----------------------
test accuracy: 0.1297
-----------------------
-----------------------
test accuracy: 0.13
-----------------------
-----------------------
test accuracy: 0.1304
-----------------------
epoch 109 avg accuracy on training data: 13.982520000000003
-----------------------
test accuracy: 0.1306
-----------------------
-----------------------
test accuracy: 0.1311
-----------------------
-----------------------
test accuracy: 0.1314
-----------------------
epoch 110 avg accuracy on training data: 14.234000000000002
-----------------------
test accuracy: 0.1314
-----------------------
-----------------------
test accuracy: 0.1316
-----------------------
-----------------------
test accuracy: 0.1322
-----------------------
epoch 111 avg accuracy on training data: 14.476620000000011
-----------------------
test accuracy: 0.1325
-----------------------
-----------------------
test accuracy: 0.1327
-----------------------
-----------------------
test accuracy: 0.133
-----------------------
epoch 112 avg accuracy on training data: 14.786240000000006
-----------------------
test accuracy: 0.1336
-----------------------
-----------------------
test accuracy: 0.134
-----------------------
-----------------------
test accuracy: 0.1341
-----------------------
epoch 113 avg accuracy on training data: 14.979279999999997
-----------------------
test accuracy: 0.1343
-----------------------
-----------------------
test accuracy: 0.1346
-----------------------
-----------------------
test accuracy: 0.1344
-----------------------
epoch 114 avg accuracy on training data: 15.262320000000008
-----------------------
test accuracy: 0.1345
-----------------------
-----------------------
test accuracy: 0.1351
-----------------------
-----------------------
test accuracy: 0.1353
-----------------------
epoch 115 avg accuracy on training data: 15.515800000000006
-----------------------
test accuracy: 0.1357
-----------------------
-----------------------
test accuracy: 0.136
-----------------------
-----------------------
test accuracy: 0.1366
-----------------------
epoch 116 avg accuracy on training data: 15.708720000000003
-----------------------
test accuracy: 0.1366
-----------------------
-----------------------
test accuracy: 0.1369
-----------------------
-----------------------
test accuracy: 0.1373
-----------------------
epoch 117 avg accuracy on training data: 15.991560000000007
-----------------------
test accuracy: 0.1378
-----------------------
-----------------------
test accuracy: 0.1381
-----------------------
-----------------------
test accuracy: 0.1385
-----------------------
epoch 118 avg accuracy on training data: 16.232079999999996
-----------------------
test accuracy: 0.1386
-----------------------
-----------------------
test accuracy: 0.1392
-----------------------
-----------------------
test accuracy: 0.1397
-----------------------
epoch 119 avg accuracy on training data: 16.491020000000017
-----------------------
test accuracy: 0.14
-----------------------
-----------------------
test accuracy: 0.1399
-----------------------
-----------------------
test accuracy: 0.1403
-----------------------
epoch 120 avg accuracy on training data: 16.749600000000004
-----------------------
test accuracy: 0.1404
-----------------------
-----------------------
test accuracy: 0.1409
-----------------------
-----------------------
test accuracy: 0.1412
-----------------------
epoch 121 avg accuracy on training data: 16.973880000000005
-----------------------
test accuracy: 0.1412
-----------------------
-----------------------
test accuracy: 0.1419
-----------------------
-----------------------
test accuracy: 0.1421
-----------------------
epoch 122 avg accuracy on training data: 17.23616
-----------------------
test accuracy: 0.142
-----------------------
-----------------------
test accuracy: 0.1424
-----------------------
-----------------------
test accuracy: 0.1426
-----------------------
epoch 123 avg accuracy on training data: 17.414339999999996
-----------------------
test accuracy: 0.1429
-----------------------
-----------------------
test accuracy: 0.1432
-----------------------
-----------------------
test accuracy: 0.1434
-----------------------
epoch 124 avg accuracy on training data: 17.632800000000003
-----------------------
test accuracy: 0.1436
-----------------------
-----------------------
test accuracy: 0.144
-----------------------
-----------------------
test accuracy: 0.1444
-----------------------
epoch 125 avg accuracy on training data: 17.885
-----------------------
test accuracy: 0.1445
-----------------------
-----------------------
test accuracy: 0.1446
-----------------------
-----------------------
test accuracy: 0.1446
-----------------------
epoch 126 avg accuracy on training data: 18.12635999999999
-----------------------
test accuracy: 0.1446
-----------------------
-----------------------
test accuracy: 0.1446
-----------------------
-----------------------
test accuracy: 0.1448
-----------------------
epoch 127 avg accuracy on training data: 18.32356000000002
-----------------------
test accuracy: 0.145
-----------------------
-----------------------
test accuracy: 0.1454
-----------------------
-----------------------
test accuracy: 0.1457
-----------------------
epoch 128 avg accuracy on training data: 18.516479999999998
-----------------------
test accuracy: 0.148
-----------------------
-----------------------
test accuracy: 0.1538
-----------------------
-----------------------
test accuracy: 0.1564
-----------------------
epoch 129 avg accuracy on training data: 19.62348
-----------------------
test accuracy: 0.1564
-----------------------
-----------------------
test accuracy: 0.1558
-----------------------
-----------------------
test accuracy: 0.1551
-----------------------
epoch 130 avg accuracy on training data: 19.908200000000004
-----------------------
test accuracy: 0.1543
-----------------------
-----------------------
test accuracy: 0.1541
-----------------------
-----------------------
test accuracy: 0.1616
-----------------------
epoch 131 avg accuracy on training data: 20.491020000000002
-----------------------
test accuracy: 0.1634
-----------------------
-----------------------
test accuracy: 0.1604
-----------------------
-----------------------
test accuracy: 0.1609
-----------------------
epoch 132 avg accuracy on training data: 21.439439999999998
-----------------------
test accuracy: 0.1616
-----------------------
-----------------------
test accuracy: 0.1601
-----------------------
-----------------------
test accuracy: 0.1592
-----------------------
epoch 133 avg accuracy on training data: 21.309260000000013
-----------------------
test accuracy: 0.1586
-----------------------
-----------------------
test accuracy: 0.158
-----------------------
-----------------------
test accuracy: 0.1583
-----------------------
epoch 134 avg accuracy on training data: 21.190759999999983
-----------------------
test accuracy: 0.1582
-----------------------
-----------------------
test accuracy: 0.1588
-----------------------
-----------------------
test accuracy: 0.1586
-----------------------
epoch 135 avg accuracy on training data: 21.424499999999988
-----------------------
test accuracy: 0.1588
-----------------------
-----------------------
test accuracy: 0.1592
-----------------------
-----------------------
test accuracy: 0.1595
-----------------------
epoch 136 avg accuracy on training data: 21.604959999999984
-----------------------
test accuracy: 0.1597
-----------------------
-----------------------
test accuracy: 0.1612
-----------------------
-----------------------
test accuracy: 0.162
-----------------------
epoch 137 avg accuracy on training data: 22.015900000000006
-----------------------
test accuracy: 0.1627
-----------------------
-----------------------
test accuracy: 0.164
-----------------------
-----------------------
test accuracy: 0.1651
-----------------------
epoch 138 avg accuracy on training data: 22.485720000000004
-----------------------
test accuracy: 0.1653
-----------------------
-----------------------
test accuracy: 0.1667
-----------------------
-----------------------
test accuracy: 0.1674
-----------------------
epoch 139 avg accuracy on training data: 23.076779999999992
-----------------------
test accuracy: 0.1689
-----------------------
-----------------------
test accuracy: 0.1701
-----------------------
-----------------------
test accuracy: 0.1729
-----------------------
epoch 140 avg accuracy on training data: 23.853199999999998
-----------------------
test accuracy: 0.1756
-----------------------
-----------------------
test accuracy: 0.179
-----------------------
-----------------------
test accuracy: 0.1829
-----------------------
epoch 141 avg accuracy on training data: 25.55202
-----------------------
test accuracy: 0.1853
-----------------------
-----------------------
test accuracy: 0.1926
-----------------------
-----------------------
test accuracy: 0.1991
-----------------------
epoch 142 avg accuracy on training data: 27.902999999999995
-----------------------
test accuracy: 0.2052
-----------------------
-----------------------
test accuracy: 0.2145
-----------------------
-----------------------
test accuracy: 0.2278
-----------------------
epoch 143 avg accuracy on training data: 31.17972000000001
-----------------------
test accuracy: 0.2318
-----------------------
-----------------------
test accuracy: 0.238
-----------------------
-----------------------
test accuracy: 0.2492
-----------------------
epoch 144 avg accuracy on training data: 34.30367999999999
-----------------------
test accuracy: 0.2532
-----------------------
-----------------------
test accuracy: 0.2556
-----------------------
-----------------------
test accuracy: 0.2628
-----------------------
epoch 145 avg accuracy on training data: 36.47619999999997
-----------------------
test accuracy: 0.2651
-----------------------
-----------------------
test accuracy: 0.2656
-----------------------
-----------------------
test accuracy: 0.2692
-----------------------
epoch 146 avg accuracy on training data: 38.01547999999999
-----------------------
test accuracy: 0.2706
-----------------------
-----------------------
test accuracy: 0.2722
-----------------------
-----------------------
test accuracy: 0.2744
-----------------------
epoch 147 avg accuracy on training data: 39.413640000000015
-----------------------
test accuracy: 0.2731
-----------------------
-----------------------
test accuracy: 0.2745
-----------------------
-----------------------
test accuracy: 0.281
-----------------------
epoch 148 avg accuracy on training data: 40.682239999999965
-----------------------
test accuracy: 0.2829
-----------------------
-----------------------
test accuracy: 0.2864
-----------------------
-----------------------
test accuracy: 0.2879
-----------------------
epoch 149 avg accuracy on training data: 42.28322000000001
-----------------------
test accuracy: 0.2866
-----------------------
-----------------------
test accuracy: 0.2896
-----------------------
-----------------------
test accuracy: 0.2927
-----------------------
epoch 150 avg accuracy on training data: 43.18800000000002
-----------------------
test accuracy: 0.2933
-----------------------
-----------------------
test accuracy: 0.2964
-----------------------
-----------------------
test accuracy: 0.2995
-----------------------
epoch 151 avg accuracy on training data: 44.33661999999999
-----------------------
test accuracy: 0.3019
-----------------------
-----------------------
test accuracy: 0.3015
-----------------------
-----------------------
test accuracy: 0.3069
-----------------------
epoch 152 avg accuracy on training data: 45.560480000000005
-----------------------
test accuracy: 0.307
-----------------------
-----------------------
test accuracy: 0.3087
-----------------------
-----------------------
test accuracy: 0.3113
-----------------------
epoch 153 avg accuracy on training data: 46.59767999999998
-----------------------
test accuracy: 0.3119
-----------------------
-----------------------
test accuracy: 0.3149
-----------------------
-----------------------
test accuracy: 0.3159
-----------------------
epoch 154 avg accuracy on training data: 47.92788000000002
-----------------------
test accuracy: 0.3175
-----------------------
-----------------------
test accuracy: 0.3192
-----------------------
-----------------------
test accuracy: 0.32
-----------------------
epoch 155 avg accuracy on training data: 48.91179999999997
-----------------------
test accuracy: 0.3212
-----------------------
-----------------------
test accuracy: 0.3227
-----------------------
-----------------------
test accuracy: 0.3246
-----------------------
epoch 156 avg accuracy on training data: 49.90751999999999
-----------------------
test accuracy: 0.3258
-----------------------
-----------------------
test accuracy: 0.3269
-----------------------
-----------------------
test accuracy: 0.3294
-----------------------
epoch 157 avg accuracy on training data: 51.29189999999998
-----------------------
test accuracy: 0.3289
-----------------------
-----------------------
test accuracy: 0.33
-----------------------
-----------------------
test accuracy: 0.3327
-----------------------
epoch 158 avg accuracy on training data: 52.12420000000001
-----------------------
test accuracy: 0.3329
-----------------------
-----------------------
test accuracy: 0.3361
-----------------------
-----------------------
test accuracy: 0.338
-----------------------
epoch 159 avg accuracy on training data: 52.997879999999995
-----------------------
test accuracy: 0.337
-----------------------
-----------------------
test accuracy: 0.3367
-----------------------
-----------------------
test accuracy: 0.3408
-----------------------
epoch 160 avg accuracy on training data: 53.80480000000002
-----------------------
test accuracy: 0.3403
-----------------------
-----------------------
test accuracy: 0.342
-----------------------
-----------------------
test accuracy: 0.3443
-----------------------
epoch 161 avg accuracy on training data: 54.685259999999985
-----------------------
test accuracy: 0.3448
-----------------------
-----------------------
test accuracy: 0.3461
-----------------------
-----------------------
test accuracy: 0.3477
-----------------------
epoch 162 avg accuracy on training data: 55.546559999999936
-----------------------
test accuracy: 0.3477
-----------------------
-----------------------
test accuracy: 0.3489
-----------------------
-----------------------
test accuracy: 0.3496
-----------------------
epoch 163 avg accuracy on training data: 56.401259999999965
-----------------------
test accuracy: 0.3514
-----------------------
-----------------------
test accuracy: 0.352
-----------------------
-----------------------
test accuracy: 0.3531
-----------------------
epoch 164 avg accuracy on training data: 57.38031999999997
-----------------------
test accuracy: 0.3539
-----------------------
-----------------------
test accuracy: 0.3537
-----------------------
-----------------------
test accuracy: 0.3556
-----------------------
epoch 165 avg accuracy on training data: 58.20539999999998
-----------------------
test accuracy: 0.355
-----------------------
-----------------------
test accuracy: 0.3567
-----------------------
-----------------------
test accuracy: 0.3571
-----------------------
epoch 166 avg accuracy on training data: 58.97647999999997
-----------------------
test accuracy: 0.3584
-----------------------
-----------------------
test accuracy: 0.3597
-----------------------
-----------------------
test accuracy: 0.3613
-----------------------
epoch 167 avg accuracy on training data: 59.518800000000034
-----------------------
test accuracy: 0.361
-----------------------
-----------------------
test accuracy: 0.3613
-----------------------
-----------------------
test accuracy: 0.3625
-----------------------
epoch 168 avg accuracy on training data: 60.09023999999998
-----------------------
test accuracy: 0.3644
-----------------------
-----------------------
test accuracy: 0.3641
-----------------------
-----------------------
test accuracy: 0.3646
-----------------------
epoch 169 avg accuracy on training data: 61.10025999999999
-----------------------
test accuracy: 0.3653
-----------------------
-----------------------
test accuracy: 0.366
-----------------------
-----------------------
test accuracy: 0.3672
-----------------------
epoch 170 avg accuracy on training data: 61.84939999999997
-----------------------
test accuracy: 0.3686
-----------------------
-----------------------
test accuracy: 0.3695
-----------------------
srun: Job step aborted: Waiting up to 32 seconds for job step to finish.
slurmstepd: error: *** JOB 3939237 ON r31n5 CANCELLED AT 2019-11-14T11:54:58 DUE TO TIME LIMIT ***
slurmstepd: error: *** STEP 3939237.0 ON r31n5 CANCELLED AT 2019-11-14T11:54:58 DUE TO TIME LIMIT ***
