dnn_hidden_units : 100
learning_rate : 0.002
max_steps : 1500
batch_size : 200
eval_freq : 100
data_dir : ./cifar10/cifar-10-batches-py
neg_slope : 0.02
----------MLP initialized-------------
-----------------------
test accuracy: 0.0884
-----------------------
-----------------------
test accuracy: 0.1631
-----------------------
-----------------------
test accuracy: 0.1866
-----------------------
epoch 1 avg accuracy on training data: 0.1555179282868526
-----------------------
test accuracy: 0.1911
-----------------------
-----------------------
test accuracy: 0.1954
-----------------------
-----------------------
test accuracy: 0.2037
-----------------------
epoch 2 avg accuracy on training data: 0.18760000000000002
-----------------------
test accuracy: 0.2013
-----------------------
-----------------------
test accuracy: 0.2054
-----------------------
-----------------------
test accuracy: 0.2093
-----------------------
epoch 3 avg accuracy on training data: 0.19666000000000006
-----------------------
test accuracy: 0.2111
-----------------------
-----------------------
test accuracy: 0.2132
-----------------------
-----------------------
test accuracy: 0.2243
-----------------------
epoch 4 avg accuracy on training data: 0.20606000000000008
-----------------------
test accuracy: 0.2255
-----------------------
-----------------------
test accuracy: 0.2298
-----------------------
-----------------------
test accuracy: 0.2369
-----------------------
epoch 5 avg accuracy on training data: 0.22286000000000003
-----------------------
test accuracy: 0.242
-----------------------
-----------------------
test accuracy: 0.2482
-----------------------
-----------------------
test accuracy: 0.2514
-----------------------
epoch 6 avg accuracy on training data: 0.24093999999999993
-----------------------
test accuracy: 0.2565
-----------------------
-----------------------
test accuracy: 0.2575
-----------------------
-----------------------
test accuracy: 0.2607
-----------------------
epoch 7 avg accuracy on training data: 0.2498999999999999
-----------------------
test accuracy: 0.2605
-----------------------
-----------------------
test accuracy: 0.2606
-----------------------
-----------------------
test accuracy: 0.2661
-----------------------
epoch 8 avg accuracy on training data: 0.2568599999999999
-----------------------
test accuracy: 0.2666
-----------------------
-----------------------
test accuracy: 0.2683
-----------------------
-----------------------
test accuracy: 0.2712
-----------------------
epoch 9 avg accuracy on training data: 0.2635199999999998
-----------------------
test accuracy: 0.2716
-----------------------
-----------------------
test accuracy: 0.2737
-----------------------
-----------------------
test accuracy: 0.2735
-----------------------
epoch 10 avg accuracy on training data: 0.2713999999999999
-----------------------
test accuracy: 0.2755
-----------------------
-----------------------
test accuracy: 0.2791
-----------------------
-----------------------
test accuracy: 0.2818
-----------------------
epoch 11 avg accuracy on training data: 0.27766000000000013
-----------------------
test accuracy: 0.2826
-----------------------
-----------------------
test accuracy: 0.2852
-----------------------
-----------------------
test accuracy: 0.288
-----------------------
epoch 12 avg accuracy on training data: 0.2832800000000001
-----------------------
test accuracy: 0.2911
-----------------------
-----------------------
test accuracy: 0.2936
-----------------------
-----------------------
test accuracy: 0.2962
-----------------------
epoch 13 avg accuracy on training data: 0.29196
-----------------------
test accuracy: 0.2964
-----------------------
-----------------------
test accuracy: 0.3017
-----------------------
-----------------------
test accuracy: 0.302
-----------------------
epoch 14 avg accuracy on training data: 0.2989399999999999
-----------------------
test accuracy: 0.3025
-----------------------
-----------------------
test accuracy: 0.3033
-----------------------
-----------------------
test accuracy: 0.3064
-----------------------
epoch 15 avg accuracy on training data: 0.30426000000000003
-----------------------
test accuracy: 0.3081
-----------------------
-----------------------
test accuracy: 0.3101
-----------------------
-----------------------
test accuracy: 0.3145
-----------------------
epoch 16 avg accuracy on training data: 0.31154
-----------------------
test accuracy: 0.316
-----------------------
-----------------------
test accuracy: 0.3175
-----------------------
-----------------------
test accuracy: 0.3183
-----------------------
epoch 17 avg accuracy on training data: 0.3161600000000003
-----------------------
test accuracy: 0.3204
-----------------------
-----------------------
test accuracy: 0.3223
-----------------------
-----------------------
test accuracy: 0.3256
-----------------------
epoch 18 avg accuracy on training data: 0.32016
-----------------------
test accuracy: 0.3261
-----------------------
-----------------------
test accuracy: 0.3292
-----------------------
-----------------------
test accuracy: 0.3295
-----------------------
epoch 19 avg accuracy on training data: 0.3250799999999997
-----------------------
test accuracy: 0.3313
-----------------------
-----------------------
test accuracy: 0.3319
-----------------------
-----------------------
test accuracy: 0.3331
-----------------------
epoch 20 avg accuracy on training data: 0.3292199999999999
-----------------------
test accuracy: 0.3357
-----------------------
-----------------------
test accuracy: 0.3371
-----------------------
-----------------------
test accuracy: 0.3374
-----------------------
epoch 21 avg accuracy on training data: 0.3337599999999998
-----------------------
test accuracy: 0.3381
-----------------------
-----------------------
test accuracy: 0.3391
-----------------------
-----------------------
test accuracy: 0.3424
-----------------------
epoch 22 avg accuracy on training data: 0.33836
-----------------------
test accuracy: 0.3434
-----------------------
-----------------------
test accuracy: 0.3453
-----------------------
-----------------------
test accuracy: 0.346
-----------------------
epoch 23 avg accuracy on training data: 0.3416199999999998
-----------------------
test accuracy: 0.3467
-----------------------
-----------------------
test accuracy: 0.3493
-----------------------
-----------------------
test accuracy: 0.351
-----------------------
epoch 24 avg accuracy on training data: 0.34586000000000033
-----------------------
test accuracy: 0.3501
-----------------------
-----------------------
test accuracy: 0.351
-----------------------
-----------------------
test accuracy: 0.3544
-----------------------
epoch 25 avg accuracy on training data: 0.3496800000000001
-----------------------
test accuracy: 0.3545
-----------------------
-----------------------
test accuracy: 0.3574
-----------------------
-----------------------
test accuracy: 0.359
-----------------------
epoch 26 avg accuracy on training data: 0.3531200000000002
-----------------------
test accuracy: 0.3589
-----------------------
-----------------------
test accuracy: 0.3619
-----------------------
-----------------------
test accuracy: 0.3629
-----------------------
epoch 27 avg accuracy on training data: 0.3564199999999997
-----------------------
test accuracy: 0.3635
-----------------------
-----------------------
test accuracy: 0.3643
-----------------------
-----------------------
test accuracy: 0.3661
-----------------------
epoch 28 avg accuracy on training data: 0.3589999999999999
-----------------------
test accuracy: 0.3669
-----------------------
-----------------------
test accuracy: 0.3691
-----------------------
-----------------------
test accuracy: 0.3689
-----------------------
epoch 29 avg accuracy on training data: 0.36383999999999994
-----------------------
test accuracy: 0.3698
-----------------------
-----------------------
test accuracy: 0.3707
-----------------------
-----------------------
test accuracy: 0.3725
-----------------------
epoch 30 avg accuracy on training data: 0.36518
-----------------------
test accuracy: 0.3728
-----------------------
-----------------------
test accuracy: 0.3757
-----------------------
-----------------------
test accuracy: 0.3769
-----------------------
epoch 31 avg accuracy on training data: 0.3698399999999999
-----------------------
test accuracy: 0.3773
-----------------------
-----------------------
test accuracy: 0.379
-----------------------
-----------------------
test accuracy: 0.3791
-----------------------
epoch 32 avg accuracy on training data: 0.3715999999999999
-----------------------
test accuracy: 0.3806
-----------------------
-----------------------
test accuracy: 0.381
-----------------------
-----------------------
test accuracy: 0.3815
-----------------------
epoch 33 avg accuracy on training data: 0.3738799999999999
-----------------------
test accuracy: 0.3815
-----------------------
-----------------------
test accuracy: 0.3825
-----------------------
-----------------------
test accuracy: 0.3831
-----------------------
epoch 34 avg accuracy on training data: 0.37754
-----------------------
test accuracy: 0.3847
-----------------------
-----------------------
test accuracy: 0.3854
-----------------------
-----------------------
test accuracy: 0.3867
-----------------------
epoch 35 avg accuracy on training data: 0.3797600000000005
-----------------------
test accuracy: 0.3874
-----------------------
-----------------------
test accuracy: 0.3882
-----------------------
-----------------------
test accuracy: 0.3906
-----------------------
epoch 36 avg accuracy on training data: 0.38308
-----------------------
test accuracy: 0.3903
-----------------------
-----------------------
test accuracy: 0.3923
-----------------------
-----------------------
test accuracy: 0.3924
-----------------------
epoch 37 avg accuracy on training data: 0.38646
-----------------------
test accuracy: 0.3932
-----------------------
-----------------------
test accuracy: 0.3944
-----------------------
-----------------------
test accuracy: 0.394
-----------------------
epoch 38 avg accuracy on training data: 0.38716
-----------------------
test accuracy: 0.3951
-----------------------
-----------------------
test accuracy: 0.3964
-----------------------
-----------------------
test accuracy: 0.398
-----------------------
epoch 39 avg accuracy on training data: 0.3908800000000005
-----------------------
test accuracy: 0.3981
-----------------------
-----------------------
test accuracy: 0.3998
-----------------------
-----------------------
test accuracy: 0.4012
-----------------------
epoch 40 avg accuracy on training data: 0.39304000000000006
-----------------------
test accuracy: 0.4018
-----------------------
-----------------------
test accuracy: 0.4023
-----------------------
-----------------------
test accuracy: 0.4042
-----------------------
epoch 41 avg accuracy on training data: 0.39516000000000007
-----------------------
test accuracy: 0.4037
-----------------------
-----------------------
test accuracy: 0.4039
-----------------------
-----------------------
test accuracy: 0.4063
-----------------------
epoch 42 avg accuracy on training data: 0.39812000000000003
-----------------------
test accuracy: 0.4073
-----------------------
-----------------------
test accuracy: 0.4068
-----------------------
-----------------------
test accuracy: 0.4091
-----------------------
epoch 43 avg accuracy on training data: 0.40134000000000036
-----------------------
test accuracy: 0.4091
-----------------------
-----------------------
test accuracy: 0.4091
-----------------------
-----------------------
test accuracy: 0.4106
-----------------------
epoch 44 avg accuracy on training data: 0.40234000000000003
-----------------------
test accuracy: 0.4111
-----------------------
-----------------------
test accuracy: 0.4115
-----------------------
-----------------------
test accuracy: 0.4135
-----------------------
epoch 45 avg accuracy on training data: 0.4045600000000002
-----------------------
test accuracy: 0.4138
-----------------------
-----------------------
test accuracy: 0.4122
-----------------------
-----------------------
test accuracy: 0.415
-----------------------
epoch 46 avg accuracy on training data: 0.40636000000000033
-----------------------
test accuracy: 0.4152
-----------------------
-----------------------
test accuracy: 0.4163
-----------------------
-----------------------
test accuracy: 0.4156
-----------------------
epoch 47 avg accuracy on training data: 0.40865999999999997
-----------------------
test accuracy: 0.4166
-----------------------
-----------------------
test accuracy: 0.4163
-----------------------
-----------------------
test accuracy: 0.4171
-----------------------
epoch 48 avg accuracy on training data: 0.4093000000000002
-----------------------
test accuracy: 0.4177
-----------------------
-----------------------
test accuracy: 0.4178
-----------------------
-----------------------
test accuracy: 0.4189
-----------------------
epoch 49 avg accuracy on training data: 0.41116
-----------------------
test accuracy: 0.4181
-----------------------
-----------------------
test accuracy: 0.4194
-----------------------
-----------------------
test accuracy: 0.421
-----------------------
epoch 50 avg accuracy on training data: 0.41488
-----------------------
test accuracy: 0.4199
-----------------------
-----------------------
test accuracy: 0.4213
-----------------------
-----------------------
test accuracy: 0.4223
-----------------------
epoch 51 avg accuracy on training data: 0.4151800000000004
-----------------------
test accuracy: 0.4219
-----------------------
-----------------------
test accuracy: 0.4231
-----------------------
-----------------------
test accuracy: 0.424
-----------------------
epoch 52 avg accuracy on training data: 0.4174399999999997
-----------------------
test accuracy: 0.4237
-----------------------
-----------------------
test accuracy: 0.4237
-----------------------
-----------------------
test accuracy: 0.4253
-----------------------
epoch 53 avg accuracy on training data: 0.41788000000000003
-----------------------
test accuracy: 0.4258
-----------------------
-----------------------
test accuracy: 0.425
-----------------------
-----------------------
test accuracy: 0.4271
-----------------------
epoch 54 avg accuracy on training data: 0.4194200000000004
-----------------------
test accuracy: 0.4257
-----------------------
-----------------------
test accuracy: 0.426
-----------------------
-----------------------
test accuracy: 0.4278
-----------------------
epoch 55 avg accuracy on training data: 0.4237600000000004
-----------------------
test accuracy: 0.428
-----------------------
-----------------------
test accuracy: 0.4277
-----------------------
-----------------------
test accuracy: 0.4278
-----------------------
epoch 56 avg accuracy on training data: 0.4222999999999999
-----------------------
test accuracy: 0.4295
-----------------------
-----------------------
test accuracy: 0.4287
-----------------------
-----------------------
test accuracy: 0.4296
-----------------------
epoch 57 avg accuracy on training data: 0.42469999999999986
-----------------------
test accuracy: 0.431
-----------------------
-----------------------
test accuracy: 0.4304
-----------------------
-----------------------
test accuracy: 0.4331
-----------------------
epoch 58 avg accuracy on training data: 0.4279000000000002
-----------------------
test accuracy: 0.4337
-----------------------
-----------------------
test accuracy: 0.4329
-----------------------
-----------------------
test accuracy: 0.4344
-----------------------
epoch 59 avg accuracy on training data: 0.4278800000000001
-----------------------
test accuracy: 0.4336
-----------------------
-----------------------
test accuracy: 0.4345
-----------------------
-----------------------
test accuracy: 0.4343
-----------------------
epoch 60 avg accuracy on training data: 0.42890000000000006
-----------------------
test accuracy: 0.4362
-----------------------
-----------------------
test accuracy: 0.4349
-----------------------
-----------------------
test accuracy: 0.4347
-----------------------
epoch 61 avg accuracy on training data: 0.42986000000000013
-----------------------
test accuracy: 0.4363
-----------------------
-----------------------
test accuracy: 0.4372
-----------------------
-----------------------
test accuracy: 0.4373
-----------------------
epoch 62 avg accuracy on training data: 0.43274
-----------------------
test accuracy: 0.4362
-----------------------
-----------------------
test accuracy: 0.4381
-----------------------
-----------------------
test accuracy: 0.4375
-----------------------
epoch 63 avg accuracy on training data: 0.43229999999999974
-----------------------
test accuracy: 0.4391
-----------------------
-----------------------
test accuracy: 0.44
-----------------------
-----------------------
test accuracy: 0.4408
-----------------------
epoch 64 avg accuracy on training data: 0.4340600000000003
-----------------------
test accuracy: 0.4405
-----------------------
-----------------------
test accuracy: 0.4405
-----------------------
-----------------------
test accuracy: 0.4412
-----------------------
epoch 65 avg accuracy on training data: 0.4353400000000001
-----------------------
test accuracy: 0.4415
-----------------------
-----------------------
test accuracy: 0.4417
-----------------------
-----------------------
test accuracy: 0.4417
-----------------------
epoch 66 avg accuracy on training data: 0.4356399999999999
-----------------------
test accuracy: 0.4412
-----------------------
-----------------------
test accuracy: 0.442
-----------------------
-----------------------
test accuracy: 0.4425
-----------------------
epoch 67 avg accuracy on training data: 0.43823999999999996
-----------------------
test accuracy: 0.4421
-----------------------
-----------------------
test accuracy: 0.4426
-----------------------
-----------------------
test accuracy: 0.4424
-----------------------
epoch 68 avg accuracy on training data: 0.43917999999999996
-----------------------
test accuracy: 0.4426
-----------------------
-----------------------
test accuracy: 0.4442
-----------------------
-----------------------
test accuracy: 0.4433
-----------------------
epoch 69 avg accuracy on training data: 0.4416399999999999
-----------------------
test accuracy: 0.4437
-----------------------
-----------------------
test accuracy: 0.4446
-----------------------
-----------------------
test accuracy: 0.4441
-----------------------
epoch 70 avg accuracy on training data: 0.4399799999999999
-----------------------
test accuracy: 0.4448
-----------------------
-----------------------
test accuracy: 0.4443
-----------------------
-----------------------
test accuracy: 0.4447
-----------------------
epoch 71 avg accuracy on training data: 0.44191999999999987
-----------------------
test accuracy: 0.4466
-----------------------
-----------------------
test accuracy: 0.4471
-----------------------
-----------------------
test accuracy: 0.4463
-----------------------
epoch 72 avg accuracy on training data: 0.44410000000000005
-----------------------
test accuracy: 0.4457
-----------------------
-----------------------
test accuracy: 0.4471
-----------------------
-----------------------
test accuracy: 0.4479
-----------------------
epoch 73 avg accuracy on training data: 0.4452199999999998
-----------------------
test accuracy: 0.4481
-----------------------
-----------------------
test accuracy: 0.4493
-----------------------
-----------------------
test accuracy: 0.4475
-----------------------
epoch 74 avg accuracy on training data: 0.4467799999999998
-----------------------
test accuracy: 0.4489
-----------------------
-----------------------
test accuracy: 0.4485
-----------------------
-----------------------
test accuracy: 0.4497
-----------------------
epoch 75 avg accuracy on training data: 0.4479
-----------------------
test accuracy: 0.4504
-----------------------
-----------------------
test accuracy: 0.4506
-----------------------
-----------------------
test accuracy: 0.4491
-----------------------
epoch 76 avg accuracy on training data: 0.4478999999999997
-----------------------
test accuracy: 0.4506
-----------------------
-----------------------
test accuracy: 0.4513
-----------------------
-----------------------
test accuracy: 0.4507
-----------------------
epoch 77 avg accuracy on training data: 0.45005999999999985
-----------------------
test accuracy: 0.4513
-----------------------
-----------------------
test accuracy: 0.4519
-----------------------
-----------------------
test accuracy: 0.4516
-----------------------
epoch 78 avg accuracy on training data: 0.45155999999999985
-----------------------
test accuracy: 0.4513
-----------------------
-----------------------
test accuracy: 0.4527
-----------------------
-----------------------
test accuracy: 0.4521
-----------------------
epoch 79 avg accuracy on training data: 0.45204
-----------------------
test accuracy: 0.4514
-----------------------
-----------------------
test accuracy: 0.4525
-----------------------
-----------------------
test accuracy: 0.4532
-----------------------
epoch 80 avg accuracy on training data: 0.45151999999999975
-----------------------
test accuracy: 0.4532
-----------------------
-----------------------
test accuracy: 0.4537
-----------------------
-----------------------
test accuracy: 0.4538
-----------------------
epoch 81 avg accuracy on training data: 0.45419999999999994
-----------------------
test accuracy: 0.454
-----------------------
-----------------------
test accuracy: 0.4548
-----------------------
-----------------------
test accuracy: 0.4547
-----------------------
epoch 82 avg accuracy on training data: 0.45509999999999945
-----------------------
test accuracy: 0.455
-----------------------
-----------------------
test accuracy: 0.4549
-----------------------
-----------------------
test accuracy: 0.4554
-----------------------
epoch 83 avg accuracy on training data: 0.4567399999999996
-----------------------
test accuracy: 0.4563
-----------------------
-----------------------
test accuracy: 0.4554
-----------------------
-----------------------
test accuracy: 0.4556
-----------------------
epoch 84 avg accuracy on training data: 0.4567799999999998
-----------------------
test accuracy: 0.4552
-----------------------
-----------------------
test accuracy: 0.457
-----------------------
-----------------------
test accuracy: 0.4575
-----------------------
epoch 85 avg accuracy on training data: 0.45871999999999985
-----------------------
test accuracy: 0.4564
-----------------------
-----------------------
test accuracy: 0.4575
-----------------------
-----------------------
test accuracy: 0.4582
-----------------------
epoch 86 avg accuracy on training data: 0.4593800000000001
-----------------------
test accuracy: 0.4583
-----------------------
-----------------------
test accuracy: 0.4578
-----------------------
-----------------------
test accuracy: 0.4584
-----------------------
epoch 87 avg accuracy on training data: 0.4600999999999997
-----------------------
test accuracy: 0.4581
-----------------------
-----------------------
test accuracy: 0.46
-----------------------
-----------------------
test accuracy: 0.4592
-----------------------
epoch 88 avg accuracy on training data: 0.46048000000000006
-----------------------
test accuracy: 0.4585
-----------------------
-----------------------
test accuracy: 0.4605
-----------------------
-----------------------
test accuracy: 0.4603
-----------------------
epoch 89 avg accuracy on training data: 0.46279999999999955
-----------------------
test accuracy: 0.46
-----------------------
-----------------------
test accuracy: 0.4603
-----------------------
-----------------------
test accuracy: 0.4618
-----------------------
epoch 90 avg accuracy on training data: 0.46306000000000014
-----------------------
test accuracy: 0.4614
-----------------------
-----------------------
test accuracy: 0.4604
-----------------------
-----------------------
test accuracy: 0.462
-----------------------
epoch 91 avg accuracy on training data: 0.4651199999999997
-----------------------
test accuracy: 0.4607
-----------------------
-----------------------
test accuracy: 0.4613
-----------------------
-----------------------
test accuracy: 0.4619
-----------------------
epoch 92 avg accuracy on training data: 0.46507999999999944
-----------------------
test accuracy: 0.463
-----------------------
-----------------------
test accuracy: 0.4619
-----------------------
-----------------------
test accuracy: 0.463
-----------------------
epoch 93 avg accuracy on training data: 0.46643999999999997
-----------------------
test accuracy: 0.4631
-----------------------
-----------------------
test accuracy: 0.4638
-----------------------
-----------------------
test accuracy: 0.4656
-----------------------
epoch 94 avg accuracy on training data: 0.46692
-----------------------
test accuracy: 0.4644
-----------------------
-----------------------
test accuracy: 0.4648
-----------------------
-----------------------
test accuracy: 0.466
-----------------------
epoch 95 avg accuracy on training data: 0.4686200000000001
-----------------------
test accuracy: 0.4657
-----------------------
-----------------------
test accuracy: 0.4665
-----------------------
-----------------------
test accuracy: 0.4663
-----------------------
epoch 96 avg accuracy on training data: 0.46946
-----------------------
test accuracy: 0.4671
-----------------------
-----------------------
test accuracy: 0.4663
-----------------------
-----------------------
test accuracy: 0.4675
-----------------------
epoch 97 avg accuracy on training data: 0.4702999999999999
-----------------------
test accuracy: 0.4669
-----------------------
-----------------------
test accuracy: 0.4683
-----------------------
-----------------------
test accuracy: 0.4681
-----------------------
epoch 98 avg accuracy on training data: 0.4706800000000001
-----------------------
test accuracy: 0.4679
-----------------------
-----------------------
test accuracy: 0.4694
-----------------------
-----------------------
test accuracy: 0.4688
-----------------------
epoch 99 avg accuracy on training data: 0.47166000000000013
-----------------------
test accuracy: 0.468
-----------------------
-----------------------
test accuracy: 0.4694
-----------------------
-----------------------
test accuracy: 0.4684
-----------------------
epoch 100 avg accuracy on training data: 0.4713199999999999
-----------------------
test accuracy: 0.4686
-----------------------
-----------------------
test accuracy: 0.4695
-----------------------
-----------------------
test accuracy: 0.4692
-----------------------
epoch 101 avg accuracy on training data: 0.4746399999999999
-----------------------
test accuracy: 0.4696
-----------------------
-----------------------
test accuracy: 0.471
-----------------------
-----------------------
test accuracy: 0.4703
-----------------------
epoch 102 avg accuracy on training data: 0.47420000000000023
-----------------------
test accuracy: 0.4696
-----------------------
-----------------------
test accuracy: 0.4696
-----------------------
-----------------------
test accuracy: 0.4708
-----------------------
epoch 103 avg accuracy on training data: 0.47509999999999997
-----------------------
test accuracy: 0.4704
-----------------------
-----------------------
test accuracy: 0.4718
-----------------------
-----------------------
test accuracy: 0.4705
-----------------------
epoch 104 avg accuracy on training data: 0.47621999999999987
-----------------------
test accuracy: 0.4703
-----------------------
-----------------------
test accuracy: 0.4725
-----------------------
-----------------------
test accuracy: 0.47
-----------------------
epoch 105 avg accuracy on training data: 0.47792
-----------------------
test accuracy: 0.472
-----------------------
-----------------------
test accuracy: 0.4714
-----------------------
-----------------------
test accuracy: 0.4718
-----------------------
epoch 106 avg accuracy on training data: 0.4780600000000001
-----------------------
test accuracy: 0.4724
-----------------------
-----------------------
test accuracy: 0.4723
-----------------------
-----------------------
test accuracy: 0.4733
-----------------------
epoch 107 avg accuracy on training data: 0.47917999999999983
-----------------------
test accuracy: 0.4731
-----------------------
-----------------------
test accuracy: 0.4743
-----------------------
-----------------------
test accuracy: 0.4723
-----------------------
epoch 108 avg accuracy on training data: 0.47966
-----------------------
test accuracy: 0.4721
-----------------------
-----------------------
test accuracy: 0.4737
-----------------------
-----------------------
test accuracy: 0.4734
-----------------------
epoch 109 avg accuracy on training data: 0.47987999999999964
-----------------------
test accuracy: 0.473
-----------------------
-----------------------
test accuracy: 0.4751
-----------------------
-----------------------
test accuracy: 0.4733
-----------------------
epoch 110 avg accuracy on training data: 0.4800399999999999
-----------------------
test accuracy: 0.4742
-----------------------
-----------------------
test accuracy: 0.4743
-----------------------
-----------------------
test accuracy: 0.4739
-----------------------
epoch 111 avg accuracy on training data: 0.4823599999999999
-----------------------
test accuracy: 0.4745
-----------------------
-----------------------
test accuracy: 0.4771
-----------------------
-----------------------
test accuracy: 0.4753
-----------------------
epoch 112 avg accuracy on training data: 0.4825399999999998
-----------------------
test accuracy: 0.4745
-----------------------
-----------------------
test accuracy: 0.4758
-----------------------
-----------------------
test accuracy: 0.4763
-----------------------
epoch 113 avg accuracy on training data: 0.4826600000000001
-----------------------
test accuracy: 0.4756
-----------------------
-----------------------
test accuracy: 0.4736
-----------------------
-----------------------
test accuracy: 0.4767
-----------------------
epoch 114 avg accuracy on training data: 0.48461999999999994
-----------------------
test accuracy: 0.4776
-----------------------
-----------------------
test accuracy: 0.4762
-----------------------
-----------------------
test accuracy: 0.4773
-----------------------
epoch 115 avg accuracy on training data: 0.48429999999999973
-----------------------
test accuracy: 0.475
-----------------------
-----------------------
test accuracy: 0.4772
-----------------------
-----------------------
test accuracy: 0.4767
-----------------------
epoch 116 avg accuracy on training data: 0.4864399999999998
-----------------------
test accuracy: 0.4762
-----------------------
-----------------------
test accuracy: 0.4782
-----------------------
-----------------------
test accuracy: 0.4771
-----------------------
epoch 117 avg accuracy on training data: 0.4874199999999999
-----------------------
test accuracy: 0.4773
-----------------------
-----------------------
test accuracy: 0.479
-----------------------
-----------------------
test accuracy: 0.4784
-----------------------
epoch 118 avg accuracy on training data: 0.4880600000000002
-----------------------
test accuracy: 0.478
-----------------------
-----------------------
test accuracy: 0.4791
-----------------------
-----------------------
test accuracy: 0.479
-----------------------
epoch 119 avg accuracy on training data: 0.4889399999999999
-----------------------
test accuracy: 0.4789
-----------------------
-----------------------
test accuracy: 0.4781
-----------------------
-----------------------
test accuracy: 0.4802
-----------------------
epoch 120 avg accuracy on training data: 0.4886799999999999
-----------------------
test accuracy: 0.478
-----------------------
-----------------------
test accuracy: 0.4795
-----------------------
-----------------------
test accuracy: 0.4817
-----------------------
epoch 121 avg accuracy on training data: 0.49095999999999995
-----------------------
test accuracy: 0.4817
-----------------------
-----------------------
test accuracy: 0.4809
-----------------------
-----------------------
test accuracy: 0.4813
-----------------------
epoch 122 avg accuracy on training data: 0.4897800000000001
-----------------------
test accuracy: 0.4812
-----------------------
-----------------------
test accuracy: 0.4798
-----------------------
-----------------------
test accuracy: 0.4813
-----------------------
epoch 123 avg accuracy on training data: 0.49006
-----------------------
test accuracy: 0.4819
-----------------------
-----------------------
test accuracy: 0.4823
-----------------------
-----------------------
test accuracy: 0.4833
-----------------------
epoch 124 avg accuracy on training data: 0.4920399999999998
-----------------------
test accuracy: 0.4818
-----------------------
-----------------------
test accuracy: 0.4837
-----------------------
-----------------------
test accuracy: 0.4826
-----------------------
epoch 125 avg accuracy on training data: 0.4936800000000002
-----------------------
test accuracy: 0.4843
-----------------------
-----------------------
test accuracy: 0.4838
-----------------------
-----------------------
test accuracy: 0.4838
-----------------------
epoch 126 avg accuracy on training data: 0.4931000000000004
-----------------------
test accuracy: 0.4841
-----------------------
-----------------------
test accuracy: 0.4839
-----------------------
-----------------------
test accuracy: 0.4844
-----------------------
epoch 127 avg accuracy on training data: 0.49405999999999983
-----------------------
test accuracy: 0.4844
-----------------------
-----------------------
test accuracy: 0.4845
-----------------------
-----------------------
test accuracy: 0.4863
-----------------------
epoch 128 avg accuracy on training data: 0.49502000000000007
-----------------------
test accuracy: 0.4841
-----------------------
-----------------------
test accuracy: 0.4834
-----------------------
-----------------------
test accuracy: 0.4859
-----------------------
epoch 129 avg accuracy on training data: 0.4955799999999998
-----------------------
test accuracy: 0.4858
-----------------------
-----------------------
test accuracy: 0.4853
-----------------------
-----------------------
test accuracy: 0.4849
-----------------------
epoch 130 avg accuracy on training data: 0.49483999999999984
-----------------------
test accuracy: 0.486
-----------------------
-----------------------
test accuracy: 0.4865
-----------------------
-----------------------
test accuracy: 0.4869
-----------------------
epoch 131 avg accuracy on training data: 0.4973199999999999
-----------------------
test accuracy: 0.4871
-----------------------
-----------------------
test accuracy: 0.4857
-----------------------
-----------------------
test accuracy: 0.4857
-----------------------
epoch 132 avg accuracy on training data: 0.49712000000000006
-----------------------
test accuracy: 0.4864
-----------------------
-----------------------
test accuracy: 0.487
-----------------------
-----------------------
test accuracy: 0.4885
-----------------------
epoch 133 avg accuracy on training data: 0.4986400000000004
-----------------------
test accuracy: 0.4888
-----------------------
-----------------------
test accuracy: 0.4883
-----------------------
-----------------------
test accuracy: 0.4886
-----------------------
epoch 134 avg accuracy on training data: 0.49876
-----------------------
test accuracy: 0.4893
-----------------------
-----------------------
test accuracy: 0.4881
-----------------------
-----------------------
test accuracy: 0.4885
-----------------------
epoch 135 avg accuracy on training data: 0.49954000000000004
-----------------------
test accuracy: 0.4879
-----------------------
-----------------------
test accuracy: 0.4893
-----------------------
-----------------------
test accuracy: 0.4887
-----------------------
epoch 136 avg accuracy on training data: 0.5016200000000002
-----------------------
test accuracy: 0.4904
-----------------------
-----------------------
test accuracy: 0.4895
-----------------------
-----------------------
test accuracy: 0.4896
-----------------------
epoch 137 avg accuracy on training data: 0.5007000000000001
-----------------------
test accuracy: 0.4902
-----------------------
-----------------------
test accuracy: 0.4899
-----------------------
-----------------------
test accuracy: 0.49
-----------------------
epoch 138 avg accuracy on training data: 0.5022800000000004
-----------------------
test accuracy: 0.4893
-----------------------
-----------------------
test accuracy: 0.4895
-----------------------
-----------------------
test accuracy: 0.4894
-----------------------
epoch 139 avg accuracy on training data: 0.5023400000000005
-----------------------
test accuracy: 0.4918
-----------------------
-----------------------
test accuracy: 0.4895
-----------------------
-----------------------
test accuracy: 0.4892
-----------------------
epoch 140 avg accuracy on training data: 0.50428
-----------------------
test accuracy: 0.4912
-----------------------
-----------------------
test accuracy: 0.4912
-----------------------
-----------------------
test accuracy: 0.4906
-----------------------
epoch 141 avg accuracy on training data: 0.5022799999999996
-----------------------
test accuracy: 0.4919
-----------------------
-----------------------
test accuracy: 0.4911
-----------------------
-----------------------
test accuracy: 0.4915
-----------------------
epoch 142 avg accuracy on training data: 0.5053399999999999
-----------------------
test accuracy: 0.4907
-----------------------
-----------------------
test accuracy: 0.4918
-----------------------
-----------------------
test accuracy: 0.4922
-----------------------
epoch 143 avg accuracy on training data: 0.5046600000000001
-----------------------
test accuracy: 0.4908
-----------------------
-----------------------
test accuracy: 0.4922
-----------------------
-----------------------
test accuracy: 0.4917
-----------------------
epoch 144 avg accuracy on training data: 0.5060199999999999
-----------------------
test accuracy: 0.4929
-----------------------
-----------------------
test accuracy: 0.4919
-----------------------
-----------------------
test accuracy: 0.4915
-----------------------
epoch 145 avg accuracy on training data: 0.50704
-----------------------
test accuracy: 0.4922
-----------------------
-----------------------
test accuracy: 0.4942
-----------------------
-----------------------
test accuracy: 0.4928
-----------------------
epoch 146 avg accuracy on training data: 0.50698
-----------------------
test accuracy: 0.4907
-----------------------
-----------------------
test accuracy: 0.4927
-----------------------
-----------------------
test accuracy: 0.4922
-----------------------
epoch 147 avg accuracy on training data: 0.50764
-----------------------
test accuracy: 0.492
-----------------------
-----------------------
test accuracy: 0.4932
-----------------------
-----------------------
test accuracy: 0.4932
-----------------------
epoch 148 avg accuracy on training data: 0.5083000000000001
-----------------------
test accuracy: 0.4927
-----------------------
-----------------------
test accuracy: 0.4929
-----------------------
-----------------------
test accuracy: 0.4938
-----------------------
epoch 149 avg accuracy on training data: 0.5094000000000003
-----------------------
test accuracy: 0.4945
-----------------------
-----------------------
test accuracy: 0.4944
-----------------------
-----------------------
test accuracy: 0.4947
-----------------------
epoch 150 avg accuracy on training data: 0.50932
-----------------------
test accuracy: 0.4929
-----------------------
-----------------------
test accuracy: 0.4944
-----------------------
-----------------------
test accuracy: 0.494
-----------------------
epoch 151 avg accuracy on training data: 0.5103199999999999
-----------------------
test accuracy: 0.4938
-----------------------
-----------------------
test accuracy: 0.4954
-----------------------
-----------------------
test accuracy: 0.4941
-----------------------
epoch 152 avg accuracy on training data: 0.51022
-----------------------
test accuracy: 0.495
-----------------------
-----------------------
test accuracy: 0.4947
-----------------------
-----------------------
test accuracy: 0.495
-----------------------
epoch 153 avg accuracy on training data: 0.5106000000000002
-----------------------
test accuracy: 0.4956
-----------------------
-----------------------
test accuracy: 0.4942
-----------------------
-----------------------
test accuracy: 0.4964
-----------------------
epoch 154 avg accuracy on training data: 0.5111399999999998
-----------------------
test accuracy: 0.496
-----------------------
-----------------------
test accuracy: 0.4959
-----------------------
-----------------------
test accuracy: 0.4978
-----------------------
epoch 155 avg accuracy on training data: 0.51248
-----------------------
test accuracy: 0.4964
-----------------------
-----------------------
test accuracy: 0.4952
-----------------------
-----------------------
test accuracy: 0.4968
-----------------------
epoch 156 avg accuracy on training data: 0.5115800000000005
-----------------------
test accuracy: 0.496
-----------------------
-----------------------
test accuracy: 0.4966
-----------------------
-----------------------
test accuracy: 0.4955
-----------------------
epoch 157 avg accuracy on training data: 0.5136999999999999
-----------------------
test accuracy: 0.4979
-----------------------
-----------------------
test accuracy: 0.4972
-----------------------
-----------------------
test accuracy: 0.4981
-----------------------
epoch 158 avg accuracy on training data: 0.5131200000000001
-----------------------
test accuracy: 0.4965
-----------------------
-----------------------
test accuracy: 0.4981
-----------------------
-----------------------
test accuracy: 0.4962
-----------------------
epoch 159 avg accuracy on training data: 0.5149999999999998
-----------------------
test accuracy: 0.4975
-----------------------
-----------------------
test accuracy: 0.4951
-----------------------
-----------------------
test accuracy: 0.4978
-----------------------
epoch 160 avg accuracy on training data: 0.5156600000000002
-----------------------
test accuracy: 0.4974
-----------------------
-----------------------
test accuracy: 0.4963
-----------------------
-----------------------
test accuracy: 0.4971
-----------------------
epoch 161 avg accuracy on training data: 0.5175000000000001
-----------------------
test accuracy: 0.4981
-----------------------
-----------------------
test accuracy: 0.4976
-----------------------
-----------------------
test accuracy: 0.4976
-----------------------
epoch 162 avg accuracy on training data: 0.51826
-----------------------
test accuracy: 0.4988
-----------------------
-----------------------
test accuracy: 0.4969
-----------------------
-----------------------
test accuracy: 0.4981
-----------------------
epoch 163 avg accuracy on training data: 0.5159
-----------------------
test accuracy: 0.4984
-----------------------
-----------------------
test accuracy: 0.4985
-----------------------
-----------------------
test accuracy: 0.499
-----------------------
epoch 164 avg accuracy on training data: 0.5203800000000002
-----------------------
test accuracy: 0.4984
-----------------------
-----------------------
test accuracy: 0.4983
-----------------------
-----------------------
test accuracy: 0.4982
-----------------------
epoch 165 avg accuracy on training data: 0.5175600000000001
-----------------------
test accuracy: 0.4981
-----------------------
-----------------------
test accuracy: 0.4974
-----------------------
-----------------------
test accuracy: 0.4993
-----------------------
epoch 166 avg accuracy on training data: 0.5194199999999999
-----------------------
test accuracy: 0.4986
-----------------------
-----------------------
test accuracy: 0.4984
-----------------------
-----------------------
test accuracy: 0.4998
-----------------------
epoch 167 avg accuracy on training data: 0.5209199999999999
-----------------------
test accuracy: 0.4991
-----------------------
-----------------------
test accuracy: 0.4987
-----------------------
-----------------------
test accuracy: 0.4987
-----------------------
epoch 168 avg accuracy on training data: 0.5198600000000002
-----------------------
test accuracy: 0.5002
-----------------------
-----------------------
test accuracy: 0.4996
-----------------------
-----------------------
test accuracy: 0.4998
-----------------------
epoch 169 avg accuracy on training data: 0.5208800000000001
-----------------------
test accuracy: 0.498
-----------------------
-----------------------
test accuracy: 0.5002
-----------------------
-----------------------
test accuracy: 0.4995
-----------------------
epoch 170 avg accuracy on training data: 0.5221000000000001
-----------------------
test accuracy: 0.4994
-----------------------
-----------------------
test accuracy: 0.4992
-----------------------
-----------------------
test accuracy: 0.5013
-----------------------
epoch 171 avg accuracy on training data: 0.5226000000000004
-----------------------
test accuracy: 0.5003
-----------------------
-----------------------
test accuracy: 0.5006
-----------------------
-----------------------
test accuracy: 0.4997
-----------------------
epoch 172 avg accuracy on training data: 0.5228400000000002
-----------------------
test accuracy: 0.5006
-----------------------
-----------------------
test accuracy: 0.5013
-----------------------
-----------------------
test accuracy: 0.501
-----------------------
epoch 173 avg accuracy on training data: 0.5232200000000001
-----------------------
test accuracy: 0.5008
-----------------------
-----------------------
test accuracy: 0.5001
-----------------------
-----------------------
test accuracy: 0.5
-----------------------
epoch 174 avg accuracy on training data: 0.5239200000000002
-----------------------
test accuracy: 0.5005
-----------------------
-----------------------
test accuracy: 0.499
-----------------------
-----------------------
test accuracy: 0.5006
-----------------------
epoch 175 avg accuracy on training data: 0.5235600000000004
-----------------------
test accuracy: 0.5019
-----------------------
-----------------------
test accuracy: 0.5027
-----------------------
-----------------------
test accuracy: 0.5016
-----------------------
epoch 176 avg accuracy on training data: 0.5252800000000001
-----------------------
test accuracy: 0.5006
-----------------------
-----------------------
test accuracy: 0.5008
-----------------------
-----------------------
test accuracy: 0.5017
-----------------------
epoch 177 avg accuracy on training data: 0.5253000000000001
-----------------------
test accuracy: 0.5004
-----------------------
-----------------------
test accuracy: 0.5024
-----------------------
-----------------------
test accuracy: 0.5027
-----------------------
epoch 178 avg accuracy on training data: 0.5258400000000003
-----------------------
test accuracy: 0.5025
-----------------------
-----------------------
test accuracy: 0.5011
-----------------------
-----------------------
test accuracy: 0.5021
-----------------------
epoch 179 avg accuracy on training data: 0.5274600000000004
-----------------------
test accuracy: 0.5017
-----------------------
-----------------------
test accuracy: 0.5028
-----------------------
-----------------------
test accuracy: 0.5024
-----------------------
epoch 180 avg accuracy on training data: 0.5272000000000007
-----------------------
test accuracy: 0.503
-----------------------
-----------------------
test accuracy: 0.5023
-----------------------
-----------------------
test accuracy: 0.5021
-----------------------
epoch 181 avg accuracy on training data: 0.5265400000000003
-----------------------
test accuracy: 0.5034
-----------------------
-----------------------
test accuracy: 0.5049
-----------------------
-----------------------
test accuracy: 0.5028
-----------------------
epoch 182 avg accuracy on training data: 0.5290400000000002
-----------------------
test accuracy: 0.5016
-----------------------
-----------------------
test accuracy: 0.5034
-----------------------
-----------------------
test accuracy: 0.5032
-----------------------
epoch 183 avg accuracy on training data: 0.5287200000000001
-----------------------
test accuracy: 0.5029
-----------------------
-----------------------
test accuracy: 0.5049
-----------------------
-----------------------
test accuracy: 0.5035
-----------------------
epoch 184 avg accuracy on training data: 0.5291800000000002
-----------------------
test accuracy: 0.5033
-----------------------
-----------------------
test accuracy: 0.5032
-----------------------
-----------------------
test accuracy: 0.5036
-----------------------
epoch 185 avg accuracy on training data: 0.5290600000000003
-----------------------
test accuracy: 0.5032
-----------------------
-----------------------
test accuracy: 0.5035
-----------------------
-----------------------
test accuracy: 0.5048
-----------------------
epoch 186 avg accuracy on training data: 0.5302400000000005
-----------------------
test accuracy: 0.5043
-----------------------
-----------------------
test accuracy: 0.5042
-----------------------
-----------------------
test accuracy: 0.5043
-----------------------
epoch 187 avg accuracy on training data: 0.53064
-----------------------
test accuracy: 0.5045
-----------------------
-----------------------
test accuracy: 0.5056
-----------------------
-----------------------
test accuracy: 0.5065
-----------------------
epoch 188 avg accuracy on training data: 0.5315800000000003
-----------------------
test accuracy: 0.5043
-----------------------
-----------------------
test accuracy: 0.5037
-----------------------
-----------------------
test accuracy: 0.5064
-----------------------
epoch 189 avg accuracy on training data: 0.5319400000000003
-----------------------
test accuracy: 0.5048
-----------------------
-----------------------
test accuracy: 0.5048
-----------------------
-----------------------
test accuracy: 0.5062
-----------------------
epoch 190 avg accuracy on training data: 0.5318599999999998
-----------------------
test accuracy: 0.5072
-----------------------
-----------------------
test accuracy: 0.5056
-----------------------
-----------------------
test accuracy: 0.5065
-----------------------
epoch 191 avg accuracy on training data: 0.53228
-----------------------
test accuracy: 0.5056
-----------------------
-----------------------
test accuracy: 0.5051
-----------------------
-----------------------
test accuracy: 0.506
-----------------------
epoch 192 avg accuracy on training data: 0.5330799999999999
-----------------------
test accuracy: 0.5058
-----------------------
-----------------------
test accuracy: 0.5056
-----------------------
-----------------------
test accuracy: 0.5067
-----------------------
epoch 193 avg accuracy on training data: 0.5339600000000003
-----------------------
test accuracy: 0.5061
-----------------------
-----------------------
test accuracy: 0.5048
-----------------------
-----------------------
test accuracy: 0.5068
-----------------------
epoch 194 avg accuracy on training data: 0.53474
-----------------------
test accuracy: 0.5056
-----------------------
-----------------------
test accuracy: 0.5062
-----------------------
-----------------------
test accuracy: 0.5063
-----------------------
epoch 195 avg accuracy on training data: 0.5353
-----------------------
test accuracy: 0.5061
-----------------------
-----------------------
test accuracy: 0.5068
-----------------------
-----------------------
test accuracy: 0.5063
-----------------------
epoch 196 avg accuracy on training data: 0.5355000000000001
-----------------------
test accuracy: 0.5061
-----------------------
-----------------------
test accuracy: 0.5068
-----------------------
-----------------------
test accuracy: 0.5072
-----------------------
epoch 197 avg accuracy on training data: 0.5360600000000001
-----------------------
test accuracy: 0.5066
-----------------------
-----------------------
test accuracy: 0.5076
-----------------------
-----------------------
test accuracy: 0.5076
-----------------------
epoch 198 avg accuracy on training data: 0.5366200000000003
-----------------------
test accuracy: 0.5071
-----------------------
-----------------------
test accuracy: 0.5081
-----------------------
-----------------------
test accuracy: 0.5075
-----------------------
epoch 199 avg accuracy on training data: 0.5366200000000001
-----------------------
test accuracy: 0.5071
-----------------------
-----------------------
test accuracy: 0.5074
-----------------------
-----------------------
test accuracy: 0.5075
-----------------------
epoch 200 avg accuracy on training data: 0.5359
-----------------------
test accuracy: 0.5081
-----------------------
-----------------------
test accuracy: 0.507
-----------------------
-----------------------
test accuracy: 0.5091
-----------------------
epoch 201 avg accuracy on training data: 0.53814
-----------------------
test accuracy: 0.5079
-----------------------
-----------------------
test accuracy: 0.5089
-----------------------
-----------------------
test accuracy: 0.5072
-----------------------
epoch 202 avg accuracy on training data: 0.5377400000000003
-----------------------
test accuracy: 0.5082
-----------------------
-----------------------
test accuracy: 0.5067
-----------------------
-----------------------
test accuracy: 0.5087
-----------------------
epoch 203 avg accuracy on training data: 0.5377400000000001
-----------------------
test accuracy: 0.5075
-----------------------
-----------------------
test accuracy: 0.5084
-----------------------
-----------------------
test accuracy: 0.5078
-----------------------
epoch 204 avg accuracy on training data: 0.5396199999999999
-----------------------
test accuracy: 0.509
-----------------------
-----------------------
test accuracy: 0.5082
-----------------------
-----------------------
test accuracy: 0.509
-----------------------
epoch 205 avg accuracy on training data: 0.5395200000000003
-----------------------
test accuracy: 0.5087
-----------------------
-----------------------
test accuracy: 0.5089
-----------------------
-----------------------
test accuracy: 0.5084
-----------------------
epoch 206 avg accuracy on training data: 0.5408400000000002
-----------------------
test accuracy: 0.5076
-----------------------
-----------------------
test accuracy: 0.5082
-----------------------
-----------------------
test accuracy: 0.5093
-----------------------
epoch 207 avg accuracy on training data: 0.54112
-----------------------
test accuracy: 0.5085
-----------------------
-----------------------
test accuracy: 0.5096
-----------------------
-----------------------
test accuracy: 0.5092
-----------------------
epoch 208 avg accuracy on training data: 0.5406200000000003
-----------------------
test accuracy: 0.5096
-----------------------
-----------------------
test accuracy: 0.5091
-----------------------
-----------------------
test accuracy: 0.5102
-----------------------
epoch 209 avg accuracy on training data: 0.5414200000000001
-----------------------
test accuracy: 0.5093
-----------------------
-----------------------
test accuracy: 0.5107
-----------------------
-----------------------
test accuracy: 0.5098
-----------------------
epoch 210 avg accuracy on training data: 0.5429000000000002
-----------------------
test accuracy: 0.5099
-----------------------
-----------------------
test accuracy: 0.5088
-----------------------
-----------------------
test accuracy: 0.5103
-----------------------
epoch 211 avg accuracy on training data: 0.5424600000000003
-----------------------
test accuracy: 0.5093
-----------------------
-----------------------
test accuracy: 0.5099
-----------------------
-----------------------
test accuracy: 0.5102
-----------------------
epoch 212 avg accuracy on training data: 0.5420600000000002
-----------------------
test accuracy: 0.5113
-----------------------
-----------------------
test accuracy: 0.5086
-----------------------
-----------------------
test accuracy: 0.511
-----------------------
epoch 213 avg accuracy on training data: 0.54274
-----------------------
test accuracy: 0.511
-----------------------
-----------------------
test accuracy: 0.5101
-----------------------
-----------------------
test accuracy: 0.5105
-----------------------
epoch 214 avg accuracy on training data: 0.5444200000000002
-----------------------
test accuracy: 0.5104
-----------------------
-----------------------
test accuracy: 0.5114
-----------------------
-----------------------
test accuracy: 0.5105
-----------------------
epoch 215 avg accuracy on training data: 0.5446200000000002
-----------------------
test accuracy: 0.5112
-----------------------
-----------------------
test accuracy: 0.5112
-----------------------
-----------------------
test accuracy: 0.5111
-----------------------
epoch 216 avg accuracy on training data: 0.54556
-----------------------
test accuracy: 0.5115
-----------------------
-----------------------
test accuracy: 0.5107
-----------------------
-----------------------
test accuracy: 0.5108
-----------------------
epoch 217 avg accuracy on training data: 0.5442799999999997
-----------------------
test accuracy: 0.5114
-----------------------
-----------------------
test accuracy: 0.5109
-----------------------
-----------------------
test accuracy: 0.5114
-----------------------
epoch 218 avg accuracy on training data: 0.5460999999999998
-----------------------
test accuracy: 0.5101
-----------------------
-----------------------
test accuracy: 0.5101
-----------------------
-----------------------
test accuracy: 0.5103
-----------------------
epoch 219 avg accuracy on training data: 0.5457
-----------------------
test accuracy: 0.5108
-----------------------
-----------------------
test accuracy: 0.5119
-----------------------
-----------------------
test accuracy: 0.5111
-----------------------
epoch 220 avg accuracy on training data: 0.54812
-----------------------
test accuracy: 0.5105
-----------------------
-----------------------
test accuracy: 0.5095
-----------------------
-----------------------
test accuracy: 0.5106
-----------------------
epoch 221 avg accuracy on training data: 0.54698
-----------------------
test accuracy: 0.5129
-----------------------
-----------------------
test accuracy: 0.5112
-----------------------
-----------------------
test accuracy: 0.5103
-----------------------
epoch 222 avg accuracy on training data: 0.5468600000000001
-----------------------
test accuracy: 0.512
-----------------------
-----------------------
test accuracy: 0.5109
-----------------------
-----------------------
test accuracy: 0.5107
-----------------------
epoch 223 avg accuracy on training data: 0.5484399999999999
-----------------------
test accuracy: 0.5108
-----------------------
-----------------------
test accuracy: 0.5113
-----------------------
-----------------------
test accuracy: 0.5106
-----------------------
epoch 224 avg accuracy on training data: 0.5488400000000009
-----------------------
test accuracy: 0.511
-----------------------
-----------------------
test accuracy: 0.5122
-----------------------
-----------------------
test accuracy: 0.5113
-----------------------
epoch 225 avg accuracy on training data: 0.5482600000000005
-----------------------
test accuracy: 0.5117
-----------------------
-----------------------
test accuracy: 0.5118
-----------------------
-----------------------
test accuracy: 0.5112
-----------------------
epoch 226 avg accuracy on training data: 0.5505000000000001
-----------------------
test accuracy: 0.5111
-----------------------
-----------------------
test accuracy: 0.5121
-----------------------
-----------------------
test accuracy: 0.5119
-----------------------
epoch 227 avg accuracy on training data: 0.5503200000000003
-----------------------
test accuracy: 0.5109
-----------------------
-----------------------
test accuracy: 0.5106
-----------------------
-----------------------
test accuracy: 0.5125
-----------------------
epoch 228 avg accuracy on training data: 0.5502599999999999
-----------------------
test accuracy: 0.5113
-----------------------
-----------------------
test accuracy: 0.5132
-----------------------
-----------------------
test accuracy: 0.5117
-----------------------
epoch 229 avg accuracy on training data: 0.5518000000000004
-----------------------
test accuracy: 0.5109
-----------------------
-----------------------
test accuracy: 0.5115
-----------------------
-----------------------
test accuracy: 0.5124
-----------------------
epoch 230 avg accuracy on training data: 0.5510600000000004
-----------------------
test accuracy: 0.5123
-----------------------
-----------------------
test accuracy: 0.513
-----------------------
-----------------------
test accuracy: 0.5121
-----------------------
epoch 231 avg accuracy on training data: 0.5531399999999999
-----------------------
test accuracy: 0.5123
-----------------------
-----------------------
test accuracy: 0.513
-----------------------
-----------------------
test accuracy: 0.5129
-----------------------
epoch 232 avg accuracy on training data: 0.5533000000000003
-----------------------
test accuracy: 0.5122
-----------------------
-----------------------
test accuracy: 0.5134
-----------------------
-----------------------
test accuracy: 0.5138
-----------------------
epoch 233 avg accuracy on training data: 0.5526200000000002
-----------------------
test accuracy: 0.5125
-----------------------
-----------------------
test accuracy: 0.513
-----------------------
-----------------------
test accuracy: 0.5121
-----------------------
epoch 234 avg accuracy on training data: 0.5538600000000001
-----------------------
test accuracy: 0.5126
-----------------------
-----------------------
test accuracy: 0.5124
-----------------------
-----------------------
test accuracy: 0.5129
-----------------------
epoch 235 avg accuracy on training data: 0.5541199999999997
-----------------------
test accuracy: 0.5127
-----------------------
-----------------------
test accuracy: 0.512
-----------------------
-----------------------
test accuracy: 0.5144
-----------------------
epoch 236 avg accuracy on training data: 0.5536800000000001
-----------------------
test accuracy: 0.513
-----------------------
-----------------------
test accuracy: 0.5128
-----------------------
-----------------------
test accuracy: 0.5134
-----------------------
epoch 237 avg accuracy on training data: 0.5551400000000001
-----------------------
test accuracy: 0.5133
-----------------------
-----------------------
test accuracy: 0.5127
-----------------------
-----------------------
test accuracy: 0.5143
-----------------------
epoch 238 avg accuracy on training data: 0.5539200000000002
-----------------------
test accuracy: 0.5143
-----------------------
-----------------------
test accuracy: 0.5152
-----------------------
-----------------------
test accuracy: 0.5142
-----------------------
epoch 239 avg accuracy on training data: 0.5553599999999997
-----------------------
test accuracy: 0.5123
-----------------------
-----------------------
test accuracy: 0.5139
-----------------------
-----------------------
test accuracy: 0.512
-----------------------
epoch 240 avg accuracy on training data: 0.5565600000000003
-----------------------
test accuracy: 0.5152
-----------------------
-----------------------
test accuracy: 0.5153
-----------------------
-----------------------
test accuracy: 0.5133
-----------------------
epoch 241 avg accuracy on training data: 0.5562
-----------------------
test accuracy: 0.5147
-----------------------
-----------------------
test accuracy: 0.515
-----------------------
-----------------------
test accuracy: 0.5148
-----------------------
epoch 242 avg accuracy on training data: 0.5582400000000005
-----------------------
test accuracy: 0.5128
-----------------------
-----------------------
test accuracy: 0.5142
-----------------------
-----------------------
test accuracy: 0.5155
-----------------------
epoch 243 avg accuracy on training data: 0.5579600000000001
-----------------------
test accuracy: 0.5146
-----------------------
-----------------------
test accuracy: 0.5151
-----------------------
-----------------------
test accuracy: 0.5158
-----------------------
epoch 244 avg accuracy on training data: 0.5556600000000003
-----------------------
test accuracy: 0.5159
-----------------------
-----------------------
test accuracy: 0.5153
-----------------------
-----------------------
test accuracy: 0.5156
-----------------------
epoch 245 avg accuracy on training data: 0.5575600000000001
-----------------------
test accuracy: 0.5145
-----------------------
-----------------------
test accuracy: 0.5133
-----------------------
-----------------------
test accuracy: 0.5146
-----------------------
epoch 246 avg accuracy on training data: 0.5593999999999997
-----------------------
test accuracy: 0.5151
-----------------------
-----------------------
test accuracy: 0.5156
-----------------------
-----------------------
test accuracy: 0.5159
-----------------------
epoch 247 avg accuracy on training data: 0.5590799999999999
-----------------------
test accuracy: 0.5164
-----------------------
-----------------------
test accuracy: 0.5151
-----------------------
-----------------------
test accuracy: 0.5158
-----------------------
epoch 248 avg accuracy on training data: 0.5590199999999999
-----------------------
test accuracy: 0.5165
-----------------------
-----------------------
test accuracy: 0.517
-----------------------
-----------------------
test accuracy: 0.5173
-----------------------
epoch 249 avg accuracy on training data: 0.5591399999999999
-----------------------
test accuracy: 0.516
-----------------------
-----------------------
test accuracy: 0.516
-----------------------
-----------------------
test accuracy: 0.5167
-----------------------
epoch 250 avg accuracy on training data: 0.5600999999999999
-----------------------
test accuracy: 0.5154
-----------------------
-----------------------
test accuracy: 0.5171
-----------------------
-----------------------
test accuracy: 0.5165
-----------------------
epoch 251 avg accuracy on training data: 0.5595399999999999
-----------------------
test accuracy: 0.5169
-----------------------
-----------------------
test accuracy: 0.517
-----------------------
-----------------------
test accuracy: 0.5167
-----------------------
epoch 252 avg accuracy on training data: 0.5626999999999998
-----------------------
test accuracy: 0.516
-----------------------
-----------------------
test accuracy: 0.5164
-----------------------
-----------------------
test accuracy: 0.5168
-----------------------
epoch 253 avg accuracy on training data: 0.5611600000000001
-----------------------
test accuracy: 0.5183
-----------------------
-----------------------
test accuracy: 0.5172
-----------------------
-----------------------
test accuracy: 0.518
-----------------------
epoch 254 avg accuracy on training data: 0.5613999999999996
-----------------------
test accuracy: 0.5182
-----------------------
-----------------------
test accuracy: 0.5176
-----------------------
-----------------------
test accuracy: 0.5167
-----------------------
epoch 255 avg accuracy on training data: 0.5613599999999995
-----------------------
test accuracy: 0.5182
-----------------------
-----------------------
test accuracy: 0.5184
-----------------------
-----------------------
test accuracy: 0.5186
-----------------------
epoch 256 avg accuracy on training data: 0.5632199999999995
-----------------------
test accuracy: 0.5186
-----------------------
-----------------------
test accuracy: 0.517
-----------------------
-----------------------
test accuracy: 0.5194
-----------------------
epoch 257 avg accuracy on training data: 0.5636999999999996
-----------------------
test accuracy: 0.5184
-----------------------
-----------------------
test accuracy: 0.518
-----------------------
-----------------------
test accuracy: 0.5199
-----------------------
epoch 258 avg accuracy on training data: 0.5637799999999998
-----------------------
test accuracy: 0.5198
-----------------------
-----------------------
test accuracy: 0.5185
-----------------------
-----------------------
test accuracy: 0.5188
-----------------------
epoch 259 avg accuracy on training data: 0.56354
-----------------------
test accuracy: 0.5187
-----------------------
-----------------------
test accuracy: 0.5192
-----------------------
-----------------------
test accuracy: 0.5183
-----------------------
epoch 260 avg accuracy on training data: 0.56366
-----------------------
test accuracy: 0.5188
-----------------------
-----------------------
test accuracy: 0.5202
-----------------------
-----------------------
test accuracy: 0.5181
-----------------------
epoch 261 avg accuracy on training data: 0.5632799999999999
-----------------------
test accuracy: 0.5182
-----------------------
-----------------------
test accuracy: 0.5203
-----------------------
-----------------------
test accuracy: 0.5202
-----------------------
epoch 262 avg accuracy on training data: 0.5662999999999998
-----------------------
test accuracy: 0.5209
-----------------------
-----------------------
test accuracy: 0.5188
-----------------------
-----------------------
test accuracy: 0.5208
-----------------------
epoch 263 avg accuracy on training data: 0.5667800000000001
-----------------------
test accuracy: 0.5214
-----------------------
-----------------------
test accuracy: 0.5194
-----------------------
-----------------------
test accuracy: 0.5197
-----------------------
epoch 264 avg accuracy on training data: 0.5665599999999997
-----------------------
test accuracy: 0.5204
-----------------------
-----------------------
test accuracy: 0.5192
-----------------------
-----------------------
test accuracy: 0.5215
-----------------------
epoch 265 avg accuracy on training data: 0.5671799999999996
-----------------------
test accuracy: 0.5211
-----------------------
-----------------------
test accuracy: 0.5208
-----------------------
-----------------------
test accuracy: 0.52
-----------------------
epoch 266 avg accuracy on training data: 0.5675599999999998
-----------------------
test accuracy: 0.5202
-----------------------
-----------------------
test accuracy: 0.5216
-----------------------
-----------------------
test accuracy: 0.5209
-----------------------
epoch 267 avg accuracy on training data: 0.5669200000000006
-----------------------
test accuracy: 0.5215
-----------------------
-----------------------
test accuracy: 0.5211
-----------------------
-----------------------
test accuracy: 0.5212
-----------------------
epoch 268 avg accuracy on training data: 0.5677199999999999
-----------------------
test accuracy: 0.5214
-----------------------
-----------------------
test accuracy: 0.5211
-----------------------
-----------------------
test accuracy: 0.5224
-----------------------
epoch 269 avg accuracy on training data: 0.5682600000000004
-----------------------
test accuracy: 0.5223
-----------------------
-----------------------
test accuracy: 0.5207
-----------------------
-----------------------
test accuracy: 0.522
-----------------------
epoch 270 avg accuracy on training data: 0.5693199999999999
-----------------------
test accuracy: 0.5232
-----------------------
-----------------------
test accuracy: 0.5208
-----------------------
-----------------------
test accuracy: 0.5224
-----------------------
epoch 271 avg accuracy on training data: 0.5689600000000002
-----------------------
test accuracy: 0.5229
-----------------------
-----------------------
test accuracy: 0.5218
-----------------------
-----------------------
test accuracy: 0.5217
-----------------------
epoch 272 avg accuracy on training data: 0.5680600000000001
-----------------------
test accuracy: 0.5212
-----------------------
-----------------------
test accuracy: 0.5218
-----------------------
-----------------------
test accuracy: 0.5223
-----------------------
epoch 273 avg accuracy on training data: 0.5692200000000005
-----------------------
test accuracy: 0.5225
-----------------------
-----------------------
test accuracy: 0.5227
-----------------------
-----------------------
test accuracy: 0.5245
-----------------------
epoch 274 avg accuracy on training data: 0.5715600000000003
-----------------------
test accuracy: 0.5239
-----------------------
-----------------------
test accuracy: 0.5227
-----------------------
-----------------------
test accuracy: 0.5217
-----------------------
epoch 275 avg accuracy on training data: 0.57086
-----------------------
test accuracy: 0.5241
-----------------------
-----------------------
test accuracy: 0.523
-----------------------
-----------------------
test accuracy: 0.5234
-----------------------
epoch 276 avg accuracy on training data: 0.5702799999999996
-----------------------
test accuracy: 0.523
-----------------------
-----------------------
test accuracy: 0.5237
-----------------------
-----------------------
test accuracy: 0.5231
-----------------------
epoch 277 avg accuracy on training data: 0.5725600000000001
-----------------------
test accuracy: 0.5239
-----------------------
-----------------------
test accuracy: 0.5239
-----------------------
-----------------------
test accuracy: 0.5236
-----------------------
epoch 278 avg accuracy on training data: 0.5741200000000001
-----------------------
test accuracy: 0.5233
-----------------------
-----------------------
test accuracy: 0.5235
-----------------------
-----------------------
test accuracy: 0.5233
-----------------------
epoch 279 avg accuracy on training data: 0.5736
-----------------------
test accuracy: 0.5239
-----------------------
-----------------------
test accuracy: 0.5225
-----------------------
-----------------------
test accuracy: 0.5241
-----------------------
epoch 280 avg accuracy on training data: 0.5731399999999994
-----------------------
test accuracy: 0.5245
-----------------------
-----------------------
test accuracy: 0.5235
-----------------------
-----------------------
test accuracy: 0.5228
-----------------------
epoch 281 avg accuracy on training data: 0.5738999999999999
-----------------------
test accuracy: 0.5238
-----------------------
-----------------------
test accuracy: 0.5238
-----------------------
-----------------------
test accuracy: 0.5236
-----------------------
epoch 282 avg accuracy on training data: 0.5734599999999999
-----------------------
test accuracy: 0.5231
-----------------------
-----------------------
test accuracy: 0.5241
-----------------------
-----------------------
test accuracy: 0.5237
-----------------------
epoch 283 avg accuracy on training data: 0.5749799999999998
-----------------------
test accuracy: 0.5236
-----------------------
-----------------------
test accuracy: 0.525
-----------------------
-----------------------
test accuracy: 0.5255
-----------------------
epoch 284 avg accuracy on training data: 0.57612
-----------------------
test accuracy: 0.5249
-----------------------
-----------------------
test accuracy: 0.5242
-----------------------
-----------------------
test accuracy: 0.5243
-----------------------
epoch 285 avg accuracy on training data: 0.5754200000000002
-----------------------
test accuracy: 0.5237
-----------------------
-----------------------
test accuracy: 0.5238
-----------------------
-----------------------
test accuracy: 0.5257
-----------------------
epoch 286 avg accuracy on training data: 0.5741800000000001
-----------------------
test accuracy: 0.5249
-----------------------
-----------------------
test accuracy: 0.5258
-----------------------
-----------------------
test accuracy: 0.525
-----------------------
epoch 287 avg accuracy on training data: 0.5759999999999998
-----------------------
test accuracy: 0.5253
-----------------------
-----------------------
test accuracy: 0.525
-----------------------
-----------------------
test accuracy: 0.5247
-----------------------
epoch 288 avg accuracy on training data: 0.5761399999999999
-----------------------
test accuracy: 0.5245
-----------------------
-----------------------
test accuracy: 0.5249
-----------------------
-----------------------
test accuracy: 0.5245
-----------------------
epoch 289 avg accuracy on training data: 0.5784199999999996
-----------------------
test accuracy: 0.5237
-----------------------
-----------------------
test accuracy: 0.5243
-----------------------
-----------------------
test accuracy: 0.5255
-----------------------
epoch 290 avg accuracy on training data: 0.5775
-----------------------
test accuracy: 0.5243
-----------------------
-----------------------
test accuracy: 0.5252
-----------------------
-----------------------
test accuracy: 0.5237
-----------------------
epoch 291 avg accuracy on training data: 0.5775799999999996
-----------------------
test accuracy: 0.5244
-----------------------
-----------------------
test accuracy: 0.5259
-----------------------
-----------------------
test accuracy: 0.5258
-----------------------
epoch 292 avg accuracy on training data: 0.5761600000000001
-----------------------
test accuracy: 0.5252
-----------------------
-----------------------
test accuracy: 0.524
-----------------------
-----------------------
test accuracy: 0.5247
-----------------------
epoch 293 avg accuracy on training data: 0.57796
-----------------------
test accuracy: 0.5256
-----------------------
-----------------------
test accuracy: 0.5248
-----------------------
-----------------------
test accuracy: 0.5253
-----------------------
epoch 294 avg accuracy on training data: 0.5785600000000003
-----------------------
test accuracy: 0.5256
-----------------------
-----------------------
test accuracy: 0.5248
-----------------------
-----------------------
test accuracy: 0.5254
-----------------------
epoch 295 avg accuracy on training data: 0.5786199999999998
-----------------------
test accuracy: 0.5237
-----------------------
-----------------------
test accuracy: 0.5253
-----------------------
-----------------------
test accuracy: 0.5274
-----------------------
epoch 296 avg accuracy on training data: 0.5785399999999995
-----------------------
test accuracy: 0.5249
-----------------------
-----------------------
test accuracy: 0.5245
-----------------------
-----------------------
test accuracy: 0.5249
-----------------------
epoch 297 avg accuracy on training data: 0.58084
-----------------------
test accuracy: 0.5258
-----------------------
-----------------------
test accuracy: 0.5255
-----------------------
-----------------------
test accuracy: 0.5258
-----------------------
epoch 298 avg accuracy on training data: 0.5808400000000002
-----------------------
test accuracy: 0.5264
-----------------------
-----------------------
test accuracy: 0.5269
-----------------------
-----------------------
test accuracy: 0.5259
-----------------------
epoch 299 avg accuracy on training data: 0.5810800000000002
-----------------------
test accuracy: 0.526
-----------------------
-----------------------
test accuracy: 0.5255
-----------------------
-----------------------
test accuracy: 0.527
-----------------------
epoch 300 avg accuracy on training data: 0.5821600000000001
-----------------------
test accuracy: 0.5258
-----------------------
-----------------------
test accuracy: 0.5256
-----------------------
-----------------------
test accuracy: 0.5266
-----------------------
epoch 301 avg accuracy on training data: 0.5812199999999998
-----------------------
test accuracy: 0.526
-----------------------
-----------------------
test accuracy: 0.5265
-----------------------
-----------------------
test accuracy: 0.5255
-----------------------
epoch 302 avg accuracy on training data: 0.5809599999999995
-----------------------
test accuracy: 0.5257
-----------------------
-----------------------
test accuracy: 0.5264
-----------------------
-----------------------
test accuracy: 0.5264
-----------------------
epoch 303 avg accuracy on training data: 0.5822000000000005
-----------------------
test accuracy: 0.5265
-----------------------
-----------------------
test accuracy: 0.5255
-----------------------
-----------------------
test accuracy: 0.5248
-----------------------
epoch 304 avg accuracy on training data: 0.5823800000000001
-----------------------
test accuracy: 0.5272
-----------------------
-----------------------
test accuracy: 0.5265
-----------------------
-----------------------
test accuracy: 0.5275
-----------------------
epoch 305 avg accuracy on training data: 0.5831600000000006
-----------------------
test accuracy: 0.5257
-----------------------
-----------------------
test accuracy: 0.5263
-----------------------
-----------------------
test accuracy: 0.5279
-----------------------
epoch 306 avg accuracy on training data: 0.5833999999999999
-----------------------
test accuracy: 0.5265
-----------------------
-----------------------
test accuracy: 0.5265
-----------------------
-----------------------
test accuracy: 0.5267
-----------------------
epoch 307 avg accuracy on training data: 0.5831399999999999
-----------------------
test accuracy: 0.5263
-----------------------
-----------------------
test accuracy: 0.527
-----------------------
-----------------------
test accuracy: 0.5269
-----------------------
epoch 308 avg accuracy on training data: 0.5835799999999999
-----------------------
test accuracy: 0.5271
-----------------------
-----------------------
test accuracy: 0.5268
-----------------------
-----------------------
test accuracy: 0.5268
-----------------------
epoch 309 avg accuracy on training data: 0.5852999999999999
-----------------------
test accuracy: 0.5276
-----------------------
-----------------------
test accuracy: 0.5277
-----------------------
-----------------------
test accuracy: 0.5258
-----------------------
epoch 310 avg accuracy on training data: 0.5834799999999999
-----------------------
test accuracy: 0.5278
-----------------------
-----------------------
test accuracy: 0.5265
-----------------------
-----------------------
test accuracy: 0.5283
-----------------------
epoch 311 avg accuracy on training data: 0.58554
-----------------------
test accuracy: 0.5267
-----------------------
-----------------------
test accuracy: 0.5274
-----------------------
-----------------------
test accuracy: 0.5265
-----------------------
epoch 312 avg accuracy on training data: 0.5866399999999998
-----------------------
test accuracy: 0.5266
-----------------------
-----------------------
test accuracy: 0.5278
-----------------------
-----------------------
test accuracy: 0.5284
-----------------------
epoch 313 avg accuracy on training data: 0.5848000000000001
-----------------------
test accuracy: 0.5274
-----------------------
-----------------------
test accuracy: 0.5275
-----------------------
-----------------------
test accuracy: 0.5286
-----------------------
epoch 314 avg accuracy on training data: 0.5865999999999997
-----------------------
test accuracy: 0.5276
-----------------------
-----------------------
test accuracy: 0.5284
-----------------------
-----------------------
test accuracy: 0.5279
-----------------------
epoch 315 avg accuracy on training data: 0.5870999999999998
-----------------------
test accuracy: 0.5273
-----------------------
-----------------------
test accuracy: 0.5281
-----------------------
-----------------------
test accuracy: 0.5272
-----------------------
epoch 316 avg accuracy on training data: 0.5853199999999997
-----------------------
test accuracy: 0.5283
-----------------------
-----------------------
test accuracy: 0.5285
-----------------------
-----------------------
test accuracy: 0.5282
-----------------------
epoch 317 avg accuracy on training data: 0.5875599999999997
-----------------------
test accuracy: 0.527
-----------------------
-----------------------
test accuracy: 0.5276
-----------------------
-----------------------
test accuracy: 0.528
-----------------------
epoch 318 avg accuracy on training data: 0.5858000000000004
-----------------------
test accuracy: 0.5292
-----------------------
-----------------------
test accuracy: 0.5286
-----------------------
-----------------------
test accuracy: 0.528
-----------------------
epoch 319 avg accuracy on training data: 0.5869000000000002
-----------------------
test accuracy: 0.5294
-----------------------
-----------------------
test accuracy: 0.5281
-----------------------
-----------------------
test accuracy: 0.5282
-----------------------
epoch 320 avg accuracy on training data: 0.5890199999999995
-----------------------
test accuracy: 0.5277
-----------------------
-----------------------
test accuracy: 0.5278
-----------------------
-----------------------
test accuracy: 0.5275
-----------------------
epoch 321 avg accuracy on training data: 0.5881399999999998
-----------------------
test accuracy: 0.5277
-----------------------
-----------------------
test accuracy: 0.5282
-----------------------
-----------------------
test accuracy: 0.5287
-----------------------
epoch 322 avg accuracy on training data: 0.5886399999999999
-----------------------
test accuracy: 0.5282
-----------------------
-----------------------
test accuracy: 0.5276
-----------------------
-----------------------
test accuracy: 0.5281
-----------------------
epoch 323 avg accuracy on training data: 0.5899599999999997
-----------------------
test accuracy: 0.5276
-----------------------
-----------------------
test accuracy: 0.5282
-----------------------
-----------------------
test accuracy: 0.527
-----------------------
epoch 324 avg accuracy on training data: 0.5888799999999998
-----------------------
test accuracy: 0.5292
-----------------------
-----------------------
test accuracy: 0.5278
-----------------------
-----------------------
test accuracy: 0.5277
-----------------------
epoch 325 avg accuracy on training data: 0.5903399999999999
-----------------------
test accuracy: 0.5275
-----------------------
-----------------------
test accuracy: 0.5287
-----------------------
-----------------------
test accuracy: 0.5285
-----------------------
epoch 326 avg accuracy on training data: 0.59026
-----------------------
test accuracy: 0.5283
-----------------------
-----------------------
test accuracy: 0.529
-----------------------
-----------------------
test accuracy: 0.5274
-----------------------
epoch 327 avg accuracy on training data: 0.5904599999999995
-----------------------
test accuracy: 0.5282
-----------------------
-----------------------
test accuracy: 0.5277
-----------------------
-----------------------
test accuracy: 0.529
-----------------------
epoch 328 avg accuracy on training data: 0.5908800000000004
-----------------------
test accuracy: 0.5289
-----------------------
-----------------------
test accuracy: 0.5275
-----------------------
-----------------------
test accuracy: 0.5293
-----------------------
epoch 329 avg accuracy on training data: 0.59028
-----------------------
test accuracy: 0.5294
-----------------------
-----------------------
test accuracy: 0.5288
-----------------------
-----------------------
test accuracy: 0.5283
-----------------------
epoch 330 avg accuracy on training data: 0.5926400000000002
-----------------------
test accuracy: 0.5278
-----------------------
-----------------------
test accuracy: 0.5286
-----------------------
-----------------------
test accuracy: 0.5284
-----------------------
epoch 331 avg accuracy on training data: 0.5914000000000003
-----------------------
test accuracy: 0.5289
-----------------------
-----------------------
test accuracy: 0.5271
-----------------------
-----------------------
test accuracy: 0.5279
-----------------------
epoch 332 avg accuracy on training data: 0.5921199999999999
-----------------------
test accuracy: 0.5289
-----------------------
-----------------------
test accuracy: 0.5286
-----------------------
-----------------------
test accuracy: 0.5275
-----------------------
epoch 333 avg accuracy on training data: 0.5918399999999998
-----------------------
test accuracy: 0.5297
-----------------------
-----------------------
test accuracy: 0.5287
-----------------------
-----------------------
test accuracy: 0.5294
-----------------------
epoch 334 avg accuracy on training data: 0.5928599999999999
-----------------------
test accuracy: 0.5281
-----------------------
-----------------------
test accuracy: 0.5287
-----------------------
-----------------------
test accuracy: 0.5294
-----------------------
epoch 335 avg accuracy on training data: 0.593
-----------------------
test accuracy: 0.5296
-----------------------
-----------------------
test accuracy: 0.5275
-----------------------
-----------------------
test accuracy: 0.5296
-----------------------
epoch 336 avg accuracy on training data: 0.5945399999999997
-----------------------
test accuracy: 0.5289
-----------------------
-----------------------
test accuracy: 0.5299
-----------------------
-----------------------
test accuracy: 0.529
-----------------------
epoch 337 avg accuracy on training data: 0.5928
-----------------------
test accuracy: 0.5293
-----------------------
-----------------------
test accuracy: 0.5277
-----------------------
-----------------------
test accuracy: 0.528
-----------------------
epoch 338 avg accuracy on training data: 0.5957000000000001
-----------------------
test accuracy: 0.5285
-----------------------
-----------------------
test accuracy: 0.5294
-----------------------
-----------------------
test accuracy: 0.5299
-----------------------
epoch 339 avg accuracy on training data: 0.5946599999999999
-----------------------
test accuracy: 0.5294
-----------------------
-----------------------
test accuracy: 0.529
-----------------------
-----------------------
test accuracy: 0.5288
-----------------------
epoch 340 avg accuracy on training data: 0.5949999999999993
-----------------------
test accuracy: 0.5284
-----------------------
-----------------------
test accuracy: 0.5289
-----------------------
-----------------------
test accuracy: 0.528
-----------------------
epoch 341 avg accuracy on training data: 0.5961400000000003
-----------------------
test accuracy: 0.53
-----------------------
-----------------------
test accuracy: 0.5301
-----------------------
-----------------------
test accuracy: 0.5291
-----------------------
epoch 342 avg accuracy on training data: 0.5964200000000002
-----------------------
test accuracy: 0.5301
-----------------------
-----------------------
test accuracy: 0.5278
-----------------------
-----------------------
test accuracy: 0.5302
-----------------------
epoch 343 avg accuracy on training data: 0.5958800000000001
-----------------------
test accuracy: 0.5303
-----------------------
-----------------------
test accuracy: 0.53
-----------------------
-----------------------
test accuracy: 0.5307
-----------------------
epoch 344 avg accuracy on training data: 0.5953200000000001
-----------------------
test accuracy: 0.5294
-----------------------
-----------------------
test accuracy: 0.5287
-----------------------
-----------------------
test accuracy: 0.5301
-----------------------
epoch 345 avg accuracy on training data: 0.5964800000000002
-----------------------
test accuracy: 0.5302
-----------------------
-----------------------
test accuracy: 0.5285
-----------------------
-----------------------
test accuracy: 0.5286
-----------------------
epoch 346 avg accuracy on training data: 0.59738
-----------------------
test accuracy: 0.5295
-----------------------
-----------------------
test accuracy: 0.5295
-----------------------
-----------------------
test accuracy: 0.5274
-----------------------
epoch 347 avg accuracy on training data: 0.5982799999999998
-----------------------
test accuracy: 0.5309
-----------------------
-----------------------
test accuracy: 0.528
-----------------------
-----------------------
test accuracy: 0.5302
-----------------------
epoch 348 avg accuracy on training data: 0.5975199999999996
-----------------------
test accuracy: 0.5305
-----------------------
-----------------------
test accuracy: 0.5283
-----------------------
-----------------------
test accuracy: 0.5307
-----------------------
epoch 349 avg accuracy on training data: 0.5985199999999998
-----------------------
test accuracy: 0.5303
-----------------------
-----------------------
test accuracy: 0.5315
-----------------------
-----------------------
test accuracy: 0.5305
-----------------------
epoch 350 avg accuracy on training data: 0.5981199999999998
-----------------------
test accuracy: 0.5293
-----------------------
-----------------------
test accuracy: 0.53
-----------------------
-----------------------
test accuracy: 0.5296
-----------------------
epoch 351 avg accuracy on training data: 0.59676
-----------------------
test accuracy: 0.5297
-----------------------
-----------------------
test accuracy: 0.528
-----------------------
-----------------------
test accuracy: 0.5285
-----------------------
epoch 352 avg accuracy on training data: 0.6005400000000001
-----------------------
test accuracy: 0.53
-----------------------
-----------------------
test accuracy: 0.5279
-----------------------
-----------------------
test accuracy: 0.5293
-----------------------
epoch 353 avg accuracy on training data: 0.5995999999999994
-----------------------
test accuracy: 0.5291
-----------------------
-----------------------
test accuracy: 0.5311
-----------------------
-----------------------
test accuracy: 0.53
-----------------------
epoch 354 avg accuracy on training data: 0.5990799999999995
-----------------------
test accuracy: 0.5298
-----------------------
-----------------------
test accuracy: 0.5285
-----------------------
-----------------------
test accuracy: 0.5292
-----------------------
epoch 355 avg accuracy on training data: 0.6011800000000002
-----------------------
test accuracy: 0.5311
-----------------------
-----------------------
test accuracy: 0.531
-----------------------
-----------------------
test accuracy: 0.5287
-----------------------
epoch 356 avg accuracy on training data: 0.6000199999999998
-----------------------
test accuracy: 0.5302
-----------------------
-----------------------
test accuracy: 0.5309
-----------------------
-----------------------
test accuracy: 0.5306
-----------------------
epoch 357 avg accuracy on training data: 0.6021400000000001
-----------------------
test accuracy: 0.5292
-----------------------
-----------------------
test accuracy: 0.529
-----------------------
-----------------------
test accuracy: 0.5294
-----------------------
srun: Job step aborted: Waiting up to 32 seconds for job step to finish.
slurmstepd: error: *** JOB 3942328 ON r30n7 CANCELLED AT 2019-11-15T01:21:11 ***
slurmstepd: error: *** STEP 3942328.0 ON r30n7 CANCELLED AT 2019-11-15T01:21:11 ***
