dnn_hidden_units : 100
learning_rate : 0.002
max_steps : 1500
batch_size : 200
eval_freq : 100
data_dir : ./cifar10/cifar-10-batches-py
neg_slope : 0.02
---------- MLP initialized with Pytorch -----------
-----------------------
test accuracy: 0.1034
-----------------------
-----------------------
test accuracy: 0.188
-----------------------
-----------------------
test accuracy: 0.223
-----------------------
epoch 1 avg accuracy on training data: 0.1866533864541834
-----------------------
test accuracy: 0.2351
-----------------------
-----------------------
test accuracy: 0.2525
-----------------------
-----------------------
test accuracy: 0.2614
-----------------------
epoch 2 avg accuracy on training data: 0.24553999999999984
-----------------------
test accuracy: 0.2637
-----------------------
-----------------------
test accuracy: 0.2717
-----------------------
-----------------------
test accuracy: 0.2768
-----------------------
epoch 3 avg accuracy on training data: 0.2650799999999999
-----------------------
test accuracy: 0.2805
-----------------------
-----------------------
test accuracy: 0.2889
-----------------------
-----------------------
test accuracy: 0.2933
-----------------------
epoch 4 avg accuracy on training data: 0.28225999999999996
-----------------------
test accuracy: 0.2956
-----------------------
-----------------------
test accuracy: 0.3015
-----------------------
-----------------------
test accuracy: 0.3055
-----------------------
epoch 5 avg accuracy on training data: 0.29686
-----------------------
test accuracy: 0.3096
-----------------------
-----------------------
test accuracy: 0.3144
-----------------------
-----------------------
test accuracy: 0.3181
-----------------------
epoch 6 avg accuracy on training data: 0.30892000000000025
-----------------------
test accuracy: 0.3189
-----------------------
-----------------------
test accuracy: 0.3216
-----------------------
-----------------------
test accuracy: 0.3274
-----------------------
epoch 7 avg accuracy on training data: 0.31780000000000014
-----------------------
test accuracy: 0.3303
-----------------------
-----------------------
test accuracy: 0.3326
-----------------------
-----------------------
test accuracy: 0.335
-----------------------
epoch 8 avg accuracy on training data: 0.32627999999999996
-----------------------
test accuracy: 0.3368
-----------------------
-----------------------
test accuracy: 0.3385
-----------------------
-----------------------
test accuracy: 0.3412
-----------------------
epoch 9 avg accuracy on training data: 0.33436000000000005
-----------------------
test accuracy: 0.3441
-----------------------
-----------------------
test accuracy: 0.3461
-----------------------
-----------------------
test accuracy: 0.3501
-----------------------
epoch 10 avg accuracy on training data: 0.3420800000000001
-----------------------
test accuracy: 0.3493
-----------------------
-----------------------
test accuracy: 0.356
-----------------------
-----------------------
test accuracy: 0.3575
-----------------------
epoch 11 avg accuracy on training data: 0.34974000000000005
-----------------------
test accuracy: 0.3567
-----------------------
-----------------------
test accuracy: 0.359
-----------------------
-----------------------
test accuracy: 0.3614
-----------------------
epoch 12 avg accuracy on training data: 0.35644
-----------------------
test accuracy: 0.365
-----------------------
-----------------------
test accuracy: 0.3661
-----------------------
-----------------------
test accuracy: 0.3676
-----------------------
epoch 13 avg accuracy on training data: 0.36430000000000046
-----------------------
test accuracy: 0.3698
-----------------------
-----------------------
test accuracy: 0.3688
-----------------------
-----------------------
test accuracy: 0.3728
-----------------------
epoch 14 avg accuracy on training data: 0.36818000000000023
-----------------------
test accuracy: 0.3748
-----------------------
-----------------------
test accuracy: 0.3752
-----------------------
-----------------------
test accuracy: 0.3788
-----------------------
epoch 15 avg accuracy on training data: 0.3745399999999999
-----------------------
test accuracy: 0.3782
-----------------------
-----------------------
test accuracy: 0.3799
-----------------------
-----------------------
test accuracy: 0.3825
-----------------------
epoch 16 avg accuracy on training data: 0.3786800000000002
-----------------------
test accuracy: 0.3837
-----------------------
-----------------------
test accuracy: 0.3861
-----------------------
-----------------------
test accuracy: 0.387
-----------------------
epoch 17 avg accuracy on training data: 0.38411999999999974
-----------------------
test accuracy: 0.3881
-----------------------
-----------------------
test accuracy: 0.3895
-----------------------
-----------------------
test accuracy: 0.3912
-----------------------
epoch 18 avg accuracy on training data: 0.3873600000000002
-----------------------
test accuracy: 0.3914
-----------------------
-----------------------
test accuracy: 0.3932
-----------------------
-----------------------
test accuracy: 0.3947
-----------------------
epoch 19 avg accuracy on training data: 0.39159999999999995
-----------------------
test accuracy: 0.3953
-----------------------
-----------------------
test accuracy: 0.3983
-----------------------
-----------------------
test accuracy: 0.398
-----------------------
epoch 20 avg accuracy on training data: 0.39492000000000027
-----------------------
test accuracy: 0.3977
-----------------------
-----------------------
test accuracy: 0.4005
-----------------------
-----------------------
test accuracy: 0.4015
-----------------------
epoch 21 avg accuracy on training data: 0.3972999999999998
-----------------------
test accuracy: 0.4032
-----------------------
-----------------------
test accuracy: 0.4045
-----------------------
-----------------------
test accuracy: 0.4035
-----------------------
epoch 22 avg accuracy on training data: 0.40125999999999995
-----------------------
test accuracy: 0.4048
-----------------------
-----------------------
test accuracy: 0.4052
-----------------------
-----------------------
test accuracy: 0.4078
-----------------------
epoch 23 avg accuracy on training data: 0.4031800000000002
-----------------------
test accuracy: 0.4082
-----------------------
-----------------------
test accuracy: 0.4084
-----------------------
-----------------------
test accuracy: 0.4099
-----------------------
epoch 24 avg accuracy on training data: 0.40578000000000014
-----------------------
test accuracy: 0.4101
-----------------------
-----------------------
test accuracy: 0.411
-----------------------
-----------------------
test accuracy: 0.4129
-----------------------
epoch 25 avg accuracy on training data: 0.4093800000000001
-----------------------
test accuracy: 0.413
-----------------------
-----------------------
test accuracy: 0.4145
-----------------------
-----------------------
test accuracy: 0.415
-----------------------
epoch 26 avg accuracy on training data: 0.4120199999999999
-----------------------
test accuracy: 0.4145
-----------------------
-----------------------
test accuracy: 0.416
-----------------------
-----------------------
test accuracy: 0.4174
-----------------------
epoch 27 avg accuracy on training data: 0.41282000000000024
-----------------------
test accuracy: 0.418
-----------------------
-----------------------
test accuracy: 0.4166
-----------------------
-----------------------
test accuracy: 0.4183
-----------------------
epoch 28 avg accuracy on training data: 0.41504000000000013
-----------------------
test accuracy: 0.4203
-----------------------
-----------------------
test accuracy: 0.4193
-----------------------
-----------------------
test accuracy: 0.4199
-----------------------
epoch 29 avg accuracy on training data: 0.4191000000000001
-----------------------
test accuracy: 0.4205
-----------------------
-----------------------
test accuracy: 0.4213
-----------------------
-----------------------
test accuracy: 0.4227
-----------------------
epoch 30 avg accuracy on training data: 0.41994000000000004
-----------------------
test accuracy: 0.4232
-----------------------
-----------------------
test accuracy: 0.4248
-----------------------
-----------------------
test accuracy: 0.4266
-----------------------
epoch 31 avg accuracy on training data: 0.42132000000000014
-----------------------
test accuracy: 0.4244
-----------------------
-----------------------
test accuracy: 0.4246
-----------------------
-----------------------
test accuracy: 0.4261
-----------------------
epoch 32 avg accuracy on training data: 0.4251600000000001
-----------------------
test accuracy: 0.4283
-----------------------
-----------------------
test accuracy: 0.4272
-----------------------
-----------------------
test accuracy: 0.4283
-----------------------
epoch 33 avg accuracy on training data: 0.42566000000000026
-----------------------
test accuracy: 0.4283
-----------------------
-----------------------
test accuracy: 0.4296
-----------------------
-----------------------
test accuracy: 0.4288
-----------------------
epoch 34 avg accuracy on training data: 0.42780000000000024
-----------------------
test accuracy: 0.4288
-----------------------
-----------------------
test accuracy: 0.431
-----------------------
-----------------------
test accuracy: 0.4318
-----------------------
epoch 35 avg accuracy on training data: 0.4301599999999999
-----------------------
test accuracy: 0.4313
-----------------------
-----------------------
test accuracy: 0.4319
-----------------------
-----------------------
test accuracy: 0.4324
-----------------------
epoch 36 avg accuracy on training data: 0.43118000000000023
-----------------------
test accuracy: 0.434
-----------------------
-----------------------
test accuracy: 0.4344
-----------------------
-----------------------
test accuracy: 0.4354
-----------------------
epoch 37 avg accuracy on training data: 0.4321799999999999
-----------------------
test accuracy: 0.4346
-----------------------
-----------------------
test accuracy: 0.4353
-----------------------
-----------------------
test accuracy: 0.4362
-----------------------
epoch 38 avg accuracy on training data: 0.43444000000000044
-----------------------
test accuracy: 0.436
-----------------------
-----------------------
test accuracy: 0.4372
-----------------------
-----------------------
test accuracy: 0.4386
-----------------------
epoch 39 avg accuracy on training data: 0.4379400000000001
-----------------------
test accuracy: 0.4382
-----------------------
-----------------------
test accuracy: 0.4382
-----------------------
-----------------------
test accuracy: 0.4394
-----------------------
epoch 40 avg accuracy on training data: 0.4377
-----------------------
test accuracy: 0.4382
-----------------------
-----------------------
test accuracy: 0.4397
-----------------------
-----------------------
test accuracy: 0.4396
-----------------------
epoch 41 avg accuracy on training data: 0.4393999999999995
-----------------------
test accuracy: 0.44
-----------------------
-----------------------
test accuracy: 0.441
-----------------------
-----------------------
test accuracy: 0.4409
-----------------------
epoch 42 avg accuracy on training data: 0.4410799999999999
-----------------------
test accuracy: 0.4421
-----------------------
-----------------------
test accuracy: 0.4415
-----------------------
-----------------------
test accuracy: 0.4418
-----------------------
epoch 43 avg accuracy on training data: 0.44326
-----------------------
test accuracy: 0.4432
-----------------------
-----------------------
test accuracy: 0.445
-----------------------
-----------------------
test accuracy: 0.4447
-----------------------
epoch 44 avg accuracy on training data: 0.4454200000000002
-----------------------
test accuracy: 0.4452
-----------------------
-----------------------
test accuracy: 0.4434
-----------------------
-----------------------
test accuracy: 0.4442
-----------------------
epoch 45 avg accuracy on training data: 0.4456599999999999
-----------------------
test accuracy: 0.445
-----------------------
-----------------------
test accuracy: 0.4452
-----------------------
-----------------------
test accuracy: 0.4458
-----------------------
epoch 46 avg accuracy on training data: 0.44798000000000004
-----------------------
test accuracy: 0.4461
-----------------------
-----------------------
test accuracy: 0.4479
-----------------------
-----------------------
test accuracy: 0.4481
-----------------------
epoch 47 avg accuracy on training data: 0.45041999999999993
-----------------------
test accuracy: 0.4472
-----------------------
-----------------------
test accuracy: 0.4477
-----------------------
-----------------------
test accuracy: 0.4468
-----------------------
epoch 48 avg accuracy on training data: 0.4486400000000001
-----------------------
test accuracy: 0.4479
-----------------------
-----------------------
test accuracy: 0.4477
-----------------------
-----------------------
test accuracy: 0.45
-----------------------
epoch 49 avg accuracy on training data: 0.45314
-----------------------
test accuracy: 0.4493
-----------------------
-----------------------
test accuracy: 0.4506
-----------------------
-----------------------
test accuracy: 0.451
-----------------------
epoch 50 avg accuracy on training data: 0.4527799999999997
-----------------------
test accuracy: 0.452
-----------------------
-----------------------
test accuracy: 0.4528
-----------------------
-----------------------
test accuracy: 0.4524
-----------------------
epoch 51 avg accuracy on training data: 0.45561999999999997
-----------------------
test accuracy: 0.4521
-----------------------
-----------------------
test accuracy: 0.4532
-----------------------
-----------------------
test accuracy: 0.4561
-----------------------
epoch 52 avg accuracy on training data: 0.4549800000000004
-----------------------
test accuracy: 0.4539
-----------------------
-----------------------
test accuracy: 0.4554
-----------------------
-----------------------
test accuracy: 0.455
-----------------------
epoch 53 avg accuracy on training data: 0.45841999999999994
-----------------------
test accuracy: 0.457
-----------------------
-----------------------
test accuracy: 0.4561
-----------------------
-----------------------
test accuracy: 0.4562
-----------------------
epoch 54 avg accuracy on training data: 0.4577999999999996
-----------------------
test accuracy: 0.4569
-----------------------
-----------------------
test accuracy: 0.4571
-----------------------
-----------------------
test accuracy: 0.4573
-----------------------
epoch 55 avg accuracy on training data: 0.4585999999999996
-----------------------
test accuracy: 0.456
-----------------------
-----------------------
test accuracy: 0.4571
-----------------------
-----------------------
test accuracy: 0.4577
-----------------------
epoch 56 avg accuracy on training data: 0.4619399999999998
-----------------------
test accuracy: 0.4586
-----------------------
-----------------------
test accuracy: 0.4602
-----------------------
-----------------------
test accuracy: 0.4598
-----------------------
epoch 57 avg accuracy on training data: 0.4626999999999999
-----------------------
test accuracy: 0.4602
-----------------------
-----------------------
test accuracy: 0.459
-----------------------
-----------------------
test accuracy: 0.4599
-----------------------
epoch 58 avg accuracy on training data: 0.4618800000000001
-----------------------
test accuracy: 0.4614
-----------------------
-----------------------
test accuracy: 0.4599
-----------------------
-----------------------
test accuracy: 0.4624
-----------------------
epoch 59 avg accuracy on training data: 0.46411999999999987
-----------------------
test accuracy: 0.4616
-----------------------
-----------------------
test accuracy: 0.4629
-----------------------
-----------------------
test accuracy: 0.4626
-----------------------
epoch 60 avg accuracy on training data: 0.46453999999999956
-----------------------
test accuracy: 0.463
-----------------------
-----------------------
test accuracy: 0.4633
-----------------------
-----------------------
test accuracy: 0.4642
-----------------------
epoch 61 avg accuracy on training data: 0.4661
-----------------------
test accuracy: 0.4649
-----------------------
-----------------------
test accuracy: 0.4644
-----------------------
-----------------------
test accuracy: 0.4639
-----------------------
epoch 62 avg accuracy on training data: 0.4673999999999998
-----------------------
test accuracy: 0.4649
-----------------------
-----------------------
test accuracy: 0.4646
-----------------------
-----------------------
test accuracy: 0.4651
-----------------------
epoch 63 avg accuracy on training data: 0.4680399999999994
-----------------------
test accuracy: 0.4652
-----------------------
-----------------------
test accuracy: 0.4661
-----------------------
-----------------------
test accuracy: 0.4661
-----------------------
epoch 64 avg accuracy on training data: 0.46878000000000014
-----------------------
test accuracy: 0.4663
-----------------------
-----------------------
test accuracy: 0.4669
-----------------------
-----------------------
test accuracy: 0.4664
-----------------------
epoch 65 avg accuracy on training data: 0.4723799999999998
-----------------------
test accuracy: 0.468
-----------------------
-----------------------
test accuracy: 0.4683
-----------------------
-----------------------
test accuracy: 0.4671
-----------------------
epoch 66 avg accuracy on training data: 0.47101999999999994
-----------------------
test accuracy: 0.4694
-----------------------
-----------------------
test accuracy: 0.4688
-----------------------
-----------------------
test accuracy: 0.4696
-----------------------
epoch 67 avg accuracy on training data: 0.4722799999999999
-----------------------
test accuracy: 0.4695
-----------------------
-----------------------
test accuracy: 0.4695
-----------------------
-----------------------
test accuracy: 0.4703
-----------------------
epoch 68 avg accuracy on training data: 0.47269999999999984
-----------------------
test accuracy: 0.4686
-----------------------
-----------------------
test accuracy: 0.4703
-----------------------
-----------------------
test accuracy: 0.4699
-----------------------
epoch 69 avg accuracy on training data: 0.47363999999999995
-----------------------
test accuracy: 0.4694
-----------------------
-----------------------
test accuracy: 0.4701
-----------------------
-----------------------
test accuracy: 0.4701
-----------------------
epoch 70 avg accuracy on training data: 0.47551999999999983
-----------------------
test accuracy: 0.4711
-----------------------
-----------------------
test accuracy: 0.4702
-----------------------
-----------------------
test accuracy: 0.4709
-----------------------
epoch 71 avg accuracy on training data: 0.4761
-----------------------
test accuracy: 0.4725
-----------------------
-----------------------
test accuracy: 0.4724
-----------------------
-----------------------
test accuracy: 0.4727
-----------------------
epoch 72 avg accuracy on training data: 0.4779399999999994
-----------------------
test accuracy: 0.4722
-----------------------
-----------------------
test accuracy: 0.4716
-----------------------
-----------------------
test accuracy: 0.4724
-----------------------
epoch 73 avg accuracy on training data: 0.4783599999999998
-----------------------
test accuracy: 0.475
-----------------------
-----------------------
test accuracy: 0.4729
-----------------------
-----------------------
test accuracy: 0.4733
-----------------------
epoch 74 avg accuracy on training data: 0.48049999999999987
-----------------------
test accuracy: 0.4747
-----------------------
-----------------------
test accuracy: 0.4744
-----------------------
-----------------------
test accuracy: 0.4741
-----------------------
epoch 75 avg accuracy on training data: 0.48051999999999995
-----------------------
test accuracy: 0.4741
-----------------------
-----------------------
test accuracy: 0.4734
-----------------------
-----------------------
test accuracy: 0.4751
-----------------------
epoch 76 avg accuracy on training data: 0.48041999999999974
-----------------------
test accuracy: 0.4754
-----------------------
-----------------------
test accuracy: 0.4754
-----------------------
-----------------------
test accuracy: 0.4763
-----------------------
epoch 77 avg accuracy on training data: 0.48197999999999974
-----------------------
test accuracy: 0.4745
-----------------------
-----------------------
test accuracy: 0.475
-----------------------
-----------------------
test accuracy: 0.4751
-----------------------
epoch 78 avg accuracy on training data: 0.48315999999999976
-----------------------
test accuracy: 0.4765
-----------------------
-----------------------
test accuracy: 0.4766
-----------------------
-----------------------
test accuracy: 0.477
-----------------------
epoch 79 avg accuracy on training data: 0.48303999999999997
-----------------------
test accuracy: 0.4763
-----------------------
-----------------------
test accuracy: 0.4766
-----------------------
-----------------------
test accuracy: 0.4764
-----------------------
epoch 80 avg accuracy on training data: 0.48357999999999984
-----------------------
test accuracy: 0.4768
-----------------------
-----------------------
test accuracy: 0.4765
-----------------------
-----------------------
test accuracy: 0.4777
-----------------------
epoch 81 avg accuracy on training data: 0.4860800000000001
-----------------------
test accuracy: 0.4782
-----------------------
-----------------------
test accuracy: 0.4789
-----------------------
-----------------------
test accuracy: 0.4776
-----------------------
epoch 82 avg accuracy on training data: 0.4863799999999997
-----------------------
test accuracy: 0.4779
-----------------------
-----------------------
test accuracy: 0.4776
-----------------------
-----------------------
test accuracy: 0.48
-----------------------
epoch 83 avg accuracy on training data: 0.4870999999999998
-----------------------
test accuracy: 0.4792
-----------------------
-----------------------
test accuracy: 0.4781
-----------------------
-----------------------
test accuracy: 0.4796
-----------------------
epoch 84 avg accuracy on training data: 0.48866
-----------------------
test accuracy: 0.4799
-----------------------
-----------------------
test accuracy: 0.4799
-----------------------
-----------------------
test accuracy: 0.4787
-----------------------
epoch 85 avg accuracy on training data: 0.4894800000000001
-----------------------
test accuracy: 0.4793
-----------------------
-----------------------
test accuracy: 0.481
-----------------------
srun: Job step aborted: Waiting up to 32 seconds for job step to finish.
slurmstepd: error: *** JOB 3942966 ON r30n7 CANCELLED AT 2019-11-15T01:24:54 ***
slurmstepd: error: *** STEP 3942966.0 ON r30n7 CANCELLED AT 2019-11-15T01:24:54 ***
