dnn_hidden_units : 100
learning_rate : 0.0005
max_steps : 150
batch_size : 100
eval_freq : 100
data_dir : ./cifar10/cifar-10-batches-py
neg_slope : 0.02
---------- MLP initialized with Pytorch -----------
-----------------------
test accuracy: 0.1161
-----------------------
-----------------------
test accuracy: 0.1335
-----------------------
-----------------------
test accuracy: 0.146
-----------------------
-----------------------
test accuracy: 0.1583
-----------------------
-----------------------
test accuracy: 0.1722
-----------------------
-----------------------
test accuracy: 0.1851
-----------------------
epoch 1 avg accuracy on training data: 0.14333333333333317
-----------------------
test accuracy: 0.1857
-----------------------
-----------------------
test accuracy: 0.2001
-----------------------
-----------------------
test accuracy: 0.2129
-----------------------
-----------------------
test accuracy: 0.2199
-----------------------
-----------------------
test accuracy: 0.2269
-----------------------
epoch 2 avg accuracy on training data: 0.20594000000000004
-----------------------
test accuracy: 0.2313
-----------------------
-----------------------
test accuracy: 0.2368
-----------------------
-----------------------
test accuracy: 0.2433
-----------------------
-----------------------
test accuracy: 0.2471
-----------------------
-----------------------
test accuracy: 0.2504
-----------------------
epoch 3 avg accuracy on training data: 0.2390599999999998
-----------------------
test accuracy: 0.2534
-----------------------
-----------------------
test accuracy: 0.2558
-----------------------
-----------------------
test accuracy: 0.2568
-----------------------
-----------------------
test accuracy: 0.2582
-----------------------
-----------------------
test accuracy: 0.2593
-----------------------
epoch 4 avg accuracy on training data: 0.25429999999999986
-----------------------
test accuracy: 0.2617
-----------------------
-----------------------
test accuracy: 0.2628
-----------------------
-----------------------
test accuracy: 0.2636
-----------------------
-----------------------
test accuracy: 0.2652
-----------------------
-----------------------
test accuracy: 0.2662
-----------------------
epoch 5 avg accuracy on training data: 0.26065999999999984
-----------------------
test accuracy: 0.2687
-----------------------
-----------------------
test accuracy: 0.2691
-----------------------
-----------------------
test accuracy: 0.2711
-----------------------
-----------------------
test accuracy: 0.2734
-----------------------
-----------------------
test accuracy: 0.273
-----------------------
epoch 6 avg accuracy on training data: 0.2681000000000001
-----------------------
test accuracy: 0.2729
-----------------------
-----------------------
test accuracy: 0.2734
-----------------------
-----------------------
test accuracy: 0.275
-----------------------
-----------------------
test accuracy: 0.276
-----------------------
-----------------------
test accuracy: 0.2772
-----------------------
epoch 7 avg accuracy on training data: 0.27208000000000004
-----------------------
test accuracy: 0.2794
-----------------------
-----------------------
test accuracy: 0.2804
-----------------------
-----------------------
test accuracy: 0.2807
-----------------------
-----------------------
test accuracy: 0.2817
-----------------------
-----------------------
test accuracy: 0.2819
-----------------------
epoch 8 avg accuracy on training data: 0.2766400000000002
-----------------------
test accuracy: 0.283
-----------------------
-----------------------
test accuracy: 0.284
-----------------------
-----------------------
test accuracy: 0.2836
-----------------------
-----------------------
test accuracy: 0.2859
-----------------------
-----------------------
test accuracy: 0.2872
-----------------------
epoch 9 avg accuracy on training data: 0.28222000000000025
-----------------------
test accuracy: 0.2876
-----------------------
-----------------------
test accuracy: 0.2894
-----------------------
-----------------------
test accuracy: 0.2904
-----------------------
-----------------------
test accuracy: 0.2916
-----------------------
-----------------------
test accuracy: 0.2925
-----------------------
epoch 10 avg accuracy on training data: 0.28700000000000053
-----------------------
test accuracy: 0.2928
-----------------------
-----------------------
test accuracy: 0.2941
-----------------------
-----------------------
test accuracy: 0.2946
-----------------------
-----------------------
test accuracy: 0.2955
-----------------------
-----------------------
test accuracy: 0.2962
-----------------------
epoch 11 avg accuracy on training data: 0.28902
-----------------------
test accuracy: 0.2965
-----------------------
-----------------------
test accuracy: 0.2975
-----------------------
-----------------------
test accuracy: 0.299
-----------------------
-----------------------
test accuracy: 0.2991
-----------------------
-----------------------
test accuracy: 0.2992
-----------------------
epoch 12 avg accuracy on training data: 0.2943600000000002
-----------------------
test accuracy: 0.2997
-----------------------
-----------------------
test accuracy: 0.3001
-----------------------
-----------------------
test accuracy: 0.3008
-----------------------
-----------------------
test accuracy: 0.3017
-----------------------
-----------------------
test accuracy: 0.3021
-----------------------
epoch 13 avg accuracy on training data: 0.29816
-----------------------
test accuracy: 0.3028
-----------------------
-----------------------
test accuracy: 0.3033
-----------------------
-----------------------
test accuracy: 0.3057
-----------------------
-----------------------
test accuracy: 0.3055
-----------------------
-----------------------
test accuracy: 0.3066
-----------------------
epoch 14 avg accuracy on training data: 0.30216000000000015
-----------------------
test accuracy: 0.3073
-----------------------
-----------------------
test accuracy: 0.308
-----------------------
-----------------------
test accuracy: 0.3086
-----------------------
-----------------------
test accuracy: 0.3118
-----------------------
-----------------------
test accuracy: 0.312
-----------------------
epoch 15 avg accuracy on training data: 0.30666000000000027
-----------------------
test accuracy: 0.3128
-----------------------
-----------------------
test accuracy: 0.3143
-----------------------
-----------------------
test accuracy: 0.3151
-----------------------
-----------------------
test accuracy: 0.3152
-----------------------
-----------------------
test accuracy: 0.3174
-----------------------
epoch 16 avg accuracy on training data: 0.31006
-----------------------
test accuracy: 0.3187
-----------------------
-----------------------
test accuracy: 0.3193
-----------------------
-----------------------
test accuracy: 0.3203
-----------------------
-----------------------
test accuracy: 0.3205
-----------------------
-----------------------
test accuracy: 0.3207
-----------------------
epoch 17 avg accuracy on training data: 0.3140000000000003
-----------------------
test accuracy: 0.3222
-----------------------
-----------------------
test accuracy: 0.3227
-----------------------
-----------------------
test accuracy: 0.3227
-----------------------
-----------------------
test accuracy: 0.3239
-----------------------
-----------------------
test accuracy: 0.3232
-----------------------
epoch 18 avg accuracy on training data: 0.31778000000000006
-----------------------
test accuracy: 0.3246
-----------------------
-----------------------
test accuracy: 0.327
-----------------------
-----------------------
test accuracy: 0.3273
-----------------------
-----------------------
test accuracy: 0.328
-----------------------
-----------------------
test accuracy: 0.3285
-----------------------
epoch 19 avg accuracy on training data: 0.3207200000000005
-----------------------
test accuracy: 0.3294
-----------------------
-----------------------
test accuracy: 0.3298
-----------------------
-----------------------
test accuracy: 0.3315
-----------------------
-----------------------
test accuracy: 0.3326
-----------------------
-----------------------
test accuracy: 0.3332
-----------------------
epoch 20 avg accuracy on training data: 0.3256000000000005
-----------------------
test accuracy: 0.3326
-----------------------
-----------------------
test accuracy: 0.3337
-----------------------
-----------------------
test accuracy: 0.3342
-----------------------
-----------------------
test accuracy: 0.3344
-----------------------
-----------------------
test accuracy: 0.336
-----------------------
epoch 21 avg accuracy on training data: 0.3284200000000002
-----------------------
test accuracy: 0.337
-----------------------
-----------------------
test accuracy: 0.336
-----------------------
-----------------------
test accuracy: 0.3375
-----------------------
-----------------------
test accuracy: 0.3398
-----------------------
-----------------------
test accuracy: 0.3396
-----------------------
epoch 22 avg accuracy on training data: 0.3340800000000002
-----------------------
test accuracy: 0.3411
-----------------------
-----------------------
test accuracy: 0.3417
-----------------------
-----------------------
test accuracy: 0.3416
-----------------------
-----------------------
test accuracy: 0.343
-----------------------
-----------------------
test accuracy: 0.3438
-----------------------
epoch 23 avg accuracy on training data: 0.3383400000000004
-----------------------
test accuracy: 0.3451
-----------------------
-----------------------
test accuracy: 0.3457
-----------------------
-----------------------
test accuracy: 0.3461
-----------------------
-----------------------
test accuracy: 0.3452
-----------------------
-----------------------
test accuracy: 0.3469
-----------------------
epoch 24 avg accuracy on training data: 0.3421800000000005
-----------------------
test accuracy: 0.3468
-----------------------
-----------------------
test accuracy: 0.3468
-----------------------
-----------------------
test accuracy: 0.3471
-----------------------
-----------------------
test accuracy: 0.348
-----------------------
-----------------------
test accuracy: 0.3491
-----------------------
epoch 25 avg accuracy on training data: 0.3438400000000002
-----------------------
test accuracy: 0.3501
-----------------------
-----------------------
test accuracy: 0.3502
-----------------------
-----------------------
test accuracy: 0.3513
-----------------------
-----------------------
test accuracy: 0.3518
-----------------------
-----------------------
test accuracy: 0.3522
-----------------------
epoch 26 avg accuracy on training data: 0.3493600000000007
-----------------------
test accuracy: 0.3536
-----------------------
-----------------------
test accuracy: 0.3537
-----------------------
-----------------------
test accuracy: 0.3549
-----------------------
-----------------------
test accuracy: 0.355
-----------------------
-----------------------
test accuracy: 0.3561
-----------------------
epoch 27 avg accuracy on training data: 0.35126000000000007
-----------------------
test accuracy: 0.3567
-----------------------
-----------------------
test accuracy: 0.3571
-----------------------
-----------------------
test accuracy: 0.358
-----------------------
-----------------------
test accuracy: 0.3588
-----------------------
-----------------------
test accuracy: 0.3593
-----------------------
epoch 28 avg accuracy on training data: 0.35444000000000014
-----------------------
test accuracy: 0.3595
-----------------------
-----------------------
test accuracy: 0.3603
-----------------------
-----------------------
test accuracy: 0.3605
-----------------------
-----------------------
test accuracy: 0.3618
-----------------------
-----------------------
test accuracy: 0.3622
-----------------------
epoch 29 avg accuracy on training data: 0.3579000000000004
-----------------------
test accuracy: 0.3623
-----------------------
-----------------------
test accuracy: 0.3635
-----------------------
-----------------------
test accuracy: 0.3636
-----------------------
-----------------------
test accuracy: 0.364
-----------------------
-----------------------
test accuracy: 0.3647
-----------------------
epoch 30 avg accuracy on training data: 0.3605400000000003
-----------------------
test accuracy: 0.3647
-----------------------
-----------------------
test accuracy: 0.3654
-----------------------
-----------------------
test accuracy: 0.3654
-----------------------
-----------------------
test accuracy: 0.3656
-----------------------
-----------------------
test accuracy: 0.3666
-----------------------
epoch 31 avg accuracy on training data: 0.36216000000000037
-----------------------
test accuracy: 0.3669
-----------------------
-----------------------
test accuracy: 0.3668
-----------------------
-----------------------
test accuracy: 0.3666
-----------------------
-----------------------
test accuracy: 0.3676
-----------------------
-----------------------
test accuracy: 0.3678
-----------------------
epoch 32 avg accuracy on training data: 0.36516000000000026
-----------------------
test accuracy: 0.369
-----------------------
-----------------------
test accuracy: 0.3684
-----------------------
-----------------------
test accuracy: 0.3692
-----------------------
-----------------------
test accuracy: 0.3705
-----------------------
-----------------------
test accuracy: 0.3706
-----------------------
epoch 33 avg accuracy on training data: 0.3678800000000004
-----------------------
test accuracy: 0.3717
-----------------------
-----------------------
test accuracy: 0.3707
-----------------------
-----------------------
test accuracy: 0.3718
-----------------------
-----------------------
test accuracy: 0.3721
-----------------------
-----------------------
test accuracy: 0.373
-----------------------
epoch 34 avg accuracy on training data: 0.36818000000000006
-----------------------
test accuracy: 0.3736
-----------------------
-----------------------
test accuracy: 0.374
-----------------------
-----------------------
test accuracy: 0.3752
-----------------------
-----------------------
test accuracy: 0.375
-----------------------
-----------------------
test accuracy: 0.3762
-----------------------
epoch 35 avg accuracy on training data: 0.37176000000000026
-----------------------
test accuracy: 0.3766
-----------------------
-----------------------
test accuracy: 0.3776
-----------------------
-----------------------
test accuracy: 0.3772
-----------------------
-----------------------
test accuracy: 0.3776
-----------------------
-----------------------
test accuracy: 0.3778
-----------------------
epoch 36 avg accuracy on training data: 0.3723000000000001
-----------------------
test accuracy: 0.3781
-----------------------
-----------------------
test accuracy: 0.3777
-----------------------
-----------------------
test accuracy: 0.3788
-----------------------
-----------------------
test accuracy: 0.3794
-----------------------
-----------------------
test accuracy: 0.3799
-----------------------
epoch 37 avg accuracy on training data: 0.3752199999999994
-----------------------
test accuracy: 0.3803
-----------------------
-----------------------
test accuracy: 0.38
-----------------------
-----------------------
test accuracy: 0.3798
-----------------------
-----------------------
test accuracy: 0.3809
-----------------------
-----------------------
test accuracy: 0.3818
-----------------------
epoch 38 avg accuracy on training data: 0.37573999999999946
-----------------------
test accuracy: 0.3815
-----------------------
-----------------------
test accuracy: 0.3822
-----------------------
-----------------------
test accuracy: 0.3822
-----------------------
-----------------------
test accuracy: 0.3826
-----------------------
-----------------------
test accuracy: 0.3821
-----------------------
epoch 39 avg accuracy on training data: 0.37812000000000007
-----------------------
test accuracy: 0.3822
-----------------------
-----------------------
test accuracy: 0.3836
-----------------------
-----------------------
test accuracy: 0.3829
-----------------------
-----------------------
test accuracy: 0.3844
-----------------------
-----------------------
test accuracy: 0.3847
-----------------------
epoch 40 avg accuracy on training data: 0.37856000000000034
-----------------------
test accuracy: 0.3845
-----------------------
-----------------------
test accuracy: 0.3851
-----------------------
-----------------------
test accuracy: 0.3857
-----------------------
-----------------------
test accuracy: 0.3845
-----------------------
-----------------------
test accuracy: 0.3857
-----------------------
epoch 41 avg accuracy on training data: 0.38202
-----------------------
test accuracy: 0.3865
-----------------------
-----------------------
test accuracy: 0.3873
-----------------------
-----------------------
test accuracy: 0.3875
-----------------------
-----------------------
test accuracy: 0.3877
-----------------------
-----------------------
test accuracy: 0.3879
-----------------------
epoch 42 avg accuracy on training data: 0.38363999999999954
-----------------------
test accuracy: 0.3877
-----------------------
-----------------------
test accuracy: 0.3878
-----------------------
-----------------------
test accuracy: 0.3887
-----------------------
-----------------------
test accuracy: 0.3892
-----------------------
-----------------------
test accuracy: 0.3901
-----------------------
epoch 43 avg accuracy on training data: 0.3853599999999997
-----------------------
test accuracy: 0.39
-----------------------
-----------------------
test accuracy: 0.3906
-----------------------
-----------------------
test accuracy: 0.3914
-----------------------
-----------------------
test accuracy: 0.3908
-----------------------
-----------------------
test accuracy: 0.3908
-----------------------
epoch 44 avg accuracy on training data: 0.3865999999999997
-----------------------
test accuracy: 0.3911
-----------------------
-----------------------
test accuracy: 0.3904
-----------------------
-----------------------
test accuracy: 0.3912
-----------------------
-----------------------
test accuracy: 0.3908
-----------------------
-----------------------
test accuracy: 0.3918
-----------------------
epoch 45 avg accuracy on training data: 0.38699999999999996
-----------------------
test accuracy: 0.3925
-----------------------
-----------------------
test accuracy: 0.3924
-----------------------
-----------------------
test accuracy: 0.392
-----------------------
-----------------------
test accuracy: 0.3928
-----------------------
-----------------------
test accuracy: 0.3918
-----------------------
epoch 46 avg accuracy on training data: 0.3887799999999998
-----------------------
test accuracy: 0.3921
-----------------------
-----------------------
test accuracy: 0.3919
-----------------------
-----------------------
test accuracy: 0.392
-----------------------
-----------------------
test accuracy: 0.3925
-----------------------
-----------------------
test accuracy: 0.3929
-----------------------
epoch 47 avg accuracy on training data: 0.3896999999999995
-----------------------
test accuracy: 0.393
-----------------------
-----------------------
test accuracy: 0.3935
-----------------------
-----------------------
test accuracy: 0.3944
-----------------------
-----------------------
test accuracy: 0.3932
-----------------------
-----------------------
test accuracy: 0.3924
-----------------------
epoch 48 avg accuracy on training data: 0.3918999999999999
-----------------------
test accuracy: 0.394
-----------------------
-----------------------
test accuracy: 0.395
-----------------------
-----------------------
test accuracy: 0.3963
-----------------------
-----------------------
test accuracy: 0.3967
-----------------------
-----------------------
test accuracy: 0.3967
-----------------------
epoch 49 avg accuracy on training data: 0.39543999999999957
-----------------------
test accuracy: 0.3978
-----------------------
-----------------------
test accuracy: 0.3984
-----------------------
-----------------------
test accuracy: 0.3983
-----------------------
-----------------------
test accuracy: 0.3995
-----------------------
-----------------------
test accuracy: 0.3992
-----------------------
epoch 50 avg accuracy on training data: 0.39695999999999937
-----------------------
test accuracy: 0.3998
-----------------------
-----------------------
test accuracy: 0.4006
-----------------------
-----------------------
test accuracy: 0.4008
-----------------------
-----------------------
test accuracy: 0.4019
-----------------------
-----------------------
test accuracy: 0.4022
-----------------------
epoch 51 avg accuracy on training data: 0.3990999999999998
-----------------------
test accuracy: 0.4026
-----------------------
-----------------------
test accuracy: 0.403
-----------------------
-----------------------
test accuracy: 0.4028
-----------------------
-----------------------
test accuracy: 0.4038
-----------------------
-----------------------
test accuracy: 0.4033
-----------------------
epoch 52 avg accuracy on training data: 0.4005800000000002
-----------------------
test accuracy: 0.4036
-----------------------
-----------------------
test accuracy: 0.4046
-----------------------
-----------------------
test accuracy: 0.4045
-----------------------
-----------------------
test accuracy: 0.4052
-----------------------
-----------------------
test accuracy: 0.4047
-----------------------
epoch 53 avg accuracy on training data: 0.4050399999999998
-----------------------
test accuracy: 0.4054
-----------------------
-----------------------
test accuracy: 0.4053
-----------------------
-----------------------
test accuracy: 0.4071
-----------------------
-----------------------
test accuracy: 0.4075
-----------------------
-----------------------
test accuracy: 0.407
-----------------------
epoch 54 avg accuracy on training data: 0.4079399999999991
-----------------------
test accuracy: 0.4074
-----------------------
-----------------------
test accuracy: 0.4077
-----------------------
-----------------------
test accuracy: 0.4089
-----------------------
-----------------------
test accuracy: 0.4093
-----------------------
-----------------------
test accuracy: 0.4097
-----------------------
epoch 55 avg accuracy on training data: 0.40859999999999935
-----------------------
test accuracy: 0.4094
-----------------------
-----------------------
test accuracy: 0.4088
-----------------------
-----------------------
test accuracy: 0.4101
-----------------------
-----------------------
test accuracy: 0.4115
-----------------------
-----------------------
test accuracy: 0.4118
-----------------------
epoch 56 avg accuracy on training data: 0.41087999999999986
-----------------------
test accuracy: 0.4122
-----------------------
-----------------------
test accuracy: 0.4108
-----------------------
-----------------------
test accuracy: 0.4122
-----------------------
-----------------------
test accuracy: 0.4126
-----------------------
-----------------------
test accuracy: 0.4123
-----------------------
epoch 57 avg accuracy on training data: 0.4105799999999996
-----------------------
test accuracy: 0.4134
-----------------------
-----------------------
test accuracy: 0.4137
-----------------------
-----------------------
test accuracy: 0.4151
-----------------------
-----------------------
test accuracy: 0.4146
-----------------------
-----------------------
test accuracy: 0.414
-----------------------
epoch 58 avg accuracy on training data: 0.4108399999999995
-----------------------
test accuracy: 0.4148
-----------------------
-----------------------
test accuracy: 0.415
-----------------------
-----------------------
test accuracy: 0.4155
-----------------------
-----------------------
test accuracy: 0.415
-----------------------
-----------------------
test accuracy: 0.4155
-----------------------
epoch 59 avg accuracy on training data: 0.413299999999999
-----------------------
test accuracy: 0.4151
-----------------------
-----------------------
test accuracy: 0.4161
-----------------------
-----------------------
test accuracy: 0.4156
-----------------------
-----------------------
test accuracy: 0.4159
-----------------------
-----------------------
test accuracy: 0.4163
-----------------------
epoch 60 avg accuracy on training data: 0.41607999999999956
-----------------------
test accuracy: 0.4168
-----------------------
-----------------------
test accuracy: 0.4174
-----------------------
-----------------------
test accuracy: 0.4168
-----------------------
-----------------------
test accuracy: 0.417
-----------------------
-----------------------
test accuracy: 0.4167
-----------------------
epoch 61 avg accuracy on training data: 0.41618
-----------------------
test accuracy: 0.4174
-----------------------
-----------------------
test accuracy: 0.418
-----------------------
-----------------------
test accuracy: 0.4175
-----------------------
-----------------------
test accuracy: 0.4191
-----------------------
-----------------------
test accuracy: 0.4179
-----------------------
epoch 62 avg accuracy on training data: 0.4187599999999998
-----------------------
test accuracy: 0.4183
-----------------------
-----------------------
test accuracy: 0.4182
-----------------------
-----------------------
test accuracy: 0.4192
-----------------------
-----------------------
test accuracy: 0.4194
-----------------------
-----------------------
test accuracy: 0.4201
-----------------------
epoch 63 avg accuracy on training data: 0.4188199999999995
-----------------------
test accuracy: 0.4207
-----------------------
-----------------------
test accuracy: 0.4205
-----------------------
-----------------------
test accuracy: 0.4211
-----------------------
-----------------------
test accuracy: 0.4205
-----------------------
-----------------------
test accuracy: 0.4215
-----------------------
epoch 64 avg accuracy on training data: 0.4204399999999994
-----------------------
test accuracy: 0.421
-----------------------
-----------------------
test accuracy: 0.4209
-----------------------
-----------------------
test accuracy: 0.4208
-----------------------
-----------------------
test accuracy: 0.4227
-----------------------
-----------------------
test accuracy: 0.4218
-----------------------
epoch 65 avg accuracy on training data: 0.4216999999999997
-----------------------
test accuracy: 0.4222
-----------------------
-----------------------
test accuracy: 0.4217
-----------------------
-----------------------
test accuracy: 0.4221
-----------------------
-----------------------
test accuracy: 0.4224
-----------------------
-----------------------
test accuracy: 0.4228
-----------------------
epoch 66 avg accuracy on training data: 0.421199999999999
-----------------------
test accuracy: 0.4227
-----------------------
-----------------------
test accuracy: 0.4225
-----------------------
-----------------------
test accuracy: 0.4236
-----------------------
-----------------------
test accuracy: 0.4237
-----------------------
-----------------------
test accuracy: 0.4225
-----------------------
epoch 67 avg accuracy on training data: 0.4226999999999998
-----------------------
test accuracy: 0.4231
-----------------------
-----------------------
test accuracy: 0.4236
-----------------------
-----------------------
test accuracy: 0.4238
-----------------------
-----------------------
test accuracy: 0.4236
-----------------------
-----------------------
test accuracy: 0.4243
-----------------------
epoch 68 avg accuracy on training data: 0.42379999999999957
-----------------------
test accuracy: 0.4251
-----------------------
-----------------------
test accuracy: 0.4249
-----------------------
-----------------------
test accuracy: 0.4266
-----------------------
-----------------------
test accuracy: 0.4262
-----------------------
-----------------------
test accuracy: 0.426
-----------------------
epoch 69 avg accuracy on training data: 0.4251399999999994
-----------------------
test accuracy: 0.4269
-----------------------
-----------------------
test accuracy: 0.4267
-----------------------
-----------------------
test accuracy: 0.427
-----------------------
-----------------------
test accuracy: 0.4273
-----------------------
-----------------------
test accuracy: 0.4273
-----------------------
epoch 70 avg accuracy on training data: 0.42635999999999924
-----------------------
test accuracy: 0.4278
-----------------------
-----------------------
test accuracy: 0.4291
-----------------------
-----------------------
test accuracy: 0.429
-----------------------
-----------------------
test accuracy: 0.4291
-----------------------
-----------------------
test accuracy: 0.4298
-----------------------
epoch 71 avg accuracy on training data: 0.4278999999999997
-----------------------
test accuracy: 0.4283
-----------------------
-----------------------
test accuracy: 0.4287
-----------------------
-----------------------
test accuracy: 0.4292
-----------------------
-----------------------
test accuracy: 0.4296
-----------------------
-----------------------
test accuracy: 0.4301
-----------------------
epoch 72 avg accuracy on training data: 0.4275399999999997
-----------------------
test accuracy: 0.4299
-----------------------
-----------------------
test accuracy: 0.4302
-----------------------
-----------------------
test accuracy: 0.4306
-----------------------
-----------------------
test accuracy: 0.4322
-----------------------
-----------------------
test accuracy: 0.4318
-----------------------
epoch 73 avg accuracy on training data: 0.43019999999999936
-----------------------
test accuracy: 0.432
-----------------------
-----------------------
test accuracy: 0.4331
-----------------------
-----------------------
test accuracy: 0.4318
-----------------------
-----------------------
test accuracy: 0.4326
-----------------------
-----------------------
test accuracy: 0.4327
-----------------------
epoch 74 avg accuracy on training data: 0.4316999999999995
-----------------------
test accuracy: 0.4326
-----------------------
-----------------------
test accuracy: 0.4322
-----------------------
-----------------------
test accuracy: 0.4335
-----------------------
-----------------------
test accuracy: 0.4335
-----------------------
-----------------------
test accuracy: 0.4334
-----------------------
epoch 75 avg accuracy on training data: 0.43225999999999976
-----------------------
test accuracy: 0.4331
-----------------------
-----------------------
test accuracy: 0.4339
-----------------------
-----------------------
test accuracy: 0.434
-----------------------
-----------------------
test accuracy: 0.4344
-----------------------
-----------------------
test accuracy: 0.4344
-----------------------
epoch 76 avg accuracy on training data: 0.43185999999999924
-----------------------
test accuracy: 0.4342
-----------------------
-----------------------
test accuracy: 0.434
-----------------------
-----------------------
test accuracy: 0.4344
-----------------------
-----------------------
test accuracy: 0.4351
-----------------------
-----------------------
test accuracy: 0.436
-----------------------
epoch 77 avg accuracy on training data: 0.4333199999999993
-----------------------
test accuracy: 0.4357
-----------------------
-----------------------
test accuracy: 0.4364
-----------------------
-----------------------
test accuracy: 0.4368
-----------------------
-----------------------
test accuracy: 0.4355
-----------------------
-----------------------
test accuracy: 0.4357
-----------------------
epoch 78 avg accuracy on training data: 0.4341799999999996
-----------------------
test accuracy: 0.4359
-----------------------
-----------------------
test accuracy: 0.4361
-----------------------
-----------------------
test accuracy: 0.4358
-----------------------
-----------------------
test accuracy: 0.4369
-----------------------
-----------------------
test accuracy: 0.4371
-----------------------
epoch 79 avg accuracy on training data: 0.43377999999999955
-----------------------
test accuracy: 0.4371
-----------------------
-----------------------
test accuracy: 0.4378
-----------------------
-----------------------
test accuracy: 0.4377
-----------------------
-----------------------
test accuracy: 0.4384
-----------------------
-----------------------
test accuracy: 0.4386
-----------------------
epoch 80 avg accuracy on training data: 0.4342999999999991
-----------------------
test accuracy: 0.4384
-----------------------
-----------------------
test accuracy: 0.4369
-----------------------
-----------------------
test accuracy: 0.4384
-----------------------
-----------------------
test accuracy: 0.4377
-----------------------
-----------------------
test accuracy: 0.4383
-----------------------
epoch 81 avg accuracy on training data: 0.43601999999999985
-----------------------
test accuracy: 0.4401
-----------------------
-----------------------
test accuracy: 0.4394
-----------------------
-----------------------
test accuracy: 0.4383
-----------------------
-----------------------
test accuracy: 0.44
-----------------------
-----------------------
test accuracy: 0.4393
-----------------------
epoch 82 avg accuracy on training data: 0.43661999999999945
-----------------------
test accuracy: 0.4398
-----------------------
-----------------------
test accuracy: 0.4391
-----------------------
-----------------------
test accuracy: 0.4399
-----------------------
-----------------------
test accuracy: 0.4397
-----------------------
-----------------------
test accuracy: 0.4401
-----------------------
epoch 83 avg accuracy on training data: 0.43757999999999975
-----------------------
test accuracy: 0.4406
-----------------------
-----------------------
test accuracy: 0.4413
-----------------------
-----------------------
test accuracy: 0.4408
-----------------------
-----------------------
test accuracy: 0.4406
-----------------------
-----------------------
test accuracy: 0.441
-----------------------
epoch 84 avg accuracy on training data: 0.43835999999999936
-----------------------
test accuracy: 0.4406
-----------------------
-----------------------
test accuracy: 0.4413
-----------------------
-----------------------
test accuracy: 0.4411
-----------------------
-----------------------
test accuracy: 0.4417
-----------------------
-----------------------
test accuracy: 0.4419
-----------------------
epoch 85 avg accuracy on training data: 0.43899999999999956
-----------------------
test accuracy: 0.4421
-----------------------
-----------------------
test accuracy: 0.4412
-----------------------
-----------------------
test accuracy: 0.4425
-----------------------
-----------------------
test accuracy: 0.4421
-----------------------
-----------------------
test accuracy: 0.4411
-----------------------
epoch 86 avg accuracy on training data: 0.4408999999999993
-----------------------
test accuracy: 0.4434
-----------------------
-----------------------
test accuracy: 0.4428
-----------------------
-----------------------
test accuracy: 0.4431
-----------------------
-----------------------
test accuracy: 0.4427
-----------------------
-----------------------
test accuracy: 0.4431
-----------------------
epoch 87 avg accuracy on training data: 0.4416800000000001
-----------------------
test accuracy: 0.4438
-----------------------
-----------------------
test accuracy: 0.4439
-----------------------
-----------------------
test accuracy: 0.4441
-----------------------
-----------------------
test accuracy: 0.4445
-----------------------
-----------------------
test accuracy: 0.4444
-----------------------
epoch 88 avg accuracy on training data: 0.4413599999999991
-----------------------
test accuracy: 0.4438
-----------------------
-----------------------
test accuracy: 0.444
-----------------------
-----------------------
test accuracy: 0.4438
-----------------------
-----------------------
test accuracy: 0.4433
-----------------------
-----------------------
test accuracy: 0.444
-----------------------
epoch 89 avg accuracy on training data: 0.4408399999999994
-----------------------
test accuracy: 0.444
-----------------------
-----------------------
test accuracy: 0.4437
-----------------------
-----------------------
test accuracy: 0.4445
-----------------------
-----------------------
test accuracy: 0.4459
-----------------------
-----------------------
test accuracy: 0.4449
-----------------------
epoch 90 avg accuracy on training data: 0.44213999999999887
-----------------------
test accuracy: 0.4451
-----------------------
-----------------------
test accuracy: 0.444
-----------------------
-----------------------
test accuracy: 0.4454
-----------------------
-----------------------
test accuracy: 0.4455
-----------------------
-----------------------
test accuracy: 0.446
-----------------------
epoch 91 avg accuracy on training data: 0.44383999999999924
-----------------------
test accuracy: 0.4461
-----------------------
-----------------------
test accuracy: 0.4449
-----------------------
-----------------------
test accuracy: 0.4448
-----------------------
-----------------------
test accuracy: 0.4457
-----------------------
-----------------------
test accuracy: 0.4461
-----------------------
epoch 92 avg accuracy on training data: 0.4441199999999991
-----------------------
test accuracy: 0.4461
-----------------------
-----------------------
test accuracy: 0.4461
-----------------------
-----------------------
test accuracy: 0.4452
-----------------------
-----------------------
test accuracy: 0.4467
-----------------------
-----------------------
test accuracy: 0.4453
-----------------------
epoch 93 avg accuracy on training data: 0.4464799999999992
-----------------------
test accuracy: 0.4465
-----------------------
-----------------------
test accuracy: 0.4463
-----------------------
-----------------------
test accuracy: 0.4474
-----------------------
-----------------------
test accuracy: 0.4473
-----------------------
-----------------------
test accuracy: 0.4466
-----------------------
epoch 94 avg accuracy on training data: 0.4467399999999992
-----------------------
test accuracy: 0.4476
-----------------------
-----------------------
test accuracy: 0.4472
-----------------------
-----------------------
test accuracy: 0.4472
-----------------------
-----------------------
test accuracy: 0.4479
-----------------------
-----------------------
test accuracy: 0.4474
-----------------------
epoch 95 avg accuracy on training data: 0.4478999999999994
-----------------------
test accuracy: 0.4484
-----------------------
-----------------------
test accuracy: 0.4478
-----------------------
-----------------------
test accuracy: 0.4492
-----------------------
-----------------------
test accuracy: 0.4481
-----------------------
-----------------------
test accuracy: 0.4492
-----------------------
epoch 96 avg accuracy on training data: 0.4470199999999996
-----------------------
test accuracy: 0.4486
-----------------------
-----------------------
test accuracy: 0.4482
-----------------------
-----------------------
test accuracy: 0.448
-----------------------
-----------------------
test accuracy: 0.4495
-----------------------
-----------------------
test accuracy: 0.45
-----------------------
epoch 97 avg accuracy on training data: 0.4473599999999995
-----------------------
test accuracy: 0.4494
-----------------------
-----------------------
test accuracy: 0.4485
-----------------------
-----------------------
test accuracy: 0.4494
-----------------------
-----------------------
test accuracy: 0.4494
-----------------------
-----------------------
test accuracy: 0.4493
-----------------------
epoch 98 avg accuracy on training data: 0.4486399999999995
-----------------------
test accuracy: 0.4499
-----------------------
-----------------------
test accuracy: 0.4488
-----------------------
-----------------------
test accuracy: 0.4503
-----------------------
-----------------------
test accuracy: 0.4495
-----------------------
-----------------------
test accuracy: 0.4492
-----------------------
epoch 99 avg accuracy on training data: 0.44944
-----------------------
test accuracy: 0.4494
-----------------------
-----------------------
test accuracy: 0.4492
-----------------------
-----------------------
test accuracy: 0.4496
-----------------------
-----------------------
test accuracy: 0.45
-----------------------
-----------------------
test accuracy: 0.4505
-----------------------
epoch 100 avg accuracy on training data: 0.45043999999999984
-----------------------
test accuracy: 0.4501
-----------------------
-----------------------
test accuracy: 0.4509
-----------------------
-----------------------
test accuracy: 0.4515
-----------------------
-----------------------
test accuracy: 0.452
-----------------------
-----------------------
test accuracy: 0.4503
-----------------------
epoch 101 avg accuracy on training data: 0.45207999999999965
-----------------------
test accuracy: 0.4501
-----------------------
-----------------------
test accuracy: 0.4519
-----------------------
-----------------------
test accuracy: 0.4511
-----------------------
-----------------------
test accuracy: 0.4512
-----------------------
-----------------------
test accuracy: 0.4507
-----------------------
epoch 102 avg accuracy on training data: 0.4519799999999994
-----------------------
test accuracy: 0.4515
-----------------------
-----------------------
test accuracy: 0.4515
-----------------------
-----------------------
test accuracy: 0.4523
-----------------------
-----------------------
test accuracy: 0.4528
-----------------------
-----------------------
test accuracy: 0.4514
-----------------------
epoch 103 avg accuracy on training data: 0.4535599999999993
-----------------------
test accuracy: 0.4514
-----------------------
-----------------------
test accuracy: 0.4517
-----------------------
-----------------------
test accuracy: 0.4513
-----------------------
-----------------------
test accuracy: 0.4511
-----------------------
-----------------------
test accuracy: 0.4531
-----------------------
epoch 104 avg accuracy on training data: 0.4528399999999996
-----------------------
test accuracy: 0.4529
-----------------------
-----------------------
test accuracy: 0.4534
-----------------------
-----------------------
test accuracy: 0.4538
-----------------------
-----------------------
test accuracy: 0.4522
-----------------------
-----------------------
test accuracy: 0.4536
-----------------------
epoch 105 avg accuracy on training data: 0.4533999999999995
-----------------------
test accuracy: 0.4537
-----------------------
-----------------------
test accuracy: 0.4541
-----------------------
-----------------------
test accuracy: 0.4535
-----------------------
-----------------------
test accuracy: 0.4539
-----------------------
-----------------------
test accuracy: 0.4543
-----------------------
epoch 106 avg accuracy on training data: 0.45403999999999956
-----------------------
test accuracy: 0.4535
-----------------------
-----------------------
test accuracy: 0.4547
-----------------------
-----------------------
test accuracy: 0.4555
-----------------------
-----------------------
test accuracy: 0.4549
-----------------------
-----------------------
test accuracy: 0.4542
-----------------------
epoch 107 avg accuracy on training data: 0.45515999999999923
-----------------------
test accuracy: 0.4543
-----------------------
-----------------------
test accuracy: 0.4537
-----------------------
-----------------------
test accuracy: 0.4531
-----------------------
-----------------------
test accuracy: 0.4549
-----------------------
-----------------------
test accuracy: 0.4548
-----------------------
epoch 108 avg accuracy on training data: 0.4559600000000002
-----------------------
test accuracy: 0.4549
-----------------------
-----------------------
test accuracy: 0.4546
-----------------------
-----------------------
test accuracy: 0.454
-----------------------
-----------------------
test accuracy: 0.4556
-----------------------
-----------------------
test accuracy: 0.4555
-----------------------
epoch 109 avg accuracy on training data: 0.4555599999999994
-----------------------
test accuracy: 0.4563
-----------------------
-----------------------
test accuracy: 0.4553
-----------------------
-----------------------
test accuracy: 0.4553
-----------------------
-----------------------
test accuracy: 0.4545
-----------------------
-----------------------
test accuracy: 0.4552
-----------------------
epoch 110 avg accuracy on training data: 0.45619999999999955
-----------------------
test accuracy: 0.4563
-----------------------
-----------------------
test accuracy: 0.4562
-----------------------
-----------------------
test accuracy: 0.4573
-----------------------
-----------------------
test accuracy: 0.4577
-----------------------
-----------------------
test accuracy: 0.4571
-----------------------
epoch 111 avg accuracy on training data: 0.4572799999999992
-----------------------
test accuracy: 0.4572
-----------------------
-----------------------
test accuracy: 0.4567
-----------------------
-----------------------
test accuracy: 0.4578
-----------------------
-----------------------
test accuracy: 0.4569
-----------------------
-----------------------
test accuracy: 0.4574
-----------------------
epoch 112 avg accuracy on training data: 0.4577199999999994
-----------------------
test accuracy: 0.4584
-----------------------
-----------------------
test accuracy: 0.4582
-----------------------
-----------------------
test accuracy: 0.4588
-----------------------
-----------------------
test accuracy: 0.4589
-----------------------
-----------------------
test accuracy: 0.4579
-----------------------
epoch 113 avg accuracy on training data: 0.45955999999999925
-----------------------
test accuracy: 0.4587
-----------------------
-----------------------
test accuracy: 0.4579
-----------------------
-----------------------
test accuracy: 0.4588
-----------------------
-----------------------
test accuracy: 0.4593
-----------------------
-----------------------
test accuracy: 0.4584
-----------------------
epoch 114 avg accuracy on training data: 0.4576599999999993
-----------------------
test accuracy: 0.4597
-----------------------
-----------------------
test accuracy: 0.4596
-----------------------
-----------------------
test accuracy: 0.4593
-----------------------
-----------------------
test accuracy: 0.4595
-----------------------
-----------------------
test accuracy: 0.4596
-----------------------
epoch 115 avg accuracy on training data: 0.4597
-----------------------
test accuracy: 0.4594
-----------------------
-----------------------
test accuracy: 0.4593
-----------------------
-----------------------
test accuracy: 0.4599
-----------------------
-----------------------
test accuracy: 0.4601
-----------------------
-----------------------
test accuracy: 0.4599
-----------------------
epoch 116 avg accuracy on training data: 0.46174
-----------------------
test accuracy: 0.46
-----------------------
-----------------------
test accuracy: 0.4597
-----------------------
-----------------------
test accuracy: 0.4594
-----------------------
-----------------------
test accuracy: 0.4604
-----------------------
-----------------------
test accuracy: 0.4608
-----------------------
epoch 117 avg accuracy on training data: 0.4592799999999994
-----------------------
test accuracy: 0.4597
-----------------------
-----------------------
test accuracy: 0.46
-----------------------
-----------------------
test accuracy: 0.4608
-----------------------
-----------------------
test accuracy: 0.4602
-----------------------
-----------------------
test accuracy: 0.4604
-----------------------
epoch 118 avg accuracy on training data: 0.4594599999999997
-----------------------
test accuracy: 0.4602
-----------------------
-----------------------
test accuracy: 0.461
-----------------------
-----------------------
test accuracy: 0.4603
-----------------------
-----------------------
test accuracy: 0.4608
-----------------------
-----------------------
test accuracy: 0.4616
-----------------------
epoch 119 avg accuracy on training data: 0.46127999999999936
-----------------------
test accuracy: 0.4605
-----------------------
-----------------------
test accuracy: 0.4604
-----------------------
-----------------------
test accuracy: 0.4612
-----------------------
-----------------------
test accuracy: 0.4606
-----------------------
-----------------------
test accuracy: 0.4616
-----------------------
epoch 120 avg accuracy on training data: 0.4632399999999999
-----------------------
test accuracy: 0.4619
-----------------------
-----------------------
test accuracy: 0.4627
-----------------------
-----------------------
test accuracy: 0.4616
-----------------------
-----------------------
test accuracy: 0.4615
-----------------------
-----------------------
test accuracy: 0.461
-----------------------
epoch 121 avg accuracy on training data: 0.46281999999999973
-----------------------
test accuracy: 0.4627
-----------------------
-----------------------
test accuracy: 0.4623
-----------------------
-----------------------
test accuracy: 0.4629
-----------------------
-----------------------
test accuracy: 0.4626
-----------------------
-----------------------
test accuracy: 0.4636
-----------------------
epoch 122 avg accuracy on training data: 0.4625599999999993
-----------------------
test accuracy: 0.4629
-----------------------
-----------------------
test accuracy: 0.4628
-----------------------
-----------------------
test accuracy: 0.4621
-----------------------
-----------------------
test accuracy: 0.4624
-----------------------
-----------------------
test accuracy: 0.4631
-----------------------
epoch 123 avg accuracy on training data: 0.46489999999999965
-----------------------
test accuracy: 0.4631
-----------------------
-----------------------
test accuracy: 0.4631
-----------------------
-----------------------
test accuracy: 0.4634
-----------------------
-----------------------
test accuracy: 0.465
-----------------------
-----------------------
test accuracy: 0.4638
-----------------------
epoch 124 avg accuracy on training data: 0.46661999999999954
-----------------------
test accuracy: 0.4635
-----------------------
-----------------------
test accuracy: 0.464
-----------------------
-----------------------
test accuracy: 0.4629
-----------------------
-----------------------
test accuracy: 0.463
-----------------------
-----------------------
test accuracy: 0.465
-----------------------
epoch 125 avg accuracy on training data: 0.4668
-----------------------
test accuracy: 0.4641
-----------------------
-----------------------
test accuracy: 0.4641
-----------------------
-----------------------
test accuracy: 0.4641
-----------------------
-----------------------
test accuracy: 0.4643
-----------------------
-----------------------
test accuracy: 0.4647
-----------------------
epoch 126 avg accuracy on training data: 0.46711999999999965
-----------------------
test accuracy: 0.4641
-----------------------
-----------------------
test accuracy: 0.4644
-----------------------
-----------------------
test accuracy: 0.4644
-----------------------
-----------------------
test accuracy: 0.4641
-----------------------
-----------------------
test accuracy: 0.4646
-----------------------
epoch 127 avg accuracy on training data: 0.4666999999999994
-----------------------
test accuracy: 0.4646
-----------------------
-----------------------
test accuracy: 0.4649
-----------------------
-----------------------
test accuracy: 0.4647
-----------------------
-----------------------
test accuracy: 0.4653
-----------------------
-----------------------
test accuracy: 0.4653
-----------------------
epoch 128 avg accuracy on training data: 0.46629999999999955
-----------------------
test accuracy: 0.4648
-----------------------
-----------------------
test accuracy: 0.4646
-----------------------
-----------------------
test accuracy: 0.4652
-----------------------
-----------------------
test accuracy: 0.4654
-----------------------
-----------------------
test accuracy: 0.4652
-----------------------
epoch 129 avg accuracy on training data: 0.4669599999999992
-----------------------
test accuracy: 0.4661
-----------------------
-----------------------
test accuracy: 0.4657
-----------------------
-----------------------
test accuracy: 0.4665
-----------------------
-----------------------
test accuracy: 0.466
-----------------------
-----------------------
test accuracy: 0.4656
-----------------------
epoch 130 avg accuracy on training data: 0.4679599999999993
-----------------------
test accuracy: 0.4659
-----------------------
-----------------------
test accuracy: 0.4653
-----------------------
-----------------------
test accuracy: 0.4664
-----------------------
-----------------------
test accuracy: 0.465
-----------------------
-----------------------
test accuracy: 0.4663
-----------------------
epoch 131 avg accuracy on training data: 0.46973999999999955
-----------------------
test accuracy: 0.4664
-----------------------
-----------------------
test accuracy: 0.4656
-----------------------
-----------------------
test accuracy: 0.467
-----------------------
-----------------------
test accuracy: 0.4662
-----------------------
-----------------------
test accuracy: 0.4663
-----------------------
epoch 132 avg accuracy on training data: 0.4693399999999997
-----------------------
test accuracy: 0.4668
-----------------------
-----------------------
test accuracy: 0.4668
-----------------------
-----------------------
test accuracy: 0.4669
-----------------------
-----------------------
test accuracy: 0.4672
-----------------------
-----------------------
test accuracy: 0.4669
-----------------------
epoch 133 avg accuracy on training data: 0.46975999999999923
-----------------------
test accuracy: 0.4667
-----------------------
-----------------------
test accuracy: 0.4666
-----------------------
-----------------------
test accuracy: 0.467
-----------------------
-----------------------
test accuracy: 0.4669
-----------------------
-----------------------
test accuracy: 0.4678
-----------------------
epoch 134 avg accuracy on training data: 0.47111999999999976
-----------------------
test accuracy: 0.4671
-----------------------
-----------------------
test accuracy: 0.4681
-----------------------
-----------------------
test accuracy: 0.4683
-----------------------
-----------------------
test accuracy: 0.4683
-----------------------
-----------------------
test accuracy: 0.4682
-----------------------
epoch 135 avg accuracy on training data: 0.47061999999999976
-----------------------
test accuracy: 0.4677
-----------------------
-----------------------
test accuracy: 0.4665
-----------------------
-----------------------
test accuracy: 0.467
-----------------------
-----------------------
test accuracy: 0.4676
-----------------------
-----------------------
test accuracy: 0.4683
-----------------------
epoch 136 avg accuracy on training data: 0.4708599999999999
-----------------------
test accuracy: 0.4685
-----------------------
-----------------------
test accuracy: 0.4683
-----------------------
-----------------------
test accuracy: 0.4689
-----------------------
-----------------------
test accuracy: 0.4675
-----------------------
-----------------------
test accuracy: 0.4693
-----------------------
epoch 137 avg accuracy on training data: 0.4736999999999999
-----------------------
test accuracy: 0.4689
-----------------------
-----------------------
test accuracy: 0.4684
-----------------------
-----------------------
test accuracy: 0.4684
-----------------------
-----------------------
test accuracy: 0.4684
-----------------------
-----------------------
test accuracy: 0.4693
-----------------------
epoch 138 avg accuracy on training data: 0.4735399999999991
-----------------------
test accuracy: 0.4687
-----------------------
-----------------------
test accuracy: 0.4681
-----------------------
-----------------------
test accuracy: 0.4685
-----------------------
-----------------------
test accuracy: 0.4692
-----------------------
-----------------------
test accuracy: 0.468
-----------------------
epoch 139 avg accuracy on training data: 0.47289999999999965
-----------------------
test accuracy: 0.4683
-----------------------
-----------------------
test accuracy: 0.4697
-----------------------
-----------------------
test accuracy: 0.469
-----------------------
-----------------------
test accuracy: 0.4691
-----------------------
-----------------------
test accuracy: 0.4689
-----------------------
epoch 140 avg accuracy on training data: 0.4728799999999998
-----------------------
test accuracy: 0.4687
-----------------------
-----------------------
test accuracy: 0.4687
-----------------------
-----------------------
test accuracy: 0.4685
-----------------------
-----------------------
test accuracy: 0.4693
-----------------------
-----------------------
test accuracy: 0.4685
-----------------------
epoch 141 avg accuracy on training data: 0.47283999999999937
-----------------------
test accuracy: 0.4699
-----------------------
-----------------------
test accuracy: 0.4686
-----------------------
-----------------------
test accuracy: 0.4683
-----------------------
-----------------------
test accuracy: 0.4695
-----------------------
-----------------------
test accuracy: 0.4692
-----------------------
epoch 142 avg accuracy on training data: 0.47352
-----------------------
test accuracy: 0.4703
-----------------------
-----------------------
test accuracy: 0.4695
-----------------------
-----------------------
test accuracy: 0.4695
-----------------------
-----------------------
test accuracy: 0.4701
-----------------------
-----------------------
test accuracy: 0.4696
-----------------------
epoch 143 avg accuracy on training data: 0.4739200000000001
-----------------------
test accuracy: 0.4707
-----------------------
-----------------------
test accuracy: 0.4697
-----------------------
-----------------------
test accuracy: 0.4709
-----------------------
-----------------------
test accuracy: 0.4697
-----------------------
-----------------------
test accuracy: 0.4704
-----------------------
epoch 144 avg accuracy on training data: 0.4759999999999998
-----------------------
test accuracy: 0.4704
-----------------------
-----------------------
test accuracy: 0.4696
-----------------------
-----------------------
test accuracy: 0.4697
-----------------------
-----------------------
test accuracy: 0.4705
-----------------------
-----------------------
test accuracy: 0.4715
-----------------------
epoch 145 avg accuracy on training data: 0.4763599999999999
-----------------------
test accuracy: 0.4716
-----------------------
-----------------------
test accuracy: 0.4711
-----------------------
-----------------------
test accuracy: 0.4705
-----------------------
-----------------------
test accuracy: 0.4713
-----------------------
-----------------------
test accuracy: 0.471
-----------------------
epoch 146 avg accuracy on training data: 0.47729999999999984
-----------------------
test accuracy: 0.4717
-----------------------
-----------------------
test accuracy: 0.472
-----------------------
-----------------------
test accuracy: 0.4723
-----------------------
-----------------------
test accuracy: 0.4723
-----------------------
-----------------------
test accuracy: 0.4711
-----------------------
epoch 147 avg accuracy on training data: 0.47760000000000014
-----------------------
test accuracy: 0.4716
-----------------------
-----------------------
test accuracy: 0.4713
-----------------------
-----------------------
test accuracy: 0.4716
-----------------------
-----------------------
test accuracy: 0.4712
-----------------------
-----------------------
test accuracy: 0.4722
-----------------------
epoch 148 avg accuracy on training data: 0.4785799999999995
-----------------------
test accuracy: 0.4715
-----------------------
-----------------------
test accuracy: 0.4708
-----------------------
-----------------------
test accuracy: 0.4705
-----------------------
-----------------------
test accuracy: 0.4705
-----------------------
-----------------------
test accuracy: 0.4717
-----------------------
epoch 149 avg accuracy on training data: 0.47676
-----------------------
test accuracy: 0.4716
-----------------------
-----------------------
test accuracy: 0.472
-----------------------
-----------------------
test accuracy: 0.4725
-----------------------
-----------------------
test accuracy: 0.473
-----------------------
-----------------------
test accuracy: 0.4722
-----------------------
epoch 150 avg accuracy on training data: 0.47849999999999987
-----------------------
test accuracy: 0.4721
-----------------------
-----------------------
test accuracy: 0.472
-----------------------
-----------------------
test accuracy: 0.4711
-----------------------
-----------------------
test accuracy: 0.4715
-----------------------
-----------------------
test accuracy: 0.4721
-----------------------
