dnn_hidden_units : 100
learning_rate : 0.002
max_steps : 1500
batch_size : 200
eval_freq : 100
data_dir : ./cifar10/cifar-10-batches-py
neg_slope : 0.02
---------- MLP initialized with Pytorch -----------
-----------------------
test accuracy: 0.1176
-----------------------
-----------------------
test accuracy: 0.1904
-----------------------
-----------------------
test accuracy: 0.221
-----------------------
epoch 1 avg accuracy on training data: 0.19304780876494018
-----------------------
test accuracy: 0.2268
-----------------------
-----------------------
test accuracy: 0.2391
-----------------------
-----------------------
test accuracy: 0.2481
-----------------------
epoch 2 avg accuracy on training data: 0.23965999999999996
-----------------------
test accuracy: 0.2509
-----------------------
-----------------------
test accuracy: 0.2573
-----------------------
-----------------------
test accuracy: 0.2638
-----------------------
epoch 3 avg accuracy on training data: 0.25761999999999996
-----------------------
test accuracy: 0.2666
-----------------------
-----------------------
test accuracy: 0.2723
-----------------------
-----------------------
test accuracy: 0.2783
-----------------------
epoch 4 avg accuracy on training data: 0.2744199999999999
-----------------------
test accuracy: 0.2809
-----------------------
-----------------------
test accuracy: 0.2867
-----------------------
-----------------------
test accuracy: 0.2917
-----------------------
epoch 5 avg accuracy on training data: 0.28704000000000013
-----------------------
test accuracy: 0.2965
-----------------------
-----------------------
test accuracy: 0.302
-----------------------
-----------------------
test accuracy: 0.3075
-----------------------
epoch 6 avg accuracy on training data: 0.3020000000000001
-----------------------
test accuracy: 0.3092
-----------------------
-----------------------
test accuracy: 0.3144
-----------------------
-----------------------
test accuracy: 0.3182
-----------------------
