dnn_hidden_units : 100
learning_rate : 0.002
max_steps : 150
batch_size : 200
eval_freq : 100
data_dir : ./cifar10/cifar-10-batches-py
neg_slope : 0.02
----------MLP initialized-------------
-----------------------
test accuracy: 0.0884
-----------------------
-----------------------
test accuracy: 0.1631
-----------------------
-----------------------
test accuracy: 0.1866
-----------------------
epoch 1 avg accuracy on training data: 0.1555179282868526
-----------------------
test accuracy: 0.1911
-----------------------
-----------------------
test accuracy: 0.1954
-----------------------
-----------------------
test accuracy: 0.2037
-----------------------
epoch 2 avg accuracy on training data: 0.18760000000000002
-----------------------
test accuracy: 0.2013
-----------------------
-----------------------
test accuracy: 0.2054
-----------------------
-----------------------
test accuracy: 0.2093
-----------------------
epoch 3 avg accuracy on training data: 0.19666000000000006
-----------------------
test accuracy: 0.2111
-----------------------
-----------------------
test accuracy: 0.2132
-----------------------
-----------------------
test accuracy: 0.2243
-----------------------
epoch 4 avg accuracy on training data: 0.20606000000000008
-----------------------
test accuracy: 0.2255
-----------------------
-----------------------
test accuracy: 0.2298
-----------------------
-----------------------
test accuracy: 0.2369
-----------------------
epoch 5 avg accuracy on training data: 0.22286000000000003
-----------------------
test accuracy: 0.242
-----------------------
-----------------------
test accuracy: 0.2482
-----------------------
-----------------------
test accuracy: 0.2514
-----------------------
epoch 6 avg accuracy on training data: 0.24093999999999993
-----------------------
test accuracy: 0.2565
-----------------------
-----------------------
test accuracy: 0.2575
-----------------------
-----------------------
test accuracy: 0.2607
-----------------------
epoch 7 avg accuracy on training data: 0.2498999999999999
-----------------------
test accuracy: 0.2605
-----------------------
-----------------------
test accuracy: 0.2606
-----------------------
-----------------------
test accuracy: 0.2661
-----------------------
epoch 8 avg accuracy on training data: 0.2568599999999999
-----------------------
test accuracy: 0.2666
-----------------------
-----------------------
test accuracy: 0.2683
-----------------------
-----------------------
test accuracy: 0.2712
-----------------------
epoch 9 avg accuracy on training data: 0.2635199999999998
-----------------------
test accuracy: 0.2716
-----------------------
-----------------------
test accuracy: 0.2737
-----------------------
-----------------------
test accuracy: 0.2735
-----------------------
epoch 10 avg accuracy on training data: 0.2713999999999999
-----------------------
test accuracy: 0.2755
-----------------------
-----------------------
test accuracy: 0.2791
-----------------------
-----------------------
test accuracy: 0.2818
-----------------------
epoch 11 avg accuracy on training data: 0.27766000000000013
-----------------------
test accuracy: 0.2826
-----------------------
-----------------------
test accuracy: 0.2852
-----------------------
-----------------------
test accuracy: 0.288
-----------------------
epoch 12 avg accuracy on training data: 0.2832800000000001
-----------------------
test accuracy: 0.2911
-----------------------
-----------------------
test accuracy: 0.2936
-----------------------
-----------------------
test accuracy: 0.2962
-----------------------
epoch 13 avg accuracy on training data: 0.29196
-----------------------
test accuracy: 0.2964
-----------------------
-----------------------
test accuracy: 0.3017
-----------------------
-----------------------
test accuracy: 0.302
-----------------------
epoch 14 avg accuracy on training data: 0.2989399999999999
-----------------------
test accuracy: 0.3025
-----------------------
-----------------------
test accuracy: 0.3033
-----------------------
-----------------------
test accuracy: 0.3064
-----------------------
epoch 15 avg accuracy on training data: 0.30426000000000003
-----------------------
test accuracy: 0.3081
-----------------------
-----------------------
test accuracy: 0.3101
-----------------------
-----------------------
test accuracy: 0.3145
-----------------------
epoch 16 avg accuracy on training data: 0.31154
-----------------------
test accuracy: 0.316
-----------------------
-----------------------
test accuracy: 0.3175
-----------------------
-----------------------
test accuracy: 0.3183
-----------------------
epoch 17 avg accuracy on training data: 0.3161600000000003
-----------------------
test accuracy: 0.3204
-----------------------
-----------------------
test accuracy: 0.3223
-----------------------
-----------------------
test accuracy: 0.3256
-----------------------
epoch 18 avg accuracy on training data: 0.32016
-----------------------
test accuracy: 0.3261
-----------------------
-----------------------
test accuracy: 0.3292
-----------------------
-----------------------
test accuracy: 0.3295
-----------------------
epoch 19 avg accuracy on training data: 0.3250799999999997
-----------------------
test accuracy: 0.3313
-----------------------
-----------------------
test accuracy: 0.3319
-----------------------
-----------------------
test accuracy: 0.3331
-----------------------
epoch 20 avg accuracy on training data: 0.3292199999999999
-----------------------
test accuracy: 0.3357
-----------------------
-----------------------
test accuracy: 0.3371
-----------------------
-----------------------
test accuracy: 0.3374
-----------------------
epoch 21 avg accuracy on training data: 0.3337599999999998
-----------------------
test accuracy: 0.3381
-----------------------
-----------------------
test accuracy: 0.3391
-----------------------
-----------------------
test accuracy: 0.3424
-----------------------
epoch 22 avg accuracy on training data: 0.33836
-----------------------
test accuracy: 0.3434
-----------------------
-----------------------
test accuracy: 0.3453
-----------------------
-----------------------
test accuracy: 0.346
-----------------------
epoch 23 avg accuracy on training data: 0.3416199999999998
-----------------------
test accuracy: 0.3467
-----------------------
-----------------------
test accuracy: 0.3493
-----------------------
-----------------------
test accuracy: 0.351
-----------------------
epoch 24 avg accuracy on training data: 0.34586000000000033
-----------------------
test accuracy: 0.3501
-----------------------
-----------------------
test accuracy: 0.351
-----------------------
-----------------------
test accuracy: 0.3544
-----------------------
epoch 25 avg accuracy on training data: 0.3496800000000001
-----------------------
test accuracy: 0.3545
-----------------------
-----------------------
test accuracy: 0.3574
-----------------------
-----------------------
test accuracy: 0.359
-----------------------
epoch 26 avg accuracy on training data: 0.3531200000000002
-----------------------
test accuracy: 0.3589
-----------------------
-----------------------
test accuracy: 0.3619
-----------------------
-----------------------
test accuracy: 0.3629
-----------------------
epoch 27 avg accuracy on training data: 0.3564199999999997
-----------------------
test accuracy: 0.3635
-----------------------
-----------------------
test accuracy: 0.3643
-----------------------
-----------------------
test accuracy: 0.3661
-----------------------
epoch 28 avg accuracy on training data: 0.3589999999999999
-----------------------
test accuracy: 0.3669
-----------------------
-----------------------
test accuracy: 0.3691
-----------------------
-----------------------
test accuracy: 0.3689
-----------------------
epoch 29 avg accuracy on training data: 0.36383999999999994
-----------------------
test accuracy: 0.3698
-----------------------
-----------------------
test accuracy: 0.3707
-----------------------
-----------------------
test accuracy: 0.3725
-----------------------
epoch 30 avg accuracy on training data: 0.36518
-----------------------
test accuracy: 0.3728
-----------------------
-----------------------
test accuracy: 0.3757
-----------------------
-----------------------
test accuracy: 0.3769
-----------------------
epoch 31 avg accuracy on training data: 0.3698399999999999
-----------------------
test accuracy: 0.3773
-----------------------
-----------------------
test accuracy: 0.379
-----------------------
-----------------------
test accuracy: 0.3791
-----------------------
epoch 32 avg accuracy on training data: 0.3715999999999999
-----------------------
test accuracy: 0.3806
-----------------------
-----------------------
test accuracy: 0.381
-----------------------
-----------------------
test accuracy: 0.3815
-----------------------
epoch 33 avg accuracy on training data: 0.3738799999999999
-----------------------
test accuracy: 0.3815
-----------------------
-----------------------
test accuracy: 0.3825
-----------------------
-----------------------
test accuracy: 0.3831
-----------------------
epoch 34 avg accuracy on training data: 0.37754
-----------------------
test accuracy: 0.3847
-----------------------
-----------------------
test accuracy: 0.3854
-----------------------
-----------------------
test accuracy: 0.3867
-----------------------
epoch 35 avg accuracy on training data: 0.3797600000000005
-----------------------
test accuracy: 0.3874
-----------------------
-----------------------
test accuracy: 0.3882
-----------------------
-----------------------
test accuracy: 0.3906
-----------------------
epoch 36 avg accuracy on training data: 0.38308
-----------------------
test accuracy: 0.3903
-----------------------
-----------------------
test accuracy: 0.3923
-----------------------
-----------------------
test accuracy: 0.3924
-----------------------
epoch 37 avg accuracy on training data: 0.38646
-----------------------
test accuracy: 0.3932
-----------------------
-----------------------
test accuracy: 0.3944
-----------------------
-----------------------
test accuracy: 0.394
-----------------------
epoch 38 avg accuracy on training data: 0.38716
-----------------------
test accuracy: 0.3951
-----------------------
-----------------------
test accuracy: 0.3964
-----------------------
-----------------------
test accuracy: 0.398
-----------------------
epoch 39 avg accuracy on training data: 0.3908800000000005
-----------------------
test accuracy: 0.3981
-----------------------
-----------------------
test accuracy: 0.3998
-----------------------
-----------------------
test accuracy: 0.4012
-----------------------
epoch 40 avg accuracy on training data: 0.39304000000000006
-----------------------
test accuracy: 0.4018
-----------------------
-----------------------
test accuracy: 0.4023
-----------------------
-----------------------
test accuracy: 0.4042
-----------------------
epoch 41 avg accuracy on training data: 0.39516000000000007
-----------------------
test accuracy: 0.4037
-----------------------
-----------------------
test accuracy: 0.4039
-----------------------
-----------------------
test accuracy: 0.4063
-----------------------
epoch 42 avg accuracy on training data: 0.39812000000000003
-----------------------
test accuracy: 0.4073
-----------------------
-----------------------
test accuracy: 0.4068
-----------------------
-----------------------
test accuracy: 0.4091
-----------------------
epoch 43 avg accuracy on training data: 0.40134000000000036
-----------------------
test accuracy: 0.4091
-----------------------
-----------------------
test accuracy: 0.4091
-----------------------
-----------------------
test accuracy: 0.4106
-----------------------
epoch 44 avg accuracy on training data: 0.40234000000000003
-----------------------
test accuracy: 0.4111
-----------------------
-----------------------
test accuracy: 0.4115
-----------------------
-----------------------
test accuracy: 0.4135
-----------------------
epoch 45 avg accuracy on training data: 0.4045600000000002
-----------------------
test accuracy: 0.4138
-----------------------
-----------------------
test accuracy: 0.4122
-----------------------
-----------------------
test accuracy: 0.415
-----------------------
epoch 46 avg accuracy on training data: 0.40636000000000033
-----------------------
test accuracy: 0.4152
-----------------------
-----------------------
test accuracy: 0.4163
-----------------------
-----------------------
test accuracy: 0.4156
-----------------------
epoch 47 avg accuracy on training data: 0.40865999999999997
-----------------------
test accuracy: 0.4166
-----------------------
-----------------------
test accuracy: 0.4163
-----------------------
-----------------------
test accuracy: 0.4171
-----------------------
epoch 48 avg accuracy on training data: 0.4093000000000002
-----------------------
test accuracy: 0.4177
-----------------------
-----------------------
test accuracy: 0.4178
-----------------------
-----------------------
test accuracy: 0.4189
-----------------------
epoch 49 avg accuracy on training data: 0.41116
-----------------------
test accuracy: 0.4181
-----------------------
-----------------------
test accuracy: 0.4194
-----------------------
-----------------------
test accuracy: 0.421
-----------------------
epoch 50 avg accuracy on training data: 0.41488
-----------------------
test accuracy: 0.4199
-----------------------
-----------------------
test accuracy: 0.4213
-----------------------
-----------------------
test accuracy: 0.4223
-----------------------
epoch 51 avg accuracy on training data: 0.4151800000000004
-----------------------
test accuracy: 0.4219
-----------------------
-----------------------
test accuracy: 0.4231
-----------------------
-----------------------
test accuracy: 0.424
-----------------------
epoch 52 avg accuracy on training data: 0.4174399999999997
-----------------------
test accuracy: 0.4237
-----------------------
-----------------------
test accuracy: 0.4237
-----------------------
-----------------------
test accuracy: 0.4253
-----------------------
epoch 53 avg accuracy on training data: 0.41788000000000003
-----------------------
test accuracy: 0.4258
-----------------------
-----------------------
test accuracy: 0.425
-----------------------
-----------------------
test accuracy: 0.4271
-----------------------
epoch 54 avg accuracy on training data: 0.4194200000000004
-----------------------
test accuracy: 0.4257
-----------------------
-----------------------
test accuracy: 0.426
-----------------------
-----------------------
test accuracy: 0.4278
-----------------------
epoch 55 avg accuracy on training data: 0.4237600000000004
-----------------------
test accuracy: 0.428
-----------------------
-----------------------
test accuracy: 0.4277
-----------------------
-----------------------
test accuracy: 0.4278
-----------------------
epoch 56 avg accuracy on training data: 0.4222999999999999
-----------------------
test accuracy: 0.4295
-----------------------
-----------------------
test accuracy: 0.4287
-----------------------
-----------------------
test accuracy: 0.4296
-----------------------
epoch 57 avg accuracy on training data: 0.42469999999999986
-----------------------
test accuracy: 0.431
-----------------------
-----------------------
test accuracy: 0.4304
-----------------------
-----------------------
test accuracy: 0.4331
-----------------------
epoch 58 avg accuracy on training data: 0.4279000000000002
-----------------------
test accuracy: 0.4337
-----------------------
-----------------------
test accuracy: 0.4329
-----------------------
-----------------------
test accuracy: 0.4344
-----------------------
epoch 59 avg accuracy on training data: 0.4278800000000001
-----------------------
test accuracy: 0.4336
-----------------------
-----------------------
test accuracy: 0.4345
-----------------------
-----------------------
test accuracy: 0.4343
-----------------------
epoch 60 avg accuracy on training data: 0.42890000000000006
-----------------------
test accuracy: 0.4362
-----------------------
-----------------------
test accuracy: 0.4349
-----------------------
-----------------------
test accuracy: 0.4347
-----------------------
epoch 61 avg accuracy on training data: 0.42986000000000013
-----------------------
test accuracy: 0.4363
-----------------------
-----------------------
test accuracy: 0.4372
-----------------------
-----------------------
test accuracy: 0.4373
-----------------------
epoch 62 avg accuracy on training data: 0.43274
-----------------------
test accuracy: 0.4362
-----------------------
-----------------------
test accuracy: 0.4381
-----------------------
-----------------------
test accuracy: 0.4375
-----------------------
epoch 63 avg accuracy on training data: 0.43229999999999974
-----------------------
test accuracy: 0.4391
-----------------------
-----------------------
test accuracy: 0.44
-----------------------
-----------------------
test accuracy: 0.4408
-----------------------
epoch 64 avg accuracy on training data: 0.4340600000000003
-----------------------
test accuracy: 0.4405
-----------------------
-----------------------
test accuracy: 0.4405
-----------------------
-----------------------
test accuracy: 0.4412
-----------------------
epoch 65 avg accuracy on training data: 0.4353400000000001
-----------------------
test accuracy: 0.4415
-----------------------
-----------------------
test accuracy: 0.4417
-----------------------
-----------------------
test accuracy: 0.4417
-----------------------
epoch 66 avg accuracy on training data: 0.4356399999999999
-----------------------
test accuracy: 0.4412
-----------------------
-----------------------
test accuracy: 0.442
-----------------------
-----------------------
test accuracy: 0.4425
-----------------------
epoch 67 avg accuracy on training data: 0.43823999999999996
-----------------------
test accuracy: 0.4421
-----------------------
-----------------------
test accuracy: 0.4426
-----------------------
-----------------------
test accuracy: 0.4424
-----------------------
epoch 68 avg accuracy on training data: 0.43917999999999996
-----------------------
test accuracy: 0.4426
-----------------------
-----------------------
test accuracy: 0.4442
-----------------------
-----------------------
test accuracy: 0.4433
-----------------------
epoch 69 avg accuracy on training data: 0.4416399999999999
-----------------------
test accuracy: 0.4437
-----------------------
-----------------------
test accuracy: 0.4446
-----------------------
-----------------------
test accuracy: 0.4441
-----------------------
epoch 70 avg accuracy on training data: 0.4399799999999999
-----------------------
test accuracy: 0.4448
-----------------------
-----------------------
test accuracy: 0.4443
-----------------------
-----------------------
test accuracy: 0.4447
-----------------------
epoch 71 avg accuracy on training data: 0.44191999999999987
-----------------------
test accuracy: 0.4466
-----------------------
-----------------------
test accuracy: 0.4471
-----------------------
-----------------------
test accuracy: 0.4463
-----------------------
epoch 72 avg accuracy on training data: 0.44410000000000005
-----------------------
test accuracy: 0.4457
-----------------------
-----------------------
test accuracy: 0.4471
-----------------------
-----------------------
test accuracy: 0.4479
-----------------------
epoch 73 avg accuracy on training data: 0.4452199999999998
-----------------------
test accuracy: 0.4481
-----------------------
-----------------------
test accuracy: 0.4493
-----------------------
-----------------------
test accuracy: 0.4475
-----------------------
epoch 74 avg accuracy on training data: 0.4467799999999998
-----------------------
test accuracy: 0.4489
-----------------------
-----------------------
test accuracy: 0.4485
-----------------------
-----------------------
test accuracy: 0.4497
-----------------------
epoch 75 avg accuracy on training data: 0.4479
-----------------------
test accuracy: 0.4504
-----------------------
-----------------------
test accuracy: 0.4506
-----------------------
-----------------------
test accuracy: 0.4491
-----------------------
epoch 76 avg accuracy on training data: 0.4478999999999997
-----------------------
test accuracy: 0.4506
-----------------------
-----------------------
test accuracy: 0.4513
-----------------------
-----------------------
test accuracy: 0.4507
-----------------------
epoch 77 avg accuracy on training data: 0.45005999999999985
-----------------------
test accuracy: 0.4513
-----------------------
-----------------------
test accuracy: 0.4519
-----------------------
-----------------------
test accuracy: 0.4516
-----------------------
epoch 78 avg accuracy on training data: 0.45155999999999985
-----------------------
test accuracy: 0.4513
-----------------------
-----------------------
test accuracy: 0.4527
-----------------------
-----------------------
test accuracy: 0.4521
-----------------------
epoch 79 avg accuracy on training data: 0.45204
-----------------------
test accuracy: 0.4514
-----------------------
-----------------------
test accuracy: 0.4525
-----------------------
-----------------------
test accuracy: 0.4532
-----------------------
epoch 80 avg accuracy on training data: 0.45151999999999975
-----------------------
test accuracy: 0.4532
-----------------------
-----------------------
test accuracy: 0.4537
-----------------------
-----------------------
test accuracy: 0.4538
-----------------------
epoch 81 avg accuracy on training data: 0.45419999999999994
-----------------------
test accuracy: 0.454
-----------------------
-----------------------
test accuracy: 0.4548
-----------------------
-----------------------
test accuracy: 0.4547
-----------------------
epoch 82 avg accuracy on training data: 0.45509999999999945
-----------------------
test accuracy: 0.455
-----------------------
-----------------------
test accuracy: 0.4549
-----------------------
-----------------------
test accuracy: 0.4554
-----------------------
epoch 83 avg accuracy on training data: 0.4567399999999996
-----------------------
test accuracy: 0.4563
-----------------------
-----------------------
test accuracy: 0.4554
-----------------------
-----------------------
test accuracy: 0.4556
-----------------------
epoch 84 avg accuracy on training data: 0.4567799999999998
-----------------------
test accuracy: 0.4552
-----------------------
-----------------------
test accuracy: 0.457
-----------------------
-----------------------
test accuracy: 0.4575
-----------------------
epoch 85 avg accuracy on training data: 0.45871999999999985
-----------------------
test accuracy: 0.4564
-----------------------
-----------------------
test accuracy: 0.4575
-----------------------
-----------------------
test accuracy: 0.4582
-----------------------
epoch 86 avg accuracy on training data: 0.4593800000000001
-----------------------
test accuracy: 0.4583
-----------------------
-----------------------
test accuracy: 0.4578
-----------------------
-----------------------
test accuracy: 0.4584
-----------------------
epoch 87 avg accuracy on training data: 0.4600999999999997
-----------------------
test accuracy: 0.4581
-----------------------
-----------------------
test accuracy: 0.46
-----------------------
-----------------------
test accuracy: 0.4592
-----------------------
epoch 88 avg accuracy on training data: 0.46048000000000006
-----------------------
test accuracy: 0.4585
-----------------------
-----------------------
test accuracy: 0.4605
-----------------------
-----------------------
test accuracy: 0.4603
-----------------------
epoch 89 avg accuracy on training data: 0.46279999999999955
-----------------------
test accuracy: 0.46
-----------------------
-----------------------
test accuracy: 0.4603
-----------------------
-----------------------
test accuracy: 0.4618
-----------------------
epoch 90 avg accuracy on training data: 0.46306000000000014
-----------------------
test accuracy: 0.4614
-----------------------
-----------------------
test accuracy: 0.4604
-----------------------
-----------------------
test accuracy: 0.462
-----------------------
epoch 91 avg accuracy on training data: 0.4651199999999997
-----------------------
test accuracy: 0.4607
-----------------------
-----------------------
test accuracy: 0.4613
-----------------------
-----------------------
test accuracy: 0.4619
-----------------------
epoch 92 avg accuracy on training data: 0.46507999999999944
-----------------------
test accuracy: 0.463
-----------------------
-----------------------
test accuracy: 0.4619
-----------------------
-----------------------
test accuracy: 0.463
-----------------------
epoch 93 avg accuracy on training data: 0.46643999999999997
-----------------------
test accuracy: 0.4631
-----------------------
-----------------------
test accuracy: 0.4638
-----------------------
-----------------------
test accuracy: 0.4656
-----------------------
epoch 94 avg accuracy on training data: 0.46692
-----------------------
test accuracy: 0.4644
-----------------------
-----------------------
test accuracy: 0.4648
-----------------------
-----------------------
test accuracy: 0.466
-----------------------
epoch 95 avg accuracy on training data: 0.4686200000000001
-----------------------
test accuracy: 0.4657
-----------------------
