learning_rate : 1e-05
max_steps : 30
batch_size : 16
eval_freq : 500
data_dir : ./cifar10/cifar-10-batches-py
--------------Convnet initialized------------
(10000, 3, 32, 32)
-----------------------
test accuracy: 0.09999999999999941
-----------------------
-----------------------
test accuracy: 0.17999999999999985
-----------------------
-----------------------
test accuracy: 0.23819999999999983
-----------------------
-----------------------
test accuracy: 0.23439999999999986
-----------------------
-----------------------
test accuracy: 0.2334999999999997
-----------------------
-----------------------
test accuracy: 0.2876999999999993
-----------------------
-----------------------
test accuracy: 0.2595999999999997
-----------------------
epoch 1 avg accuracy on training data: 0.2337252079334613
-----------------------
test accuracy: 0.2987999999999998
-----------------------
-----------------------
test accuracy: 0.29379999999999934
-----------------------
-----------------------
test accuracy: 0.25609999999999955
-----------------------
-----------------------
test accuracy: 0.2998999999999995
-----------------------
-----------------------
test accuracy: 0.3263999999999995
-----------------------
-----------------------
test accuracy: 0.33409999999999956
-----------------------
-----------------------
test accuracy: 0.3120999999999996
-----------------------
epoch 2 avg accuracy on training data: 0.3069
-----------------------
test accuracy: 0.3441999999999998
-----------------------
-----------------------
test accuracy: 0.3316999999999992
-----------------------
-----------------------
test accuracy: 0.3448
-----------------------
-----------------------
test accuracy: 0.33519999999999933
-----------------------
-----------------------
test accuracy: 0.3272999999999991
-----------------------
-----------------------
test accuracy: 0.33069999999999966
-----------------------
-----------------------
test accuracy: 0.34309999999999957
-----------------------
epoch 3 avg accuracy on training data: 0.3433
-----------------------
test accuracy: 0.3393999999999994
-----------------------
-----------------------
test accuracy: 0.3542999999999996
-----------------------
-----------------------
test accuracy: 0.3411999999999999
-----------------------
-----------------------
test accuracy: 0.3367999999999999
-----------------------
-----------------------
test accuracy: 0.30439999999999934
-----------------------
-----------------------
test accuracy: 0.3629999999999999
-----------------------
-----------------------
test accuracy: 0.3596000000000002
-----------------------
epoch 4 avg accuracy on training data: 0.36098
-----------------------
test accuracy: 0.34829999999999955
-----------------------
-----------------------
test accuracy: 0.3593999999999998
-----------------------
-----------------------
test accuracy: 0.38370000000000004
-----------------------
-----------------------
test accuracy: 0.3609999999999999
-----------------------
-----------------------
test accuracy: 0.3701
-----------------------
-----------------------
test accuracy: 0.3663999999999997
-----------------------
-----------------------
test accuracy: 0.3394999999999997
-----------------------
epoch 5 avg accuracy on training data: 0.37234
-----------------------
test accuracy: 0.3311999999999995
-----------------------
-----------------------
test accuracy: 0.3534999999999998
-----------------------
-----------------------
test accuracy: 0.3571000000000001
-----------------------
-----------------------
test accuracy: 0.37170000000000025
-----------------------
-----------------------
test accuracy: 0.38030000000000014
-----------------------
-----------------------
test accuracy: 0.39790000000000014
-----------------------
-----------------------
test accuracy: 0.4036
-----------------------
epoch 6 avg accuracy on training data: 0.39774
-----------------------
test accuracy: 0.4119000000000003
-----------------------
-----------------------
test accuracy: 0.4023999999999999
-----------------------
-----------------------
test accuracy: 0.4341000000000005
-----------------------
-----------------------
test accuracy: 0.4342000000000004
-----------------------
-----------------------
test accuracy: 0.41960000000000053
-----------------------
-----------------------
test accuracy: 0.4186000000000002
-----------------------
-----------------------
test accuracy: 0.4339000000000005
-----------------------
epoch 7 avg accuracy on training data: 0.42874
-----------------------
test accuracy: 0.44170000000000015
-----------------------
-----------------------
test accuracy: 0.3825999999999999
-----------------------
-----------------------
test accuracy: 0.3943999999999999
-----------------------
-----------------------
test accuracy: 0.4482999999999999
-----------------------
-----------------------
test accuracy: 0.42800000000000055
-----------------------
-----------------------
test accuracy: 0.43290000000000006
-----------------------
-----------------------
test accuracy: 0.4637999999999998
-----------------------
epoch 8 avg accuracy on training data: 0.44696
-----------------------
test accuracy: 0.42810000000000065
-----------------------
-----------------------
test accuracy: 0.43450000000000044
-----------------------
-----------------------
test accuracy: 0.4467000000000003
-----------------------
-----------------------
test accuracy: 0.4683000000000001
-----------------------
-----------------------
test accuracy: 0.4585
-----------------------
-----------------------
test accuracy: 0.4386999999999999
-----------------------
-----------------------
test accuracy: 0.42900000000000027
-----------------------
epoch 9 avg accuracy on training data: 0.47466
-----------------------
test accuracy: 0.4658000000000001
-----------------------
-----------------------
test accuracy: 0.47200000000000025
-----------------------
-----------------------
test accuracy: 0.47319999999999984
-----------------------
-----------------------
test accuracy: 0.44620000000000004
-----------------------
-----------------------
test accuracy: 0.4996999999999999
-----------------------
-----------------------
test accuracy: 0.47960000000000025
-----------------------
-----------------------
test accuracy: 0.47200000000000036
-----------------------
epoch 10 avg accuracy on training data: 0.48766
-----------------------
test accuracy: 0.4793
-----------------------
-----------------------
test accuracy: 0.48029999999999995
-----------------------
-----------------------
test accuracy: 0.4580999999999998
-----------------------
-----------------------
test accuracy: 0.4868999999999999
-----------------------
-----------------------
test accuracy: 0.49919999999999987
-----------------------
-----------------------
test accuracy: 0.47019999999999995
-----------------------
-----------------------
test accuracy: 0.4887000000000002
-----------------------
epoch 11 avg accuracy on training data: 0.50328
-----------------------
test accuracy: 0.4967999999999998
-----------------------
-----------------------
test accuracy: 0.4935999999999999
-----------------------
-----------------------
test accuracy: 0.5092
-----------------------
-----------------------
test accuracy: 0.5072
-----------------------
-----------------------
test accuracy: 0.4889
-----------------------
-----------------------
test accuracy: 0.47569999999999985
-----------------------
-----------------------
test accuracy: 0.5077999999999996
-----------------------
epoch 12 avg accuracy on training data: 0.51396
-----------------------
test accuracy: 0.49559999999999993
-----------------------
-----------------------
test accuracy: 0.5130999999999996
-----------------------
-----------------------
test accuracy: 0.5071999999999999
-----------------------
-----------------------
test accuracy: 0.48680000000000007
-----------------------
-----------------------
test accuracy: 0.49849999999999994
-----------------------
-----------------------
test accuracy: 0.5309999999999998
-----------------------
-----------------------
test accuracy: 0.5275000000000001
-----------------------
epoch 13 avg accuracy on training data: 0.52618
-----------------------
test accuracy: 0.5192
-----------------------
-----------------------
test accuracy: 0.4929999999999999
-----------------------
-----------------------
test accuracy: 0.5121000000000001
-----------------------
-----------------------
test accuracy: 0.5166999999999998
-----------------------
-----------------------
test accuracy: 0.5183999999999999
-----------------------
-----------------------
test accuracy: 0.5418999999999996
-----------------------
-----------------------
test accuracy: 0.5101000000000001
-----------------------
epoch 14 avg accuracy on training data: 0.5356
-----------------------
test accuracy: 0.5179
-----------------------
-----------------------
test accuracy: 0.5184999999999995
-----------------------
-----------------------
test accuracy: 0.5048999999999999
-----------------------
-----------------------
test accuracy: 0.5352999999999994
-----------------------
-----------------------
test accuracy: 0.5108999999999998
-----------------------
-----------------------
test accuracy: 0.4984999999999997
-----------------------
-----------------------
test accuracy: 0.5297999999999994
-----------------------
epoch 15 avg accuracy on training data: 0.54538
-----------------------
test accuracy: 0.5302999999999998
-----------------------
-----------------------
test accuracy: 0.5203
-----------------------
-----------------------
test accuracy: 0.5352999999999991
-----------------------
-----------------------
test accuracy: 0.5352000000000001
-----------------------
-----------------------
test accuracy: 0.5148999999999994
-----------------------
-----------------------
test accuracy: 0.5481999999999999
-----------------------
-----------------------
test accuracy: 0.5513999999999993
-----------------------
epoch 16 avg accuracy on training data: 0.55682
-----------------------
test accuracy: 0.5150999999999999
-----------------------
-----------------------
test accuracy: 0.5505999999999998
-----------------------
-----------------------
test accuracy: 0.5458999999999993
-----------------------
-----------------------
test accuracy: 0.5578999999999997
-----------------------
-----------------------
test accuracy: 0.5422
-----------------------
-----------------------
test accuracy: 0.5479999999999998
-----------------------
-----------------------
test accuracy: 0.5457999999999998
-----------------------
epoch 17 avg accuracy on training data: 0.5622
-----------------------
test accuracy: 0.5452999999999993
-----------------------
-----------------------
test accuracy: 0.5043999999999995
-----------------------
-----------------------
test accuracy: 0.5659
-----------------------
-----------------------
test accuracy: 0.551699999999999
-----------------------
-----------------------
test accuracy: 0.5629999999999996
-----------------------
-----------------------
test accuracy: 0.5240999999999996
-----------------------
-----------------------
test accuracy: 0.5839999999999996
-----------------------
epoch 18 avg accuracy on training data: 0.57294
-----------------------
test accuracy: 0.5684999999999997
-----------------------
-----------------------
test accuracy: 0.5537999999999994
-----------------------
-----------------------
test accuracy: 0.5432999999999999
-----------------------
-----------------------
test accuracy: 0.5336
-----------------------
-----------------------
test accuracy: 0.5621999999999998
-----------------------
-----------------------
test accuracy: 0.5525000000000001
-----------------------
-----------------------
test accuracy: 0.5490999999999995
-----------------------
epoch 19 avg accuracy on training data: 0.58164
-----------------------
test accuracy: 0.5671999999999997
-----------------------
-----------------------
test accuracy: 0.5409000000000003
-----------------------
-----------------------
test accuracy: 0.5454000000000001
-----------------------
-----------------------
test accuracy: 0.5819999999999995
-----------------------
-----------------------
test accuracy: 0.5654999999999996
-----------------------
-----------------------
test accuracy: 0.5755999999999994
-----------------------
-----------------------
test accuracy: 0.5694999999999996
-----------------------
epoch 20 avg accuracy on training data: 0.58918
-----------------------
test accuracy: 0.5526
-----------------------
-----------------------
test accuracy: 0.5628999999999994
-----------------------
-----------------------
test accuracy: 0.5649000000000004
-----------------------
-----------------------
test accuracy: 0.5648999999999996
-----------------------
-----------------------
test accuracy: 0.5672999999999996
-----------------------
-----------------------
test accuracy: 0.5820999999999994
-----------------------
-----------------------
test accuracy: 0.5793999999999996
-----------------------
epoch 21 avg accuracy on training data: 0.59634
-----------------------
test accuracy: 0.5784999999999997
-----------------------
-----------------------
test accuracy: 0.5707
-----------------------
-----------------------
test accuracy: 0.5813999999999993
-----------------------
-----------------------
test accuracy: 0.5833999999999996
-----------------------
-----------------------
test accuracy: 0.5846999999999997
-----------------------
-----------------------
test accuracy: 0.5547999999999998
-----------------------
-----------------------
test accuracy: 0.5881999999999994
-----------------------
epoch 22 avg accuracy on training data: 0.60256
-----------------------
test accuracy: 0.5694000000000002
-----------------------
-----------------------
test accuracy: 0.5735999999999994
-----------------------
-----------------------
test accuracy: 0.5831000000000003
-----------------------
-----------------------
test accuracy: 0.5445999999999999
-----------------------
-----------------------
test accuracy: 0.5912999999999995
-----------------------
-----------------------
test accuracy: 0.5740999999999986
-----------------------
-----------------------
test accuracy: 0.5964999999999991
-----------------------
epoch 23 avg accuracy on training data: 0.61176
-----------------------
test accuracy: 0.5705999999999992
-----------------------
-----------------------
test accuracy: 0.5650999999999997
-----------------------
-----------------------
test accuracy: 0.5830999999999998
-----------------------
-----------------------
test accuracy: 0.5917999999999992
-----------------------
-----------------------
test accuracy: 0.5740999999999995
-----------------------
-----------------------
test accuracy: 0.5756999999999995
-----------------------
-----------------------
test accuracy: 0.5878999999999994
-----------------------
epoch 24 avg accuracy on training data: 0.61522
-----------------------
test accuracy: 0.5888
-----------------------
-----------------------
test accuracy: 0.5804999999999993
-----------------------
-----------------------
test accuracy: 0.5934999999999996
-----------------------
-----------------------
test accuracy: 0.5850999999999987
-----------------------
-----------------------
test accuracy: 0.5824999999999989
-----------------------
-----------------------
test accuracy: 0.5867999999999991
-----------------------
-----------------------
test accuracy: 0.5553999999999993
-----------------------
epoch 25 avg accuracy on training data: 0.62216
-----------------------
test accuracy: 0.5982999999999986
-----------------------
-----------------------
test accuracy: 0.5883999999999991
-----------------------
-----------------------
test accuracy: 0.5965999999999994
-----------------------
-----------------------
test accuracy: 0.6052999999999994
-----------------------
-----------------------
test accuracy: 0.5940999999999994
-----------------------
-----------------------
test accuracy: 0.5895999999999989
-----------------------
-----------------------
test accuracy: 0.598599999999999
-----------------------
epoch 26 avg accuracy on training data: 0.62636
-----------------------
test accuracy: 0.5921999999999991
-----------------------
-----------------------
test accuracy: 0.6091999999999994
-----------------------
-----------------------
test accuracy: 0.6002999999999993
-----------------------
-----------------------
test accuracy: 0.5936999999999991
-----------------------
-----------------------
test accuracy: 0.6029999999999998
-----------------------
-----------------------
test accuracy: 0.5883999999999994
-----------------------
-----------------------
test accuracy: 0.6006999999999995
-----------------------
epoch 27 avg accuracy on training data: 0.63332
-----------------------
test accuracy: 0.5796999999999994
-----------------------
-----------------------
test accuracy: 0.6085999999999991
-----------------------
-----------------------
test accuracy: 0.5871999999999996
-----------------------
-----------------------
test accuracy: 0.5885999999999992
-----------------------
-----------------------
test accuracy: 0.5769999999999998
-----------------------
-----------------------
test accuracy: 0.6035999999999994
-----------------------
-----------------------
test accuracy: 0.5802999999999993
-----------------------
epoch 28 avg accuracy on training data: 0.63888
-----------------------
test accuracy: 0.5932999999999994
-----------------------
-----------------------
test accuracy: 0.5983999999999988
-----------------------
-----------------------
test accuracy: 0.5976999999999992
-----------------------
-----------------------
test accuracy: 0.6151999999999993
-----------------------
-----------------------
test accuracy: 0.5970999999999989
-----------------------
-----------------------
test accuracy: 0.6051999999999993
-----------------------
-----------------------
test accuracy: 0.5915999999999996
-----------------------
epoch 29 avg accuracy on training data: 0.6427
-----------------------
test accuracy: 0.6042999999999997
-----------------------
-----------------------
test accuracy: 0.5783999999999999
-----------------------
-----------------------
test accuracy: 0.605399999999999
-----------------------
-----------------------
test accuracy: 0.5938999999999997
-----------------------
-----------------------
test accuracy: 0.591399999999999
-----------------------
-----------------------
test accuracy: 0.5942999999999994
-----------------------
-----------------------
test accuracy: 0.6082999999999992
-----------------------
epoch 30 avg accuracy on training data: 0.64788
-----------------------
test accuracy: 0.6140999999999993
-----------------------
-----------------------
test accuracy: 0.6119999999999995
-----------------------
-----------------------
test accuracy: 0.6098999999999994
-----------------------
-----------------------
test accuracy: 0.6034999999999989
-----------------------
-----------------------
test accuracy: 0.5821999999999996
-----------------------
-----------------------
test accuracy: 0.6200999999999993
-----------------------
-----------------------
test accuracy: 0.5917999999999991
-----------------------
