dnn_hidden_units : 100
learning_rate : 0.002
max_steps : 300
batch_size : 200
eval_freq : 100
data_dir : ./cifar10/cifar-10-batches-py
neg_slope : 0.02
---------- MLP initialized with Pytorch -----------
-----------------------
test accuracy: 0.114
-----------------------
-----------------------
test accuracy: 0.2117
-----------------------
-----------------------
test accuracy: 0.249
-----------------------
epoch 1 avg accuracy on training data: 0.20448207171314745
-----------------------
test accuracy: 0.2567
-----------------------
-----------------------
test accuracy: 0.2694
-----------------------
-----------------------
test accuracy: 0.2754
-----------------------
epoch 2 avg accuracy on training data: 0.26846
-----------------------
test accuracy: 0.278
-----------------------
-----------------------
test accuracy: 0.2842
-----------------------
-----------------------
test accuracy: 0.2919
-----------------------
epoch 3 avg accuracy on training data: 0.28566
-----------------------
test accuracy: 0.295
-----------------------
-----------------------
test accuracy: 0.3014
-----------------------
-----------------------
test accuracy: 0.3089
-----------------------
epoch 4 avg accuracy on training data: 0.29963999999999996
-----------------------
test accuracy: 0.3112
-----------------------
-----------------------
test accuracy: 0.3168
-----------------------
-----------------------
test accuracy: 0.3208
-----------------------
epoch 5 avg accuracy on training data: 0.3121000000000001
-----------------------
test accuracy: 0.3238
-----------------------
-----------------------
test accuracy: 0.3299
-----------------------
-----------------------
test accuracy: 0.3321
-----------------------
epoch 6 avg accuracy on training data: 0.3237799999999999
-----------------------
test accuracy: 0.3327
-----------------------
-----------------------
test accuracy: 0.3379
-----------------------
-----------------------
test accuracy: 0.341
-----------------------
epoch 7 avg accuracy on training data: 0.33251999999999987
-----------------------
test accuracy: 0.3425
-----------------------
-----------------------
test accuracy: 0.3451
-----------------------
-----------------------
test accuracy: 0.3461
-----------------------
epoch 8 avg accuracy on training data: 0.3434399999999998
-----------------------
test accuracy: 0.3494
-----------------------
-----------------------
test accuracy: 0.3514
-----------------------
-----------------------
test accuracy: 0.3562
-----------------------
epoch 9 avg accuracy on training data: 0.3507800000000002
-----------------------
test accuracy: 0.3562
-----------------------
-----------------------
test accuracy: 0.361
-----------------------
-----------------------
test accuracy: 0.3643
-----------------------
epoch 10 avg accuracy on training data: 0.35659999999999986
-----------------------
test accuracy: 0.3659
-----------------------
-----------------------
test accuracy: 0.3673
-----------------------
-----------------------
test accuracy: 0.3684
-----------------------
epoch 11 avg accuracy on training data: 0.3633799999999997
-----------------------
test accuracy: 0.3709
-----------------------
-----------------------
test accuracy: 0.3719
-----------------------
-----------------------
test accuracy: 0.3732
-----------------------
epoch 12 avg accuracy on training data: 0.36818
-----------------------
test accuracy: 0.3743
-----------------------
-----------------------
test accuracy: 0.3758
-----------------------
-----------------------
test accuracy: 0.3764
-----------------------
epoch 13 avg accuracy on training data: 0.3743800000000001
-----------------------
test accuracy: 0.3778
-----------------------
-----------------------
test accuracy: 0.379
-----------------------
-----------------------
test accuracy: 0.3811
-----------------------
epoch 14 avg accuracy on training data: 0.3764799999999999
-----------------------
test accuracy: 0.3813
-----------------------
-----------------------
test accuracy: 0.3825
-----------------------
-----------------------
test accuracy: 0.3849
-----------------------
epoch 15 avg accuracy on training data: 0.38138
-----------------------
test accuracy: 0.3849
-----------------------
-----------------------
test accuracy: 0.3862
-----------------------
-----------------------
test accuracy: 0.387
-----------------------
epoch 16 avg accuracy on training data: 0.38545999999999986
-----------------------
test accuracy: 0.3885
-----------------------
-----------------------
test accuracy: 0.3888
-----------------------
-----------------------
test accuracy: 0.3899
-----------------------
epoch 17 avg accuracy on training data: 0.38912000000000035
-----------------------
test accuracy: 0.3908
-----------------------
-----------------------
test accuracy: 0.3902
-----------------------
-----------------------
test accuracy: 0.394
-----------------------
epoch 18 avg accuracy on training data: 0.39218000000000003
-----------------------
test accuracy: 0.3941
-----------------------
-----------------------
test accuracy: 0.3978
-----------------------
-----------------------
test accuracy: 0.3965
-----------------------
epoch 19 avg accuracy on training data: 0.3947800000000001
-----------------------
test accuracy: 0.3963
-----------------------
-----------------------
test accuracy: 0.3978
-----------------------
-----------------------
test accuracy: 0.3998
-----------------------
epoch 20 avg accuracy on training data: 0.3976600000000001
-----------------------
test accuracy: 0.3986
-----------------------
-----------------------
test accuracy: 0.4004
-----------------------
-----------------------
test accuracy: 0.4018
-----------------------
epoch 21 avg accuracy on training data: 0.40113999999999983
-----------------------
test accuracy: 0.4029
-----------------------
-----------------------
test accuracy: 0.4041
-----------------------
-----------------------
test accuracy: 0.4043
-----------------------
epoch 22 avg accuracy on training data: 0.40351999999999966
-----------------------
test accuracy: 0.4052
-----------------------
-----------------------
test accuracy: 0.4068
-----------------------
-----------------------
test accuracy: 0.4068
-----------------------
epoch 23 avg accuracy on training data: 0.4053600000000003
-----------------------
test accuracy: 0.4083
-----------------------
-----------------------
test accuracy: 0.4077
-----------------------
-----------------------
test accuracy: 0.4089
-----------------------
epoch 24 avg accuracy on training data: 0.40806000000000053
-----------------------
test accuracy: 0.4101
-----------------------
-----------------------
test accuracy: 0.4111
-----------------------
-----------------------
test accuracy: 0.4106
-----------------------
epoch 25 avg accuracy on training data: 0.4101200000000004
-----------------------
test accuracy: 0.4114
-----------------------
-----------------------
test accuracy: 0.4131
-----------------------
-----------------------
test accuracy: 0.4128
-----------------------
epoch 26 avg accuracy on training data: 0.41251999999999994
-----------------------
test accuracy: 0.4145
-----------------------
-----------------------
test accuracy: 0.4151
-----------------------
-----------------------
test accuracy: 0.4165
-----------------------
epoch 27 avg accuracy on training data: 0.4148200000000001
-----------------------
test accuracy: 0.4177
-----------------------
-----------------------
test accuracy: 0.4177
-----------------------
-----------------------
test accuracy: 0.4188
-----------------------
epoch 28 avg accuracy on training data: 0.4188200000000001
-----------------------
test accuracy: 0.4202
-----------------------
-----------------------
test accuracy: 0.4195
-----------------------
-----------------------
test accuracy: 0.4218
-----------------------
epoch 29 avg accuracy on training data: 0.4197800000000003
-----------------------
test accuracy: 0.4224
-----------------------
-----------------------
test accuracy: 0.422
-----------------------
-----------------------
test accuracy: 0.4225
-----------------------
epoch 30 avg accuracy on training data: 0.4224000000000002
-----------------------
test accuracy: 0.4215
-----------------------
-----------------------
test accuracy: 0.4231
-----------------------
-----------------------
test accuracy: 0.4234
-----------------------
epoch 31 avg accuracy on training data: 0.42222000000000026
-----------------------
test accuracy: 0.4251
-----------------------
-----------------------
test accuracy: 0.4243
-----------------------
-----------------------
test accuracy: 0.426
-----------------------
epoch 32 avg accuracy on training data: 0.4262799999999999
-----------------------
test accuracy: 0.426
-----------------------
-----------------------
test accuracy: 0.4246
-----------------------
-----------------------
test accuracy: 0.427
-----------------------
epoch 33 avg accuracy on training data: 0.4268799999999999
-----------------------
test accuracy: 0.4287
-----------------------
-----------------------
test accuracy: 0.4276
-----------------------
-----------------------
test accuracy: 0.4283
-----------------------
epoch 34 avg accuracy on training data: 0.42857999999999996
-----------------------
test accuracy: 0.4292
-----------------------
-----------------------
test accuracy: 0.4296
-----------------------
-----------------------
test accuracy: 0.4311
-----------------------
epoch 35 avg accuracy on training data: 0.4321000000000001
-----------------------
test accuracy: 0.4319
-----------------------
-----------------------
test accuracy: 0.4304
-----------------------
-----------------------
test accuracy: 0.4319
-----------------------
epoch 36 avg accuracy on training data: 0.43249999999999994
-----------------------
test accuracy: 0.4314
-----------------------
-----------------------
test accuracy: 0.4328
-----------------------
-----------------------
test accuracy: 0.4326
-----------------------
epoch 37 avg accuracy on training data: 0.435
-----------------------
test accuracy: 0.4322
-----------------------
-----------------------
test accuracy: 0.4315
-----------------------
-----------------------
test accuracy: 0.4345
-----------------------
epoch 38 avg accuracy on training data: 0.43562
-----------------------
test accuracy: 0.4339
-----------------------
-----------------------
test accuracy: 0.4344
-----------------------
-----------------------
test accuracy: 0.4351
-----------------------
epoch 39 avg accuracy on training data: 0.4389200000000001
-----------------------
test accuracy: 0.4368
-----------------------
-----------------------
test accuracy: 0.4371
-----------------------
-----------------------
test accuracy: 0.4359
-----------------------
epoch 40 avg accuracy on training data: 0.4393199999999999
-----------------------
test accuracy: 0.4365
-----------------------
-----------------------
test accuracy: 0.437
-----------------------
-----------------------
test accuracy: 0.4387
-----------------------
epoch 41 avg accuracy on training data: 0.4412999999999999
-----------------------
test accuracy: 0.4384
-----------------------
-----------------------
test accuracy: 0.4393
-----------------------
-----------------------
test accuracy: 0.4387
-----------------------
epoch 42 avg accuracy on training data: 0.4415600000000004
-----------------------
test accuracy: 0.4401
-----------------------
-----------------------
test accuracy: 0.4401
-----------------------
-----------------------
test accuracy: 0.4412
-----------------------
epoch 43 avg accuracy on training data: 0.44317999999999985
-----------------------
test accuracy: 0.4413
-----------------------
-----------------------
test accuracy: 0.4428
-----------------------
-----------------------
test accuracy: 0.4418
-----------------------
epoch 44 avg accuracy on training data: 0.44707999999999976
-----------------------
test accuracy: 0.4424
-----------------------
-----------------------
test accuracy: 0.4447
-----------------------
-----------------------
test accuracy: 0.4436
-----------------------
epoch 45 avg accuracy on training data: 0.44568
-----------------------
test accuracy: 0.4435
-----------------------
-----------------------
test accuracy: 0.444
-----------------------
-----------------------
test accuracy: 0.4444
-----------------------
epoch 46 avg accuracy on training data: 0.44715999999999967
-----------------------
test accuracy: 0.4438
-----------------------
-----------------------
test accuracy: 0.4444
-----------------------
-----------------------
test accuracy: 0.4442
-----------------------
epoch 47 avg accuracy on training data: 0.44852
-----------------------
test accuracy: 0.4454
-----------------------
-----------------------
test accuracy: 0.4466
-----------------------
-----------------------
test accuracy: 0.4461
-----------------------
epoch 48 avg accuracy on training data: 0.44987999999999995
-----------------------
test accuracy: 0.4462
-----------------------
-----------------------
test accuracy: 0.4476
-----------------------
-----------------------
test accuracy: 0.4473
-----------------------
epoch 49 avg accuracy on training data: 0.45278000000000007
-----------------------
test accuracy: 0.4484
-----------------------
-----------------------
test accuracy: 0.4479
-----------------------
-----------------------
test accuracy: 0.4478
-----------------------
epoch 50 avg accuracy on training data: 0.45263999999999993
-----------------------
test accuracy: 0.4489
-----------------------
-----------------------
test accuracy: 0.4491
-----------------------
-----------------------
test accuracy: 0.4516
-----------------------
epoch 51 avg accuracy on training data: 0.45316000000000006
-----------------------
test accuracy: 0.4489
-----------------------
-----------------------
test accuracy: 0.4505
-----------------------
-----------------------
test accuracy: 0.4525
-----------------------
epoch 52 avg accuracy on training data: 0.45443999999999996
-----------------------
test accuracy: 0.452
-----------------------
-----------------------
test accuracy: 0.4521
-----------------------
-----------------------
test accuracy: 0.4523
-----------------------
epoch 53 avg accuracy on training data: 0.45542000000000005
-----------------------
test accuracy: 0.4531
-----------------------
-----------------------
test accuracy: 0.4536
-----------------------
-----------------------
test accuracy: 0.453
-----------------------
epoch 54 avg accuracy on training data: 0.4565599999999998
-----------------------
test accuracy: 0.4531
-----------------------
-----------------------
test accuracy: 0.4545
-----------------------
-----------------------
test accuracy: 0.4537
-----------------------
epoch 55 avg accuracy on training data: 0.45809999999999973
-----------------------
test accuracy: 0.4528
-----------------------
-----------------------
test accuracy: 0.4545
-----------------------
-----------------------
test accuracy: 0.4559
-----------------------
epoch 56 avg accuracy on training data: 0.4592800000000001
-----------------------
test accuracy: 0.4545
-----------------------
-----------------------
test accuracy: 0.454
-----------------------
-----------------------
test accuracy: 0.4562
-----------------------
epoch 57 avg accuracy on training data: 0.4593199999999999
-----------------------
test accuracy: 0.4569
-----------------------
-----------------------
test accuracy: 0.4572
-----------------------
-----------------------
test accuracy: 0.4557
-----------------------
epoch 58 avg accuracy on training data: 0.4616399999999997
-----------------------
test accuracy: 0.4579
-----------------------
-----------------------
test accuracy: 0.4562
-----------------------
-----------------------
test accuracy: 0.4604
-----------------------
epoch 59 avg accuracy on training data: 0.46207999999999994
-----------------------
test accuracy: 0.4563
-----------------------
-----------------------
test accuracy: 0.458
-----------------------
-----------------------
test accuracy: 0.4576
-----------------------
epoch 60 avg accuracy on training data: 0.4628
-----------------------
test accuracy: 0.4591
-----------------------
-----------------------
test accuracy: 0.4592
-----------------------
-----------------------
test accuracy: 0.4582
-----------------------
epoch 61 avg accuracy on training data: 0.4648999999999998
-----------------------
test accuracy: 0.459
-----------------------
-----------------------
test accuracy: 0.4596
-----------------------
-----------------------
test accuracy: 0.4595
-----------------------
epoch 62 avg accuracy on training data: 0.46584
-----------------------
test accuracy: 0.4598
-----------------------
-----------------------
test accuracy: 0.4616
-----------------------
-----------------------
test accuracy: 0.4605
-----------------------
epoch 63 avg accuracy on training data: 0.46539999999999976
-----------------------
test accuracy: 0.4621
-----------------------
-----------------------
test accuracy: 0.4618
-----------------------
-----------------------
test accuracy: 0.4601
-----------------------
epoch 64 avg accuracy on training data: 0.46681999999999985
-----------------------
test accuracy: 0.4621
-----------------------
-----------------------
test accuracy: 0.4627
-----------------------
-----------------------
test accuracy: 0.4644
-----------------------
epoch 65 avg accuracy on training data: 0.47058
-----------------------
test accuracy: 0.4628
-----------------------
-----------------------
test accuracy: 0.4619
-----------------------
-----------------------
test accuracy: 0.4633
-----------------------
epoch 66 avg accuracy on training data: 0.46936
-----------------------
test accuracy: 0.4639
-----------------------
-----------------------
test accuracy: 0.4652
-----------------------
-----------------------
test accuracy: 0.464
-----------------------
epoch 67 avg accuracy on training data: 0.46984000000000026
-----------------------
test accuracy: 0.4643
-----------------------
-----------------------
test accuracy: 0.4651
-----------------------
-----------------------
test accuracy: 0.4654
-----------------------
epoch 68 avg accuracy on training data: 0.4713999999999998
-----------------------
test accuracy: 0.4657
-----------------------
-----------------------
test accuracy: 0.4646
-----------------------
-----------------------
test accuracy: 0.4643
-----------------------
epoch 69 avg accuracy on training data: 0.47105999999999987
-----------------------
test accuracy: 0.4648
-----------------------
-----------------------
test accuracy: 0.4667
-----------------------
-----------------------
test accuracy: 0.4658
-----------------------
epoch 70 avg accuracy on training data: 0.4731199999999998
-----------------------
test accuracy: 0.4667
-----------------------
-----------------------
test accuracy: 0.467
-----------------------
-----------------------
test accuracy: 0.4666
-----------------------
epoch 71 avg accuracy on training data: 0.4739999999999995
-----------------------
test accuracy: 0.4671
-----------------------
-----------------------
test accuracy: 0.467
-----------------------
-----------------------
test accuracy: 0.4687
-----------------------
epoch 72 avg accuracy on training data: 0.47479999999999967
-----------------------
test accuracy: 0.4675
-----------------------
-----------------------
test accuracy: 0.4696
-----------------------
-----------------------
test accuracy: 0.468
-----------------------
epoch 73 avg accuracy on training data: 0.47572000000000014
-----------------------
test accuracy: 0.4685
-----------------------
-----------------------
test accuracy: 0.469
-----------------------
-----------------------
test accuracy: 0.4696
-----------------------
epoch 74 avg accuracy on training data: 0.4767399999999999
-----------------------
test accuracy: 0.4688
-----------------------
-----------------------
test accuracy: 0.4702
-----------------------
-----------------------
test accuracy: 0.4704
-----------------------
epoch 75 avg accuracy on training data: 0.4777000000000002
-----------------------
test accuracy: 0.4695
-----------------------
-----------------------
test accuracy: 0.4708
-----------------------
-----------------------
test accuracy: 0.4698
-----------------------
epoch 76 avg accuracy on training data: 0.4793600000000001
-----------------------
test accuracy: 0.4697
-----------------------
-----------------------
test accuracy: 0.4717
-----------------------
-----------------------
test accuracy: 0.4712
-----------------------
epoch 77 avg accuracy on training data: 0.47969999999999985
-----------------------
test accuracy: 0.4695
-----------------------
-----------------------
test accuracy: 0.4716
-----------------------
-----------------------
test accuracy: 0.4719
-----------------------
epoch 78 avg accuracy on training data: 0.4804999999999998
-----------------------
test accuracy: 0.4724
-----------------------
-----------------------
test accuracy: 0.4719
-----------------------
-----------------------
test accuracy: 0.4713
-----------------------
epoch 79 avg accuracy on training data: 0.4816600000000002
-----------------------
test accuracy: 0.4716
-----------------------
-----------------------
test accuracy: 0.4724
-----------------------
-----------------------
test accuracy: 0.4715
-----------------------
epoch 80 avg accuracy on training data: 0.4819999999999998
-----------------------
test accuracy: 0.4732
-----------------------
-----------------------
test accuracy: 0.4729
-----------------------
-----------------------
test accuracy: 0.4734
-----------------------
epoch 81 avg accuracy on training data: 0.4831599999999999
-----------------------
test accuracy: 0.4736
-----------------------
-----------------------
test accuracy: 0.4743
-----------------------
-----------------------
test accuracy: 0.4737
-----------------------
epoch 82 avg accuracy on training data: 0.48347999999999963
-----------------------
test accuracy: 0.4735
-----------------------
-----------------------
test accuracy: 0.4747
-----------------------
-----------------------
test accuracy: 0.4756
-----------------------
epoch 83 avg accuracy on training data: 0.48543999999999987
-----------------------
test accuracy: 0.4738
-----------------------
-----------------------
test accuracy: 0.4751
-----------------------
-----------------------
test accuracy: 0.4753
-----------------------
epoch 84 avg accuracy on training data: 0.4855399999999998
-----------------------
test accuracy: 0.476
-----------------------
-----------------------
test accuracy: 0.4755
-----------------------
-----------------------
test accuracy: 0.4763
-----------------------
epoch 85 avg accuracy on training data: 0.4863600000000001
-----------------------
test accuracy: 0.4761
-----------------------
-----------------------
test accuracy: 0.4758
-----------------------
-----------------------
test accuracy: 0.4764
-----------------------
epoch 86 avg accuracy on training data: 0.48620000000000013
-----------------------
test accuracy: 0.4773
-----------------------
-----------------------
test accuracy: 0.4775
-----------------------
-----------------------
test accuracy: 0.478
-----------------------
epoch 87 avg accuracy on training data: 0.4874199999999998
-----------------------
test accuracy: 0.4786
-----------------------
-----------------------
test accuracy: 0.4777
-----------------------
-----------------------
test accuracy: 0.4772
-----------------------
epoch 88 avg accuracy on training data: 0.48944
-----------------------
test accuracy: 0.4784
-----------------------
-----------------------
test accuracy: 0.4771
-----------------------
-----------------------
test accuracy: 0.479
-----------------------
epoch 89 avg accuracy on training data: 0.49041999999999975
-----------------------
test accuracy: 0.4798
-----------------------
-----------------------
test accuracy: 0.4773
-----------------------
-----------------------
test accuracy: 0.479
-----------------------
epoch 90 avg accuracy on training data: 0.49061999999999967
-----------------------
test accuracy: 0.4789
-----------------------
-----------------------
test accuracy: 0.48
-----------------------
-----------------------
test accuracy: 0.4799
-----------------------
epoch 91 avg accuracy on training data: 0.492
-----------------------
test accuracy: 0.4794
-----------------------
-----------------------
test accuracy: 0.479
-----------------------
-----------------------
test accuracy: 0.4794
-----------------------
epoch 92 avg accuracy on training data: 0.49291999999999997
-----------------------
test accuracy: 0.479
-----------------------
-----------------------
test accuracy: 0.4789
-----------------------
-----------------------
test accuracy: 0.48
-----------------------
epoch 93 avg accuracy on training data: 0.4932399999999997
-----------------------
test accuracy: 0.481
-----------------------
-----------------------
test accuracy: 0.481
-----------------------
-----------------------
test accuracy: 0.4799
-----------------------
epoch 94 avg accuracy on training data: 0.49302000000000024
-----------------------
test accuracy: 0.4808
-----------------------
-----------------------
test accuracy: 0.4808
-----------------------
-----------------------
test accuracy: 0.4816
-----------------------
epoch 95 avg accuracy on training data: 0.4942399999999996
-----------------------
test accuracy: 0.4822
-----------------------
-----------------------
test accuracy: 0.4811
-----------------------
-----------------------
test accuracy: 0.4831
-----------------------
epoch 96 avg accuracy on training data: 0.4959399999999998
-----------------------
test accuracy: 0.4823
-----------------------
-----------------------
test accuracy: 0.4831
-----------------------
-----------------------
test accuracy: 0.4823
-----------------------
epoch 97 avg accuracy on training data: 0.49724000000000007
-----------------------
test accuracy: 0.4837
-----------------------
-----------------------
test accuracy: 0.4832
-----------------------
-----------------------
test accuracy: 0.4828
-----------------------
epoch 98 avg accuracy on training data: 0.4977999999999999
-----------------------
test accuracy: 0.4836
-----------------------
-----------------------
test accuracy: 0.4832
-----------------------
-----------------------
test accuracy: 0.4828
-----------------------
epoch 99 avg accuracy on training data: 0.49729999999999974
-----------------------
test accuracy: 0.4839
-----------------------
-----------------------
test accuracy: 0.4828
-----------------------
-----------------------
test accuracy: 0.4854
-----------------------
epoch 100 avg accuracy on training data: 0.4998
-----------------------
test accuracy: 0.4853
-----------------------
-----------------------
test accuracy: 0.4851
-----------------------
-----------------------
test accuracy: 0.4848
-----------------------
epoch 101 avg accuracy on training data: 0.49951999999999996
-----------------------
test accuracy: 0.4851
-----------------------
-----------------------
test accuracy: 0.4845
-----------------------
-----------------------
test accuracy: 0.4856
-----------------------
epoch 102 avg accuracy on training data: 0.4993599999999998
-----------------------
test accuracy: 0.4856
-----------------------
-----------------------
test accuracy: 0.4847
-----------------------
-----------------------
test accuracy: 0.4858
-----------------------
epoch 103 avg accuracy on training data: 0.5019199999999999
-----------------------
test accuracy: 0.4849
-----------------------
-----------------------
test accuracy: 0.4859
-----------------------
-----------------------
test accuracy: 0.4834
-----------------------
epoch 104 avg accuracy on training data: 0.5003599999999999
-----------------------
test accuracy: 0.4859
-----------------------
-----------------------
test accuracy: 0.4847
-----------------------
-----------------------
test accuracy: 0.4879
-----------------------
epoch 105 avg accuracy on training data: 0.5038799999999998
-----------------------
test accuracy: 0.4852
-----------------------
-----------------------
test accuracy: 0.4862
-----------------------
-----------------------
test accuracy: 0.487
-----------------------
epoch 106 avg accuracy on training data: 0.5037200000000002
-----------------------
test accuracy: 0.4859
-----------------------
-----------------------
test accuracy: 0.4871
-----------------------
-----------------------
test accuracy: 0.4873
-----------------------
epoch 107 avg accuracy on training data: 0.5030199999999999
-----------------------
test accuracy: 0.4852
-----------------------
-----------------------
test accuracy: 0.4863
-----------------------
-----------------------
test accuracy: 0.4874
-----------------------
epoch 108 avg accuracy on training data: 0.5041199999999999
-----------------------
test accuracy: 0.487
-----------------------
-----------------------
test accuracy: 0.4864
-----------------------
-----------------------
test accuracy: 0.4875
-----------------------
epoch 109 avg accuracy on training data: 0.5055000000000002
-----------------------
test accuracy: 0.4885
-----------------------
-----------------------
test accuracy: 0.4869
-----------------------
-----------------------
test accuracy: 0.4877
-----------------------
epoch 110 avg accuracy on training data: 0.5051599999999999
-----------------------
test accuracy: 0.4875
-----------------------
-----------------------
test accuracy: 0.4873
-----------------------
-----------------------
test accuracy: 0.4884
-----------------------
epoch 111 avg accuracy on training data: 0.5072400000000002
-----------------------
test accuracy: 0.4887
-----------------------
-----------------------
test accuracy: 0.4871
-----------------------
-----------------------
test accuracy: 0.488
-----------------------
epoch 112 avg accuracy on training data: 0.5076400000000001
-----------------------
test accuracy: 0.4885
-----------------------
-----------------------
test accuracy: 0.4878
-----------------------
-----------------------
test accuracy: 0.4882
-----------------------
epoch 113 avg accuracy on training data: 0.5089000000000001
-----------------------
test accuracy: 0.4882
-----------------------
-----------------------
test accuracy: 0.4877
-----------------------
-----------------------
test accuracy: 0.4876
-----------------------
epoch 114 avg accuracy on training data: 0.50956
-----------------------
test accuracy: 0.4892
-----------------------
-----------------------
test accuracy: 0.4895
-----------------------
-----------------------
test accuracy: 0.4907
-----------------------
epoch 115 avg accuracy on training data: 0.5098800000000004
-----------------------
test accuracy: 0.4905
-----------------------
-----------------------
test accuracy: 0.4893
-----------------------
-----------------------
test accuracy: 0.4899
-----------------------
epoch 116 avg accuracy on training data: 0.5105600000000001
-----------------------
test accuracy: 0.4886
-----------------------
-----------------------
test accuracy: 0.4891
-----------------------
-----------------------
test accuracy: 0.4894
-----------------------
epoch 117 avg accuracy on training data: 0.5103199999999999
-----------------------
test accuracy: 0.491
-----------------------
-----------------------
test accuracy: 0.4906
-----------------------
-----------------------
test accuracy: 0.4904
-----------------------
epoch 118 avg accuracy on training data: 0.5100399999999998
-----------------------
test accuracy: 0.4911
-----------------------
-----------------------
test accuracy: 0.4912
-----------------------
-----------------------
test accuracy: 0.4901
-----------------------
epoch 119 avg accuracy on training data: 0.5122400000000001
-----------------------
test accuracy: 0.4919
-----------------------
-----------------------
test accuracy: 0.4907
-----------------------
-----------------------
test accuracy: 0.4923
-----------------------
epoch 120 avg accuracy on training data: 0.5131400000000005
-----------------------
test accuracy: 0.4902
-----------------------
-----------------------
test accuracy: 0.4901
-----------------------
-----------------------
test accuracy: 0.4913
-----------------------
epoch 121 avg accuracy on training data: 0.5136600000000001
-----------------------
test accuracy: 0.4917
-----------------------
-----------------------
test accuracy: 0.4917
-----------------------
-----------------------
test accuracy: 0.4907
-----------------------
epoch 122 avg accuracy on training data: 0.5145600000000002
-----------------------
test accuracy: 0.492
-----------------------
-----------------------
test accuracy: 0.4932
-----------------------
-----------------------
test accuracy: 0.4921
-----------------------
epoch 123 avg accuracy on training data: 0.5156799999999999
-----------------------
test accuracy: 0.492
-----------------------
-----------------------
test accuracy: 0.4921
-----------------------
-----------------------
test accuracy: 0.4927
-----------------------
epoch 124 avg accuracy on training data: 0.5157200000000002
-----------------------
test accuracy: 0.4917
-----------------------
-----------------------
test accuracy: 0.4918
-----------------------
-----------------------
test accuracy: 0.4943
-----------------------
epoch 125 avg accuracy on training data: 0.5170800000000002
-----------------------
test accuracy: 0.4932
-----------------------
-----------------------
test accuracy: 0.4938
-----------------------
-----------------------
test accuracy: 0.4946
-----------------------
epoch 126 avg accuracy on training data: 0.5171999999999999
-----------------------
test accuracy: 0.4941
-----------------------
-----------------------
test accuracy: 0.4942
-----------------------
-----------------------
test accuracy: 0.4934
-----------------------
epoch 127 avg accuracy on training data: 0.5185200000000001
-----------------------
test accuracy: 0.4923
-----------------------
-----------------------
test accuracy: 0.4944
-----------------------
-----------------------
test accuracy: 0.4936
-----------------------
epoch 128 avg accuracy on training data: 0.5185399999999999
-----------------------
test accuracy: 0.4952
-----------------------
-----------------------
test accuracy: 0.4955
-----------------------
-----------------------
test accuracy: 0.4967
-----------------------
epoch 129 avg accuracy on training data: 0.5189000000000005
-----------------------
test accuracy: 0.4936
-----------------------
-----------------------
test accuracy: 0.4957
-----------------------
-----------------------
test accuracy: 0.4955
-----------------------
epoch 130 avg accuracy on training data: 0.5192800000000004
-----------------------
test accuracy: 0.4957
-----------------------
-----------------------
test accuracy: 0.4967
-----------------------
-----------------------
test accuracy: 0.4975
-----------------------
epoch 131 avg accuracy on training data: 0.5195000000000002
-----------------------
test accuracy: 0.4965
-----------------------
-----------------------
test accuracy: 0.4959
-----------------------
-----------------------
test accuracy: 0.4967
-----------------------
epoch 132 avg accuracy on training data: 0.5208600000000003
-----------------------
test accuracy: 0.4959
-----------------------
-----------------------
test accuracy: 0.4969
-----------------------
-----------------------
test accuracy: 0.4962
-----------------------
epoch 133 avg accuracy on training data: 0.5216799999999999
-----------------------
test accuracy: 0.4956
-----------------------
-----------------------
test accuracy: 0.4961
-----------------------
-----------------------
test accuracy: 0.4968
-----------------------
epoch 134 avg accuracy on training data: 0.52304
-----------------------
test accuracy: 0.4983
-----------------------
-----------------------
test accuracy: 0.4983
-----------------------
-----------------------
test accuracy: 0.4974
-----------------------
epoch 135 avg accuracy on training data: 0.5225200000000003
-----------------------
test accuracy: 0.4981
-----------------------
-----------------------
test accuracy: 0.4973
-----------------------
-----------------------
test accuracy: 0.4975
-----------------------
epoch 136 avg accuracy on training data: 0.5214800000000002
-----------------------
test accuracy: 0.4992
-----------------------
-----------------------
test accuracy: 0.4982
-----------------------
-----------------------
test accuracy: 0.4998
-----------------------
epoch 137 avg accuracy on training data: 0.5234399999999998
-----------------------
test accuracy: 0.498
-----------------------
-----------------------
test accuracy: 0.4982
-----------------------
-----------------------
test accuracy: 0.4986
-----------------------
epoch 138 avg accuracy on training data: 0.5260399999999998
-----------------------
test accuracy: 0.4981
-----------------------
-----------------------
test accuracy: 0.4987
-----------------------
-----------------------
test accuracy: 0.4996
-----------------------
epoch 139 avg accuracy on training data: 0.5257399999999997
-----------------------
test accuracy: 0.5
-----------------------
-----------------------
test accuracy: 0.4993
-----------------------
-----------------------
test accuracy: 0.4985
-----------------------
epoch 140 avg accuracy on training data: 0.52506
-----------------------
test accuracy: 0.4996
-----------------------
-----------------------
test accuracy: 0.5017
-----------------------
-----------------------
test accuracy: 0.5006
-----------------------
epoch 141 avg accuracy on training data: 0.5259000000000001
-----------------------
test accuracy: 0.4998
-----------------------
-----------------------
test accuracy: 0.5005
-----------------------
-----------------------
test accuracy: 0.5009
-----------------------
epoch 142 avg accuracy on training data: 0.5271600000000002
-----------------------
test accuracy: 0.4992
-----------------------
-----------------------
test accuracy: 0.5
-----------------------
-----------------------
test accuracy: 0.5001
-----------------------
epoch 143 avg accuracy on training data: 0.5275600000000005
-----------------------
test accuracy: 0.5012
-----------------------
-----------------------
test accuracy: 0.501
-----------------------
-----------------------
test accuracy: 0.5003
-----------------------
epoch 144 avg accuracy on training data: 0.5292600000000001
-----------------------
test accuracy: 0.5003
-----------------------
-----------------------
test accuracy: 0.5005
-----------------------
-----------------------
test accuracy: 0.4998
-----------------------
epoch 145 avg accuracy on training data: 0.5302199999999999
-----------------------
test accuracy: 0.5007
-----------------------
-----------------------
test accuracy: 0.5003
-----------------------
-----------------------
test accuracy: 0.5022
-----------------------
epoch 146 avg accuracy on training data: 0.5302600000000004
-----------------------
test accuracy: 0.5002
-----------------------
-----------------------
test accuracy: 0.5017
-----------------------
-----------------------
test accuracy: 0.5008
-----------------------
epoch 147 avg accuracy on training data: 0.5295599999999997
-----------------------
test accuracy: 0.5008
-----------------------
-----------------------
test accuracy: 0.5012
-----------------------
-----------------------
test accuracy: 0.5025
-----------------------
epoch 148 avg accuracy on training data: 0.53084
-----------------------
test accuracy: 0.5001
-----------------------
-----------------------
test accuracy: 0.5011
-----------------------
-----------------------
test accuracy: 0.5036
-----------------------
epoch 149 avg accuracy on training data: 0.5319800000000003
-----------------------
test accuracy: 0.5007
-----------------------
-----------------------
test accuracy: 0.5024
-----------------------
-----------------------
test accuracy: 0.5011
-----------------------
epoch 150 avg accuracy on training data: 0.5317000000000002
-----------------------
test accuracy: 0.5006
-----------------------
-----------------------
test accuracy: 0.5013
-----------------------
-----------------------
test accuracy: 0.5015
-----------------------
epoch 151 avg accuracy on training data: 0.53226
-----------------------
test accuracy: 0.5025
-----------------------
-----------------------
test accuracy: 0.5009
-----------------------
-----------------------
test accuracy: 0.502
-----------------------
epoch 152 avg accuracy on training data: 0.5326800000000002
-----------------------
test accuracy: 0.5022
-----------------------
-----------------------
test accuracy: 0.5037
-----------------------
-----------------------
test accuracy: 0.5021
-----------------------
epoch 153 avg accuracy on training data: 0.5353199999999999
-----------------------
test accuracy: 0.502
-----------------------
-----------------------
test accuracy: 0.5033
-----------------------
-----------------------
test accuracy: 0.5017
-----------------------
epoch 154 avg accuracy on training data: 0.5348399999999999
-----------------------
test accuracy: 0.5019
-----------------------
-----------------------
test accuracy: 0.5022
-----------------------
-----------------------
test accuracy: 0.5034
-----------------------
epoch 155 avg accuracy on training data: 0.5362000000000001
-----------------------
test accuracy: 0.5026
-----------------------
-----------------------
test accuracy: 0.5026
-----------------------
-----------------------
test accuracy: 0.5032
-----------------------
epoch 156 avg accuracy on training data: 0.5344399999999999
-----------------------
test accuracy: 0.5041
-----------------------
-----------------------
test accuracy: 0.5038
-----------------------
-----------------------
test accuracy: 0.5046
-----------------------
epoch 157 avg accuracy on training data: 0.53582
-----------------------
test accuracy: 0.5035
-----------------------
-----------------------
test accuracy: 0.5031
-----------------------
-----------------------
test accuracy: 0.5044
-----------------------
epoch 158 avg accuracy on training data: 0.5358000000000002
-----------------------
test accuracy: 0.5041
-----------------------
-----------------------
test accuracy: 0.5028
-----------------------
-----------------------
test accuracy: 0.5038
-----------------------
epoch 159 avg accuracy on training data: 0.53734
-----------------------
test accuracy: 0.503
-----------------------
-----------------------
test accuracy: 0.5051
-----------------------
-----------------------
test accuracy: 0.504
-----------------------
epoch 160 avg accuracy on training data: 0.5377200000000001
-----------------------
test accuracy: 0.5035
-----------------------
-----------------------
test accuracy: 0.5034
-----------------------
-----------------------
test accuracy: 0.505
-----------------------
epoch 161 avg accuracy on training data: 0.5395
-----------------------
test accuracy: 0.5046
-----------------------
-----------------------
test accuracy: 0.5035
-----------------------
-----------------------
test accuracy: 0.5046
-----------------------
epoch 162 avg accuracy on training data: 0.5382200000000001
-----------------------
test accuracy: 0.5066
-----------------------
-----------------------
test accuracy: 0.505
-----------------------
-----------------------
test accuracy: 0.5046
-----------------------
epoch 163 avg accuracy on training data: 0.54016
-----------------------
test accuracy: 0.5048
-----------------------
-----------------------
test accuracy: 0.5057
-----------------------
-----------------------
test accuracy: 0.505
-----------------------
epoch 164 avg accuracy on training data: 0.5412800000000003
-----------------------
test accuracy: 0.5039
-----------------------
-----------------------
test accuracy: 0.5059
-----------------------
-----------------------
test accuracy: 0.5052
-----------------------
epoch 165 avg accuracy on training data: 0.54118
-----------------------
test accuracy: 0.5048
-----------------------
-----------------------
test accuracy: 0.5034
-----------------------
-----------------------
test accuracy: 0.5057
-----------------------
epoch 166 avg accuracy on training data: 0.5402599999999997
-----------------------
test accuracy: 0.5071
-----------------------
-----------------------
test accuracy: 0.507
-----------------------
-----------------------
test accuracy: 0.5065
-----------------------
epoch 167 avg accuracy on training data: 0.5422200000000001
-----------------------
test accuracy: 0.5051
-----------------------
-----------------------
test accuracy: 0.5054
-----------------------
-----------------------
test accuracy: 0.5067
-----------------------
epoch 168 avg accuracy on training data: 0.54162
-----------------------
test accuracy: 0.5066
-----------------------
-----------------------
test accuracy: 0.5046
-----------------------
-----------------------
test accuracy: 0.5074
-----------------------
epoch 169 avg accuracy on training data: 0.5446800000000002
-----------------------
test accuracy: 0.5059
-----------------------
-----------------------
test accuracy: 0.506
-----------------------
-----------------------
test accuracy: 0.508
-----------------------
epoch 170 avg accuracy on training data: 0.5434600000000003
-----------------------
test accuracy: 0.5078
-----------------------
-----------------------
test accuracy: 0.5056
-----------------------
-----------------------
test accuracy: 0.5072
-----------------------
epoch 171 avg accuracy on training data: 0.5432199999999996
-----------------------
test accuracy: 0.5078
-----------------------
-----------------------
test accuracy: 0.5072
-----------------------
-----------------------
test accuracy: 0.5064
-----------------------
epoch 172 avg accuracy on training data: 0.5461799999999998
-----------------------
test accuracy: 0.5093
-----------------------
-----------------------
test accuracy: 0.5062
-----------------------
-----------------------
test accuracy: 0.5072
-----------------------
epoch 173 avg accuracy on training data: 0.5441
-----------------------
test accuracy: 0.5087
-----------------------
-----------------------
test accuracy: 0.5076
-----------------------
-----------------------
test accuracy: 0.5098
-----------------------
epoch 174 avg accuracy on training data: 0.5451400000000002
-----------------------
test accuracy: 0.5063
-----------------------
-----------------------
test accuracy: 0.5064
-----------------------
-----------------------
test accuracy: 0.5076
-----------------------
epoch 175 avg accuracy on training data: 0.5467800000000002
-----------------------
test accuracy: 0.5066
-----------------------
-----------------------
test accuracy: 0.5088
-----------------------
-----------------------
test accuracy: 0.5095
-----------------------
epoch 176 avg accuracy on training data: 0.5469600000000001
-----------------------
test accuracy: 0.5088
-----------------------
-----------------------
test accuracy: 0.5108
-----------------------
-----------------------
test accuracy: 0.5087
-----------------------
epoch 177 avg accuracy on training data: 0.54948
-----------------------
test accuracy: 0.5074
-----------------------
-----------------------
test accuracy: 0.5069
-----------------------
-----------------------
test accuracy: 0.5094
-----------------------
epoch 178 avg accuracy on training data: 0.5476600000000004
-----------------------
test accuracy: 0.5102
-----------------------
-----------------------
test accuracy: 0.5109
-----------------------
-----------------------
test accuracy: 0.5109
-----------------------
epoch 179 avg accuracy on training data: 0.5489599999999998
-----------------------
test accuracy: 0.5088
-----------------------
-----------------------
test accuracy: 0.5081
-----------------------
-----------------------
test accuracy: 0.5094
-----------------------
epoch 180 avg accuracy on training data: 0.5502000000000001
-----------------------
test accuracy: 0.5093
-----------------------
-----------------------
test accuracy: 0.5098
-----------------------
-----------------------
test accuracy: 0.5097
-----------------------
epoch 181 avg accuracy on training data: 0.5499200000000001
-----------------------
test accuracy: 0.5104
-----------------------
-----------------------
test accuracy: 0.5109
-----------------------
-----------------------
test accuracy: 0.5109
-----------------------
epoch 182 avg accuracy on training data: 0.5508999999999995
-----------------------
test accuracy: 0.5103
-----------------------
-----------------------
test accuracy: 0.5116
-----------------------
-----------------------
test accuracy: 0.5096
-----------------------
epoch 183 avg accuracy on training data: 0.5510600000000004
-----------------------
test accuracy: 0.5097
-----------------------
-----------------------
test accuracy: 0.5116
-----------------------
-----------------------
test accuracy: 0.51
-----------------------
epoch 184 avg accuracy on training data: 0.5516800000000002
-----------------------
test accuracy: 0.5106
-----------------------
-----------------------
test accuracy: 0.5086
-----------------------
-----------------------
test accuracy: 0.5117
-----------------------
epoch 185 avg accuracy on training data: 0.5504199999999997
-----------------------
test accuracy: 0.5123
-----------------------
-----------------------
test accuracy: 0.51
-----------------------
-----------------------
test accuracy: 0.5111
-----------------------
epoch 186 avg accuracy on training data: 0.55098
-----------------------
test accuracy: 0.5108
-----------------------
-----------------------
test accuracy: 0.5109
-----------------------
-----------------------
test accuracy: 0.5109
-----------------------
epoch 187 avg accuracy on training data: 0.5518999999999996
-----------------------
test accuracy: 0.5096
-----------------------
-----------------------
test accuracy: 0.5106
-----------------------
-----------------------
test accuracy: 0.5119
-----------------------
epoch 188 avg accuracy on training data: 0.5537599999999998
-----------------------
test accuracy: 0.5111
-----------------------
-----------------------
test accuracy: 0.5118
-----------------------
-----------------------
test accuracy: 0.5114
-----------------------
epoch 189 avg accuracy on training data: 0.55424
-----------------------
test accuracy: 0.5122
-----------------------
-----------------------
test accuracy: 0.5121
-----------------------
-----------------------
test accuracy: 0.512
-----------------------
epoch 190 avg accuracy on training data: 0.5530199999999996
-----------------------
test accuracy: 0.5126
-----------------------
-----------------------
test accuracy: 0.5116
-----------------------
-----------------------
test accuracy: 0.5106
-----------------------
epoch 191 avg accuracy on training data: 0.5546800000000003
-----------------------
test accuracy: 0.5127
-----------------------
-----------------------
test accuracy: 0.5109
-----------------------
-----------------------
test accuracy: 0.5138
-----------------------
epoch 192 avg accuracy on training data: 0.5552599999999996
-----------------------
test accuracy: 0.5126
-----------------------
-----------------------
test accuracy: 0.5121
-----------------------
-----------------------
test accuracy: 0.5123
-----------------------
epoch 193 avg accuracy on training data: 0.5558000000000001
-----------------------
test accuracy: 0.5138
-----------------------
-----------------------
test accuracy: 0.5117
-----------------------
-----------------------
test accuracy: 0.512
-----------------------
epoch 194 avg accuracy on training data: 0.5561199999999993
-----------------------
test accuracy: 0.5135
-----------------------
-----------------------
test accuracy: 0.5131
-----------------------
-----------------------
test accuracy: 0.5128
-----------------------
epoch 195 avg accuracy on training data: 0.5563799999999999
-----------------------
test accuracy: 0.5125
-----------------------
-----------------------
test accuracy: 0.5129
-----------------------
-----------------------
test accuracy: 0.5128
-----------------------
epoch 196 avg accuracy on training data: 0.5566
-----------------------
test accuracy: 0.5125
-----------------------
-----------------------
test accuracy: 0.5132
-----------------------
-----------------------
test accuracy: 0.5129
-----------------------
epoch 197 avg accuracy on training data: 0.55752
-----------------------
test accuracy: 0.512
-----------------------
-----------------------
test accuracy: 0.5123
-----------------------
-----------------------
test accuracy: 0.5124
-----------------------
epoch 198 avg accuracy on training data: 0.5583400000000002
-----------------------
test accuracy: 0.5126
-----------------------
-----------------------
test accuracy: 0.5124
-----------------------
-----------------------
test accuracy: 0.5145
-----------------------
epoch 199 avg accuracy on training data: 0.5594399999999998
-----------------------
test accuracy: 0.5144
-----------------------
-----------------------
test accuracy: 0.5132
-----------------------
-----------------------
test accuracy: 0.5136
-----------------------
epoch 200 avg accuracy on training data: 0.56024
-----------------------
test accuracy: 0.5131
-----------------------
-----------------------
test accuracy: 0.514
-----------------------
-----------------------
test accuracy: 0.5145
-----------------------
epoch 201 avg accuracy on training data: 0.55842
-----------------------
test accuracy: 0.5123
-----------------------
-----------------------
test accuracy: 0.5128
-----------------------
-----------------------
test accuracy: 0.513
-----------------------
epoch 202 avg accuracy on training data: 0.5596599999999999
-----------------------
test accuracy: 0.5151
-----------------------
-----------------------
test accuracy: 0.5154
-----------------------
-----------------------
test accuracy: 0.5137
-----------------------
epoch 203 avg accuracy on training data: 0.56118
-----------------------
test accuracy: 0.5144
-----------------------
-----------------------
test accuracy: 0.5142
-----------------------
-----------------------
test accuracy: 0.5149
-----------------------
epoch 204 avg accuracy on training data: 0.5619599999999998
-----------------------
test accuracy: 0.5149
-----------------------
-----------------------
test accuracy: 0.5154
-----------------------
-----------------------
test accuracy: 0.5147
-----------------------
epoch 205 avg accuracy on training data: 0.56168
-----------------------
test accuracy: 0.515
-----------------------
-----------------------
test accuracy: 0.5144
-----------------------
-----------------------
test accuracy: 0.5147
-----------------------
epoch 206 avg accuracy on training data: 0.5618399999999999
-----------------------
test accuracy: 0.5151
-----------------------
-----------------------
test accuracy: 0.515
-----------------------
-----------------------
test accuracy: 0.5152
-----------------------
epoch 207 avg accuracy on training data: 0.56236
-----------------------
test accuracy: 0.5137
-----------------------
-----------------------
test accuracy: 0.5147
-----------------------
-----------------------
test accuracy: 0.5156
-----------------------
epoch 208 avg accuracy on training data: 0.56224
-----------------------
test accuracy: 0.515
-----------------------
-----------------------
test accuracy: 0.5143
-----------------------
-----------------------
test accuracy: 0.515
-----------------------
epoch 209 avg accuracy on training data: 0.5634199999999998
-----------------------
test accuracy: 0.5173
-----------------------
-----------------------
test accuracy: 0.5158
-----------------------
-----------------------
test accuracy: 0.5149
-----------------------
epoch 210 avg accuracy on training data: 0.5639999999999998
-----------------------
test accuracy: 0.5158
-----------------------
-----------------------
test accuracy: 0.5166
-----------------------
-----------------------
test accuracy: 0.5168
-----------------------
epoch 211 avg accuracy on training data: 0.5650599999999998
-----------------------
test accuracy: 0.5156
-----------------------
-----------------------
test accuracy: 0.515
-----------------------
-----------------------
test accuracy: 0.5157
-----------------------
epoch 212 avg accuracy on training data: 0.5636599999999999
-----------------------
test accuracy: 0.5165
-----------------------
-----------------------
test accuracy: 0.5161
-----------------------
-----------------------
test accuracy: 0.517
-----------------------
epoch 213 avg accuracy on training data: 0.5645399999999999
-----------------------
test accuracy: 0.5162
-----------------------
-----------------------
test accuracy: 0.5161
-----------------------
-----------------------
test accuracy: 0.516
-----------------------
epoch 214 avg accuracy on training data: 0.5640399999999998
-----------------------
test accuracy: 0.517
-----------------------
-----------------------
test accuracy: 0.5164
-----------------------
-----------------------
test accuracy: 0.5158
-----------------------
epoch 215 avg accuracy on training data: 0.5657599999999999
-----------------------
test accuracy: 0.517
-----------------------
-----------------------
test accuracy: 0.5168
-----------------------
-----------------------
test accuracy: 0.5171
-----------------------
epoch 216 avg accuracy on training data: 0.5678000000000002
-----------------------
test accuracy: 0.5178
-----------------------
-----------------------
test accuracy: 0.5158
-----------------------
-----------------------
test accuracy: 0.5168
-----------------------
epoch 217 avg accuracy on training data: 0.5664
-----------------------
test accuracy: 0.5176
-----------------------
-----------------------
test accuracy: 0.5155
-----------------------
-----------------------
test accuracy: 0.5156
-----------------------
epoch 218 avg accuracy on training data: 0.5666999999999999
-----------------------
test accuracy: 0.5172
-----------------------
-----------------------
test accuracy: 0.5179
-----------------------
-----------------------
test accuracy: 0.5179
-----------------------
epoch 219 avg accuracy on training data: 0.5679999999999997
-----------------------
test accuracy: 0.5171
-----------------------
-----------------------
test accuracy: 0.5175
-----------------------
-----------------------
test accuracy: 0.5173
-----------------------
epoch 220 avg accuracy on training data: 0.56696
-----------------------
test accuracy: 0.5177
-----------------------
-----------------------
test accuracy: 0.5179
-----------------------
-----------------------
test accuracy: 0.5184
-----------------------
epoch 221 avg accuracy on training data: 0.5682999999999998
-----------------------
test accuracy: 0.5164
-----------------------
-----------------------
test accuracy: 0.517
-----------------------
-----------------------
test accuracy: 0.5175
-----------------------
epoch 222 avg accuracy on training data: 0.5680400000000003
-----------------------
test accuracy: 0.5175
-----------------------
-----------------------
test accuracy: 0.5191
-----------------------
-----------------------
test accuracy: 0.5181
-----------------------
epoch 223 avg accuracy on training data: 0.5696399999999999
-----------------------
test accuracy: 0.5167
-----------------------
-----------------------
test accuracy: 0.5176
-----------------------
-----------------------
test accuracy: 0.5171
-----------------------
epoch 224 avg accuracy on training data: 0.5688600000000001
-----------------------
test accuracy: 0.5186
-----------------------
-----------------------
test accuracy: 0.5174
-----------------------
-----------------------
test accuracy: 0.5191
-----------------------
epoch 225 avg accuracy on training data: 0.5703199999999996
-----------------------
test accuracy: 0.519
-----------------------
-----------------------
test accuracy: 0.5186
-----------------------
-----------------------
test accuracy: 0.5183
-----------------------
epoch 226 avg accuracy on training data: 0.5705800000000001
-----------------------
test accuracy: 0.5187
-----------------------
-----------------------
test accuracy: 0.5179
-----------------------
-----------------------
test accuracy: 0.5182
-----------------------
epoch 227 avg accuracy on training data: 0.5722799999999996
-----------------------
test accuracy: 0.5178
-----------------------
-----------------------
test accuracy: 0.5194
-----------------------
-----------------------
test accuracy: 0.5185
-----------------------
epoch 228 avg accuracy on training data: 0.5725199999999997
-----------------------
test accuracy: 0.5183
-----------------------
-----------------------
test accuracy: 0.5187
-----------------------
-----------------------
test accuracy: 0.5189
-----------------------
epoch 229 avg accuracy on training data: 0.5724799999999999
-----------------------
test accuracy: 0.5186
-----------------------
-----------------------
test accuracy: 0.5185
-----------------------
-----------------------
test accuracy: 0.5192
-----------------------
epoch 230 avg accuracy on training data: 0.5728000000000004
-----------------------
test accuracy: 0.5178
-----------------------
-----------------------
test accuracy: 0.5186
-----------------------
-----------------------
test accuracy: 0.52
-----------------------
epoch 231 avg accuracy on training data: 0.5730200000000001
-----------------------
test accuracy: 0.5185
-----------------------
-----------------------
test accuracy: 0.5189
-----------------------
-----------------------
test accuracy: 0.5195
-----------------------
epoch 232 avg accuracy on training data: 0.5729599999999998
-----------------------
test accuracy: 0.5189
-----------------------
-----------------------
test accuracy: 0.5199
-----------------------
-----------------------
test accuracy: 0.5195
-----------------------
epoch 233 avg accuracy on training data: 0.5740999999999999
-----------------------
test accuracy: 0.5212
-----------------------
-----------------------
test accuracy: 0.5188
-----------------------
-----------------------
test accuracy: 0.5189
-----------------------
epoch 234 avg accuracy on training data: 0.5747600000000005
-----------------------
test accuracy: 0.5189
-----------------------
-----------------------
test accuracy: 0.5187
-----------------------
-----------------------
test accuracy: 0.518
-----------------------
epoch 235 avg accuracy on training data: 0.5753399999999996
-----------------------
test accuracy: 0.5186
-----------------------
-----------------------
test accuracy: 0.5191
-----------------------
-----------------------
test accuracy: 0.52
-----------------------
epoch 236 avg accuracy on training data: 0.5738799999999997
-----------------------
test accuracy: 0.5193
-----------------------
-----------------------
test accuracy: 0.5181
-----------------------
-----------------------
test accuracy: 0.5196
-----------------------
epoch 237 avg accuracy on training data: 0.5751000000000001
-----------------------
test accuracy: 0.519
-----------------------
-----------------------
test accuracy: 0.5184
-----------------------
-----------------------
test accuracy: 0.5208
-----------------------
epoch 238 avg accuracy on training data: 0.57512
-----------------------
test accuracy: 0.5192
-----------------------
-----------------------
test accuracy: 0.5189
-----------------------
-----------------------
test accuracy: 0.5196
-----------------------
epoch 239 avg accuracy on training data: 0.5758399999999998
-----------------------
test accuracy: 0.5179
-----------------------
-----------------------
test accuracy: 0.5179
-----------------------
-----------------------
test accuracy: 0.5177
-----------------------
epoch 240 avg accuracy on training data: 0.5775800000000001
-----------------------
test accuracy: 0.5199
-----------------------
-----------------------
test accuracy: 0.5194
-----------------------
-----------------------
test accuracy: 0.5192
-----------------------
epoch 241 avg accuracy on training data: 0.577
-----------------------
test accuracy: 0.5197
-----------------------
-----------------------
test accuracy: 0.5189
-----------------------
-----------------------
test accuracy: 0.5191
-----------------------
epoch 242 avg accuracy on training data: 0.5772799999999998
-----------------------
test accuracy: 0.5189
-----------------------
-----------------------
test accuracy: 0.5204
-----------------------
-----------------------
test accuracy: 0.519
-----------------------
epoch 243 avg accuracy on training data: 0.5774199999999997
-----------------------
test accuracy: 0.518
-----------------------
-----------------------
test accuracy: 0.5183
-----------------------
-----------------------
test accuracy: 0.5208
-----------------------
epoch 244 avg accuracy on training data: 0.5799200000000001
-----------------------
test accuracy: 0.5184
-----------------------
-----------------------
test accuracy: 0.5183
-----------------------
-----------------------
test accuracy: 0.5183
-----------------------
epoch 245 avg accuracy on training data: 0.5792
-----------------------
test accuracy: 0.52
-----------------------
-----------------------
test accuracy: 0.5203
-----------------------
-----------------------
test accuracy: 0.5195
-----------------------
epoch 246 avg accuracy on training data: 0.5785600000000001
-----------------------
test accuracy: 0.5189
-----------------------
-----------------------
test accuracy: 0.5192
-----------------------
-----------------------
test accuracy: 0.5199
-----------------------
epoch 247 avg accuracy on training data: 0.58056
-----------------------
test accuracy: 0.5185
-----------------------
-----------------------
test accuracy: 0.5217
-----------------------
-----------------------
test accuracy: 0.5198
-----------------------
epoch 248 avg accuracy on training data: 0.5789199999999995
-----------------------
test accuracy: 0.5201
-----------------------
-----------------------
test accuracy: 0.519
-----------------------
-----------------------
test accuracy: 0.5195
-----------------------
epoch 249 avg accuracy on training data: 0.5807599999999999
-----------------------
test accuracy: 0.5196
-----------------------
-----------------------
test accuracy: 0.5194
-----------------------
-----------------------
test accuracy: 0.5199
-----------------------
epoch 250 avg accuracy on training data: 0.5810999999999998
-----------------------
test accuracy: 0.5193
-----------------------
-----------------------
test accuracy: 0.5191
-----------------------
-----------------------
test accuracy: 0.5212
-----------------------
epoch 251 avg accuracy on training data: 0.5826599999999997
-----------------------
test accuracy: 0.5208
-----------------------
-----------------------
test accuracy: 0.5186
-----------------------
-----------------------
test accuracy: 0.521
-----------------------
epoch 252 avg accuracy on training data: 0.58184
-----------------------
test accuracy: 0.5205
-----------------------
-----------------------
test accuracy: 0.5198
-----------------------
-----------------------
test accuracy: 0.5202
-----------------------
epoch 253 avg accuracy on training data: 0.5811799999999994
-----------------------
test accuracy: 0.5226
-----------------------
-----------------------
test accuracy: 0.5212
-----------------------
-----------------------
test accuracy: 0.5205
-----------------------
epoch 254 avg accuracy on training data: 0.5826399999999997
-----------------------
test accuracy: 0.5199
-----------------------
-----------------------
test accuracy: 0.5209
-----------------------
-----------------------
test accuracy: 0.5203
-----------------------
epoch 255 avg accuracy on training data: 0.5839800000000003
-----------------------
test accuracy: 0.5209
-----------------------
-----------------------
test accuracy: 0.5194
-----------------------
-----------------------
test accuracy: 0.5193
-----------------------
epoch 256 avg accuracy on training data: 0.58412
-----------------------
test accuracy: 0.5187
-----------------------
-----------------------
test accuracy: 0.5204
-----------------------
-----------------------
test accuracy: 0.5207
-----------------------
epoch 257 avg accuracy on training data: 0.5828799999999994
-----------------------
test accuracy: 0.5204
-----------------------
-----------------------
test accuracy: 0.5205
-----------------------
-----------------------
test accuracy: 0.5212
-----------------------
epoch 258 avg accuracy on training data: 0.5849200000000001
-----------------------
test accuracy: 0.52
-----------------------
-----------------------
test accuracy: 0.5204
-----------------------
-----------------------
test accuracy: 0.5213
-----------------------
epoch 259 avg accuracy on training data: 0.5832999999999998
-----------------------
test accuracy: 0.5214
-----------------------
-----------------------
test accuracy: 0.5205
-----------------------
-----------------------
test accuracy: 0.5205
-----------------------
epoch 260 avg accuracy on training data: 0.5852399999999999
-----------------------
test accuracy: 0.5213
-----------------------
-----------------------
test accuracy: 0.5218
-----------------------
-----------------------
test accuracy: 0.5208
-----------------------
epoch 261 avg accuracy on training data: 0.5856799999999998
-----------------------
test accuracy: 0.5207
-----------------------
-----------------------
test accuracy: 0.5204
-----------------------
-----------------------
test accuracy: 0.5201
-----------------------
epoch 262 avg accuracy on training data: 0.5856799999999999
-----------------------
test accuracy: 0.5214
-----------------------
-----------------------
test accuracy: 0.5209
-----------------------
-----------------------
test accuracy: 0.5223
-----------------------
epoch 263 avg accuracy on training data: 0.5858399999999993
-----------------------
test accuracy: 0.5202
-----------------------
-----------------------
test accuracy: 0.5212
-----------------------
-----------------------
test accuracy: 0.5201
-----------------------
epoch 264 avg accuracy on training data: 0.5878399999999996
-----------------------
test accuracy: 0.5197
-----------------------
-----------------------
test accuracy: 0.5208
-----------------------
-----------------------
test accuracy: 0.5194
-----------------------
epoch 265 avg accuracy on training data: 0.5870799999999996
-----------------------
test accuracy: 0.5224
-----------------------
-----------------------
test accuracy: 0.5198
-----------------------
-----------------------
test accuracy: 0.5209
-----------------------
epoch 266 avg accuracy on training data: 0.5884199999999997
-----------------------
test accuracy: 0.5205
-----------------------
-----------------------
test accuracy: 0.522
-----------------------
-----------------------
test accuracy: 0.5225
-----------------------
epoch 267 avg accuracy on training data: 0.5876800000000005
-----------------------
test accuracy: 0.5205
-----------------------
-----------------------
test accuracy: 0.5212
-----------------------
-----------------------
test accuracy: 0.5221
-----------------------
epoch 268 avg accuracy on training data: 0.5885400000000002
-----------------------
test accuracy: 0.5212
-----------------------
-----------------------
test accuracy: 0.5228
-----------------------
-----------------------
test accuracy: 0.5223
-----------------------
epoch 269 avg accuracy on training data: 0.5880800000000002
-----------------------
test accuracy: 0.5223
-----------------------
-----------------------
test accuracy: 0.5211
-----------------------
-----------------------
test accuracy: 0.5226
-----------------------
epoch 270 avg accuracy on training data: 0.5884999999999996
-----------------------
test accuracy: 0.5219
-----------------------
-----------------------
test accuracy: 0.5214
-----------------------
-----------------------
test accuracy: 0.5218
-----------------------
epoch 271 avg accuracy on training data: 0.58884
-----------------------
test accuracy: 0.5226
-----------------------
-----------------------
test accuracy: 0.5222
-----------------------
-----------------------
test accuracy: 0.5214
-----------------------
epoch 272 avg accuracy on training data: 0.5895599999999999
-----------------------
test accuracy: 0.5216
-----------------------
-----------------------
test accuracy: 0.5214
-----------------------
-----------------------
test accuracy: 0.5208
-----------------------
epoch 273 avg accuracy on training data: 0.5898400000000003
-----------------------
test accuracy: 0.5223
-----------------------
-----------------------
test accuracy: 0.5216
-----------------------
-----------------------
test accuracy: 0.522
-----------------------
epoch 274 avg accuracy on training data: 0.5909999999999996
-----------------------
test accuracy: 0.5212
-----------------------
-----------------------
test accuracy: 0.5227
-----------------------
-----------------------
test accuracy: 0.521
-----------------------
epoch 275 avg accuracy on training data: 0.5895400000000002
-----------------------
test accuracy: 0.523
-----------------------
-----------------------
test accuracy: 0.5221
-----------------------
-----------------------
test accuracy: 0.5238
-----------------------
epoch 276 avg accuracy on training data: 0.5922200000000003
-----------------------
test accuracy: 0.5211
-----------------------
-----------------------
test accuracy: 0.5248
-----------------------
-----------------------
test accuracy: 0.5228
-----------------------
epoch 277 avg accuracy on training data: 0.59128
-----------------------
test accuracy: 0.5237
-----------------------
-----------------------
test accuracy: 0.524
-----------------------
-----------------------
test accuracy: 0.5225
-----------------------
epoch 278 avg accuracy on training data: 0.5921199999999999
-----------------------
test accuracy: 0.5216
-----------------------
-----------------------
test accuracy: 0.5221
-----------------------
-----------------------
test accuracy: 0.5228
-----------------------
epoch 279 avg accuracy on training data: 0.5913
-----------------------
test accuracy: 0.5245
-----------------------
-----------------------
test accuracy: 0.5222
-----------------------
-----------------------
test accuracy: 0.5219
-----------------------
epoch 280 avg accuracy on training data: 0.5922599999999999
-----------------------
test accuracy: 0.5237
-----------------------
-----------------------
test accuracy: 0.5221
-----------------------
-----------------------
test accuracy: 0.5224
-----------------------
epoch 281 avg accuracy on training data: 0.5931600000000001
-----------------------
test accuracy: 0.5244
-----------------------
-----------------------
test accuracy: 0.5224
-----------------------
-----------------------
test accuracy: 0.5227
-----------------------
epoch 282 avg accuracy on training data: 0.5933199999999997
-----------------------
test accuracy: 0.523
-----------------------
-----------------------
test accuracy: 0.5227
-----------------------
-----------------------
test accuracy: 0.5238
-----------------------
epoch 283 avg accuracy on training data: 0.5939399999999997
-----------------------
test accuracy: 0.5243
-----------------------
-----------------------
test accuracy: 0.5222
-----------------------
-----------------------
test accuracy: 0.5223
-----------------------
epoch 284 avg accuracy on training data: 0.59464
-----------------------
test accuracy: 0.5244
-----------------------
-----------------------
test accuracy: 0.5223
-----------------------
-----------------------
test accuracy: 0.5241
-----------------------
epoch 285 avg accuracy on training data: 0.59432
-----------------------
test accuracy: 0.5231
-----------------------
-----------------------
test accuracy: 0.5225
-----------------------
-----------------------
test accuracy: 0.5239
-----------------------
epoch 286 avg accuracy on training data: 0.5957399999999999
-----------------------
test accuracy: 0.5236
-----------------------
-----------------------
test accuracy: 0.5238
-----------------------
-----------------------
test accuracy: 0.5259
-----------------------
epoch 287 avg accuracy on training data: 0.5970000000000001
-----------------------
test accuracy: 0.5229
-----------------------
-----------------------
test accuracy: 0.524
-----------------------
-----------------------
test accuracy: 0.5235
-----------------------
epoch 288 avg accuracy on training data: 0.5955599999999999
-----------------------
test accuracy: 0.5241
-----------------------
-----------------------
test accuracy: 0.5237
-----------------------
-----------------------
test accuracy: 0.5234
-----------------------
epoch 289 avg accuracy on training data: 0.5965599999999998
-----------------------
test accuracy: 0.522
-----------------------
-----------------------
test accuracy: 0.5242
-----------------------
-----------------------
test accuracy: 0.5225
-----------------------
epoch 290 avg accuracy on training data: 0.5977200000000005
-----------------------
test accuracy: 0.5231
-----------------------
-----------------------
test accuracy: 0.5234
-----------------------
-----------------------
test accuracy: 0.5232
-----------------------
epoch 291 avg accuracy on training data: 0.59754
-----------------------
test accuracy: 0.5234
-----------------------
-----------------------
test accuracy: 0.5253
-----------------------
-----------------------
test accuracy: 0.5241
-----------------------
epoch 292 avg accuracy on training data: 0.5968999999999998
-----------------------
test accuracy: 0.5241
-----------------------
-----------------------
test accuracy: 0.5238
-----------------------
-----------------------
test accuracy: 0.5233
-----------------------
epoch 293 avg accuracy on training data: 0.5979199999999996
-----------------------
test accuracy: 0.5248
-----------------------
-----------------------
test accuracy: 0.5236
-----------------------
-----------------------
test accuracy: 0.5248
-----------------------
epoch 294 avg accuracy on training data: 0.5975400000000001
-----------------------
test accuracy: 0.5234
-----------------------
-----------------------
test accuracy: 0.5247
-----------------------
-----------------------
test accuracy: 0.5235
-----------------------
epoch 295 avg accuracy on training data: 0.5995400000000001
-----------------------
test accuracy: 0.5255
-----------------------
-----------------------
test accuracy: 0.5236
-----------------------
-----------------------
test accuracy: 0.5238
-----------------------
epoch 296 avg accuracy on training data: 0.5998799999999997
-----------------------
test accuracy: 0.5224
-----------------------
-----------------------
test accuracy: 0.5243
-----------------------
-----------------------
test accuracy: 0.5231
-----------------------
epoch 297 avg accuracy on training data: 0.5980000000000001
-----------------------
test accuracy: 0.5234
-----------------------
-----------------------
test accuracy: 0.5247
-----------------------
-----------------------
test accuracy: 0.5244
-----------------------
epoch 298 avg accuracy on training data: 0.5997399999999999
-----------------------
test accuracy: 0.5249
-----------------------
-----------------------
test accuracy: 0.5244
-----------------------
-----------------------
test accuracy: 0.522
-----------------------
epoch 299 avg accuracy on training data: 0.6017000000000003
-----------------------
test accuracy: 0.5245
-----------------------
-----------------------
test accuracy: 0.5243
-----------------------
-----------------------
test accuracy: 0.5229
-----------------------
epoch 300 avg accuracy on training data: 0.6002200000000004
-----------------------
test accuracy: 0.5258
-----------------------
-----------------------
test accuracy: 0.5254
-----------------------
-----------------------
test accuracy: 0.5258
-----------------------
