dnn_hidden_units : 100
learning_rate : 0.002
max_steps : 150
batch_size : 200
eval_freq : 100
data_dir : ./cifar10/cifar-10-batches-py
neg_slope : 0.02
---------- MLP initialized with Pytorch -----------
-----------------------
test accuracy: 0.077
-----------------------
-----------------------
test accuracy: 0.1552
-----------------------
-----------------------
test accuracy: 0.2056
-----------------------
epoch 1 avg accuracy on training data: 0.15978087649402412
-----------------------
test accuracy: 0.2178
-----------------------
-----------------------
test accuracy: 0.2346
-----------------------
-----------------------
test accuracy: 0.2447
-----------------------
epoch 2 avg accuracy on training data: 0.23156000000000004
-----------------------
test accuracy: 0.2503
-----------------------
-----------------------
test accuracy: 0.2641
-----------------------
-----------------------
test accuracy: 0.2767
-----------------------
epoch 3 avg accuracy on training data: 0.26209999999999994
-----------------------
test accuracy: 0.2839
-----------------------
-----------------------
test accuracy: 0.2979
-----------------------
-----------------------
test accuracy: 0.3036
-----------------------
epoch 4 avg accuracy on training data: 0.29441999999999985
-----------------------
test accuracy: 0.3065
-----------------------
-----------------------
test accuracy: 0.3127
-----------------------
-----------------------
test accuracy: 0.3167
-----------------------
epoch 5 avg accuracy on training data: 0.3084799999999998
-----------------------
test accuracy: 0.3191
-----------------------
-----------------------
test accuracy: 0.3271
-----------------------
-----------------------
test accuracy: 0.3308
-----------------------
epoch 6 avg accuracy on training data: 0.3207999999999999
-----------------------
test accuracy: 0.3329
-----------------------
-----------------------
test accuracy: 0.3366
-----------------------
-----------------------
test accuracy: 0.3428
-----------------------
epoch 7 avg accuracy on training data: 0.33047999999999994
-----------------------
test accuracy: 0.3441
-----------------------
-----------------------
test accuracy: 0.3466
-----------------------
-----------------------
test accuracy: 0.3469
-----------------------
epoch 8 avg accuracy on training data: 0.33969999999999995
-----------------------
test accuracy: 0.3498
-----------------------
-----------------------
test accuracy: 0.3521
-----------------------
-----------------------
test accuracy: 0.3548
-----------------------
epoch 9 avg accuracy on training data: 0.34656000000000003
-----------------------
test accuracy: 0.3547
-----------------------
-----------------------
test accuracy: 0.3572
-----------------------
-----------------------
test accuracy: 0.3595
-----------------------
epoch 10 avg accuracy on training data: 0.3517800000000001
-----------------------
test accuracy: 0.3615
-----------------------
-----------------------
test accuracy: 0.3647
-----------------------
-----------------------
test accuracy: 0.3669
-----------------------
epoch 11 avg accuracy on training data: 0.3575999999999998
-----------------------
test accuracy: 0.3682
-----------------------
-----------------------
test accuracy: 0.3708
-----------------------
-----------------------
test accuracy: 0.3714
-----------------------
epoch 12 avg accuracy on training data: 0.3639999999999998
-----------------------
test accuracy: 0.3728
-----------------------
-----------------------
test accuracy: 0.3745
-----------------------
-----------------------
test accuracy: 0.3748
-----------------------
epoch 13 avg accuracy on training data: 0.3694800000000003
-----------------------
test accuracy: 0.3753
-----------------------
-----------------------
test accuracy: 0.3777
-----------------------
-----------------------
test accuracy: 0.3801
-----------------------
epoch 14 avg accuracy on training data: 0.3728399999999997
-----------------------
test accuracy: 0.3809
-----------------------
-----------------------
test accuracy: 0.3832
-----------------------
-----------------------
test accuracy: 0.3831
-----------------------
epoch 15 avg accuracy on training data: 0.37721999999999994
-----------------------
test accuracy: 0.384
-----------------------
-----------------------
test accuracy: 0.3848
-----------------------
-----------------------
test accuracy: 0.3877
-----------------------
epoch 16 avg accuracy on training data: 0.38156000000000007
-----------------------
test accuracy: 0.3883
-----------------------
-----------------------
test accuracy: 0.3894
-----------------------
-----------------------
test accuracy: 0.3892
-----------------------
epoch 17 avg accuracy on training data: 0.38512000000000013
-----------------------
test accuracy: 0.3909
-----------------------
-----------------------
test accuracy: 0.3932
-----------------------
-----------------------
test accuracy: 0.3945
-----------------------
epoch 18 avg accuracy on training data: 0.3895600000000001
-----------------------
test accuracy: 0.3951
-----------------------
-----------------------
test accuracy: 0.396
-----------------------
-----------------------
test accuracy: 0.3973
-----------------------
epoch 19 avg accuracy on training data: 0.3924399999999999
-----------------------
test accuracy: 0.3987
-----------------------
-----------------------
test accuracy: 0.3996
-----------------------
-----------------------
test accuracy: 0.4015
-----------------------
epoch 20 avg accuracy on training data: 0.39559999999999995
-----------------------
test accuracy: 0.4011
-----------------------
-----------------------
test accuracy: 0.4001
-----------------------
-----------------------
test accuracy: 0.4019
-----------------------
epoch 21 avg accuracy on training data: 0.3995800000000003
-----------------------
test accuracy: 0.4031
-----------------------
-----------------------
test accuracy: 0.4029
-----------------------
-----------------------
test accuracy: 0.4049
-----------------------
epoch 22 avg accuracy on training data: 0.40175999999999984
-----------------------
test accuracy: 0.4057
-----------------------
-----------------------
test accuracy: 0.4066
-----------------------
-----------------------
test accuracy: 0.4057
-----------------------
epoch 23 avg accuracy on training data: 0.4035799999999998
-----------------------
test accuracy: 0.4077
-----------------------
-----------------------
test accuracy: 0.4076
-----------------------
-----------------------
test accuracy: 0.4094
-----------------------
epoch 24 avg accuracy on training data: 0.40622
-----------------------
test accuracy: 0.41
-----------------------
-----------------------
test accuracy: 0.4121
-----------------------
-----------------------
test accuracy: 0.4128
-----------------------
epoch 25 avg accuracy on training data: 0.4094200000000001
-----------------------
test accuracy: 0.4135
-----------------------
-----------------------
test accuracy: 0.4148
-----------------------
-----------------------
test accuracy: 0.415
-----------------------
epoch 26 avg accuracy on training data: 0.41151999999999983
-----------------------
test accuracy: 0.4157
-----------------------
-----------------------
test accuracy: 0.4163
-----------------------
-----------------------
test accuracy: 0.4179
-----------------------
epoch 27 avg accuracy on training data: 0.4130399999999999
-----------------------
test accuracy: 0.4191
-----------------------
-----------------------
test accuracy: 0.4198
-----------------------
-----------------------
test accuracy: 0.4213
-----------------------
epoch 28 avg accuracy on training data: 0.41670000000000035
-----------------------
test accuracy: 0.4215
-----------------------
-----------------------
test accuracy: 0.421
-----------------------
-----------------------
test accuracy: 0.4231
-----------------------
epoch 29 avg accuracy on training data: 0.41876
-----------------------
test accuracy: 0.4222
-----------------------
-----------------------
test accuracy: 0.4233
-----------------------
-----------------------
test accuracy: 0.4257
-----------------------
epoch 30 avg accuracy on training data: 0.4208799999999999
-----------------------
test accuracy: 0.4244
-----------------------
-----------------------
test accuracy: 0.4267
-----------------------
-----------------------
test accuracy: 0.4268
-----------------------
epoch 31 avg accuracy on training data: 0.42159999999999986
-----------------------
test accuracy: 0.4276
-----------------------
-----------------------
test accuracy: 0.4266
-----------------------
-----------------------
test accuracy: 0.4281
-----------------------
epoch 32 avg accuracy on training data: 0.4242999999999999
-----------------------
test accuracy: 0.4289
-----------------------
-----------------------
test accuracy: 0.4303
-----------------------
-----------------------
test accuracy: 0.4292
-----------------------
epoch 33 avg accuracy on training data: 0.4260400000000002
-----------------------
test accuracy: 0.4296
-----------------------
-----------------------
test accuracy: 0.4304
-----------------------
-----------------------
test accuracy: 0.4313
-----------------------
epoch 34 avg accuracy on training data: 0.4286000000000001
-----------------------
test accuracy: 0.4311
-----------------------
-----------------------
test accuracy: 0.4322
-----------------------
-----------------------
test accuracy: 0.433
-----------------------
epoch 35 avg accuracy on training data: 0.42962
-----------------------
test accuracy: 0.4335
-----------------------
-----------------------
test accuracy: 0.4333
-----------------------
-----------------------
test accuracy: 0.4337
-----------------------
epoch 36 avg accuracy on training data: 0.43148
-----------------------
test accuracy: 0.4343
-----------------------
-----------------------
test accuracy: 0.4369
-----------------------
-----------------------
test accuracy: 0.4361
-----------------------
epoch 37 avg accuracy on training data: 0.4328400000000001
-----------------------
test accuracy: 0.4354
-----------------------
-----------------------
test accuracy: 0.4363
-----------------------
-----------------------
test accuracy: 0.4372
-----------------------
epoch 38 avg accuracy on training data: 0.4339800000000001
-----------------------
test accuracy: 0.436
-----------------------
-----------------------
test accuracy: 0.4384
-----------------------
-----------------------
test accuracy: 0.4378
-----------------------
epoch 39 avg accuracy on training data: 0.43731999999999976
-----------------------
test accuracy: 0.4368
-----------------------
-----------------------
test accuracy: 0.4373
-----------------------
-----------------------
test accuracy: 0.4388
-----------------------
epoch 40 avg accuracy on training data: 0.43780000000000013
-----------------------
test accuracy: 0.4395
-----------------------
-----------------------
test accuracy: 0.4399
-----------------------
-----------------------
test accuracy: 0.4404
-----------------------
epoch 41 avg accuracy on training data: 0.44068
-----------------------
test accuracy: 0.4405
-----------------------
-----------------------
test accuracy: 0.4414
-----------------------
-----------------------
test accuracy: 0.4413
-----------------------
epoch 42 avg accuracy on training data: 0.43989999999999996
-----------------------
test accuracy: 0.4415
-----------------------
-----------------------
test accuracy: 0.4422
-----------------------
-----------------------
test accuracy: 0.4419
-----------------------
epoch 43 avg accuracy on training data: 0.44153999999999977
-----------------------
test accuracy: 0.4424
-----------------------
-----------------------
test accuracy: 0.443
-----------------------
-----------------------
test accuracy: 0.4421
-----------------------
epoch 44 avg accuracy on training data: 0.4445399999999999
-----------------------
test accuracy: 0.4445
-----------------------
-----------------------
test accuracy: 0.444
-----------------------
-----------------------
test accuracy: 0.4446
-----------------------
epoch 45 avg accuracy on training data: 0.44512
-----------------------
test accuracy: 0.4444
-----------------------
-----------------------
test accuracy: 0.4446
-----------------------
-----------------------
test accuracy: 0.4456
-----------------------
epoch 46 avg accuracy on training data: 0.4459400000000001
-----------------------
test accuracy: 0.4457
-----------------------
-----------------------
test accuracy: 0.4461
-----------------------
-----------------------
test accuracy: 0.4467
-----------------------
epoch 47 avg accuracy on training data: 0.44847999999999943
-----------------------
test accuracy: 0.4457
-----------------------
-----------------------
test accuracy: 0.4464
-----------------------
-----------------------
test accuracy: 0.4465
-----------------------
epoch 48 avg accuracy on training data: 0.44865999999999995
-----------------------
test accuracy: 0.447
-----------------------
-----------------------
test accuracy: 0.4472
-----------------------
-----------------------
test accuracy: 0.4481
-----------------------
epoch 49 avg accuracy on training data: 0.45170000000000016
-----------------------
test accuracy: 0.4473
-----------------------
-----------------------
test accuracy: 0.4468
-----------------------
-----------------------
test accuracy: 0.4477
-----------------------
epoch 50 avg accuracy on training data: 0.4525599999999995
-----------------------
test accuracy: 0.4493
-----------------------
-----------------------
test accuracy: 0.4499
-----------------------
-----------------------
test accuracy: 0.4493
-----------------------
epoch 51 avg accuracy on training data: 0.45309999999999956
-----------------------
test accuracy: 0.4492
-----------------------
-----------------------
test accuracy: 0.4516
-----------------------
-----------------------
test accuracy: 0.4514
-----------------------
epoch 52 avg accuracy on training data: 0.45437999999999984
-----------------------
test accuracy: 0.4498
-----------------------
-----------------------
test accuracy: 0.45
-----------------------
-----------------------
test accuracy: 0.4522
-----------------------
epoch 53 avg accuracy on training data: 0.45702000000000015
-----------------------
test accuracy: 0.4529
-----------------------
-----------------------
test accuracy: 0.4522
-----------------------
-----------------------
test accuracy: 0.4526
-----------------------
epoch 54 avg accuracy on training data: 0.4577799999999999
-----------------------
test accuracy: 0.4536
-----------------------
-----------------------
test accuracy: 0.454
-----------------------
-----------------------
test accuracy: 0.4543
-----------------------
epoch 55 avg accuracy on training data: 0.45904
-----------------------
test accuracy: 0.4549
-----------------------
-----------------------
test accuracy: 0.4561
-----------------------
-----------------------
test accuracy: 0.456
-----------------------
epoch 56 avg accuracy on training data: 0.46049999999999974
-----------------------
test accuracy: 0.456
-----------------------
-----------------------
test accuracy: 0.4557
-----------------------
-----------------------
test accuracy: 0.4572
-----------------------
epoch 57 avg accuracy on training data: 0.4617199999999997
-----------------------
test accuracy: 0.4571
-----------------------
-----------------------
test accuracy: 0.457
-----------------------
-----------------------
test accuracy: 0.4562
-----------------------
epoch 58 avg accuracy on training data: 0.46227999999999975
-----------------------
test accuracy: 0.4588
-----------------------
-----------------------
test accuracy: 0.4589
-----------------------
-----------------------
test accuracy: 0.4604
-----------------------
epoch 59 avg accuracy on training data: 0.46444000000000024
-----------------------
test accuracy: 0.4596
-----------------------
-----------------------
test accuracy: 0.4596
-----------------------
-----------------------
test accuracy: 0.4613
-----------------------
epoch 60 avg accuracy on training data: 0.4646600000000001
-----------------------
test accuracy: 0.4602
-----------------------
-----------------------
test accuracy: 0.4602
-----------------------
-----------------------
test accuracy: 0.4619
-----------------------
epoch 61 avg accuracy on training data: 0.46611999999999953
-----------------------
test accuracy: 0.4613
-----------------------
-----------------------
test accuracy: 0.4611
-----------------------
-----------------------
test accuracy: 0.4622
-----------------------
epoch 62 avg accuracy on training data: 0.46682
-----------------------
test accuracy: 0.4616
-----------------------
-----------------------
test accuracy: 0.4635
-----------------------
-----------------------
test accuracy: 0.4617
-----------------------
epoch 63 avg accuracy on training data: 0.46870000000000017
-----------------------
test accuracy: 0.4634
-----------------------
-----------------------
test accuracy: 0.4648
-----------------------
-----------------------
test accuracy: 0.4627
-----------------------
epoch 64 avg accuracy on training data: 0.4686399999999994
-----------------------
test accuracy: 0.463
-----------------------
-----------------------
test accuracy: 0.4638
-----------------------
-----------------------
test accuracy: 0.4645
-----------------------
epoch 65 avg accuracy on training data: 0.4715800000000004
-----------------------
test accuracy: 0.4645
-----------------------
-----------------------
test accuracy: 0.4628
-----------------------
-----------------------
test accuracy: 0.4652
-----------------------
epoch 66 avg accuracy on training data: 0.4714199999999998
-----------------------
test accuracy: 0.465
-----------------------
-----------------------
test accuracy: 0.4651
-----------------------
-----------------------
test accuracy: 0.4657
-----------------------
epoch 67 avg accuracy on training data: 0.47166
-----------------------
test accuracy: 0.4643
-----------------------
-----------------------
test accuracy: 0.4667
-----------------------
-----------------------
test accuracy: 0.4664
-----------------------
epoch 68 avg accuracy on training data: 0.47352000000000005
-----------------------
test accuracy: 0.4666
-----------------------
-----------------------
test accuracy: 0.4672
-----------------------
-----------------------
test accuracy: 0.4668
-----------------------
epoch 69 avg accuracy on training data: 0.47485999999999984
-----------------------
test accuracy: 0.467
-----------------------
-----------------------
test accuracy: 0.4679
-----------------------
-----------------------
test accuracy: 0.4669
-----------------------
epoch 70 avg accuracy on training data: 0.4757599999999998
-----------------------
test accuracy: 0.4662
-----------------------
-----------------------
test accuracy: 0.4686
-----------------------
-----------------------
test accuracy: 0.4662
-----------------------
epoch 71 avg accuracy on training data: 0.4760399999999999
-----------------------
test accuracy: 0.4669
-----------------------
-----------------------
test accuracy: 0.4678
-----------------------
-----------------------
test accuracy: 0.4676
-----------------------
epoch 72 avg accuracy on training data: 0.4767999999999998
-----------------------
test accuracy: 0.4675
-----------------------
-----------------------
test accuracy: 0.4697
-----------------------
-----------------------
test accuracy: 0.4675
-----------------------
epoch 73 avg accuracy on training data: 0.47788
-----------------------
test accuracy: 0.4695
-----------------------
-----------------------
test accuracy: 0.4682
-----------------------
-----------------------
test accuracy: 0.4673
-----------------------
epoch 74 avg accuracy on training data: 0.48074000000000006
-----------------------
test accuracy: 0.4683
-----------------------
-----------------------
test accuracy: 0.4719
-----------------------
-----------------------
test accuracy: 0.4706
-----------------------
epoch 75 avg accuracy on training data: 0.4809799999999999
-----------------------
test accuracy: 0.469
-----------------------
-----------------------
test accuracy: 0.4706
-----------------------
-----------------------
test accuracy: 0.4713
-----------------------
epoch 76 avg accuracy on training data: 0.4812000000000001
-----------------------
test accuracy: 0.4699
-----------------------
-----------------------
test accuracy: 0.4699
-----------------------
-----------------------
test accuracy: 0.471
-----------------------
epoch 77 avg accuracy on training data: 0.4822000000000002
-----------------------
test accuracy: 0.4704
-----------------------
-----------------------
test accuracy: 0.4709
-----------------------
-----------------------
test accuracy: 0.4702
-----------------------
epoch 78 avg accuracy on training data: 0.4833799999999999
-----------------------
test accuracy: 0.4711
-----------------------
-----------------------
test accuracy: 0.4713
-----------------------
-----------------------
test accuracy: 0.4718
-----------------------
epoch 79 avg accuracy on training data: 0.4844199999999999
-----------------------
test accuracy: 0.4701
-----------------------
-----------------------
test accuracy: 0.4722
-----------------------
-----------------------
test accuracy: 0.4711
-----------------------
epoch 80 avg accuracy on training data: 0.4846799999999995
-----------------------
test accuracy: 0.4723
-----------------------
-----------------------
test accuracy: 0.4709
-----------------------
-----------------------
test accuracy: 0.4721
-----------------------
epoch 81 avg accuracy on training data: 0.48663999999999996
-----------------------
test accuracy: 0.4726
-----------------------
-----------------------
test accuracy: 0.4727
-----------------------
-----------------------
test accuracy: 0.4721
-----------------------
epoch 82 avg accuracy on training data: 0.48786
-----------------------
test accuracy: 0.4745
-----------------------
-----------------------
test accuracy: 0.4737
-----------------------
-----------------------
test accuracy: 0.4751
-----------------------
epoch 83 avg accuracy on training data: 0.48688000000000015
-----------------------
test accuracy: 0.4728
-----------------------
-----------------------
test accuracy: 0.4744
-----------------------
-----------------------
test accuracy: 0.4729
-----------------------
epoch 84 avg accuracy on training data: 0.48914000000000013
-----------------------
test accuracy: 0.4755
-----------------------
-----------------------
test accuracy: 0.4749
-----------------------
-----------------------
test accuracy: 0.475
-----------------------
epoch 85 avg accuracy on training data: 0.49011999999999983
-----------------------
test accuracy: 0.4744
-----------------------
-----------------------
test accuracy: 0.4744
-----------------------
-----------------------
test accuracy: 0.475
-----------------------
epoch 86 avg accuracy on training data: 0.49002000000000034
-----------------------
test accuracy: 0.4748
-----------------------
-----------------------
test accuracy: 0.4754
-----------------------
-----------------------
test accuracy: 0.4748
-----------------------
epoch 87 avg accuracy on training data: 0.49242
-----------------------
test accuracy: 0.4763
-----------------------
-----------------------
test accuracy: 0.4751
-----------------------
-----------------------
test accuracy: 0.4754
-----------------------
epoch 88 avg accuracy on training data: 0.4931799999999999
-----------------------
test accuracy: 0.4765
-----------------------
-----------------------
test accuracy: 0.4767
-----------------------
-----------------------
test accuracy: 0.4763
-----------------------
epoch 89 avg accuracy on training data: 0.49169999999999986
-----------------------
test accuracy: 0.4749
-----------------------
-----------------------
test accuracy: 0.4755
-----------------------
-----------------------
test accuracy: 0.4784
-----------------------
epoch 90 avg accuracy on training data: 0.49344000000000016
-----------------------
test accuracy: 0.4767
-----------------------
-----------------------
test accuracy: 0.4762
-----------------------
-----------------------
test accuracy: 0.4782
-----------------------
epoch 91 avg accuracy on training data: 0.4947799999999999
-----------------------
test accuracy: 0.478
-----------------------
-----------------------
test accuracy: 0.4779
-----------------------
-----------------------
test accuracy: 0.4777
-----------------------
epoch 92 avg accuracy on training data: 0.49458000000000035
-----------------------
test accuracy: 0.4769
-----------------------
-----------------------
test accuracy: 0.4779
-----------------------
-----------------------
test accuracy: 0.476
-----------------------
epoch 93 avg accuracy on training data: 0.4951400000000001
-----------------------
test accuracy: 0.478
-----------------------
-----------------------
test accuracy: 0.4781
-----------------------
-----------------------
test accuracy: 0.4794
-----------------------
epoch 94 avg accuracy on training data: 0.49642000000000047
-----------------------
test accuracy: 0.4783
-----------------------
-----------------------
test accuracy: 0.4795
-----------------------
-----------------------
test accuracy: 0.4802
-----------------------
epoch 95 avg accuracy on training data: 0.49651999999999974
-----------------------
test accuracy: 0.4796
-----------------------
-----------------------
test accuracy: 0.4798
-----------------------
-----------------------
test accuracy: 0.4786
-----------------------
epoch 96 avg accuracy on training data: 0.4993999999999999
-----------------------
test accuracy: 0.4786
-----------------------
-----------------------
test accuracy: 0.4794
-----------------------
-----------------------
test accuracy: 0.481
-----------------------
epoch 97 avg accuracy on training data: 0.49695999999999996
-----------------------
test accuracy: 0.4809
-----------------------
-----------------------
test accuracy: 0.4804
-----------------------
-----------------------
test accuracy: 0.4809
-----------------------
epoch 98 avg accuracy on training data: 0.5013800000000004
-----------------------
test accuracy: 0.4807
-----------------------
-----------------------
test accuracy: 0.4798
-----------------------
-----------------------
test accuracy: 0.4789
-----------------------
epoch 99 avg accuracy on training data: 0.49953999999999976
-----------------------
test accuracy: 0.4815
-----------------------
-----------------------
test accuracy: 0.482
-----------------------
-----------------------
test accuracy: 0.4811
-----------------------
epoch 100 avg accuracy on training data: 0.5019200000000001
-----------------------
test accuracy: 0.4812
-----------------------
-----------------------
test accuracy: 0.4819
-----------------------
-----------------------
test accuracy: 0.4813
-----------------------
epoch 101 avg accuracy on training data: 0.50206
-----------------------
test accuracy: 0.4815
-----------------------
-----------------------
test accuracy: 0.4817
-----------------------
-----------------------
test accuracy: 0.4827
-----------------------
epoch 102 avg accuracy on training data: 0.5021399999999999
-----------------------
test accuracy: 0.4824
-----------------------
-----------------------
test accuracy: 0.4824
-----------------------
-----------------------
test accuracy: 0.4827
-----------------------
epoch 103 avg accuracy on training data: 0.50426
-----------------------
test accuracy: 0.4827
-----------------------
-----------------------
test accuracy: 0.4836
-----------------------
-----------------------
test accuracy: 0.4833
-----------------------
epoch 104 avg accuracy on training data: 0.5045599999999999
-----------------------
test accuracy: 0.4834
-----------------------
-----------------------
test accuracy: 0.4842
-----------------------
-----------------------
test accuracy: 0.4848
-----------------------
epoch 105 avg accuracy on training data: 0.5054800000000005
-----------------------
test accuracy: 0.4849
-----------------------
-----------------------
test accuracy: 0.4849
-----------------------
-----------------------
test accuracy: 0.4837
-----------------------
epoch 106 avg accuracy on training data: 0.5062799999999997
-----------------------
test accuracy: 0.484
-----------------------
-----------------------
test accuracy: 0.4858
-----------------------
-----------------------
test accuracy: 0.4842
-----------------------
epoch 107 avg accuracy on training data: 0.5079399999999998
-----------------------
test accuracy: 0.4852
-----------------------
-----------------------
test accuracy: 0.4856
-----------------------
-----------------------
test accuracy: 0.4849
-----------------------
epoch 108 avg accuracy on training data: 0.5070800000000001
-----------------------
test accuracy: 0.4859
-----------------------
-----------------------
test accuracy: 0.4845
-----------------------
-----------------------
test accuracy: 0.4868
-----------------------
epoch 109 avg accuracy on training data: 0.5082999999999998
-----------------------
test accuracy: 0.4868
-----------------------
-----------------------
test accuracy: 0.4857
-----------------------
-----------------------
test accuracy: 0.4865
-----------------------
epoch 110 avg accuracy on training data: 0.5091999999999998
-----------------------
test accuracy: 0.4887
-----------------------
-----------------------
test accuracy: 0.489
-----------------------
-----------------------
test accuracy: 0.4871
-----------------------
epoch 111 avg accuracy on training data: 0.5098199999999998
-----------------------
test accuracy: 0.4869
-----------------------
-----------------------
test accuracy: 0.4879
-----------------------
-----------------------
test accuracy: 0.4877
-----------------------
epoch 112 avg accuracy on training data: 0.5113200000000003
-----------------------
test accuracy: 0.4867
-----------------------
-----------------------
test accuracy: 0.4881
-----------------------
-----------------------
test accuracy: 0.4888
-----------------------
epoch 113 avg accuracy on training data: 0.5111999999999999
-----------------------
test accuracy: 0.4887
-----------------------
-----------------------
test accuracy: 0.4902
-----------------------
-----------------------
test accuracy: 0.4889
-----------------------
epoch 114 avg accuracy on training data: 0.5120600000000004
-----------------------
test accuracy: 0.4886
-----------------------
-----------------------
test accuracy: 0.4874
-----------------------
-----------------------
test accuracy: 0.4898
-----------------------
epoch 115 avg accuracy on training data: 0.5126199999999999
-----------------------
test accuracy: 0.4896
-----------------------
-----------------------
test accuracy: 0.4898
-----------------------
-----------------------
test accuracy: 0.4891
-----------------------
epoch 116 avg accuracy on training data: 0.5128000000000003
-----------------------
test accuracy: 0.4895
-----------------------
-----------------------
test accuracy: 0.4912
-----------------------
-----------------------
test accuracy: 0.4902
-----------------------
epoch 117 avg accuracy on training data: 0.5134600000000001
-----------------------
test accuracy: 0.4904
-----------------------
-----------------------
test accuracy: 0.4909
-----------------------
-----------------------
test accuracy: 0.4921
-----------------------
epoch 118 avg accuracy on training data: 0.5134000000000003
-----------------------
test accuracy: 0.4912
-----------------------
-----------------------
test accuracy: 0.4923
-----------------------
-----------------------
test accuracy: 0.4913
-----------------------
epoch 119 avg accuracy on training data: 0.5146600000000002
-----------------------
test accuracy: 0.4927
-----------------------
-----------------------
test accuracy: 0.4915
-----------------------
-----------------------
test accuracy: 0.4934
-----------------------
epoch 120 avg accuracy on training data: 0.5160600000000001
-----------------------
test accuracy: 0.4926
-----------------------
-----------------------
test accuracy: 0.4917
-----------------------
-----------------------
test accuracy: 0.4929
-----------------------
epoch 121 avg accuracy on training data: 0.5170800000000005
-----------------------
test accuracy: 0.4932
-----------------------
-----------------------
test accuracy: 0.4922
-----------------------
-----------------------
test accuracy: 0.4936
-----------------------
epoch 122 avg accuracy on training data: 0.5173600000000003
-----------------------
test accuracy: 0.4933
-----------------------
-----------------------
test accuracy: 0.4944
-----------------------
-----------------------
test accuracy: 0.4945
-----------------------
epoch 123 avg accuracy on training data: 0.5189400000000001
-----------------------
test accuracy: 0.4945
-----------------------
-----------------------
test accuracy: 0.4942
-----------------------
-----------------------
test accuracy: 0.4966
-----------------------
epoch 124 avg accuracy on training data: 0.5196600000000007
-----------------------
test accuracy: 0.4941
-----------------------
-----------------------
test accuracy: 0.4945
-----------------------
-----------------------
test accuracy: 0.4938
-----------------------
epoch 125 avg accuracy on training data: 0.5197400000000004
-----------------------
test accuracy: 0.4957
-----------------------
-----------------------
test accuracy: 0.4951
-----------------------
-----------------------
test accuracy: 0.4957
-----------------------
epoch 126 avg accuracy on training data: 0.5208200000000003
-----------------------
test accuracy: 0.4947
-----------------------
-----------------------
test accuracy: 0.4962
-----------------------
-----------------------
test accuracy: 0.4961
-----------------------
epoch 127 avg accuracy on training data: 0.5205599999999999
-----------------------
test accuracy: 0.4964
-----------------------
-----------------------
test accuracy: 0.4945
-----------------------
-----------------------
test accuracy: 0.4967
-----------------------
epoch 128 avg accuracy on training data: 0.5216799999999999
-----------------------
test accuracy: 0.4964
-----------------------
-----------------------
test accuracy: 0.4976
-----------------------
-----------------------
test accuracy: 0.4973
-----------------------
epoch 129 avg accuracy on training data: 0.5219400000000001
-----------------------
test accuracy: 0.4978
-----------------------
-----------------------
test accuracy: 0.4964
-----------------------
-----------------------
test accuracy: 0.4971
-----------------------
epoch 130 avg accuracy on training data: 0.5234600000000003
-----------------------
test accuracy: 0.4973
-----------------------
-----------------------
test accuracy: 0.4959
-----------------------
-----------------------
test accuracy: 0.4969
-----------------------
epoch 131 avg accuracy on training data: 0.5227200000000001
-----------------------
test accuracy: 0.4983
-----------------------
-----------------------
test accuracy: 0.4971
-----------------------
-----------------------
test accuracy: 0.4985
-----------------------
epoch 132 avg accuracy on training data: 0.5239599999999996
-----------------------
test accuracy: 0.5004
-----------------------
-----------------------
test accuracy: 0.5006
-----------------------
-----------------------
test accuracy: 0.4978
-----------------------
epoch 133 avg accuracy on training data: 0.5249000000000001
-----------------------
test accuracy: 0.5002
-----------------------
-----------------------
test accuracy: 0.499
-----------------------
-----------------------
test accuracy: 0.4979
-----------------------
epoch 134 avg accuracy on training data: 0.5257200000000002
-----------------------
test accuracy: 0.4986
-----------------------
-----------------------
test accuracy: 0.4976
-----------------------
-----------------------
test accuracy: 0.4992
-----------------------
epoch 135 avg accuracy on training data: 0.52536
-----------------------
test accuracy: 0.4997
-----------------------
-----------------------
test accuracy: 0.5001
-----------------------
-----------------------
test accuracy: 0.5004
-----------------------
epoch 136 avg accuracy on training data: 0.5267399999999999
-----------------------
test accuracy: 0.4995
-----------------------
-----------------------
test accuracy: 0.5004
-----------------------
-----------------------
test accuracy: 0.5011
-----------------------
epoch 137 avg accuracy on training data: 0.5276200000000002
-----------------------
test accuracy: 0.5005
-----------------------
-----------------------
test accuracy: 0.4997
-----------------------
-----------------------
test accuracy: 0.4993
-----------------------
epoch 138 avg accuracy on training data: 0.5287200000000001
-----------------------
test accuracy: 0.4997
-----------------------
-----------------------
test accuracy: 0.5008
-----------------------
-----------------------
test accuracy: 0.5002
-----------------------
epoch 139 avg accuracy on training data: 0.5287399999999997
-----------------------
test accuracy: 0.5008
-----------------------
-----------------------
test accuracy: 0.5005
-----------------------
-----------------------
test accuracy: 0.499
-----------------------
epoch 140 avg accuracy on training data: 0.5293400000000004
-----------------------
test accuracy: 0.5027
-----------------------
-----------------------
test accuracy: 0.5024
-----------------------
-----------------------
test accuracy: 0.5012
-----------------------
epoch 141 avg accuracy on training data: 0.5301399999999998
-----------------------
test accuracy: 0.5009
-----------------------
-----------------------
test accuracy: 0.5001
-----------------------
-----------------------
test accuracy: 0.502
-----------------------
epoch 142 avg accuracy on training data: 0.5308999999999999
-----------------------
test accuracy: 0.5006
-----------------------
-----------------------
test accuracy: 0.5011
-----------------------
-----------------------
test accuracy: 0.5009
-----------------------
epoch 143 avg accuracy on training data: 0.5311199999999999
-----------------------
test accuracy: 0.5004
-----------------------
-----------------------
test accuracy: 0.502
-----------------------
-----------------------
test accuracy: 0.5011
-----------------------
epoch 144 avg accuracy on training data: 0.5320600000000005
-----------------------
test accuracy: 0.501
-----------------------
-----------------------
test accuracy: 0.5017
-----------------------
-----------------------
test accuracy: 0.502
-----------------------
epoch 145 avg accuracy on training data: 0.5327400000000001
-----------------------
test accuracy: 0.5023
-----------------------
-----------------------
test accuracy: 0.5024
-----------------------
-----------------------
test accuracy: 0.5032
-----------------------
epoch 146 avg accuracy on training data: 0.5332400000000002
-----------------------
test accuracy: 0.5015
-----------------------
-----------------------
test accuracy: 0.5012
-----------------------
-----------------------
test accuracy: 0.5022
-----------------------
epoch 147 avg accuracy on training data: 0.5336199999999998
-----------------------
test accuracy: 0.5023
-----------------------
-----------------------
test accuracy: 0.5026
-----------------------
-----------------------
test accuracy: 0.5032
-----------------------
epoch 148 avg accuracy on training data: 0.5351000000000001
-----------------------
test accuracy: 0.502
-----------------------
-----------------------
test accuracy: 0.5017
-----------------------
-----------------------
test accuracy: 0.5028
-----------------------
epoch 149 avg accuracy on training data: 0.5348000000000004
-----------------------
test accuracy: 0.5028
-----------------------
-----------------------
test accuracy: 0.5044
-----------------------
-----------------------
test accuracy: 0.5029
-----------------------
epoch 150 avg accuracy on training data: 0.5347000000000001
-----------------------
test accuracy: 0.5039
-----------------------
-----------------------
test accuracy: 0.5029
-----------------------
-----------------------
test accuracy: 0.5024
-----------------------
