dnn_hidden_units : 100
learning_rate : 0.1
max_steps : 20
batch_size : 200
eval_freq : 100
data_dir : ./cifar10/cifar-10-batches-py
neg_slope : 0.02
---------- MLP initialized with Pytorch -----------
-----------------------
test accuracy: 0.1043
-----------------------
-----------------------
test accuracy: 0.375
-----------------------
-----------------------
test accuracy: 0.4209
-----------------------
epoch 1 avg accuracy on training data: 0.3630876494023904
-----------------------
test accuracy: 0.431
-----------------------
-----------------------
test accuracy: 0.4523
-----------------------
-----------------------
test accuracy: 0.4651
-----------------------
epoch 2 avg accuracy on training data: 0.4484199999999997
-----------------------
test accuracy: 0.4715
-----------------------
-----------------------
test accuracy: 0.4676
-----------------------
-----------------------
test accuracy: 0.4741
-----------------------
epoch 3 avg accuracy on training data: 0.48106
-----------------------
test accuracy: 0.4754
-----------------------
-----------------------
test accuracy: 0.4852
-----------------------
-----------------------
test accuracy: 0.4871
-----------------------
epoch 4 avg accuracy on training data: 0.5025599999999999
-----------------------
test accuracy: 0.4861
-----------------------
-----------------------
test accuracy: 0.4983
-----------------------
-----------------------
test accuracy: 0.4971
-----------------------
epoch 5 avg accuracy on training data: 0.5180000000000002
-----------------------
test accuracy: 0.5002
-----------------------
-----------------------
test accuracy: 0.4896
-----------------------
-----------------------
test accuracy: 0.5019
-----------------------
epoch 6 avg accuracy on training data: 0.5294200000000001
-----------------------
test accuracy: 0.5054
-----------------------
-----------------------
test accuracy: 0.5057
-----------------------
-----------------------
test accuracy: 0.5009
-----------------------
epoch 7 avg accuracy on training data: 0.5403399999999999
-----------------------
test accuracy: 0.5067
-----------------------
-----------------------
test accuracy: 0.4967
-----------------------
-----------------------
test accuracy: 0.5043
-----------------------
epoch 8 avg accuracy on training data: 0.5511800000000001
-----------------------
test accuracy: 0.5022
-----------------------
-----------------------
test accuracy: 0.5174
-----------------------
-----------------------
test accuracy: 0.5141
-----------------------
epoch 9 avg accuracy on training data: 0.5605400000000001
-----------------------
test accuracy: 0.509
-----------------------
-----------------------
test accuracy: 0.5055
-----------------------
-----------------------
test accuracy: 0.497
-----------------------
epoch 10 avg accuracy on training data: 0.56732
-----------------------
test accuracy: 0.5153
-----------------------
-----------------------
test accuracy: 0.5136
-----------------------
-----------------------
test accuracy: 0.5007
-----------------------
epoch 11 avg accuracy on training data: 0.5774000000000002
-----------------------
test accuracy: 0.513
-----------------------
-----------------------
test accuracy: 0.5113
-----------------------
-----------------------
test accuracy: 0.498
-----------------------
epoch 12 avg accuracy on training data: 0.5844399999999995
-----------------------
test accuracy: 0.4912
-----------------------
-----------------------
test accuracy: 0.5035
-----------------------
-----------------------
test accuracy: 0.5126
-----------------------
epoch 13 avg accuracy on training data: 0.5905999999999999
-----------------------
test accuracy: 0.5051
-----------------------
-----------------------
test accuracy: 0.5136
-----------------------
-----------------------
test accuracy: 0.5192
-----------------------
epoch 14 avg accuracy on training data: 0.5955000000000003
-----------------------
test accuracy: 0.5201
-----------------------
-----------------------
test accuracy: 0.5113
-----------------------
-----------------------
test accuracy: 0.4965
-----------------------
epoch 15 avg accuracy on training data: 0.6023999999999999
-----------------------
test accuracy: 0.5129
-----------------------
-----------------------
test accuracy: 0.5211
-----------------------
-----------------------
test accuracy: 0.5105
-----------------------
epoch 16 avg accuracy on training data: 0.6115000000000008
-----------------------
test accuracy: 0.5119
-----------------------
-----------------------
test accuracy: 0.5123
-----------------------
-----------------------
test accuracy: 0.4988
-----------------------
epoch 17 avg accuracy on training data: 0.6121400000000006
-----------------------
test accuracy: 0.5175
-----------------------
-----------------------
test accuracy: 0.5054
-----------------------
-----------------------
test accuracy: 0.5096
-----------------------
epoch 18 avg accuracy on training data: 0.61326
-----------------------
test accuracy: 0.5103
-----------------------
-----------------------
test accuracy: 0.522
-----------------------
-----------------------
test accuracy: 0.5124
-----------------------
epoch 19 avg accuracy on training data: 0.6224999999999995
-----------------------
test accuracy: 0.5158
-----------------------
-----------------------
test accuracy: 0.5131
-----------------------
-----------------------
test accuracy: 0.5141
-----------------------
epoch 20 avg accuracy on training data: 0.6252600000000003
-----------------------
test accuracy: 0.5039
-----------------------
-----------------------
test accuracy: 0.5134
-----------------------
-----------------------
test accuracy: 0.5096
-----------------------
